# /home/btan/Software/WHAM/wham/wham/wham 0.0 0.4 200 1e-06 300 0 /home/btan/Documents/BD2_DCAF16_8ov6/umbrella_sampling/RMSD/results/backbone_RMSD/DCAF16_only/run3/RED/metafile.txt /home/btan/Documents/BD2_DCAF16_8ov6/umbrella_sampling/RMSD/results/backbone_RMSD/DCAF16_only/run3/RED/pmf.txt
#Number of windows = 11
#Iteration 10:  0.149944
#Iteration 20:  0.044733
#Iteration 30:  0.022662
#Iteration 40:  0.014134
#Iteration 50:  0.009360
#Iteration 60:  0.007016
#Iteration 70:  0.005633
#Iteration 80:  0.005104
#Iteration 90:  0.005011
#Iteration 100:  0.004925
0.001000	inf	0.000000
0.003000	inf	0.000000
0.005000	inf	0.000000
0.007000	inf	0.000000
0.009000	inf	0.000000
0.011000	inf	0.000000
0.013000	inf	0.000000
0.015000	inf	0.000000
0.017000	inf	0.000000
0.019000	inf	0.000000
0.021000	inf	0.000000
0.023000	inf	0.000000
0.025000	inf	0.000000
0.027000	inf	0.000000
0.029000	inf	0.000000
0.031000	inf	0.000000
0.033000	inf	0.000000
0.035000	inf	0.000000
0.037000	inf	0.000000
0.039000	inf	0.000000
0.041000	inf	0.000000
0.043000	inf	0.000000
0.045000	inf	0.000000
0.047000	inf	0.000000
0.049000	inf	0.000000
0.051000	15.136135	0.061647
0.053000	14.520597	0.173496
0.055000	13.022771	2.151739
0.057000	12.017694	11.656110
0.059000	11.073455	57.003626
0.061000	10.329930	198.938200
0.063000	9.614929	661.774354
0.065000	8.932901	2082.714783
0.067000	8.324002	5796.431736
0.069000	7.772420	14650.342658
0.071000	7.287294	33114.412920
0.073000	6.839439	70303.515670
0.075000	6.408971	144958.592696
0.077000	6.031721	273311.602525
0.079000	5.700738	476754.054850
0.081000	5.353507	854659.640804
0.083000	5.022724	1490333.744414
0.085000	4.629650	2885694.906072
0.087000	4.170268	6246337.282652
0.089000	3.719507	13326223.312016
0.091000	3.228902	30400206.310164
0.093000	2.808259	61655250.085121
0.095000	2.431548	116142496.502370
0.097000	2.103803	201494923.064029
0.099000	1.799942	335814525.364649
0.101000	1.557715	504590941.547547
0.103000	1.365758	696753127.305426
0.105000	1.187655	939948663.606310
0.107000	1.068738	1147943536.478916
0.109000	0.997593	1293781386.904619
0.111000	0.911964	1494081995.092348
0.113000	0.835414	1699262765.216103
0.115000	0.762589	1920557772.952500
0.117000	0.701855	2126996222.391735
0.119000	0.586320	2582934121.928475
0.121000	0.507376	2949493703.918694
0.123000	0.409161	3478963427.886681
0.125000	0.291621	4238975262.974620
0.127000	0.183706	5082122481.124314
0.129000	0.122556	5632331517.330007
0.131000	0.055017	6309501230.511215
0.133000	0.028596	6596048385.314835
0.135000	0.000000	6920872901.248988
0.137000	0.015754	6739989166.675972
0.139000	0.045518	6411062919.871021
0.141000	0.079181	6058351457.764803
0.143000	0.145440	5419779554.281173
0.145000	0.200997	4936528524.527178
0.147000	0.277666	4339588129.521903
0.149000	0.362711	3761500116.561800
0.151000	0.438457	3311785391.692745
0.153000	0.477687	3100428649.538713
0.155000	0.556291	2716667723.720125
0.157000	0.626000	2416268033.596607
0.159000	0.663599	2268274229.193091
0.161000	0.776062	1877546266.179256
0.163000	0.843668	1675847664.081247
0.165000	0.952734	1395115484.740090
0.167000	1.075800	1134397177.939383
0.169000	1.148753	1003471754.093570
0.171000	1.206750	910257565.936085
0.173000	1.248216	848967570.801496
0.175000	1.229938	875457627.792428
0.177000	1.145768	1008518925.117606
0.179000	1.115795	1060636572.904818
0.181000	1.039179	1206425997.724923
0.183000	0.986047	1319137083.178931
0.185000	0.955859	1387805635.457735
0.187000	0.915190	1486003681.821213
0.189000	0.916131	1483654189.013156
0.191000	0.930380	1448538364.569731
0.193000	0.930106	1449204640.895506
0.195000	0.984668	1322199234.658405
0.197000	0.970260	1354614271.889265
0.199000	0.980593	1331286805.527038
0.201000	0.922707	1467343567.559377
0.203000	0.866493	1612764882.570824
0.205000	0.810592	1771666333.654742
0.207000	0.766374	1908373981.708774
0.209000	0.722012	2056129891.979060
0.211000	0.694337	2154046439.512513
0.213000	0.704690	2116882097.900442
0.215000	0.703586	2120815654.330176
0.217000	0.772964	1887351813.888756
0.219000	0.825762	1727059723.044348
0.221000	0.938789	1428207274.978177
0.223000	1.072922	1139897725.872972
0.225000	1.213694	899693832.730993
0.227000	1.365808	696694500.262691
0.229000	1.548542	512431594.745603
0.231000	1.698672	398137056.118822
0.233000	1.912090	278115570.508897
0.235000	2.084035	208302837.318256
0.237000	2.232681	162246658.346491
0.239000	2.405669	121306527.344461
0.241000	2.595965	88096238.144110
0.243000	2.668383	77998762.295890
0.245000	2.708735	72883409.257136
0.247000	2.749537	68052023.496431
0.249000	2.728182	70539269.008107
0.251000	2.722676	71195231.174696
0.253000	2.746736	68373203.845636
0.255000	2.750745	67913956.857558
0.257000	2.762825	66548749.880757
0.259000	2.798958	62626824.283107
0.261000	2.881103	54549378.198708
0.263000	2.971678	46845174.236686
0.265000	3.073506	39475218.740210
0.267000	3.195217	32171314.507940
0.269000	3.297413	27093150.265683
0.271000	3.419272	22074759.503869
0.273000	3.547870	17783265.736556
0.275000	3.669841	14486594.030237
0.277000	3.876174	10240739.495559
0.279000	3.963670	8840041.706811
0.281000	4.093428	7107601.550037
0.283000	4.213418	5809297.241807
0.285000	4.289944	5108054.544285
0.287000	4.324199	4822223.903372
0.289000	4.324457	4820132.446278
0.291000	4.340324	4693263.673016
0.293000	4.383644	4363640.147156
0.295000	4.408798	4182973.034474
0.297000	4.441073	3962069.695199
0.299000	4.473875	3749513.838077
0.301000	4.525000	3440731.151167
0.303000	4.535715	3379313.695175
0.305000	4.590524	3081870.322232
0.307000	4.628133	2893064.191402
0.309000	4.680854	2647700.006962
0.311000	4.752070	2348965.870561
0.313000	4.812766	2121120.378713
0.315000	4.877045	1903870.541959
0.317000	4.925822	1753992.097840
0.319000	4.975027	1614749.312731
0.321000	5.028696	1475448.419496
0.323000	5.073428	1368568.538254
0.325000	5.113151	1280166.955882
0.327000	5.134775	1234468.562185
0.329000	5.163843	1175597.932749
0.331000	5.206234	1094738.805208
0.333000	5.203246	1100251.489892
0.335000	5.252066	1013562.985324
0.337000	5.287024	955717.859758
0.339000	5.309253	920664.095864
0.341000	5.362750	841482.265187
0.343000	5.433988	746512.442631
0.345000	5.472319	699928.303047
0.347000	5.572673	591274.327912
0.349000	5.645368	523260.035362
0.351000	5.717537	463479.237675
0.353000	5.789699	410532.950814
0.355000	5.889371	347201.506736
0.357000	5.944463	316491.109731
0.359000	6.062661	259459.655904
0.361000	6.151261	223556.180098
0.363000	6.253869	188138.169894
0.365000	6.342120	162199.080179
0.367000	6.462676	132445.162941
0.369000	6.512933	121715.456046
0.371000	6.556794	113064.017961
0.373000	6.640955	98148.123886
0.375000	6.702848	88449.763326
0.377000	6.770412	78953.469846
0.379000	6.834925	70839.019828
0.381000	6.895950	63932.388726
0.383000	6.975039	55973.390928
0.385000	7.037894	50360.902043
0.387000	7.088738	46235.374312
0.389000	7.178991	39726.920772
0.391000	7.267800	34217.582294
0.393000	7.330966	30770.508276
0.395000	7.394026	27675.591457
0.397000	7.505507	22946.126852
0.399000	7.576320	20370.980136

# Dumping simulation biases, in the metadata file order 
# Window  F (free energy units)
# 0	0.000000
# 1	-7.826879
# 2	-12.696070
# 3	-14.724501
# 4	-14.595446
# 5	-14.279991
# 6	-13.456957
# 7	-11.635699
# 8	-10.304973
# 9	-9.286434
# 10	-7.679178
#Iteration 110:  0.004712
#Iteration 120:  0.004432
#Iteration 130:  0.004124
#Iteration 140:  0.003810
#Iteration 150:  0.003502
#Iteration 160:  0.003209
#Iteration 170:  0.002933
#Iteration 180:  0.002677
#Iteration 190:  0.002440
#Iteration 200:  0.002223
0.001000	inf	0.000000
0.003000	inf	0.000000
0.005000	inf	0.000000
0.007000	inf	0.000000
0.009000	inf	0.000000
0.011000	inf	0.000000
0.013000	inf	0.000000
0.015000	inf	0.000000
0.017000	inf	0.000000
0.019000	inf	0.000000
0.021000	inf	0.000000
0.023000	inf	0.000000
0.025000	inf	0.000000
0.027000	inf	0.000000
0.029000	inf	0.000000
0.031000	inf	0.000000
0.033000	inf	0.000000
0.035000	inf	0.000000
0.037000	inf	0.000000
0.039000	inf	0.000000
0.041000	inf	0.000000
0.043000	inf	0.000000
0.045000	inf	0.000000
0.047000	inf	0.000000
0.049000	inf	0.000000
0.051000	15.059732	0.061646
0.053000	14.444199	0.173491
0.055000	12.946381	2.151646
0.057000	11.941317	11.655352
0.059000	10.997097	56.998083
0.061000	10.253601	198.909318
0.063000	9.538642	661.631106
0.065000	8.856677	2082.043935
0.067000	8.247871	5793.661503
0.069000	7.696424	14639.997946
0.071000	7.211496	33080.079225
0.073000	6.763922	70197.426679
0.075000	6.333847	144644.158104
0.077000	5.957132	272473.743897
0.079000	5.626849	474734.008381
0.081000	5.280489	849791.571521
0.083000	4.950735	1479285.912118
0.085000	4.558803	2858807.359966
0.087000	4.100625	6175626.856687
0.089000	3.651088	13148272.794393
0.091000	3.161722	29931904.282335
0.093000	2.742363	60574618.834830
0.095000	2.367043	113840263.336617
0.097000	2.040869	196979842.808007
0.099000	1.738819	327291876.000324
0.101000	1.498676	490065162.510586
0.103000	1.309086	674008511.257667
0.105000	1.133639	905215269.773712
0.107000	1.017690	1100020456.789181
0.109000	0.949872	1232854045.519653
0.111000	0.867965	1414843919.791712
0.113000	0.795501	1598128925.236045
0.115000	0.726996	1793182268.335608
0.117000	0.670600	1971499501.476112
0.119000	0.559188	2377573712.392536
0.121000	0.483987	2697957022.769292
0.123000	0.389102	3164510423.679494
0.125000	0.274569	3836382323.261559
0.127000	0.169522	4577327736.020401
0.129000	0.111328	5047745460.713912
0.131000	0.047051	5623709844.435445
0.133000	0.024358	5842384325.047621
0.135000	0.000000	6086577595.399199
0.137000	0.020392	5881473652.437219
0.139000	0.054934	5549682325.472169
0.141000	0.093188	5204037587.283300
0.143000	0.163560	4623437448.609781
0.145000	0.222582	4186738043.630105
0.147000	0.302040	3663250492.660457
0.149000	0.389282	3163554080.015856
0.151000	0.466779	2777138505.282129
0.153000	0.507489	2593445001.923014
0.155000	0.587483	2267132050.896247
0.157000	0.658688	2011376723.485249
0.159000	0.698107	1882414538.579812
0.161000	0.812976	1551865010.788960
0.163000	0.883899	1377451150.271207
0.165000	0.997594	1137815514.419279
0.167000	1.127072	915262245.608347
0.169000	1.208707	797898458.243621
0.171000	1.278040	710117602.905686
0.173000	1.333600	646798128.671220
0.175000	1.331789	648769714.911600
0.177000	1.265521	725220250.310859
0.179000	1.253544	739970417.231519
0.181000	1.193651	818350247.196405
0.183000	1.154969	873331789.730201
0.185000	1.136513	900852467.291611
0.187000	1.104913	949998433.278135
0.189000	1.112639	937741044.869346
0.191000	1.131886	907886423.922761
0.193000	1.135326	902651371.836770
0.195000	1.192765	819570514.778021
0.197000	1.180784	836244411.000074
0.199000	1.193429	818656341.488560
0.201000	1.138042	898539443.532671
0.203000	1.084796	982675231.801558
0.205000	1.032577	1072834581.070576
0.207000	0.992930	1146773112.650187
0.209000	0.954064	1224197670.328234
0.211000	0.932653	1269061189.227534
0.213000	0.949679	1233255961.298938
0.215000	0.955177	1221909722.621871
0.217000	1.030646	1076322048.688031
0.219000	1.088750	976164991.796731
0.221000	1.206243	801209490.325639
0.223000	1.344142	635436470.916439
0.225000	1.488242	498735887.426874
0.227000	1.643595	384108633.084760
0.229000	1.829880	280837610.021190
0.231000	1.984336	216617463.277555
0.233000	2.203388	149890109.726518
0.235000	2.382870	110851323.261337
0.237000	2.541559	84896308.253017
0.239000	2.727589	62097853.344479
0.241000	2.934089	43885324.622661
0.243000	3.025494	37634691.136664
0.245000	3.086579	33961996.244878
0.247000	3.148334	30613184.121397
0.249000	3.146559	30704670.328564
0.251000	3.158055	30117007.759282
0.253000	3.195973	28257225.768335
0.255000	3.210723	27565168.858235
0.257000	3.230839	26648644.430383
0.259000	3.272873	24830638.665740
0.261000	3.359364	21470615.405864
0.263000	3.453251	18335874.920051
0.265000	3.557805	15380508.198140
0.267000	3.682054	12481361.801474
0.269000	3.786978	10463124.698480
0.271000	3.912150	8477718.695951
0.273000	4.045095	6779868.472653
0.275000	4.172963	5468526.378786
0.277000	4.387320	3813970.966295
0.279000	4.485527	3233557.878922
0.281000	4.629079	2540268.906428
0.283000	4.765950	2018160.560007
0.285000	4.861859	1717657.045397
0.287000	4.916788	1566156.359566
0.289000	4.937426	1512755.049631
0.291000	4.971877	1427634.593642
0.293000	5.030978	1292617.719720
0.295000	5.068742	1213110.395811
0.297000	5.110616	1130654.301118
0.299000	5.150464	1057397.796895
0.301000	5.206636	962120.263392
0.303000	5.220920	939293.833009
0.305000	5.278256	852987.558832
0.307000	5.317692	798274.036949
0.309000	5.371809	728859.911630
0.311000	5.444200	645348.736189
0.313000	5.506030	581640.779300
0.315000	5.571575	520958.921270
0.317000	5.621925	478679.259528
0.319000	5.673212	439139.189963
0.321000	5.729691	399364.425112
0.323000	5.778187	368098.989825
0.325000	5.822806	341499.750420
0.327000	5.850516	325957.095821
0.329000	5.886710	306716.191886
0.331000	5.936871	281913.857744
0.333000	5.941717	279626.634504
0.335000	5.997838	254452.566944
0.337000	6.039121	237393.057930
0.339000	6.066498	226715.525299
0.341000	6.123987	205830.995055
0.343000	6.198223	181682.851979
0.345000	6.238779	169709.296836
0.347000	6.340811	142960.679197
0.349000	6.414839	126232.802771
0.351000	6.488175	111591.821174
0.353000	6.561503	98650.438808
0.355000	6.662494	83247.214381
0.357000	6.719211	75676.865638
0.359000	6.839487	61823.624695
0.361000	6.930737	53031.867455
0.363000	7.036619	44385.057042
0.365000	7.128710	38019.380224
0.367000	7.253475	30826.166281
0.369000	7.308007	28125.979309
0.371000	7.355883	25951.107332
0.373000	7.443541	22395.471585
0.375000	7.508288	20085.905069
0.377000	7.578058	17863.027349
0.379000	7.644208	15983.139991
0.381000	7.706408	14396.349242
0.383000	7.786322	12586.653292
0.385000	7.849749	11313.719694
0.387000	7.900983	10380.095473
0.389000	7.991500	8914.941821
0.391000	8.080488	7676.307954
0.393000	8.143774	6901.602072
0.395000	8.206915	6206.592173
0.397000	8.318450	5145.483450
0.399000	8.389300	4567.749473

# Dumping simulation biases, in the metadata file order 
# Window  F (free energy units)
# 0	0.000000
# 1	-7.816897
# 2	-12.671230
# 3	-14.662980
# 4	-14.488447
# 5	-13.993536
# 6	-13.105808
# 7	-11.077704
# 8	-9.543008
# 9	-8.447391
# 10	-6.798287
#Iteration 210:  0.002023
#Iteration 220:  0.001841
#Iteration 230:  0.001675
#Iteration 240:  0.001524
#Iteration 250:  0.001386
#Iteration 260:  0.001261
#Iteration 270:  0.001147
#Iteration 280:  0.001043
#Iteration 290:  0.000948
#Iteration 300:  0.000862
0.001000	inf	0.000000
0.003000	inf	0.000000
0.005000	inf	0.000000
0.007000	inf	0.000000
0.009000	inf	0.000000
0.011000	inf	0.000000
0.013000	inf	0.000000
0.015000	inf	0.000000
0.017000	inf	0.000000
0.019000	inf	0.000000
0.021000	inf	0.000000
0.023000	inf	0.000000
0.025000	inf	0.000000
0.027000	inf	0.000000
0.029000	inf	0.000000
0.031000	inf	0.000000
0.033000	inf	0.000000
0.035000	inf	0.000000
0.037000	inf	0.000000
0.039000	inf	0.000000
0.041000	inf	0.000000
0.043000	inf	0.000000
0.045000	inf	0.000000
0.047000	inf	0.000000
0.049000	inf	0.000000
0.051000	15.022485	0.061645
0.053000	14.406956	0.173489
0.055000	12.909142	2.151598
0.057000	11.904085	11.654961
0.059000	10.959874	56.995231
0.061000	10.216393	198.894460
0.063000	9.501456	661.557420
0.065000	8.819523	2081.698905
0.067000	8.210765	5792.237057
0.069000	7.659388	14634.680551
0.071000	7.174561	33062.439782
0.073000	6.727132	70142.960617
0.075000	6.297258	144482.887745
0.077000	5.920817	272044.593706
0.079000	5.590892	473701.163644
0.081000	5.244978	847307.986342
0.083000	4.915748	1473664.026766
0.085000	4.524396	2845163.996641
0.087000	4.066829	6139853.138104
0.089000	3.617911	13058512.321845
0.091000	3.129169	29696384.492792
0.093000	2.710456	60032768.365534
0.095000	2.335834	112689507.927606
0.097000	2.010447	194730774.644160
0.099000	1.709304	323062795.346694
0.101000	1.470200	482887741.223114
0.103000	1.281790	662821637.113512
0.105000	1.107664	888215632.348509
0.107000	0.993191	1076689145.847582
0.109000	0.927023	1203364105.122932
0.111000	0.846952	1376743296.712170
0.113000	0.776492	1549861723.433307
0.115000	0.710090	1732886785.086277
0.117000	0.655788	1898514230.980666
0.119000	0.546349	2281973492.797189
0.121000	0.472928	2581736747.321991
0.123000	0.379620	3020176292.330137
0.125000	0.266510	3652658302.207789
0.127000	0.162822	4348178287.990318
0.129000	0.106029	4783757560.680868
0.131000	0.043300	5315758380.076357
0.133000	0.022369	5506127421.764347
0.135000	0.000000	5717112988.138487
0.137000	0.022549	5504458627.100894
0.139000	0.059293	5174753022.038477
0.141000	0.099640	4835412071.657767
0.143000	0.171871	4282535299.934213
0.145000	0.232449	3867902601.001498
0.147000	0.313158	3377172373.324456
0.149000	0.401390	2911647318.549880
0.151000	0.479690	2552556770.648725
0.153000	0.521097	2380925874.032822
0.155000	0.601772	2078970446.407748
0.157000	0.673738	1842082360.842814
0.159000	0.714109	1721218399.301585
0.161000	0.830254	1415935469.343671
0.163000	0.902940	1253078962.413363
0.165000	1.019084	1030829423.845712
0.167000	1.151913	824544526.337298
0.169000	1.238003	713449929.078214
0.171000	1.313012	628930356.609928
0.173000	1.375407	566305072.952345
0.175000	1.381289	560733554.244180
0.177000	1.323040	618417642.214693
0.179000	1.318781	622860518.687046
0.181000	1.265772	680910999.723499
0.183000	1.232825	719687395.023868
0.185000	1.218886	736749519.128999
0.187000	1.190702	772495963.843415
0.189000	1.200941	759312487.837175
0.191000	1.222026	732870768.001372
0.193000	1.226833	726972267.314672
0.195000	1.285345	658872147.411815
0.197000	1.274290	671230519.889717
0.199000	1.287845	656109151.617967
0.201000	1.233468	718909661.338204
0.203000	1.181440	784616629.178007
0.205000	1.130742	854417493.259721
0.207000	1.092978	910416552.921614
0.209000	1.056359	968219494.597455
0.211000	1.037480	999439540.926048
0.213000	1.057166	966906558.586480
0.215000	1.065264	953834794.214702
0.217000	1.143103	836846108.330461
0.219000	1.203258	756361649.708445
0.221000	1.322478	619001790.686755
0.223000	1.461847	489716488.254313
0.225000	1.607276	383506985.060295
0.227000	1.763960	294703144.611188
0.229000	1.951746	214926648.359772
0.231000	2.108062	165261048.400411
0.233000	2.329546	113887044.185136
0.235000	2.512258	83769119.929454
0.237000	2.675181	63700207.227695
0.239000	2.866571	46175904.194775
0.241000	3.079513	32281606.235294
0.243000	3.178167	27348430.194147
0.245000	3.246815	24367754.704592
0.247000	3.315861	21697394.343462
0.249000	3.320598	21525312.615463
0.251000	3.337526	20921403.915241
0.253000	3.379729	19488578.166168
0.255000	3.397722	18907963.473656
0.257000	3.420226	18206025.392399
0.259000	3.464008	16914219.794433
0.261000	3.551801	14593441.399875
0.263000	3.646715	12441293.325045
0.265000	3.752166	10420298.581889
0.267000	3.877314	8443349.088472
0.269000	3.983274	7065745.564112
0.271000	4.109763	5712334.550906
0.273000	4.244475	4554763.937727
0.275000	4.374750	3658958.568191
0.277000	4.592355	2538013.110093
0.279000	4.694818	2136434.573497
0.281000	4.843706	1663384.948936
0.283000	4.986887	1307563.707238
0.285000	5.089748	1099937.859884
0.287000	5.151764	991043.570119
0.289000	5.179074	946574.415077
0.291000	5.219354	884602.973753
0.293000	5.283221	794551.297857
0.295000	5.324678	741064.514554
0.297000	5.369297	687513.394315
0.299000	5.411127	640830.460910
0.301000	5.468703	581713.691748
0.303000	5.483974	566970.313954
0.305000	5.542011	514268.422199
0.307000	5.581961	480866.057448
0.309000	5.636481	438754.503941
0.311000	5.709228	388250.892213
0.313000	5.771420	349710.297993
0.315000	5.837387	313002.920687
0.317000	5.888280	287338.629848
0.319000	5.940294	263281.907859
0.321000	5.997757	239039.253181
0.323000	6.047568	219838.901697
0.325000	6.093884	203371.855211
0.327000	6.123681	193436.044746
0.329000	6.162284	181282.233928
0.331000	6.215028	165901.017479
0.333000	6.222434	163848.313136
0.335000	6.280903	148510.425448
0.337000	6.324188	138087.933693
0.339000	6.353176	131520.435052
0.341000	6.411903	119156.947229
0.343000	6.487063	105014.181462
0.345000	6.528304	97980.561723
0.347000	6.630853	82465.673416
0.349000	6.705295	72765.582390
0.351000	6.779001	64286.051603
0.353000	6.852703	56794.960003
0.355000	6.954124	47892.398795
0.357000	7.011375	43498.092233
0.359000	7.132335	35494.583326
0.361000	7.224456	30402.474778
0.363000	7.331408	25399.621484
0.365000	7.424746	21711.279785
0.367000	7.550866	17563.482607
0.369000	7.606762	15988.331587
0.371000	7.655906	14720.586716
0.373000	7.744661	12680.284589
0.375000	7.810296	11355.638687
0.377000	7.880750	10087.336186
0.379000	7.947404	9018.106114
0.381000	8.009965	8117.865840
0.383000	8.090133	7094.387457
0.385000	8.153734	6375.033045
0.387000	8.205088	5847.782527
0.389000	8.295686	5021.682775
0.391000	8.384728	4323.577696
0.393000	8.448051	3886.994903
0.395000	8.511217	3495.419185
0.397000	8.622768	2897.745109
0.399000	8.693629	2572.338980

# Dumping simulation biases, in the metadata file order 
# Window  F (free energy units)
# 0	0.000000
# 1	-7.811881
# 2	-12.658945
# 3	-14.633142
# 4	-14.437827
# 5	-13.864027
# 6	-12.950634
# 7	-10.848295
# 8	-9.243648
# 9	-8.122494
# 10	-6.459919
#Iteration 310:  0.000784
#Iteration 320:  0.000713
#Iteration 330:  0.000648
#Iteration 340:  0.000590
#Iteration 350:  0.000536
#Iteration 360:  0.000487
#Iteration 370:  0.000443
#Iteration 380:  0.000403
#Iteration 390:  0.000366
#Iteration 400:  0.000333
0.001000	inf	0.000000
0.003000	inf	0.000000
0.005000	inf	0.000000
0.007000	inf	0.000000
0.009000	inf	0.000000
0.011000	inf	0.000000
0.013000	inf	0.000000
0.015000	inf	0.000000
0.017000	inf	0.000000
0.019000	inf	0.000000
0.021000	inf	0.000000
0.023000	inf	0.000000
0.025000	inf	0.000000
0.027000	inf	0.000000
0.029000	inf	0.000000
0.031000	inf	0.000000
0.033000	inf	0.000000
0.035000	inf	0.000000
0.037000	inf	0.000000
0.039000	inf	0.000000
0.041000	inf	0.000000
0.043000	inf	0.000000
0.045000	inf	0.000000
0.047000	inf	0.000000
0.049000	inf	0.000000
0.051000	15.007981	0.061645
0.053000	14.392452	0.173488
0.055000	12.894641	2.151579
0.057000	11.889586	11.654809
0.059000	10.945379	56.994114
0.061000	10.201904	198.888643
0.063000	9.486976	661.528572
0.065000	8.805055	2081.563837
0.067000	8.196316	5791.679489
0.069000	7.644966	14632.599500
0.071000	7.160179	33055.537853
0.073000	6.712806	70121.656093
0.075000	6.283011	144419.834747
0.077000	5.906677	271876.907398
0.079000	5.576892	473297.905898
0.081000	5.231152	846339.244177
0.083000	4.902126	1471473.600174
0.085000	4.511001	2839854.535175
0.087000	4.053671	6125947.967281
0.089000	3.604994	13023661.522397
0.091000	3.116495	29605032.597662
0.093000	2.698033	59822790.496975
0.095000	2.323684	112243955.244267
0.097000	1.998605	193860758.816962
0.099000	1.697814	321428470.882467
0.101000	1.459116	480117130.402085
0.103000	1.271167	658508617.826754
0.105000	1.097557	881670240.991073
0.107000	0.983661	1067718866.913579
0.109000	0.918138	1192044787.578034
0.111000	0.838786	1362148063.720286
0.113000	0.769108	1531416729.709277
0.115000	0.703524	1709910052.476179
0.117000	0.650034	1870786009.462626
0.119000	0.541358	2245762130.919473
0.121000	0.468624	2537835174.822548
0.123000	0.375925	2965783095.602603
0.125000	0.263365	3583557304.169373
0.127000	0.160205	4262137435.572019
0.129000	0.103959	4684789510.580351
0.131000	0.041834	5200493819.082097
0.133000	0.021592	5380499525.612626
0.135000	0.000000	5579381860.763234
0.137000	0.023389	5364274948.146788
0.139000	0.060985	5035739838.540365
0.141000	0.102141	4699127337.424462
0.143000	0.175087	4156833692.657931
0.145000	0.236262	3750602509.486063
0.147000	0.317452	3272111297.499694
0.149000	0.406066	2819257509.051601
0.151000	0.484678	2470263534.238650
0.153000	0.526361	2303096588.817729
0.155000	0.607312	2010080545.489210
0.157000	0.679592	1780102563.623993
0.159000	0.720360	1662194297.229144
0.161000	0.837041	1366149063.272718
0.163000	0.910468	1207513026.290597
0.165000	1.027639	991632717.146432
0.167000	1.161864	791331499.492957
0.169000	1.249795	682596259.242860
0.171000	1.327122	599392000.115885
0.173000	1.392268	537218028.216957
0.175000	1.401193	529218409.626359
0.177000	1.346058	580612381.100477
0.179000	1.344744	581896450.319854
0.181000	1.294317	633374247.889308
0.183000	1.263490	667061756.347384
0.185000	1.251203	680982865.361199
0.187000	1.224256	712538944.769252
0.189000	1.235404	699311179.284911
0.191000	1.257151	674207502.636909
0.193000	1.262453	668224925.886854
0.195000	1.321357	605228531.013060
0.197000	1.310648	616223095.757359
0.199000	1.324548	601990879.763754
0.201000	1.270562	659178460.348482
0.203000	1.219010	718850455.938989
0.205000	1.168909	782015778.845469
0.207000	1.131884	832235018.079448
0.209000	1.096145	883766480.526628
0.211000	1.078253	910751125.180808
0.213000	1.098971	879577478.611161
0.215000	1.108071	866224145.321045
0.217000	1.186823	758816911.635944
0.219000	1.247765	684929447.480811
0.221000	1.367650	559916116.427292
0.223000	1.507589	442547052.085761
0.225000	1.653540	346263473.406985
0.227000	1.810757	265845727.010848
0.229000	1.999151	193682705.632926
0.231000	2.156228	148735834.638641
0.233000	2.378710	102327267.543945
0.235000	2.562743	75099448.697296
0.237000	2.727385	56942741.550150
0.239000	2.920929	41128236.767093
0.241000	3.136426	28629557.102991
0.243000	3.237910	24139373.650914
0.245000	3.309460	21403753.709400
0.247000	3.381258	18970274.946244
0.249000	3.388413	18743464.649973
0.251000	3.407332	18156738.860132
0.253000	3.451089	16869130.027133
0.255000	3.470248	16334476.665150
0.257000	3.493610	15705431.181137
0.259000	3.538020	14575662.960773
0.261000	3.626285	12565786.343215
0.263000	3.721577	10705851.509408
0.265000	3.827367	8961647.858619
0.267000	3.952867	7257145.088302
0.269000	4.059242	6068844.212146
0.271000	4.186267	4901965.252167
0.273000	4.321703	3903860.683092
0.275000	4.452964	3130879.721333
0.277000	4.671892	2166886.909953
0.279000	4.776078	1818757.493196
0.281000	4.927102	1410972.866959
0.283000	5.072774	1104510.315677
0.285000	5.178339	924913.733130
0.287000	5.243067	829556.745169
0.289000	5.272890	788993.760504
0.291000	5.315333	734662.340136
0.293000	5.380947	657938.469444
0.295000	5.423746	612265.856228
0.297000	5.469355	567077.398631
0.299000	5.511896	527940.786584
0.301000	5.569974	478833.656467
0.303000	5.585599	466420.774346
0.305000	5.643887	422886.732429
0.307000	5.684022	395296.539933
0.309000	5.738690	360589.256311
0.311000	5.811569	319011.934993
0.313000	5.873899	287277.919182
0.315000	5.940030	257053.047159
0.317000	5.991134	235892.302189
0.319000	6.043433	216039.116187
0.321000	6.101284	196018.896903
0.323000	6.151611	180117.674706
0.325000	6.198592	166439.845763
0.327000	6.229203	158091.939842
0.329000	6.268740	147926.263354
0.331000	6.322481	135148.587177
0.333000	6.330869	133256.240579
0.335000	6.390232	120600.499331
0.337000	6.434279	111993.527858
0.339000	6.463875	106557.989846
0.341000	6.523068	96465.423623
0.343000	6.598576	84966.249313
0.345000	6.640074	79241.090861
0.347000	6.742818	66671.683061
0.349000	6.817417	58813.853211
0.351000	6.891263	51947.872840
0.353000	6.965109	45883.426834
0.355000	7.066696	38680.450790
0.357000	7.124154	35119.171827
0.359000	7.245379	28644.590877
0.361000	7.337837	24521.292067
0.363000	7.445204	20471.963742
0.365000	7.539022	17485.041929
0.367000	7.665663	14132.253751
0.369000	7.722082	12853.523857
0.371000	7.771711	11824.699420
0.373000	7.860884	10178.618784
0.375000	7.926857	9110.132836
0.377000	7.997570	8089.101635
0.379000	8.064415	7229.354833
0.381000	8.127113	6506.181504
0.383000	8.207377	5684.983909
0.385000	8.271044	5107.971924
0.387000	8.322443	4685.158766
0.389000	8.413072	4023.092582
0.391000	8.502135	3463.689424
0.393000	8.565472	3113.863049
0.395000	8.628647	2800.128741
0.397000	8.740205	2321.316492
0.399000	8.811069	2060.626703

# Dumping simulation biases, in the metadata file order 
# Window  F (free energy units)
# 0	0.000000
# 1	-7.809929
# 2	-12.654173
# 3	-14.621561
# 4	-14.418190
# 5	-13.813707
# 6	-12.890369
# 7	-10.759516
# 8	-9.127949
# 9	-7.996960
# 10	-6.329213
#Iteration 410:  0.000303
#Iteration 420:  0.000276
#Iteration 430:  0.000251
#Iteration 440:  0.000228
#Iteration 450:  0.000207
#Iteration 460:  0.000188
#Iteration 470:  0.000171
#Iteration 480:  0.000156
#Iteration 490:  0.000142
#Iteration 500:  0.000129
0.001000	inf	0.000000
0.003000	inf	0.000000
0.005000	inf	0.000000
0.007000	inf	0.000000
0.009000	inf	0.000000
0.011000	inf	0.000000
0.013000	inf	0.000000
0.015000	inf	0.000000
0.017000	inf	0.000000
0.019000	inf	0.000000
0.021000	inf	0.000000
0.023000	inf	0.000000
0.025000	inf	0.000000
0.027000	inf	0.000000
0.029000	inf	0.000000
0.031000	inf	0.000000
0.033000	inf	0.000000
0.035000	inf	0.000000
0.037000	inf	0.000000
0.039000	inf	0.000000
0.041000	inf	0.000000
0.043000	inf	0.000000
0.045000	inf	0.000000
0.047000	inf	0.000000
0.049000	inf	0.000000
0.051000	15.002370	0.061645
0.053000	14.386842	0.173487
0.055000	12.889031	2.151571
0.057000	11.883977	11.654749
0.059000	10.939772	56.993681
0.061000	10.196299	198.886389
0.063000	9.481374	661.517394
0.065000	8.799459	2081.511499
0.067000	8.190726	5791.463446
0.069000	7.639387	14631.793198
0.071000	7.154615	33052.863940
0.073000	6.707264	70113.403428
0.075000	6.277500	144395.414373
0.077000	5.901208	271811.977922
0.079000	5.571476	473141.808875
0.081000	5.225804	845964.394092
0.083000	4.896857	1470626.390093
0.085000	4.505820	2837801.895823
0.087000	4.048581	6120574.690463
0.089000	3.599998	13010200.144582
0.091000	3.111593	29569760.826129
0.093000	2.693228	59741744.230198
0.095000	2.318985	112072039.316411
0.097000	1.994024	193525177.903195
0.099000	1.693370	320798317.537459
0.101000	1.454829	479049302.458383
0.103000	1.267058	656847095.538878
0.105000	1.093649	879149994.233189
0.107000	0.979976	1064266830.231559
0.109000	0.914703	1187691517.175231
0.111000	0.835629	1356539202.562251
0.113000	0.766253	1524335016.674171
0.115000	0.700986	1701097968.238522
0.117000	0.647809	1860163976.379881
0.119000	0.539428	2231906283.686294
0.121000	0.466959	2521054266.002342
0.123000	0.374494	2945010471.122316
0.125000	0.262147	3557187529.074214
0.127000	0.159191	4229324119.555180
0.129000	0.103157	4647068284.780054
0.131000	0.041267	5156587899.167122
0.133000	0.021291	5332679398.151416
0.135000	0.000000	5526998460.905346
0.137000	0.023713	5311011051.329769
0.139000	0.061640	4982977595.511058
0.141000	0.103107	4647456868.076856
0.143000	0.176328	4109223405.324377
0.145000	0.237733	3706212107.356597
0.147000	0.319108	3232379186.769324
0.149000	0.407869	2784334647.840689
0.151000	0.486602	2439167577.138657
0.153000	0.528393	2273693410.474455
0.155000	0.609452	1984057018.059897
0.157000	0.681856	1756689389.291690
0.159000	0.722783	1639896011.116881
0.161000	0.839677	1347338365.665739
0.163000	0.913400	1190295064.783174
0.165000	1.030979	976821688.020731
0.167000	1.165760	778785563.133899
0.169000	1.254419	670952044.946484
0.171000	1.332658	588263766.318001
0.173000	1.398882	526290344.089987
0.175000	1.408990	517422956.158011
0.177000	1.355058	566524836.054987
0.179000	1.354873	566701219.594049
0.181000	1.305430	615815606.453232
0.183000	1.275406	647693759.452574
0.185000	1.263742	660518183.753051
0.187000	1.237262	690584862.196830
0.189000	1.248750	677376374.943688
0.191000	1.270746	652786907.654990
0.193000	1.276235	646791808.431933
0.195000	1.335287	585669827.346007
0.197000	1.324709	596177303.894563
0.199000	1.338742	582278041.948614
0.201000	1.284907	637431135.043829
0.203000	1.233540	694918520.627268
0.205000	1.183671	755686203.607980
0.207000	1.146933	803826338.238189
0.209000	1.111536	853108802.692203
0.211000	1.094026	878592092.774459
0.213000	1.115144	847949681.220456
0.215000	1.124632	834532702.449029
0.217000	1.203735	730622928.430137
0.219000	1.264981	659144176.642411
0.221000	1.385123	538604839.184291
0.223000	1.525282	425545038.837640
0.225000	1.671437	332846745.446688
0.227000	1.828862	255455407.659095
0.229000	2.017496	186037803.705863
0.231000	2.174874	142792847.360005
0.233000	2.397750	98173502.788932
0.235000	2.582304	71987782.731563
0.237000	2.747624	54521276.932864
0.239000	2.942013	39323379.068508
0.241000	3.158507	27327359.853120
0.243000	3.261088	22998950.060573
0.245000	3.333756	20354277.216144
0.247000	3.406607	18008219.796909
0.249000	3.414682	17765413.778446
0.251000	3.434355	17187516.534790
0.253000	3.478698	15952918.214266
0.255000	3.498296	15435907.610220
0.257000	3.521980	14833433.259415
0.259000	3.566625	13760928.861559
0.261000	3.655069	11859847.402918
0.263000	3.750504	10101958.274107
0.265000	3.856426	8454284.540670
0.267000	3.982062	6844707.597401
0.269000	4.088600	5722371.195804
0.271000	4.215837	4620465.016474
0.273000	4.351560	3677907.142193
0.275000	4.483210	2947733.111527
0.277000	4.702661	2038338.720487
0.279000	4.807525	1708913.242251
0.281000	4.959386	1323892.460368
0.283000	5.106029	1034652.818575
0.285000	5.212642	864890.550776
0.287000	5.278414	774361.230398
0.289000	5.309199	735307.215064
0.291000	5.352466	683725.399332
0.293000	5.418743	611639.583072
0.295000	5.462048	568696.407613
0.297000	5.508031	526393.471811
0.299000	5.550839	489844.435399
0.301000	5.609106	444140.003390
0.303000	5.624863	432530.041099
0.305000	5.683245	392096.991479
0.307000	5.723451	366472.542580
0.309000	5.778174	334264.597227
0.311000	5.851103	295697.446414
0.313000	5.913487	266258.892404
0.315000	5.979681	238220.057213
0.317000	6.030868	218579.375506
0.319000	6.083278	200145.853137
0.321000	6.141280	181552.382845
0.323000	6.191808	166768.290206
0.325000	6.239048	154037.178632
0.327000	6.269975	146233.579125
0.329000	6.309875	136747.081494
0.331000	6.364001	124854.081105
0.333000	6.372769	123027.448191
0.335000	6.432476	111278.646787
0.337000	6.476815	103286.189478
0.339000	6.506645	98234.653973
0.341000	6.566017	88903.691741
0.343000	6.641658	78288.376025
0.345000	6.683255	73001.071985
0.347000	6.786074	61413.751578
0.349000	6.860733	54170.122698
0.351000	6.934633	47841.901240
0.353000	7.008535	42252.845185
0.355000	7.110186	35615.967835
0.357000	7.167724	32332.478967
0.359000	7.289052	26367.097254
0.361000	7.381640	22566.677679
0.363000	7.489167	18835.047122
0.365000	7.583172	16081.924358
0.367000	7.710014	12993.784302
0.369000	7.766636	11814.055526
0.371000	7.816452	10865.014819
0.373000	7.905786	9349.997035
0.375000	7.971889	8366.664351
0.377000	8.042701	7427.712351
0.379000	8.109620	6637.440534
0.381000	8.172371	5972.949952
0.383000	8.252671	5218.732679
0.385000	8.316364	4688.843788
0.387000	8.367780	4300.598623
0.389000	8.458421	3692.802164
0.391000	8.547492	3179.282846
0.393000	8.610834	2858.155392
0.395000	8.674012	2570.169201
0.397000	8.785573	2130.670642
0.399000	8.856439	1891.385766

# Dumping simulation biases, in the metadata file order 
# Window  F (free energy units)
# 0	0.000000
# 1	-7.809174
# 2	-12.652330
# 3	-14.617087
# 4	-14.410604
# 5	-13.794251
# 6	-12.867067
# 7	-10.725216
# 8	-9.083249
# 9	-7.948457
# 10	-6.278711
#Iteration 510:  0.000117
#Iteration 520:  0.000106
#Iteration 530:  0.000097
#Iteration 540:  0.000088
#Iteration 550:  0.000080
#Iteration 560:  0.000073
#Iteration 570:  0.000066
#Iteration 580:  0.000060
#Iteration 590:  0.000055
#Iteration 600:  0.000050
0.001000	inf	0.000000
0.003000	inf	0.000000
0.005000	inf	0.000000
0.007000	inf	0.000000
0.009000	inf	0.000000
0.011000	inf	0.000000
0.013000	inf	0.000000
0.015000	inf	0.000000
0.017000	inf	0.000000
0.019000	inf	0.000000
0.021000	inf	0.000000
0.023000	inf	0.000000
0.025000	inf	0.000000
0.027000	inf	0.000000
0.029000	inf	0.000000
0.031000	inf	0.000000
0.033000	inf	0.000000
0.035000	inf	0.000000
0.037000	inf	0.000000
0.039000	inf	0.000000
0.041000	inf	0.000000
0.043000	inf	0.000000
0.045000	inf	0.000000
0.047000	inf	0.000000
0.049000	inf	0.000000
0.051000	15.000202	0.061645
0.053000	14.384674	0.173487
0.055000	12.886863	2.151569
0.057000	11.881809	11.654726
0.059000	10.937605	56.993514
0.061000	10.194133	198.885517
0.063000	9.479209	661.513070
0.065000	8.797295	2081.491257
0.067000	8.188566	5791.379891
0.069000	7.637231	14631.481364
0.071000	7.152465	33051.829851
0.073000	6.705122	70110.212010
0.075000	6.275370	144385.971319
0.077000	5.899094	271786.872790
0.079000	5.569383	473081.460721
0.081000	5.223737	845819.495516
0.083000	4.894820	1470298.954943
0.085000	4.503817	2837008.720072
0.087000	4.046614	6118498.730456
0.089000	3.598067	13005000.215868
0.091000	3.109698	29556137.892449
0.093000	2.691371	59710446.099943
0.095000	2.317168	112005657.900288
0.097000	1.992253	193395617.906903
0.099000	1.691652	320555065.023579
0.101000	1.453173	478637165.047721
0.103000	1.265470	656205931.246578
0.105000	1.092138	878177645.046820
0.107000	0.978552	1062935264.734388
0.109000	0.913375	1186012726.152629
0.111000	0.834409	1354376846.846834
0.113000	0.765150	1521605822.939621
0.115000	0.700005	1697703333.245123
0.117000	0.646950	1856073940.355926
0.119000	0.538682	2226573417.058458
0.121000	0.466316	2514598189.354039
0.123000	0.373942	2937021423.718282
0.125000	0.261676	3547048762.524175
0.127000	0.158799	4216711006.205484
0.129000	0.102846	4632571896.613190
0.131000	0.041047	5139718666.311046
0.133000	0.021175	5314311224.537189
0.135000	0.000000	5506883992.853150
0.137000	0.023839	5290566235.759020
0.139000	0.061892	4962733756.284364
0.141000	0.103480	4627640219.222597
0.143000	0.176807	4090970952.024466
0.145000	0.238301	3689199622.794134
0.147000	0.319747	3217155888.605807
0.149000	0.408565	2770956530.539476
0.151000	0.487345	2427256984.514318
0.153000	0.529178	2262432070.700747
0.155000	0.610279	1974090425.338516
0.157000	0.682732	1747722516.373218
0.159000	0.723720	1631355877.653558
0.161000	0.840698	1340133634.245112
0.163000	0.914537	1183700114.707610
0.165000	1.032275	971148729.815650
0.167000	1.167272	773980855.068002
0.169000	1.256215	666494315.382605
0.171000	1.334810	584006577.931354
0.173000	1.401452	522114499.595455
0.175000	1.412018	512922150.891799
0.177000	1.358551	561158621.703581
0.179000	1.358801	560923218.556228
0.181000	1.309735	609149746.305238
0.183000	1.280019	640351137.925425
0.185000	1.268594	652768298.208865
0.187000	1.242292	682277849.136305
0.189000	1.253911	669081712.173754
0.191000	1.276002	644690257.698222
0.193000	1.281562	638693010.120646
0.195000	1.340671	578281066.764417
0.197000	1.330144	588605985.768549
0.199000	1.344228	574833762.351096
0.201000	1.290451	629220008.739206
0.203000	1.239156	685884382.425352
0.205000	1.189376	745749438.322330
0.207000	1.152750	793108226.020884
0.209000	1.117484	841546511.202355
0.211000	1.100123	866468813.270846
0.213000	1.121395	836032206.163043
0.215000	1.131033	822596774.933550
0.217000	1.210272	720008791.539755
0.219000	1.271635	649440446.267730
0.221000	1.391875	530587273.485161
0.223000	1.532121	419150293.192286
0.225000	1.678354	327801573.834547
0.227000	1.835860	251549054.237943
0.229000	2.024588	183164222.738097
0.231000	2.182082	140559545.543855
0.233000	2.405112	96613082.460266
0.235000	2.589870	70819370.489932
0.237000	2.755453	53612600.853527
0.239000	2.950170	38646662.759085
0.241000	3.167051	26839640.612692
0.243000	3.270056	22572371.660652
0.245000	3.343156	19962270.659022
0.247000	3.416411	17649371.720064
0.249000	3.424840	17401066.846445
0.251000	3.444802	16826849.862826
0.253000	3.489369	15612271.568152
0.255000	3.509135	15102038.897030
0.257000	3.532942	14509592.963053
0.259000	3.577678	13458460.525202
0.261000	3.666189	11597835.757853
0.263000	3.761680	9877864.521400
0.265000	3.867652	8266041.197914
0.267000	3.993342	6691706.629248
0.269000	4.099943	5593861.598002
0.271000	4.227263	4516074.967071
0.273000	4.363096	3594137.715453
0.275000	4.494899	2879858.311084
0.277000	4.714554	1990722.007500
0.279000	4.819681	1668252.215054
0.281000	4.971867	1291686.113469
0.283000	5.118887	1008843.995875
0.285000	5.225905	842742.082155
0.287000	5.292081	754020.198697
0.289000	5.323236	715546.569299
0.291000	5.366819	664997.192904
0.293000	5.433350	594631.935800
0.295000	5.476849	552702.585749
0.297000	5.522974	511466.670723
0.299000	5.565884	475872.270753
0.301000	5.624224	431419.202631
0.303000	5.640031	420105.969001
0.305000	5.698450	380811.213618
0.307000	5.738682	355908.311863
0.309000	5.793427	324617.112011
0.311000	5.866376	287153.677862
0.313000	5.928780	258556.801804
0.315000	5.994999	231319.505472
0.317000	6.046217	212236.367974
0.319000	6.098671	194323.685487
0.321000	6.156731	176253.752719
0.323000	6.207337	161879.913767
0.325000	6.254678	149496.785320
0.327000	6.285727	141893.992935
0.329000	6.325767	132657.737132
0.331000	6.380042	121090.038312
0.333000	6.388956	119289.106225
0.335000	6.448797	107873.172976
0.337000	6.493248	100106.337879
0.339000	6.523168	95195.906255
0.341000	6.582609	86143.604430
0.343000	6.658302	75851.305020
0.345000	6.699936	70724.072499
0.347000	6.802784	59495.294862
0.349000	6.877467	52475.893246
0.351000	6.951388	46343.966018
0.353000	7.025311	40928.427482
0.355000	7.126987	34498.143125
0.357000	7.184556	31316.076594
0.359000	7.305924	25536.515044
0.361000	7.398563	21853.953576
0.363000	7.506152	18238.277525
0.365000	7.600228	15570.501069
0.367000	7.727149	12578.920423
0.369000	7.783848	11435.358150
0.371000	7.833736	10515.461662
0.373000	7.923132	9048.239895
0.375000	7.989285	8095.959527
0.377000	8.060137	7186.922394
0.379000	8.127084	6421.963272
0.381000	8.189855	5778.847607
0.383000	8.270169	5049.019517
0.385000	8.333872	4536.287910
0.387000	8.385295	4160.627889
0.389000	8.475940	3572.586036
0.391000	8.565014	3075.768103
0.393000	8.628358	2765.086727
0.395000	8.691538	2486.472317
0.397000	8.803099	2061.282709
0.399000	8.873966	1829.788539

# Dumping simulation biases, in the metadata file order 
# Window  F (free energy units)
# 0	0.000000
# 1	-7.808882
# 2	-12.651617
# 3	-14.615359
# 4	-14.407674
# 5	-13.786734
# 6	-12.858063
# 7	-10.711965
# 8	-9.065980
# 9	-7.929719
# 10	-6.259200
#Iteration 610:  0.000045
#Iteration 620:  0.000041
#Iteration 630:  0.000037
#Iteration 640:  0.000034
#Iteration 650:  0.000031
#Iteration 660:  0.000028
#Iteration 670:  0.000026
#Iteration 680:  0.000023
#Iteration 690:  0.000021
#Iteration 700:  0.000019
0.001000	inf	0.000000
0.003000	inf	0.000000
0.005000	inf	0.000000
0.007000	inf	0.000000
0.009000	inf	0.000000
0.011000	inf	0.000000
0.013000	inf	0.000000
0.015000	inf	0.000000
0.017000	inf	0.000000
0.019000	inf	0.000000
0.021000	inf	0.000000
0.023000	inf	0.000000
0.025000	inf	0.000000
0.027000	inf	0.000000
0.029000	inf	0.000000
0.031000	inf	0.000000
0.033000	inf	0.000000
0.035000	inf	0.000000
0.037000	inf	0.000000
0.039000	inf	0.000000
0.041000	inf	0.000000
0.043000	inf	0.000000
0.045000	inf	0.000000
0.047000	inf	0.000000
0.049000	inf	0.000000
0.051000	14.999364	0.061645
0.053000	14.383836	0.173487
0.055000	12.886025	2.151568
0.057000	11.880972	11.654718
0.059000	10.936768	56.993449
0.061000	10.193296	198.885180
0.063000	9.478373	661.511399
0.065000	8.796460	2081.483434
0.067000	8.187731	5791.347599
0.069000	7.636398	14631.360849
0.071000	7.151634	33051.430208
0.073000	6.704295	70108.978648
0.075000	6.274547	144382.322033
0.077000	5.898277	271777.171208
0.079000	5.568575	473058.140953
0.081000	5.222938	845763.506859
0.083000	4.894034	1470172.442489
0.085000	4.503043	2836702.278630
0.087000	4.045854	6117696.743523
0.089000	3.597321	13002991.502730
0.091000	3.108966	29550875.705823
0.093000	2.690654	59698357.066272
0.095000	2.316466	111980019.055350
0.097000	1.991569	193345579.791641
0.099000	1.690988	320461122.297001
0.101000	1.452532	478478009.906036
0.103000	1.264856	655958349.875308
0.105000	1.091554	877802206.877356
0.107000	0.978002	1062421170.078118
0.109000	0.912863	1185364634.959266
0.111000	0.833938	1353542172.873345
0.113000	0.764724	1520552495.041878
0.115000	0.699626	1696393391.182920
0.117000	0.646618	1854495926.539494
0.119000	0.538394	2224516246.487880
0.121000	0.466067	2512108122.959421
0.123000	0.373728	2933940510.037619
0.125000	0.261494	3543139260.439841
0.127000	0.158647	4211847857.971581
0.129000	0.102726	4626983115.499672
0.131000	0.040962	5133215673.285540
0.133000	0.021130	5307231136.105026
0.135000	0.000000	5499131757.040840
0.137000	0.023887	5282687836.355686
0.139000	0.061990	4954934056.250125
0.141000	0.103624	4620006344.170753
0.143000	0.176993	4083940689.940117
0.145000	0.238521	3682647781.744128
0.147000	0.319994	3211293678.500118
0.149000	0.408834	2765805239.676913
0.151000	0.487632	2422670995.657687
0.153000	0.529481	2258096195.709307
0.155000	0.610599	1970253109.302314
0.157000	0.683070	1744270109.542521
0.159000	0.724082	1628067736.817838
0.161000	0.841093	1337359604.792029
0.163000	0.914976	1181160832.080539
0.165000	1.032777	968964459.121086
0.167000	1.167858	772130992.113443
0.169000	1.256911	664778293.503964
0.171000	1.335643	582368209.645833
0.173000	1.402447	520508130.067330
0.175000	1.413190	511191767.162668
0.177000	1.359903	559096887.772557
0.179000	1.360320	558704776.833246
0.181000	1.311400	606592012.890715
0.183000	1.281803	637535218.329530
0.185000	1.270470	649797440.539816
0.187000	1.244236	679094433.652232
0.189000	1.255905	665903770.622303
0.191000	1.278033	641588703.124283
0.193000	1.283620	635591011.265898
0.195000	1.342751	575451284.972274
0.197000	1.332243	585706500.272074
0.199000	1.346347	571983115.517479
0.201000	1.292593	626075925.930806
0.203000	1.241325	682425434.175956
0.205000	1.191581	741945260.541837
0.207000	1.154997	789005406.724059
0.209000	1.119783	837121185.198012
0.211000	1.102479	861829548.576378
0.213000	1.123810	831472514.458140
0.215000	1.133506	818030838.004344
0.217000	1.212798	715949158.010056
0.219000	1.274206	645729550.091272
0.221000	1.394485	527521563.737939
0.223000	1.534763	416705346.674166
0.225000	1.681027	325872779.454882
0.227000	1.838564	250055750.979105
0.229000	2.027328	182065812.389509
0.231000	2.184868	139705961.432930
0.233000	2.407957	96016754.780364
0.235000	2.592794	70372930.516979
0.237000	2.758479	53265488.264826
0.239000	2.953323	38388243.168385
0.241000	3.170354	26653471.999865
0.243000	3.273523	22409622.453512
0.245000	3.346789	19812792.610814
0.247000	3.420201	17512611.391768
0.249000	3.428766	17262279.176352
0.251000	3.448838	16689521.155786
0.253000	3.493492	15482608.519433
0.255000	3.513323	14974987.536614
0.257000	3.537177	14386380.473803
0.259000	3.581948	13343394.809412
0.261000	3.670486	11498170.365762
0.263000	3.765998	9792628.837247
0.265000	3.871989	8194445.841012
0.267000	3.997699	6633518.474568
0.269000	4.104325	5544990.850196
0.271000	4.231677	4476379.646403
0.273000	4.367554	3562286.823497
0.275000	4.499415	2854054.499003
0.277000	4.719149	1972623.160426
0.279000	4.824378	1652801.215310
0.281000	4.976691	1279451.994278
0.283000	5.123856	999044.144032
0.285000	5.231031	834336.060283
0.287000	5.297362	746303.952402
0.289000	5.328660	708054.023568
0.291000	5.372364	657899.071251
0.293000	5.438993	588188.130668
0.295000	5.482567	546644.513930
0.297000	5.528747	505813.885382
0.299000	5.571697	470581.767021
0.301000	5.630064	426603.013062
0.303000	5.645891	415402.459435
0.305000	5.704324	376538.855790
0.307000	5.744566	351909.250693
0.309000	5.799319	320965.186191
0.311000	5.872276	283919.628369
0.313000	5.934687	255641.421387
0.315000	6.000916	228707.594787
0.317000	6.052147	209835.576682
0.319000	6.104617	192120.132847
0.321000	6.162700	174248.474606
0.323000	6.213336	160030.055113
0.325000	6.260715	147778.800869
0.327000	6.291812	140252.214661
0.329000	6.331906	131110.878550
0.331000	6.386239	119666.475474
0.333000	6.395210	117875.506585
0.335000	6.455102	106585.646779
0.337000	6.499597	98904.277389
0.339000	6.529551	94047.312447
0.341000	6.589019	85100.427544
0.343000	6.664731	74930.270535
0.345000	6.706381	69863.573578
0.347000	6.809239	58770.318100
0.349000	6.883931	51835.669048
0.351000	6.957860	45777.932572
0.353000	7.031792	40427.974642
0.355000	7.133477	34075.766885
0.357000	7.191058	30932.036923
0.359000	7.312441	25222.700270
0.361000	7.405100	21584.684071
0.363000	7.512713	18012.832027
0.365000	7.606817	15377.313417
0.367000	7.733768	12422.221788
0.369000	7.790497	11292.333058
0.371000	7.840413	10383.454900
0.373000	7.929833	8934.291436
0.375000	7.996006	7993.743057
0.377000	8.066872	7096.005788
0.379000	8.133830	6340.606916
0.381000	8.196609	5705.563431
0.383000	8.276929	4984.944681
0.385000	8.340635	4478.691451
0.387000	8.392061	4107.783294
0.389000	8.482708	3527.199851
0.391000	8.571783	3036.687475
0.393000	8.635128	2729.949965
0.395000	8.698308	2454.873791
0.397000	8.809870	2035.086347
0.399000	8.880737	1806.533457

# Dumping simulation biases, in the metadata file order 
# Window  F (free energy units)
# 0	0.000000
# 1	-7.808770
# 2	-12.651342
# 3	-14.614691
# 4	-14.406542
# 5	-13.783829
# 6	-12.854584
# 7	-10.706846
# 8	-9.059309
# 9	-7.922480
# 10	-6.251663
#Iteration 710:  0.000017
#Iteration 720:  0.000016
#Iteration 730:  0.000014
#Iteration 740:  0.000013
#Iteration 750:  0.000012
#Iteration 760:  0.000011
#Iteration 770:  0.000010
#Iteration 780:  0.000009
#Iteration 790:  0.000008
#Iteration 800:  0.000007
0.001000	inf	0.000000
0.003000	inf	0.000000
0.005000	inf	0.000000
0.007000	inf	0.000000
0.009000	inf	0.000000
0.011000	inf	0.000000
0.013000	inf	0.000000
0.015000	inf	0.000000
0.017000	inf	0.000000
0.019000	inf	0.000000
0.021000	inf	0.000000
0.023000	inf	0.000000
0.025000	inf	0.000000
0.027000	inf	0.000000
0.029000	inf	0.000000
0.031000	inf	0.000000
0.033000	inf	0.000000
0.035000	inf	0.000000
0.037000	inf	0.000000
0.039000	inf	0.000000
0.041000	inf	0.000000
0.043000	inf	0.000000
0.045000	inf	0.000000
0.047000	inf	0.000000
0.049000	inf	0.000000
0.051000	14.999040	0.061645
0.053000	14.383512	0.173487
0.055000	12.885702	2.151567
0.057000	11.880648	11.654714
0.059000	10.936444	56.993424
0.061000	10.192972	198.885050
0.063000	9.478049	661.510754
0.065000	8.796137	2081.480411
0.067000	8.187409	5791.335122
0.069000	7.636076	14631.314285
0.071000	7.151313	33051.275800
0.073000	6.703975	70108.502125
0.075000	6.274229	144380.912106
0.077000	5.897961	271773.422985
0.079000	5.568262	473049.131477
0.081000	5.222630	845741.876388
0.083000	4.893730	1470123.567305
0.085000	4.502744	2836583.895162
0.087000	4.045561	6117386.930725
0.089000	3.597032	13002215.542880
0.091000	3.108683	29548842.984017
0.093000	2.690376	59693687.305552
0.095000	2.316195	111970115.450935
0.097000	1.991305	193326251.774631
0.099000	1.690732	320424836.207447
0.101000	1.452285	478416536.514485
0.103000	1.264619	655862724.561813
0.105000	1.091329	877657202.609914
0.107000	0.977789	1062222619.258577
0.109000	0.912664	1185114341.883420
0.111000	0.833755	1353219835.728838
0.113000	0.764560	1520145739.312536
0.115000	0.699480	1695887572.293341
0.117000	0.646490	1853886635.696155
0.119000	0.538283	2223721999.575128
0.121000	0.465971	2511146798.135324
0.123000	0.373645	2932751141.424787
0.125000	0.261424	3541630084.833759
0.127000	0.158588	4209970617.295650
0.129000	0.102680	4624825843.527375
0.131000	0.040929	5130705602.966928
0.133000	0.021113	5304498424.543535
0.135000	0.000000	5496139760.357629
0.137000	0.023906	5279647318.618900
0.139000	0.062028	4951924097.854536
0.141000	0.103680	4617060562.656763
0.143000	0.177064	4081227988.036135
0.145000	0.238606	3680119806.543059
0.147000	0.320090	3209031878.249037
0.149000	0.408938	2763817787.140080
0.151000	0.487743	2420901679.617291
0.153000	0.529598	2256423395.071157
0.155000	0.610722	1968772662.673218
0.157000	0.683201	1742938161.774033
0.159000	0.724222	1626799157.900289
0.161000	0.841245	1336289365.145743
0.163000	0.915146	1180181154.016990
0.165000	1.032970	968121750.008801
0.167000	1.168084	771417315.872401
0.169000	1.257180	664116290.791523
0.171000	1.335966	581736232.066583
0.173000	1.402831	519888599.319061
0.175000	1.413644	510524555.780258
0.177000	1.360425	558302115.966537
0.179000	1.360907	557849819.855761
0.181000	1.312044	605606535.073331
0.183000	1.282492	636450484.483838
0.185000	1.271195	648653207.526939
0.187000	1.244987	677868483.606734
0.189000	1.256675	664680038.438525
0.191000	1.278817	640394462.693856
0.193000	1.284415	634396655.875071
0.195000	1.343555	574361779.016627
0.197000	1.333054	584590188.993053
0.199000	1.347166	570885635.242412
0.201000	1.293420	624865506.448709
0.203000	1.242164	681093836.877999
0.205000	1.192432	740480813.747268
0.207000	1.155865	787426068.216016
0.209000	1.120671	835417796.030860
0.211000	1.103389	860043925.288306
0.213000	1.124744	829717639.664020
0.215000	1.134461	816273680.630471
0.217000	1.213773	714386946.042722
0.219000	1.275199	644301616.566936
0.221000	1.395493	526341948.638761
0.223000	1.535784	415764622.546251
0.225000	1.682059	325130675.214256
0.227000	1.839608	249481219.212691
0.229000	2.028386	181643224.550263
0.231000	2.185944	139377577.167882
0.233000	2.409056	95787351.574738
0.235000	2.593923	70201199.791178
0.237000	2.759648	53131978.086680
0.239000	2.954542	38288859.661989
0.241000	3.171630	26581886.528950
0.243000	3.274862	22347054.256349
0.245000	3.348193	19755338.499529
0.247000	3.421665	17460056.473258
0.249000	3.430282	17208955.294377
0.251000	3.450398	16636766.265713
0.253000	3.495085	15432804.716306
0.255000	3.514941	14926191.578099
0.257000	3.538813	14339062.232798
0.259000	3.583597	13299207.498989
0.261000	3.672145	11459898.489286
0.263000	3.767666	9759898.952176
0.265000	3.873664	8166954.388259
0.267000	3.999382	6611175.662120
0.269000	4.106018	5526226.141924
0.271000	4.233382	4461138.441255
0.273000	4.369276	3550058.004578
0.275000	4.501160	2844147.929636
0.277000	4.720924	1965675.190850
0.279000	4.826193	1646870.326439
0.281000	4.978554	1274756.524051
0.283000	5.125776	995283.550520
0.285000	5.233011	831110.921107
0.287000	5.299402	743344.021299
0.289000	5.330755	705180.425771
0.291000	5.374507	655177.182912
0.293000	5.441174	585717.476944
0.295000	5.484776	544321.994930
0.297000	5.530978	503646.909296
0.299000	5.573942	468553.782430
0.301000	5.632320	424756.917392
0.303000	5.648155	413599.604740
0.305000	5.706593	374901.293320
0.307000	5.746839	350376.462416
0.309000	5.801595	319565.465697
0.311000	5.874555	282680.084390
0.313000	5.936970	254524.027131
0.315000	6.003202	227706.523843
0.317000	6.054437	208915.434313
0.319000	6.106914	191275.600755
0.321000	6.165006	173479.952001
0.323000	6.215654	159321.120374
0.325000	6.263048	147120.433403
0.327000	6.294163	139623.084283
0.329000	6.334278	130518.157913
0.331000	6.388633	119121.035176
0.333000	6.397625	117333.919612
0.335000	6.457537	106092.391985
0.337000	6.502049	98443.788871
0.339000	6.532017	93607.324684
0.341000	6.591495	84700.834474
0.343000	6.667215	74577.473180
0.345000	6.708870	69533.969986
0.347000	6.811733	58492.628387
0.349000	6.886428	51590.444986
0.351000	6.960361	45561.127753
0.353000	7.034295	40236.290670
0.355000	7.135985	33913.989676
0.357000	7.193570	30784.945271
0.359000	7.314959	25102.507666
0.361000	7.407625	21481.554819
0.363000	7.515247	17926.489576
0.365000	7.609362	15303.327633
0.367000	7.736325	12362.212429
0.369000	7.793065	11237.562050
0.371000	7.842993	10332.904987
0.373000	7.932422	8890.657906
0.375000	7.998602	7954.602884
0.377000	8.069474	7061.193116
0.379000	8.136436	6309.455348
0.381000	8.199218	5677.502987
0.383000	8.279540	4960.410646
0.385000	8.343248	4456.638065
0.387000	8.394674	4087.549436
0.389000	8.485322	3509.821806
0.391000	8.574397	3021.723804
0.393000	8.637743	2716.496383
0.395000	8.700924	2442.774979
0.397000	8.812485	2025.055983
0.399000	8.883352	1797.629286

# Dumping simulation biases, in the metadata file order 
# Window  F (free energy units)
# 0	0.000000
# 1	-7.808726
# 2	-12.651236
# 3	-14.614433
# 4	-14.406105
# 5	-13.782707
# 6	-12.853240
# 7	-10.704869
# 8	-9.056732
# 9	-7.919684
# 10	-6.248751
#Iteration 810:  0.000007
#Iteration 820:  0.000006
#Iteration 830:  0.000006
#Iteration 840:  0.000005
#Iteration 850:  0.000005
#Iteration 860:  0.000004
#Iteration 870:  0.000004
#Iteration 880:  0.000003
#Iteration 890:  0.000003
#Iteration 900:  0.000003
0.001000	inf	0.000000
0.003000	inf	0.000000
0.005000	inf	0.000000
0.007000	inf	0.000000
0.009000	inf	0.000000
0.011000	inf	0.000000
0.013000	inf	0.000000
0.015000	inf	0.000000
0.017000	inf	0.000000
0.019000	inf	0.000000
0.021000	inf	0.000000
0.023000	inf	0.000000
0.025000	inf	0.000000
0.027000	inf	0.000000
0.029000	inf	0.000000
0.031000	inf	0.000000
0.033000	inf	0.000000
0.035000	inf	0.000000
0.037000	inf	0.000000
0.039000	inf	0.000000
0.041000	inf	0.000000
0.043000	inf	0.000000
0.045000	inf	0.000000
0.047000	inf	0.000000
0.049000	inf	0.000000
0.051000	14.998915	0.061645
0.053000	14.383387	0.173487
0.055000	12.885577	2.151567
0.057000	11.880523	11.654713
0.059000	10.936319	56.993415
0.061000	10.192847	198.884999
0.063000	9.477925	661.510504
0.065000	8.796012	2081.479243
0.067000	8.187284	5791.330302
0.069000	7.635952	14631.296297
0.071000	7.151189	33051.216149
0.073000	6.703852	70108.318034
0.075000	6.274106	144380.367423
0.077000	5.897839	271771.974979
0.079000	5.568142	473045.650980
0.081000	5.222511	845733.520279
0.083000	4.893612	1470104.686420
0.085000	4.502629	2836538.163126
0.087000	4.045447	6117267.249948
0.089000	3.596921	13001915.792221
0.091000	3.108574	29548057.757200
0.093000	2.690269	59691883.422161
0.095000	2.316090	111966289.812302
0.097000	1.991203	193318785.659456
0.099000	1.690633	320410819.566701
0.101000	1.452190	478392790.709912
0.103000	1.264528	655825787.009944
0.105000	1.091242	877601191.887832
0.107000	0.977707	1062145926.077278
0.109000	0.912588	1185017663.858694
0.111000	0.833685	1353095332.144164
0.113000	0.764496	1519988632.093086
0.115000	0.699424	1695692207.175727
0.117000	0.646440	1853651312.148848
0.119000	0.538240	2223415249.119903
0.121000	0.465934	2510775528.190095
0.123000	0.373613	2932291808.578928
0.125000	0.261397	3541047252.529006
0.127000	0.158566	4209245651.259163
0.129000	0.102662	4623992743.885771
0.131000	0.040917	5129736272.055964
0.133000	0.021106	5303443131.169636
0.135000	0.000000	5494984360.208806
0.137000	0.023913	5278473207.085629
0.139000	0.062042	4950761814.835549
0.141000	0.103701	4615923088.699555
0.143000	0.177092	4080180537.860570
0.145000	0.238638	3679143702.835569
0.147000	0.320126	3208158563.096989
0.149000	0.408978	2763050410.080196
0.151000	0.487786	2420218532.458006
0.153000	0.529643	2255777516.147954
0.155000	0.610770	1968201053.992052
0.157000	0.683251	1742423889.310107
0.159000	0.724276	1626309351.697112
0.161000	0.841304	1335876137.908461
0.163000	0.915212	1179802892.465639
0.165000	1.033045	967796373.598543
0.167000	1.168171	771141762.391468
0.169000	1.257284	663860694.326849
0.171000	1.336090	581492238.362787
0.173000	1.402980	519649426.580650
0.175000	1.413819	510266997.811842
0.177000	1.360627	557995347.277232
0.179000	1.361134	557519854.028758
0.181000	1.312292	605226230.849252
0.183000	1.282759	636031909.491067
0.185000	1.271475	648211700.693455
0.187000	1.245278	677395468.278562
0.189000	1.256973	664207895.185034
0.191000	1.279120	639933709.531931
0.193000	1.284722	633935866.709701
0.195000	1.343865	573941447.070353
0.197000	1.333368	584159520.241535
0.199000	1.347482	570462235.585824
0.201000	1.293740	624398540.416835
0.203000	1.242487	680580127.805542
0.205000	1.192761	739915861.513419
0.207000	1.156201	786816804.032277
0.209000	1.121014	834760690.763407
0.211000	1.103740	859355114.207172
0.213000	1.125104	829040708.011417
0.215000	1.134830	815595886.510170
0.217000	1.214150	713784363.656478
0.219000	1.275583	643750840.300543
0.221000	1.395882	525886960.716778
0.223000	1.536178	415401782.254394
0.225000	1.682458	324844446.793290
0.227000	1.840012	249259625.779947
0.229000	2.028795	181480236.953097
0.231000	2.186360	139250924.723647
0.233000	2.409481	95698876.201266
0.235000	2.594360	70134969.069118
0.237000	2.760100	53080489.610503
0.239000	2.955012	38250534.087938
0.241000	3.172123	26554282.529377
0.243000	3.275379	22322929.193868
0.245000	3.348735	19733187.121500
0.247000	3.422231	17439795.603581
0.249000	3.430868	17188399.479833
0.251000	3.451000	16616431.047014
0.253000	3.495700	15413607.981117
0.255000	3.515566	14907384.011016
0.257000	3.539445	14320824.723387
0.259000	3.584235	13282177.056576
0.261000	3.672786	11445148.155358
0.263000	3.768310	9747284.691157
0.265000	3.874312	8156359.141193
0.267000	4.000033	6602564.782047
0.269000	4.106672	5518994.323863
0.271000	4.234041	4455264.629522
0.273000	4.369941	3545345.208730
0.275000	4.501834	2840330.172351
0.277000	4.721610	1962997.685119
0.279000	4.826894	1644584.857294
0.281000	4.979274	1272947.215175
0.283000	5.126517	993834.567929
0.285000	5.233776	829868.339984
0.287000	5.300190	742203.703056
0.289000	5.331564	704073.445233
0.291000	5.375335	654128.709529
0.293000	5.442016	584765.827825
0.295000	5.485630	543427.439959
0.297000	5.531839	502812.288772
0.299000	5.574810	467772.711744
0.301000	5.633192	424045.911271
0.303000	5.649029	412905.259827
0.305000	5.707469	374270.613179
0.307000	5.747717	349786.137540
0.309000	5.802474	319026.391674
0.311000	5.875435	282202.700847
0.313000	5.937851	254093.688470
0.315000	6.004085	227320.986025
0.317000	6.055322	208561.066005
0.319000	6.107801	190950.354014
0.321000	6.165896	173183.980897
0.323000	6.216549	159048.101045
0.325000	6.263949	146866.892330
0.327000	6.295071	139380.807530
0.329000	6.335194	130289.907893
0.331000	6.389558	118910.997668
0.333000	6.398559	117125.371275
0.335000	6.458478	105902.459352
0.337000	6.502996	98266.476802
0.339000	6.532970	93437.909237
0.341000	6.592451	84546.974766
0.343000	6.668174	74441.633016
0.345000	6.709832	69407.061169
0.347000	6.812696	58385.708774
0.349000	6.887393	51496.026105
0.351000	6.961326	45477.651472
0.353000	7.035262	40162.486935
0.355000	7.136953	33851.701153
0.357000	7.194540	30728.311376
0.359000	7.315932	25056.230877
0.361000	7.408601	21441.848134
0.363000	7.516226	17893.246474
0.365000	7.610346	15274.842380
0.367000	7.737312	12339.108547
0.369000	7.794058	11216.475245
0.371000	7.843989	10313.443547
0.373000	7.933422	8873.859421
0.375000	7.999605	7939.534431
0.377000	8.070479	7047.790786
0.379000	8.137443	6297.462546
0.381000	8.200226	5666.700252
0.383000	8.280549	4950.965536
0.385000	8.344257	4448.147970
0.387000	8.395684	4079.759830
0.389000	8.486332	3503.131634
0.391000	8.575408	3015.963116
0.393000	8.638753	2711.317049
0.395000	8.701934	2438.117203
0.397000	8.813496	2021.194514
0.399000	8.884363	1794.201378

# Dumping simulation biases, in the metadata file order 
# Window  F (free energy units)
# 0	0.000000
# 1	-7.808709
# 2	-12.651195
# 3	-14.614334
# 4	-14.405936
# 5	-13.782274
# 6	-12.852721
# 7	-10.704105
# 8	-9.055737
# 9	-7.918604
# 10	-6.247626
#Iteration 910:  0.000003
#Iteration 920:  0.000002
#Iteration 930:  0.000002
#Iteration 940:  0.000002
#Iteration 950:  0.000002
#Iteration 960:  0.000002
#Iteration 970:  0.000001
#Iteration 980:  0.000001
#Iteration 990:  0.000001
#Iteration 1000:  0.000001
0.001000	inf	0.000000
0.003000	inf	0.000000
0.005000	inf	0.000000
0.007000	inf	0.000000
0.009000	inf	0.000000
0.011000	inf	0.000000
0.013000	inf	0.000000
0.015000	inf	0.000000
0.017000	inf	0.000000
0.019000	inf	0.000000
0.021000	inf	0.000000
0.023000	inf	0.000000
0.025000	inf	0.000000
0.027000	inf	0.000000
0.029000	inf	0.000000
0.031000	inf	0.000000
0.033000	inf	0.000000
0.035000	inf	0.000000
0.037000	inf	0.000000
0.039000	inf	0.000000
0.041000	inf	0.000000
0.043000	inf	0.000000
0.045000	inf	0.000000
0.047000	inf	0.000000
0.049000	inf	0.000000
0.051000	14.998867	0.061645
0.053000	14.383339	0.173487
0.055000	12.885528	2.151567
0.057000	11.880475	11.654712
0.059000	10.936271	56.993411
0.061000	10.192799	198.884980
0.063000	9.477876	661.510408
0.065000	8.795964	2081.478792
0.067000	8.187236	5791.328440
0.069000	7.635904	14631.289348
0.071000	7.151141	33051.193105
0.073000	6.703804	70108.246919
0.075000	6.274059	144380.157009
0.077000	5.897792	271771.415608
0.079000	5.568095	473044.306452
0.081000	5.222465	845730.292295
0.083000	4.893567	1470097.392718
0.085000	4.502584	2836520.496871
0.087000	4.045403	6117221.017529
0.089000	3.596878	13001799.999632
0.091000	3.108532	29547754.427942
0.093000	2.690228	59691186.592951
0.095000	2.316050	111964811.995480
0.097000	1.991163	193315901.561000
0.099000	1.690595	320405405.071869
0.101000	1.452153	478383617.964868
0.103000	1.264492	655811518.493801
0.105000	1.091208	877579555.736945
0.107000	0.977675	1062116300.724672
0.109000	0.912558	1184980318.883691
0.111000	0.833658	1353047238.975824
0.113000	0.764472	1519927945.300617
0.115000	0.699402	1695616742.968407
0.117000	0.646421	1853560414.001009
0.119000	0.538223	2223296762.150004
0.121000	0.465920	2510632120.879385
0.123000	0.373601	2932114387.312670
0.125000	0.261386	3540822129.973126
0.127000	0.158557	4208965630.204469
0.129000	0.102655	4623670957.409723
0.131000	0.040912	5129361867.923532
0.133000	0.021103	5303035526.479811
0.135000	0.000000	5494538092.720301
0.137000	0.023916	5278019716.250693
0.139000	0.062048	4950312896.824034
0.141000	0.103710	4615483756.984955
0.143000	0.177102	4079775979.902973
0.145000	0.238651	3678766703.843497
0.147000	0.320141	3207821265.887799
0.149000	0.408994	2762754030.178888
0.151000	0.487803	2419954684.966233
0.153000	0.529661	2255528062.952011
0.155000	0.610788	1967980285.830467
0.157000	0.683271	1742225265.685572
0.159000	0.724297	1626120177.374057
0.161000	0.841327	1335716539.970107
0.163000	0.915237	1179656798.967680
0.165000	1.033074	967670705.634553
0.167000	1.168205	771035337.557758
0.169000	1.257324	663761978.176251
0.171000	1.336138	581398004.936761
0.173000	1.403037	519557057.385147
0.175000	1.413886	510167531.486149
0.177000	1.360705	557876880.788682
0.179000	1.361222	557392434.351204
0.181000	1.312388	605079377.762057
0.183000	1.282862	635870283.202701
0.185000	1.271583	648041223.740201
0.187000	1.245390	677212828.429970
0.189000	1.257088	664025594.496863
0.191000	1.279238	639755808.423404
0.193000	1.284841	633757952.944577
0.195000	1.343985	573779154.957402
0.197000	1.333489	583993237.741153
0.199000	1.347605	570298760.325627
0.201000	1.293864	624218244.816326
0.203000	1.242612	680381785.607122
0.205000	1.192888	739697735.620075
0.207000	1.156330	786581571.077674
0.209000	1.121146	834506988.787511
0.211000	1.103876	859089173.474569
0.213000	1.125243	828779356.462954
0.215000	1.134973	815334204.665419
0.217000	1.214296	713551721.663708
0.219000	1.275731	643538201.103508
0.221000	1.396032	525711303.900597
0.223000	1.536330	415261701.586091
0.225000	1.682612	324733943.970344
0.227000	1.840168	249174076.655151
0.229000	2.028953	181417313.694688
0.231000	2.186520	139202029.349016
0.233000	2.409645	95664719.698766
0.235000	2.594529	70109400.521492
0.237000	2.760274	53060612.626189
0.239000	2.955194	38235738.886225
0.241000	3.172313	26543626.541577
0.243000	3.275579	22313616.449884
0.245000	3.348945	19724636.525600
0.247000	3.422449	17431975.000763
0.249000	3.431095	17180465.253876
0.251000	3.451233	16608582.154700
0.253000	3.495938	15406198.655355
0.255000	3.515807	14900124.995586
0.257000	3.539689	14313785.802849
0.259000	3.584481	13275604.063825
0.261000	3.673034	11439455.214705
0.263000	3.768559	9742416.195594
0.265000	3.874562	8152269.901816
0.267000	4.000284	6599241.420745
0.269000	4.106924	5516203.220280
0.271000	4.234295	4452997.655369
0.273000	4.370198	3543526.334698
0.275000	4.502094	2838856.744751
0.277000	4.721875	1961964.338425
0.279000	4.827165	1643702.825036
0.281000	4.979552	1272248.961326
0.283000	5.126804	993275.385622
0.285000	5.234071	829388.823842
0.287000	5.300494	741763.662948
0.289000	5.331877	703646.281464
0.291000	5.375654	653724.132288
0.293000	5.442341	584398.619649
0.295000	5.485959	543082.267702
0.297000	5.532172	502490.246441
0.299000	5.575145	467471.334354
0.301000	5.633528	423771.570006
0.303000	5.649367	412637.348373
0.305000	5.707808	374027.267341
0.307000	5.748056	349558.363126
0.309000	5.802814	318818.392528
0.311000	5.875775	282018.504939
0.313000	5.938192	253927.644811
0.315000	6.004426	227172.228749
0.317000	6.055664	208424.335561
0.319000	6.108144	190824.860255
0.321000	6.166240	173069.783320
0.323000	6.216895	158942.759705
0.325000	6.264297	146769.067074
0.327000	6.295422	139287.329190
0.329000	6.335548	130201.842336
0.331000	6.389915	118829.959836
0.333000	6.398919	117044.908798
0.335000	6.458842	105829.179885
0.337000	6.503362	98198.067113
0.339000	6.533338	93372.546596
0.341000	6.592821	84487.614015
0.343000	6.668545	74389.224591
0.345000	6.710203	69358.098674
0.347000	6.813068	58344.458368
0.349000	6.887766	51459.598635
0.351000	6.961700	45445.445781
0.353000	7.035636	40134.013015
0.355000	7.137327	33827.669910
0.357000	7.194915	30706.461763
0.359000	7.316308	25038.377128
0.361000	7.408977	21426.529206
0.363000	7.516605	17880.421263
0.365000	7.610725	15263.852803
0.367000	7.737694	12330.195143
0.369000	7.794441	11208.340065
0.371000	7.844374	10305.935461
0.373000	7.933808	8867.378711
0.375000	7.999992	7933.721174
0.377000	8.070867	7042.620316
0.379000	8.137832	6292.835865
0.381000	8.200615	5662.532690
0.383000	8.280938	4947.321733
0.385000	8.344647	4444.872601
0.387000	8.396074	4076.754703
0.389000	8.486722	3500.550654
0.391000	8.575798	3013.740720
0.393000	8.639143	2709.318931
0.395000	8.702324	2436.320296
0.397000	8.813886	2019.704811
0.399000	8.884753	1792.878937

# Dumping simulation biases, in the metadata file order 
# Window  F (free energy units)
# 0	0.000000
# 1	-7.808703
# 2	-12.651179
# 3	-14.614295
# 4	-14.405870
# 5	-13.782106
# 6	-12.852520
# 7	-10.703810
# 8	-9.055352
# 9	-7.918186
# 10	-6.247192
#Iteration 1010:  0.000001
#Iteration 1020:  0.000001
#Iteration 1030:  0.000001
#Iteration 1040:  0.000001
#Iteration 1050:  0.000001
#Iteration 1060:  0.000001
#Iteration 1070:  0.000001
#Iteration 1080:  0.000001
#Iteration 1090:  0.000000
#Iteration 1100:  0.000000
0.001000	inf	0.000000
0.003000	inf	0.000000
0.005000	inf	0.000000
0.007000	inf	0.000000
0.009000	inf	0.000000
0.011000	inf	0.000000
0.013000	inf	0.000000
0.015000	inf	0.000000
0.017000	inf	0.000000
0.019000	inf	0.000000
0.021000	inf	0.000000
0.023000	inf	0.000000
0.025000	inf	0.000000
0.027000	inf	0.000000
0.029000	inf	0.000000
0.031000	inf	0.000000
0.033000	inf	0.000000
0.035000	inf	0.000000
0.037000	inf	0.000000
0.039000	inf	0.000000
0.041000	inf	0.000000
0.043000	inf	0.000000
0.045000	inf	0.000000
0.047000	inf	0.000000
0.049000	inf	0.000000
0.051000	14.998848	0.061645
0.053000	14.383320	0.173487
0.055000	12.885510	2.151567
0.057000	11.880456	11.654712
0.059000	10.936253	56.993410
0.061000	10.192780	198.884972
0.063000	9.477858	661.510371
0.065000	8.795945	2081.478618
0.067000	8.187218	5791.327721
0.069000	7.635885	14631.286664
0.071000	7.151123	33051.184203
0.073000	6.703785	70108.219447
0.075000	6.274041	144380.075726
0.077000	5.897774	271771.199523
0.079000	5.568077	473043.787062
0.081000	5.222447	845729.045330
0.083000	4.893549	1470094.575176
0.085000	4.502567	2836513.672444
0.087000	4.045386	6117203.158094
0.089000	3.596861	13001755.269389
0.091000	3.108515	29547637.253138
0.093000	2.690212	59690917.411096
0.095000	2.316034	111964241.122394
0.097000	1.991148	193314787.449759
0.099000	1.690580	320403313.485133
0.101000	1.452138	478380074.593659
0.103000	1.264479	655806006.668144
0.105000	1.091195	877571197.860647
0.107000	0.977663	1062104856.702997
0.109000	0.912547	1184965892.867978
0.111000	0.833647	1353028661.080667
0.113000	0.764462	1519904502.691091
0.115000	0.699393	1695587592.118613
0.117000	0.646414	1853525301.354759
0.119000	0.538217	2223250992.512711
0.121000	0.465914	2510576725.100828
0.123000	0.373596	2932045852.730580
0.125000	0.261382	3540735169.472292
0.127000	0.158554	4208857463.700459
0.129000	0.102653	4623546658.004757
0.131000	0.040910	5129217243.707073
0.133000	0.021102	5302878077.971876
0.135000	0.000000	5494365710.124500
0.137000	0.023917	5277844544.018439
0.139000	0.062050	4950139491.580178
0.141000	0.103713	4615314055.286471
0.143000	0.177106	4079619710.862603
0.145000	0.238656	3678621080.442253
0.147000	0.320146	3207690978.381002
0.149000	0.409000	2762639547.950766
0.151000	0.487809	2419852769.095873
0.153000	0.529668	2255431707.202711
0.155000	0.610795	1967895010.213051
0.157000	0.683278	1742148543.787860
0.159000	0.724305	1626047105.418692
0.161000	0.841336	1335654892.397145
0.163000	0.915247	1179600367.710004
0.165000	1.033085	967622164.116540
0.167000	1.168218	770994229.098529
0.169000	1.257340	663723847.456996
0.171000	1.336157	581361605.969777
0.173000	1.403060	519521378.848286
0.175000	1.413913	510129112.103088
0.177000	1.360735	557831123.170033
0.179000	1.361256	557343219.309913
0.181000	1.312425	605022657.476973
0.183000	1.282901	635807857.675103
0.185000	1.271625	647975380.400551
0.187000	1.245433	677142287.910317
0.189000	1.257132	663955185.333705
0.191000	1.279283	639687098.745826
0.193000	1.284887	633689238.564375
0.195000	1.344031	573716474.144736
0.197000	1.333535	583929015.856945
0.199000	1.347652	570235622.750664
0.201000	1.293911	624148610.978146
0.203000	1.242661	680305181.937774
0.205000	1.192937	739613491.276910
0.207000	1.156380	786490719.904704
0.209000	1.121197	834409004.863276
0.211000	1.103928	858986463.119392
0.213000	1.125297	828678418.922670
0.215000	1.135028	815233139.961127
0.217000	1.214352	713461872.831869
0.219000	1.275788	643456077.826633
0.221000	1.396090	525643463.749385
0.223000	1.536389	415207601.362190
0.225000	1.682672	324691267.015137
0.227000	1.840228	249141037.047711
0.229000	2.029014	181393012.382535
0.231000	2.186583	139183145.724611
0.233000	2.409708	95651528.334030
0.235000	2.594594	70099525.894799
0.237000	2.760342	53052936.134928
0.239000	2.955265	38230025.021236
0.241000	3.172387	26539511.267784
0.243000	3.275657	22310019.968135
0.245000	3.349026	19721334.417154
0.247000	3.422534	17428954.840629
0.249000	3.431182	17177401.248206
0.251000	3.451323	16605551.130715
0.253000	3.496030	15403337.400634
0.255000	3.515900	14897321.801607
0.257000	3.539784	14311067.613346
0.259000	3.584576	13273065.807112
0.261000	3.673130	11437256.807634
0.263000	3.768655	9740536.162370
0.265000	3.874658	8150690.790692
0.267000	4.000381	6597958.064685
0.269000	4.107022	5515125.403450
0.271000	4.234393	4452122.238655
0.273000	4.370297	3542823.958309
0.275000	4.502195	2838287.767732
0.277000	4.721977	1961565.304235
0.279000	4.827270	1643362.223975
0.281000	4.979659	1271979.329228
0.283000	5.126915	993059.458266
0.285000	5.234186	829203.661388
0.287000	5.300612	741593.745799
0.289000	5.331998	703481.338112
0.291000	5.375778	653567.911852
0.293000	5.442467	584256.829703
0.295000	5.486087	542948.987265
0.297000	5.532301	502365.897646
0.299000	5.575274	467354.965192
0.301000	5.633658	423665.640389
0.303000	5.649498	412533.901622
0.305000	5.707939	373933.306042
0.307000	5.748187	349470.414375
0.309000	5.802945	318738.079498
0.311000	5.875907	281947.382898
0.313000	5.938323	253863.531784
0.315000	6.004558	227114.790401
0.317000	6.055796	208371.541070
0.319000	6.108276	190776.404534
0.321000	6.166373	173025.689350
0.323000	6.217028	158902.085383
0.325000	6.264431	146731.294949
0.327000	6.295557	139251.235600
0.329000	6.335685	130167.838835
0.331000	6.390053	118798.669970
0.333000	6.399058	117013.841203
0.335000	6.458982	105800.885842
0.337000	6.503504	98171.653426
0.339000	6.533480	93347.309468
0.341000	6.592964	84464.694316
0.343000	6.668688	74368.989274
0.345000	6.710347	69339.193878
0.347000	6.813212	58328.531280
0.349000	6.887910	51445.533728
0.351000	6.961844	45433.010940
0.353000	7.035780	40123.019043
0.355000	7.137472	33818.391291
0.357000	7.195060	30698.025492
0.359000	7.316453	25031.483692
0.361000	7.409123	21420.614487
0.363000	7.516751	17875.469389
0.365000	7.610872	15259.609683
0.367000	7.737841	12326.753649
0.369000	7.794589	11205.199052
0.371000	7.844523	10303.036577
0.373000	7.933957	8864.876503
0.375000	8.000142	7931.476672
0.377000	8.071017	7040.623997
0.379000	8.137982	6291.049504
0.381000	8.200766	5660.923596
0.383000	8.281089	4945.914862
0.385000	8.344798	4443.607984
0.387000	8.396225	4075.594425
0.389000	8.486873	3499.554140
0.391000	8.575949	3012.882654
0.393000	8.639294	2708.547460
0.395000	8.702475	2435.626511
0.397000	8.814037	2019.129638
0.399000	8.884904	1792.368343

# Dumping simulation biases, in the metadata file order 
# Window  F (free energy units)
# 0	0.000000
# 1	-7.808700
# 2	-12.651173
# 3	-14.614280
# 4	-14.405845
# 5	-13.782041
# 6	-12.852443
# 7	-10.703696
# 8	-9.055203
# 9	-7.918025
# 10	-6.247024
# Dumping simulation biases, in the metadata file order 
# Window  F (free energy units)
# 0	0.000000
# 1	-7.808700
# 2	-12.651173
# 3	-14.614280
# 4	-14.405845
# 5	-13.782041
# 6	-12.852442
# 7	-10.703695
# 8	-9.055202
# 9	-7.918023
# 10	-6.247022
# No MC error analysis requested
