# /home/btan/Software/WHAM/wham/wham/wham 0.0 0.4 200 1e-06 300 0 /home/btan/Documents/BD2_DCAF16_8ov6/umbrella_sampling/RMSD/results/backbone_RMSD/DCAF16withBD2/run1/RED/metafile.txt /home/btan/Documents/BD2_DCAF16_8ov6/umbrella_sampling/RMSD/results/backbone_RMSD/DCAF16withBD2/run1/RED/pmf.txt
#Number of windows = 11
#Iteration 10:  0.082802
#Iteration 20:  0.039421
#Iteration 30:  0.022505
#Iteration 40:  0.014103
#Iteration 50:  0.009565
#Iteration 60:  0.007721
#Iteration 70:  0.006850
#Iteration 80:  0.006646
#Iteration 90:  0.006478
#Iteration 100:  0.006117
0.001000	inf	0.000000
0.003000	inf	0.000000
0.005000	inf	0.000000
0.007000	inf	0.000000
0.009000	inf	0.000000
0.011000	inf	0.000000
0.013000	inf	0.000000
0.015000	inf	0.000000
0.017000	inf	0.000000
0.019000	inf	0.000000
0.021000	inf	0.000000
0.023000	inf	0.000000
0.025000	inf	0.000000
0.027000	inf	0.000000
0.029000	inf	0.000000
0.031000	inf	0.000000
0.033000	inf	0.000000
0.035000	inf	0.000000
0.037000	inf	0.000000
0.039000	inf	0.000000
0.041000	inf	0.000000
0.043000	inf	0.000000
0.045000	inf	0.000000
0.047000	inf	0.000000
0.049000	inf	0.000000
0.051000	inf	0.000000
0.053000	inf	0.000000
0.055000	inf	0.000000
0.057000	inf	0.000000
0.059000	inf	0.000000
0.061000	12.661100	1.487284
0.063000	11.408851	12.206966
0.065000	10.289069	80.188685
0.067000	9.308212	417.056735
0.069000	8.347346	2097.405753
0.071000	7.511560	8547.794271
0.073000	6.751552	30669.264065
0.075000	6.046055	100405.457688
0.077000	5.394836	300043.416239
0.079000	4.801563	813407.088103
0.081000	4.272832	1978388.510924
0.083000	3.777023	4552821.851513
0.085000	3.330857	9638459.864021
0.087000	2.932775	18820458.325684
0.089000	2.613862	32170287.632867
0.091000	2.335513	51364830.946400
0.093000	2.118452	73983167.853312
0.095000	1.947530	98608807.179942
0.097000	1.834386	119266169.576434
0.099000	1.738913	140028966.486087
0.101000	1.701718	149064102.041029
0.103000	1.626369	169192831.527831
0.105000	1.619082	171277984.390711
0.107000	1.612876	173074139.322942
0.109000	1.548418	192881471.447912
0.111000	1.499414	209443373.997378
0.113000	1.416750	240666654.193401
0.115000	1.327286	279723752.204260
0.117000	1.278712	303523032.813422
0.119000	1.223828	332858861.810770
0.121000	1.166274	366671937.271405
0.123000	1.130486	389408343.621890
0.125000	1.114087	400292102.580971
0.127000	1.083773	421218930.638489
0.129000	1.057229	440440021.929476
0.131000	1.049732	446025442.659654
0.133000	1.055353	441830819.386820
0.135000	1.082492	422127138.878998
0.137000	1.027104	463318215.840372
0.139000	1.025205	464800227.846507
0.141000	0.940271	536133481.726240
0.143000	0.845103	629145741.920049
0.145000	0.757986	728369266.692927
0.147000	0.640140	887944598.731646
0.149000	0.526556	1074752575.637661
0.151000	0.436233	1250977292.383976
0.153000	0.317431	1527502715.587549
0.155000	0.232017	1763352592.294263
0.157000	0.173965	1944107389.573190
0.159000	0.139105	2061438300.606519
0.161000	0.082571	2266954994.797170
0.163000	0.039691	2436397845.075894
0.165000	0.037851	2443942637.558793
0.167000	0.010014	2561023264.344341
0.169000	0.000000	2604501801.955977
0.171000	0.005768	2579370973.994432
0.173000	0.063140	2342224905.605348
0.175000	0.101415	2196272274.748786
0.177000	0.132102	2085846966.678952
0.179000	0.208481	1834516464.648134
0.181000	0.294514	1587496830.024418
0.183000	0.391376	1348954842.526211
0.185000	0.475503	1171061724.743168
0.187000	0.550191	1032889664.861703
0.189000	0.637591	891756611.753592
0.191000	0.719040	777649739.162783
0.193000	0.847017	627123913.284695
0.195000	0.942821	533839798.335684
0.197000	1.069405	431516442.424659
0.199000	1.151119	376133405.133694
0.201000	1.288534	298552532.174547
0.203000	1.406743	244749432.826221
0.205000	1.517299	203240144.747148
0.207000	1.672185	156650997.952090
0.209000	1.707189	147699418.548413
0.211000	1.733061	141413414.127866
0.213000	1.777283	131282250.630669
0.215000	1.645075	163955224.013306
0.217000	1.546688	193443097.305983
0.219000	1.462536	222837854.475794
0.221000	1.383757	254391329.275941
0.223000	1.307864	289007098.653352
0.225000	1.268308	308878212.567166
0.227000	1.248649	319256135.080814
0.229000	1.237084	325523532.391365
0.231000	1.256482	315080007.495204
0.233000	1.270640	307669608.653937
0.235000	1.322254	282099925.999034
0.237000	1.346806	270694120.081424
0.239000	1.412475	242402498.831796
0.241000	1.483470	215132551.377019
0.243000	1.582060	182276275.727582
0.245000	1.625721	169377146.311557
0.247000	1.694435	150900160.634652
0.249000	1.728020	142616894.348204
0.251000	1.768120	133320034.384031
0.253000	1.792606	127943841.476720
0.255000	1.799846	126396154.179503
0.257000	1.763135	134441977.529358
0.259000	1.769229	133071802.642301
0.261000	1.795325	127360278.245626
0.263000	1.814331	123355581.224089
0.265000	1.827030	120750125.690691
0.267000	1.882585	109984007.679260
0.269000	1.966835	95460218.653583
0.271000	2.050055	82997814.559981
0.273000	2.132324	72277926.569284
0.275000	2.219803	62393731.939076
0.277000	2.332521	51623851.115525
0.279000	2.447318	42563933.071792
0.281000	2.528009	37164883.066025
0.283000	2.644725	30543842.638530
0.285000	2.751572	25522264.089483
0.287000	2.849476	21649272.999643
0.289000	2.957126	18065603.159801
0.291000	3.032213	15923372.485752
0.293000	3.162053	12801015.200601
0.295000	3.257577	10901997.616580
0.297000	3.378457	8897274.027500
0.299000	3.487933	7401733.646613
0.301000	3.614039	5987814.488655
0.303000	3.759018	4692725.836817
0.305000	3.873558	3870832.326585
0.307000	3.989522	3185257.436905
0.309000	4.145874	2449055.952863
0.311000	4.258590	2026325.066830
0.313000	4.415230	1557230.179285
0.315000	4.564552	1211544.139086
0.317000	4.676028	1004512.882157
0.319000	4.821464	786644.438549
0.321000	4.908958	679051.808112
0.323000	5.033004	551242.573032
0.325000	5.125066	472206.218516
0.327000	5.192722	421442.991747
0.329000	5.296687	353866.034424
0.331000	5.388119	303450.645058
0.333000	5.469556	264627.330021
0.335000	5.591086	215730.086382
0.337000	5.695705	180939.075368
0.339000	5.809163	149520.736640
0.341000	5.906754	126898.066796
0.343000	6.017352	105368.825371
0.345000	6.124099	88060.341006
0.347000	6.247347	71581.787541
0.349000	6.343796	60867.968686
0.351000	6.467174	49467.006359
0.353000	6.582413	40755.377777
0.355000	6.704263	33206.803900
0.357000	6.847225	26112.995588
0.359000	6.970398	21229.209223
0.361000	7.106981	16874.082363
0.363000	7.194092	14575.512937
0.365000	7.334142	11518.058984
0.367000	7.428046	9836.120561
0.369000	7.520152	8425.221259
0.371000	7.545036	8080.064367
0.373000	7.657882	6683.911578
0.375000	7.665696	6596.690786
0.377000	7.763304	5598.436912
0.379000	7.800913	5255.451866
0.381000	7.835649	4957.362683
0.383000	7.940783	4154.285602
0.385000	7.999562	3763.433754
0.387000	8.071525	3334.627273
0.389000	8.128326	3030.954959
0.391000	8.190387	2730.682419
0.393000	8.248189	2477.836525
0.395000	8.301108	2266.932647
0.397000	8.359951	2053.430777
0.399000	8.423329	1845.909288

# Dumping simulation biases, in the metadata file order 
# Window  F (free energy units)
# 0	0.000000
# 1	-7.886631
# 2	-11.991847
# 3	-13.413052
# 4	-14.348731
# 5	-13.726798
# 6	-13.107803
# 7	-12.297930
# 8	-10.391913
# 9	-8.123969
# 10	-6.156700
#Iteration 110:  0.005671
#Iteration 120:  0.005197
#Iteration 130:  0.004729
#Iteration 140:  0.004284
#Iteration 150:  0.003870
#Iteration 160:  0.003490
#Iteration 170:  0.003143
#Iteration 180:  0.002829
#Iteration 190:  0.002545
#Iteration 200:  0.002290
0.001000	inf	0.000000
0.003000	inf	0.000000
0.005000	inf	0.000000
0.007000	inf	0.000000
0.009000	inf	0.000000
0.011000	inf	0.000000
0.013000	inf	0.000000
0.015000	inf	0.000000
0.017000	inf	0.000000
0.019000	inf	0.000000
0.021000	inf	0.000000
0.023000	inf	0.000000
0.025000	inf	0.000000
0.027000	inf	0.000000
0.029000	inf	0.000000
0.031000	inf	0.000000
0.033000	inf	0.000000
0.035000	inf	0.000000
0.037000	inf	0.000000
0.039000	inf	0.000000
0.041000	inf	0.000000
0.043000	inf	0.000000
0.045000	inf	0.000000
0.047000	inf	0.000000
0.049000	inf	0.000000
0.051000	inf	0.000000
0.053000	inf	0.000000
0.055000	inf	0.000000
0.057000	inf	0.000000
0.059000	inf	0.000000
0.061000	12.459916	1.487214
0.063000	11.207681	12.206101
0.065000	10.087920	80.180157
0.067000	9.107094	416.990168
0.069000	8.146276	2096.902704
0.071000	7.310563	8544.708321
0.073000	6.550664	30652.558280
0.075000	5.845333	100322.684464
0.077000	5.194369	299667.658287
0.079000	4.601488	811853.599632
0.081000	4.073360	1972610.736390
0.083000	3.578471	4532511.312033
0.085000	3.133677	9573352.058143
0.087000	2.737551	18631950.393036
0.089000	2.421235	31709365.339679
0.091000	2.146025	50362417.457528
0.093000	1.932403	72121208.748317
0.095000	1.764959	95566728.930068
0.097000	1.655203	114930280.451790
0.099000	1.563084	134179636.305140
0.101000	1.529395	141997867.218038
0.103000	1.457938	160121428.428956
0.105000	1.455117	160882464.032220
0.107000	1.454015	161180986.583842
0.109000	1.395176	177938268.422238
0.111000	1.352005	191331677.830402
0.113000	1.274984	217779304.967737
0.115000	1.190601	250969595.310841
0.117000	1.146312	270367270.942278
0.119000	1.094863	294791699.741171
0.121000	1.039972	323287472.977739
0.123000	1.006233	342153133.420394
0.125000	0.991456	350758525.172027
0.127000	0.962525	368238513.277678
0.129000	0.937311	384182162.496787
0.131000	0.931280	388096882.669444
0.133000	0.938708	383280970.391129
0.135000	0.968231	364723447.695144
0.137000	0.916077	398143462.347321
0.139000	0.918550	396491188.811096
0.141000	0.839398	452917356.174690
0.143000	0.751576	524970151.327889
0.145000	0.673297	598800898.097427
0.147000	0.565402	717879979.499466
0.149000	0.462220	853848194.109493
0.151000	0.381976	977154950.465299
0.153000	0.272285	1175017231.132252
0.155000	0.194672	1338770603.874621
0.157000	0.143103	1460006132.296189
0.159000	0.113654	1534101005.976816
0.161000	0.061856	1673670515.808656
0.163000	0.023482	1785191115.231176
0.165000	0.026366	1776559496.766308
0.167000	0.003848	1845096929.501334
0.169000	0.000000	1857069242.349117
0.171000	0.012826	1817458230.668398
0.173000	0.077927	1629060607.025524
0.175000	0.124140	1507296037.819053
0.177000	0.162415	1413369362.631270
0.179000	0.245544	1229042467.613589
0.181000	0.337215	1053517084.535316
0.183000	0.438566	888484129.480661
0.185000	0.526166	766825192.319827
0.187000	0.603541	673299610.778594
0.189000	0.693104	579191341.002764
0.191000	0.776453	503468883.613191
0.193000	0.906332	404719325.089578
0.195000	1.004319	343255634.520053
0.197000	1.133692	276164456.627867
0.199000	1.219199	239189788.466388
0.201000	1.361915	188170635.995958
0.203000	1.487551	152345865.594303
0.205000	1.608374	124343325.214676
0.207000	1.777082	93638806.508283
0.209000	1.829973	85672746.030785
0.211000	1.877822	79051555.873144
0.213000	1.947371	70329184.639459
0.215000	1.842286	83917721.886725
0.217000	1.770757	94639748.098446
0.219000	1.711222	104601506.366562
0.221000	1.653464	115266892.460311
0.223000	1.594482	127281227.697382
0.225000	1.567922	133092822.738045
0.227000	1.557960	135340574.055781
0.229000	1.553554	136346671.605237
0.231000	1.578323	130786133.839745
0.233000	1.596731	126801105.343059
0.235000	1.652053	115540471.356983
0.237000	1.680294	110183655.339764
0.239000	1.750126	97979570.156771
0.241000	1.826250	86210548.944032
0.243000	1.931404	72242349.337714
0.245000	1.983458	66189640.646588
0.247000	2.062581	57946294.483639
0.249000	2.108433	53647621.415204
0.251000	2.162067	49022404.561332
0.253000	2.200400	45963098.063667
0.255000	2.220751	44417312.621406
0.257000	2.195580	46337037.646572
0.259000	2.211221	45134627.986235
0.261000	2.244858	42653274.537743
0.263000	2.269673	40910620.994430
0.265000	2.286862	39745419.093568
0.267000	2.346036	35982165.899672
0.269000	2.433470	31063860.891177
0.271000	2.519858	26864994.572971
0.273000	2.605687	23255550.425376
0.275000	2.697523	19928793.527201
0.277000	2.815779	16336069.254355
0.279000	2.937600	13311021.443005
0.281000	3.026923	11455130.673552
0.283000	3.153707	9256372.308398
0.285000	3.271532	7593148.010160
0.287000	3.380535	6321833.761752
0.289000	3.498579	5183992.976028
0.291000	3.582736	4500128.071130
0.293000	3.720049	3572551.688103
0.295000	3.821497	3012423.176106
0.297000	3.947012	2439395.427829
0.299000	4.060203	2016723.492628
0.301000	4.189501	1622748.496566
0.303000	4.337549	1265225.410389
0.305000	4.455439	1037770.443702
0.307000	4.575454	848172.190013
0.309000	4.736990	646476.567990
0.311000	4.856441	528867.380573
0.313000	5.021679	400602.499974
0.315000	5.181543	306199.140390
0.317000	5.305215	248723.135402
0.319000	5.463798	190520.290509
0.321000	5.564404	160876.868212
0.323000	5.700541	127969.251420
0.325000	5.802974	107726.755454
0.327000	5.878984	94805.082459
0.329000	5.989348	78751.678261
0.331000	6.085500	66998.271254
0.333000	6.170327	58094.439005
0.335000	6.294260	47169.007568
0.337000	6.400581	39449.014561
0.339000	6.515268	32531.764499
0.341000	6.613794	27566.284527
0.343000	6.725175	22859.330090
0.345000	6.832675	19080.183270
0.347000	6.956759	15487.959377
0.349000	7.054251	13146.776442
0.351000	7.179019	10659.372708
0.353000	7.296158	8754.133998
0.355000	7.420604	7101.667432
0.357000	7.567036	5552.099556
0.359000	7.694674	4479.956967
0.361000	7.836716	3528.377692
0.363000	7.930080	3015.877582
0.365000	8.076778	2356.763252
0.367000	8.177209	1990.651450
0.369000	8.275242	1688.207853
0.371000	8.305136	1605.467058
0.373000	8.421969	1319.188303
0.375000	8.432804	1295.377668
0.377000	8.532619	1095.282502
0.379000	8.571796	1025.473763
0.381000	8.607625	965.533132
0.383000	8.713511	808.098152
0.385000	8.772802	731.439210
0.387000	8.845112	647.721393
0.389000	8.902146	588.504653
0.391000	8.964364	530.062427
0.393000	9.022271	480.896508
0.395000	9.075261	439.912308
0.397000	9.134151	398.449343
0.399000	9.197560	358.162707

# Dumping simulation biases, in the metadata file order 
# Window  F (free energy units)
# 0	0.000000
# 1	-7.879321
# 2	-11.966488
# 3	-13.333012
# 4	-14.167693
# 5	-13.469688
# 6	-12.581402
# 7	-11.636165
# 8	-9.621875
# 9	-7.224503
# 10	-5.192054
#Iteration 210:  0.002059
#Iteration 220:  0.001852
#Iteration 230:  0.001666
#Iteration 240:  0.001498
#Iteration 250:  0.001348
#Iteration 260:  0.001212
#Iteration 270:  0.001091
#Iteration 280:  0.000981
#Iteration 290:  0.000883
#Iteration 300:  0.000794
0.001000	inf	0.000000
0.003000	inf	0.000000
0.005000	inf	0.000000
0.007000	inf	0.000000
0.009000	inf	0.000000
0.011000	inf	0.000000
0.013000	inf	0.000000
0.015000	inf	0.000000
0.017000	inf	0.000000
0.019000	inf	0.000000
0.021000	inf	0.000000
0.023000	inf	0.000000
0.025000	inf	0.000000
0.027000	inf	0.000000
0.029000	inf	0.000000
0.031000	inf	0.000000
0.033000	inf	0.000000
0.035000	inf	0.000000
0.037000	inf	0.000000
0.039000	inf	0.000000
0.041000	inf	0.000000
0.043000	inf	0.000000
0.045000	inf	0.000000
0.047000	inf	0.000000
0.049000	inf	0.000000
0.051000	inf	0.000000
0.053000	inf	0.000000
0.055000	inf	0.000000
0.057000	inf	0.000000
0.059000	inf	0.000000
0.061000	12.382867	1.487186
0.063000	11.130637	12.205756
0.065000	10.010885	80.176766
0.067000	9.030072	416.963699
0.069000	8.069273	2096.702677
0.071000	7.233588	8543.481258
0.073000	6.473733	30645.915696
0.075000	5.768468	100289.773637
0.077000	5.117606	299518.273951
0.079000	4.524880	811236.168670
0.081000	3.996992	1970315.653483
0.083000	3.502469	4524452.147702
0.085000	3.058221	9547567.045926
0.087000	2.662872	18557524.549049
0.089000	2.347583	31528183.299983
0.091000	2.073612	49970521.362611
0.093000	1.861342	71397514.974593
0.095000	1.695263	94390861.383793
0.097000	1.586840	113262246.634230
0.099000	1.496045	131938330.669891
0.101000	1.463745	139300130.951813
0.103000	1.393833	156671913.987387
0.105000	1.392781	156949315.424888
0.107000	1.393685	156710950.291747
0.109000	1.337035	172368266.222482
0.111000	1.296108	184644332.173268
0.113000	1.221233	209411051.003224
0.115000	1.138759	240552562.563428
0.117000	1.096067	258450670.269531
0.119000	1.045888	281197165.137950
0.121000	0.991981	307869504.970096
0.123000	0.959001	325419526.648763
0.125000	0.944834	333262620.637804
0.127000	0.916435	349558198.919263
0.129000	0.891747	364370570.963278
0.131000	0.886311	367715034.393584
0.133000	0.894487	362696007.251655
0.135000	0.925004	344559020.339946
0.137000	0.874197	375280417.593910
0.139000	0.878483	372586217.837693
0.141000	0.801702	423917341.152476
0.143000	0.716848	488910755.586684
0.145000	0.642076	554392524.797745
0.147000	0.538046	660336694.777347
0.149000	0.438812	780210672.538870
0.151000	0.362309	887285808.099004
0.153000	0.255933	1061020121.253760
0.155000	0.181117	1203216686.119576
0.157000	0.131852	1307103400.387562
0.159000	0.104327	1369004300.412461
0.161000	0.054226	1489297730.539533
0.163000	0.017491	1584163082.255432
0.165000	0.022114	1571901159.053904
0.167000	0.001567	1627143411.587776
0.169000	0.000000	1631434413.330053
0.171000	0.015414	1589704492.117800
0.173000	0.083312	1418231239.677621
0.175000	0.132356	1305997413.860912
0.177000	0.173293	1219145311.942790
0.179000	0.258759	1055992305.859453
0.181000	0.352363	902244870.836647
0.183000	0.455246	758950927.002163
0.185000	0.544040	653716584.227714
0.187000	0.622357	573077566.155401
0.189000	0.712711	492322608.287855
0.191000	0.796800	427425178.593308
0.193000	0.927472	343132197.449843
0.195000	1.026425	290549492.044101
0.197000	1.157076	233258778.049630
0.199000	1.244344	201431217.834325
0.201000	1.389521	157811709.271928
0.203000	1.518570	127035792.361663
0.205000	1.644024	102881647.925088
0.207000	1.818792	76691485.301415
0.209000	1.879237	69281746.750225
0.211000	1.935941	62982724.193843
0.213000	2.015149	55130905.074340
0.215000	1.919803	64714685.268764
0.217000	1.857349	71878298.804790
0.219000	1.805670	78401958.373775
0.221000	1.754296	85473668.407380
0.223000	1.700252	93602616.513935
0.225000	1.677378	97271819.097853
0.227000	1.670119	98466054.185116
0.229000	1.667704	98866688.127459
0.231000	1.693989	94593232.983392
0.233000	1.713644	91518965.397800
0.235000	1.770121	83229870.441953
0.237000	1.799587	79207802.092004
0.239000	1.870873	70262747.889869
0.241000	1.948837	61632086.322343
0.243000	2.056364	51440562.840898
0.245000	2.111432	46892409.795042
0.247000	2.194237	40799102.759714
0.249000	2.244331	37504145.796180
0.251000	2.302516	34009516.829430
0.253000	2.345370	31645674.265950
0.255000	2.369879	30368381.533542
0.257000	2.348274	31491572.120315
0.259000	2.366803	30525846.051887
0.261000	2.402687	28738881.390728
0.263000	2.429220	27485238.174531
0.265000	2.447739	26642778.661381
0.267000	2.507999	24076121.165889
0.269000	2.596413	20751010.412846
0.271000	2.683804	17915877.802550
0.273000	2.770787	15478749.876048
0.275000	2.864051	13232682.746750
0.277000	2.984122	10814062.537156
0.279000	3.108228	8777778.258040
0.281000	3.200320	7518857.645117
0.283000	3.330272	6043372.760667
0.285000	3.451477	4929389.704403
0.287000	3.563819	4081099.174479
0.289000	3.684920	3329403.202485
0.291000	3.771695	2877503.222170
0.293000	3.911134	2276235.915282
0.295000	4.014254	1913962.748606
0.297000	4.141082	1546471.030431
0.299000	4.255340	1276223.867069
0.301000	4.385582	1025281.164148
0.303000	4.534570	798128.165029
0.305000	4.653522	653477.670483
0.307000	4.774847	532913.561825
0.309000	4.938073	405035.274424
0.311000	5.059707	330135.826552
0.313000	5.227698	248914.042446
0.315000	5.390875	189199.991886
0.317000	5.518290	152721.813638
0.319000	5.680799	116214.343627
0.321000	5.785211	97506.364344
0.323000	5.924765	77117.031638
0.325000	6.030060	64606.982076
0.327000	6.108330	56641.908238
0.329000	6.220398	46916.094361
0.331000	6.317792	39830.735647
0.333000	6.403506	34485.951779
0.335000	6.528064	27970.981010
0.337000	6.634829	23375.635784
0.339000	6.749839	19266.346600
0.341000	6.848614	16318.786381
0.343000	6.960210	13527.467031
0.345000	7.067922	11287.040628
0.347000	7.192250	9158.278253
0.349000	7.290052	7769.852938
0.351000	7.415236	6295.365876
0.353000	7.532947	5165.178242
0.355000	7.658172	4184.695241
0.357000	7.805639	3265.913761
0.359000	7.934600	2629.394347
0.361000	8.078241	2065.328106
0.363000	8.173416	1759.975068
0.365000	8.322011	1370.956043
0.367000	8.424279	1154.414540
0.369000	8.523957	976.317420
0.371000	8.555226	926.323343
0.373000	8.673143	759.760817
0.375000	8.684793	745.025955
0.377000	8.785200	629.316265
0.379000	8.824796	588.791371
0.381000	8.860916	554.104187
0.383000	8.967002	463.598946
0.385000	9.026429	419.524464
0.387000	9.098831	371.449826
0.389000	9.155927	337.455571
0.391000	9.218187	303.922846
0.393000	9.276122	275.719565
0.395000	9.329130	252.213562
0.397000	9.388032	228.436929
0.399000	9.451451	205.337116

# Dumping simulation biases, in the metadata file order 
# Window  F (free energy units)
# 0	0.000000
# 1	-7.876457
# 2	-11.956649
# 3	-13.302293
# 4	-14.098704
# 5	-13.373579
# 6	-12.388933
# 7	-11.398914
# 8	-9.351566
# 9	-6.915702
# 10	-4.864587
#Iteration 310:  0.000714
#Iteration 320:  0.000643
#Iteration 330:  0.000578
#Iteration 340:  0.000520
#Iteration 350:  0.000468
#Iteration 360:  0.000421
#Iteration 370:  0.000379
#Iteration 380:  0.000341
#Iteration 390:  0.000307
#Iteration 400:  0.000276
0.001000	inf	0.000000
0.003000	inf	0.000000
0.005000	inf	0.000000
0.007000	inf	0.000000
0.009000	inf	0.000000
0.011000	inf	0.000000
0.013000	inf	0.000000
0.015000	inf	0.000000
0.017000	inf	0.000000
0.019000	inf	0.000000
0.021000	inf	0.000000
0.023000	inf	0.000000
0.025000	inf	0.000000
0.027000	inf	0.000000
0.029000	inf	0.000000
0.031000	inf	0.000000
0.033000	inf	0.000000
0.035000	inf	0.000000
0.037000	inf	0.000000
0.039000	inf	0.000000
0.041000	inf	0.000000
0.043000	inf	0.000000
0.045000	inf	0.000000
0.047000	inf	0.000000
0.049000	inf	0.000000
0.051000	inf	0.000000
0.053000	inf	0.000000
0.055000	inf	0.000000
0.057000	inf	0.000000
0.059000	inf	0.000000
0.061000	12.356080	1.487176
0.063000	11.103853	12.205637
0.065000	9.984103	80.175589
0.067000	9.003294	416.954510
0.069000	8.042502	2096.633236
0.071000	7.206827	8543.055265
0.073000	6.446987	30643.609551
0.075000	5.741745	100278.347380
0.077000	5.090918	299466.407893
0.079000	4.498247	811021.797504
0.081000	3.970442	1969518.868889
0.083000	3.476046	4521654.945900
0.085000	3.031988	9538622.366651
0.087000	2.636909	18531731.598900
0.089000	2.321977	31465483.909154
0.091000	2.048435	49835151.170470
0.093000	1.836634	71148025.325613
0.095000	1.671029	93986223.295638
0.097000	1.563068	112689102.254874
0.099000	1.472733	131169111.856844
0.101000	1.440918	138375206.341623
0.103000	1.371545	155490572.334805
0.105000	1.371110	155604401.517266
0.107000	1.372713	155185719.705901
0.109000	1.316822	170473000.025225
0.111000	1.276670	182376252.525330
0.113000	1.202532	206582459.172300
0.115000	1.120713	237042630.194610
0.117000	1.078565	254446441.929759
0.119000	1.028820	276639111.260722
0.121000	0.975247	302708622.137946
0.123000	0.942527	319824905.887628
0.125000	0.928569	327417878.903636
0.127000	0.900355	343321021.058282
0.129000	0.875852	357757618.433310
0.131000	0.870629	360912610.957783
0.133000	0.879072	355825942.650730
0.135000	0.909947	337829272.971337
0.137000	0.859625	367650797.981156
0.139000	0.864562	364612260.096972
0.141000	0.788629	414253879.523314
0.143000	0.704830	476918668.721993
0.145000	0.631297	539669882.774737
0.147000	0.528620	641339682.110867
0.149000	0.430757	756020480.998112
0.151000	0.355543	857915107.884329
0.153000	0.250302	1023943664.634891
0.155000	0.176438	1159313472.097398
0.157000	0.127957	1257751675.933111
0.159000	0.101088	1315864635.834607
0.161000	0.051568	1430089127.087613
0.163000	0.015400	1519735482.099174
0.165000	0.020628	1506438510.770816
0.167000	0.000770	1557576018.792098
0.169000	0.000000	1559592203.976618
0.171000	0.016316	1517396542.024548
0.173000	0.085185	1351515024.744123
0.175000	0.135206	1242518102.149748
0.177000	0.177059	1158105444.484802
0.179000	0.263323	1001774445.067150
0.181000	0.357586	854972978.210882
0.183000	0.460992	718555221.388462
0.185000	0.550194	618497237.931516
0.187000	0.628838	541905467.896063
0.189000	0.719471	465324811.905979
0.191000	0.803827	403804220.195771
0.193000	0.934796	324008638.110829
0.195000	1.034115	274187718.663469
0.197000	1.165254	219942361.403365
0.199000	1.253199	189715819.391263
0.201000	1.399320	148397545.109598
0.203000	1.529672	119196254.667536
0.205000	1.656877	96248845.312526
0.207000	1.833911	71474436.319340
0.209000	1.897137	64267619.785781
0.211000	1.957040	58111091.807691
0.213000	2.039665	50575260.328652
0.215000	1.947691	59031657.229299
0.217000	1.888312	65228133.695622
0.219000	1.839245	70836448.369947
0.221000	1.789962	76954837.822751
0.223000	1.737515	84047578.538791
0.225000	1.715825	87168599.488636
0.227000	1.709431	88110539.097617
0.229000	1.707654	88374145.886120
0.231000	1.734431	84484426.866896
0.233000	1.754497	81682136.602664
0.235000	1.811366	74235143.588934
0.237000	1.841257	70597220.408530
0.239000	1.913057	62570499.830077
0.241000	1.991677	54824215.600453
0.243000	2.100052	45693277.077765
0.245000	2.156195	41578123.737266
0.247000	2.240303	36096166.330233
0.249000	2.291887	33098020.835532
0.251000	2.351656	29934140.331573
0.253000	2.396069	27780707.405472
0.255000	2.421997	26595881.975901
0.257000	2.401599	27523632.840899
0.259000	2.421099	26636057.200829
0.261000	2.457736	25045087.666989
0.263000	2.484843	23929443.501299
0.265000	2.503809	23178582.409204
0.267000	2.564435	20932727.071223
0.269000	2.653184	18031587.310916
0.271000	2.740924	15558911.888455
0.273000	2.828309	13433299.569193
0.275000	2.922075	11474364.458644
0.277000	3.042784	9367069.839619
0.279000	3.167691	7593021.706017
0.281000	3.260750	6493463.164398
0.283000	3.391801	5209564.359237
0.285000	3.514170	4240969.998304
0.287000	3.627653	3504415.603945
0.289000	3.749793	2853951.149935
0.291000	3.837452	2462920.156744
0.293000	3.977607	1945939.802004
0.295000	4.081289	1634689.124551
0.297000	4.208559	1319838.763678
0.299000	4.323179	1088533.565310
0.301000	4.453744	874020.805367
0.303000	4.603060	680005.843426
0.305000	4.722385	556414.251615
0.307000	4.844174	453404.439230
0.309000	5.007998	344258.655359
0.311000	5.130405	280233.765808
0.313000	5.299367	210944.767226
0.315000	5.463704	160027.018022
0.317000	5.592419	128891.275443
0.319000	5.756282	97857.523044
0.321000	5.861995	81925.250605
0.323000	6.002708	64668.010529
0.325000	6.108965	54089.822203
0.327000	6.187991	47361.108005
0.329000	6.300627	39191.437555
0.331000	6.398434	33249.586242
0.333000	6.484442	28773.691187
0.335000	6.609207	23329.731669
0.337000	6.716119	19492.078301
0.339000	6.831237	16062.596436
0.341000	6.930095	13603.268514
0.343000	7.041764	11275.061864
0.345000	7.149549	9406.528135
0.347000	7.273961	7631.354486
0.349000	7.371870	6473.243790
0.351000	7.497200	5243.533374
0.353000	7.615110	4300.735455
0.355000	7.740607	3482.754520
0.357000	7.888435	2716.441700
0.359000	8.017855	2185.324216
0.361000	8.162051	1714.923233
0.363000	8.257850	1459.843372
0.365000	8.407097	1135.918775
0.367000	8.509994	955.491139
0.369000	8.610233	807.321294
0.371000	8.641969	765.379735
0.373000	8.760252	627.369286
0.375000	8.772178	614.917144
0.377000	8.872785	519.240181
0.379000	8.912522	485.688301
0.381000	8.948741	456.999804
0.383000	9.054894	382.311969
0.385000	9.114367	345.938850
0.387000	9.186799	306.280692
0.389000	9.243916	278.240824
0.391000	9.306190	250.586333
0.393000	9.364134	227.328962
0.395000	9.417149	207.946221
0.397000	9.476056	188.341420
0.399000	9.539476	169.295313

# Dumping simulation biases, in the metadata file order 
# Window  F (free energy units)
# 0	0.000000
# 1	-7.875466
# 2	-11.953252
# 3	-13.291685
# 4	-14.074772
# 5	-13.340266
# 6	-12.321894
# 7	-11.316340
# 8	-9.257627
# 9	-6.808500
# 10	-4.750971
#Iteration 410:  0.000249
#Iteration 420:  0.000224
#Iteration 430:  0.000201
#Iteration 440:  0.000181
#Iteration 450:  0.000163
#Iteration 460:  0.000147
#Iteration 470:  0.000132
#Iteration 480:  0.000119
#Iteration 490:  0.000107
#Iteration 500:  0.000096
0.001000	inf	0.000000
0.003000	inf	0.000000
0.005000	inf	0.000000
0.007000	inf	0.000000
0.009000	inf	0.000000
0.011000	inf	0.000000
0.013000	inf	0.000000
0.015000	inf	0.000000
0.017000	inf	0.000000
0.019000	inf	0.000000
0.021000	inf	0.000000
0.023000	inf	0.000000
0.025000	inf	0.000000
0.027000	inf	0.000000
0.029000	inf	0.000000
0.031000	inf	0.000000
0.033000	inf	0.000000
0.035000	inf	0.000000
0.037000	inf	0.000000
0.039000	inf	0.000000
0.041000	inf	0.000000
0.043000	inf	0.000000
0.045000	inf	0.000000
0.047000	inf	0.000000
0.049000	inf	0.000000
0.051000	inf	0.000000
0.053000	inf	0.000000
0.055000	inf	0.000000
0.057000	inf	0.000000
0.059000	inf	0.000000
0.061000	12.346749	1.487173
0.063000	11.094522	12.205595
0.065000	9.974773	80.175179
0.067000	8.993966	416.951312
0.069000	8.033176	2096.609061
0.071000	7.197504	8542.906961
0.073000	6.437670	30642.806682
0.075000	5.732436	100274.369356
0.077000	5.081621	299448.350644
0.079000	4.488968	810947.163804
0.081000	3.961193	1969241.474518
0.083000	3.466842	4520681.205461
0.085000	3.022849	9535509.198238
0.087000	2.627864	18522757.443392
0.089000	2.313057	31443679.796629
0.091000	2.039664	49788105.110078
0.093000	1.828026	71061377.373757
0.095000	1.662585	93845779.960009
0.097000	1.554785	112490275.123276
0.099000	1.464611	130902372.982817
0.101000	1.432965	138054586.649933
0.103000	1.363781	155081227.776095
0.105000	1.363561	155138626.622955
0.107000	1.365407	154657891.557637
0.109000	1.309780	169817750.599466
0.111000	1.269898	181592991.227044
0.113000	1.196016	205606767.362909
0.115000	1.114423	235833236.655841
0.117000	1.072464	253068021.233037
0.119000	1.022868	275071210.872803
0.121000	0.969411	300934354.240701
0.123000	0.936781	317902295.075057
0.125000	0.922896	325409861.110795
0.127000	0.894746	341178547.690056
0.129000	0.870308	355486283.763768
0.131000	0.865159	358576289.545769
0.133000	0.873698	353466394.400010
0.135000	0.904698	335517904.005387
0.137000	0.854547	365030453.503845
0.139000	0.859713	361874070.402545
0.141000	0.784079	410936770.175539
0.143000	0.700651	472805138.774045
0.145000	0.627551	534625306.074349
0.147000	0.525347	634840164.745257
0.149000	0.427961	747758454.862816
0.151000	0.353194	847901514.063644
0.153000	0.248347	1011323788.655284
0.155000	0.174812	1144391244.329959
0.157000	0.126602	1240997149.304977
0.159000	0.099959	1297841085.773096
0.161000	0.050642	1410022688.534784
0.163000	0.014671	1497915171.548110
0.165000	0.020109	1484282483.650672
0.167000	0.000491	1534047871.173200
0.169000	0.000000	1535315231.478743
0.171000	0.016631	1492986391.205558
0.173000	0.085838	1329017788.083472
0.175000	0.136199	1221137744.477361
0.177000	0.178368	1137570519.887924
0.179000	0.264910	983553603.470235
0.181000	0.359401	839100332.140234
0.183000	0.462988	705000748.970423
0.185000	0.552332	606685746.783447
0.187000	0.631089	531455184.901828
0.189000	0.721819	456276291.538952
0.191000	0.806271	395888874.609450
0.193000	0.937345	317601132.372758
0.195000	1.036795	268706047.755500
0.197000	1.168111	215481338.313395
0.199000	1.256300	185791607.255714
0.201000	1.402762	145244878.939148
0.203000	1.533582	116572112.272296
0.205000	1.661415	94030571.439901
0.207000	1.839257	69732289.852955
0.209000	1.903470	62597197.320843
0.211000	1.964502	56493480.561817
0.213000	2.048322	49068708.904992
0.215000	1.957518	57160636.512801
0.217000	1.899199	63048273.735654
0.219000	1.851027	68366247.362782
0.221000	1.802456	74182384.737692
0.223000	1.750552	80945764.334684
0.225000	1.729263	83895050.832718
0.227000	1.723162	84759891.602020
0.229000	1.721601	84982573.244511
0.231000	1.748545	81219316.291538
0.233000	1.768752	78506709.242992
0.235000	1.825756	71332995.021442
0.237000	1.855796	67820367.510397
0.239000	1.927776	60091154.977638
0.241000	2.006627	52631393.867568
0.243000	2.115300	43843671.106636
0.245000	2.171820	39869774.166434
0.247000	2.256386	34586454.273970
0.249000	2.308491	31685932.964021
0.251000	2.368813	28630444.084622
0.253000	2.413766	26546630.982527
0.255000	2.440186	25393446.654366
0.257000	2.420205	26260841.351242
0.259000	2.440040	25399690.430269
0.261000	2.476936	23872171.010486
0.263000	2.504241	22801194.364573
0.265000	2.523360	22080031.096940
0.267000	2.584114	19936368.080081
0.269000	2.672979	17169963.464022
0.271000	2.760839	14812429.685112
0.273000	2.848366	12785771.063090
0.275000	2.942306	10918040.990428
0.277000	3.063239	8909569.856073
0.279000	3.188426	7218767.197419
0.281000	3.281823	6169903.542438
0.283000	3.413257	4946792.833148
0.285000	3.536031	4024315.334761
0.287000	3.649910	3323175.766337
0.289000	3.772409	2704717.144980
0.291000	3.860374	2332935.198078
0.293000	4.000775	1842474.808584
0.295000	4.104652	1547268.966212
0.297000	4.232074	1248936.036931
0.299000	4.346819	1029840.038657
0.301000	4.477497	826737.592291
0.303000	4.626927	643095.140854
0.305000	4.746383	526096.435235
0.307000	4.868334	428582.111115
0.309000	5.032368	325296.683822
0.311000	5.155047	264677.578796
0.313000	5.324349	199121.020102
0.315000	5.489091	150954.251469
0.317000	5.618261	121491.038282
0.319000	5.782594	92166.120931
0.321000	5.888758	77101.980788
0.323000	6.029871	60819.775797
0.325000	6.136461	50842.663347
0.327000	6.215748	44498.407661
0.329000	6.328579	36810.459497
0.331000	6.426528	31222.146164
0.333000	6.512637	27014.593294
0.335000	6.637473	21900.834708
0.337000	6.744435	18296.677108
0.339000	6.859590	15076.582229
0.341000	6.958477	12767.604489
0.343000	7.070170	10581.976001
0.345000	7.177981	8827.927061
0.347000	7.302422	7161.592230
0.349000	7.400369	6074.387258
0.351000	7.525750	4920.026822
0.353000	7.643730	4034.923012
0.355000	7.769322	3266.976845
0.357000	7.917275	2547.602090
0.359000	8.046856	2048.943559
0.361000	8.191245	1607.377138
0.363000	8.287261	1367.793884
0.365000	8.436735	1063.888708
0.367000	8.539850	894.574051
0.369000	8.640283	755.603704
0.371000	8.672182	716.154208
0.373000	8.790592	586.894628
0.375000	8.802613	575.153734
0.377000	8.903288	485.607337
0.379000	8.943075	454.191468
0.381000	8.979327	427.339082
0.383000	9.085504	357.484762
0.385000	9.144992	323.465113
0.387000	9.217435	286.378185
0.389000	9.274560	260.157239
0.391000	9.336838	234.298182
0.393000	9.394786	212.551387
0.395000	9.447803	194.427918
0.397000	9.506711	176.097169
0.399000	9.570133	158.289008

# Dumping simulation biases, in the metadata file order 
# Window  F (free energy units)
# 0	0.000000
# 1	-7.875122
# 2	-11.952071
# 3	-13.287999
# 4	-14.066442
# 5	-13.328671
# 6	-12.298527
# 7	-11.287561
# 8	-9.224899
# 9	-6.771158
# 10	-4.711399
#Iteration 510:  0.000087
#Iteration 520:  0.000078
#Iteration 530:  0.000070
#Iteration 540:  0.000063
#Iteration 550:  0.000057
#Iteration 560:  0.000051
#Iteration 570:  0.000046
#Iteration 580:  0.000041
#Iteration 590:  0.000037
#Iteration 600:  0.000034
0.001000	inf	0.000000
0.003000	inf	0.000000
0.005000	inf	0.000000
0.007000	inf	0.000000
0.009000	inf	0.000000
0.011000	inf	0.000000
0.013000	inf	0.000000
0.015000	inf	0.000000
0.017000	inf	0.000000
0.019000	inf	0.000000
0.021000	inf	0.000000
0.023000	inf	0.000000
0.025000	inf	0.000000
0.027000	inf	0.000000
0.029000	inf	0.000000
0.031000	inf	0.000000
0.033000	inf	0.000000
0.035000	inf	0.000000
0.037000	inf	0.000000
0.039000	inf	0.000000
0.041000	inf	0.000000
0.043000	inf	0.000000
0.045000	inf	0.000000
0.047000	inf	0.000000
0.049000	inf	0.000000
0.051000	inf	0.000000
0.053000	inf	0.000000
0.055000	inf	0.000000
0.057000	inf	0.000000
0.059000	inf	0.000000
0.061000	12.343495	1.487171
0.063000	11.091268	12.205581
0.065000	9.971520	80.175036
0.067000	8.990713	416.950196
0.069000	8.029924	2096.600633
0.071000	7.194254	8542.855257
0.073000	6.434421	30642.526775
0.075000	5.729190	100272.982477
0.077000	5.078379	299442.055232
0.079000	4.485733	810921.143787
0.081000	3.957968	1969144.765704
0.083000	3.463632	4520341.737670
0.085000	3.019662	9534423.948950
0.087000	2.624710	18519629.421167
0.089000	2.309946	31436081.103847
0.091000	2.036605	49771713.257325
0.093000	1.825024	71031194.495244
0.095000	1.659641	93796868.668683
0.097000	1.551897	112421043.234143
0.099000	1.461779	130809507.173252
0.101000	1.430192	137942975.793503
0.103000	1.361073	154938750.501911
0.105000	1.360928	154976538.421746
0.107000	1.362859	154474257.022538
0.109000	1.307324	169589862.486680
0.111000	1.267536	181320688.666911
0.113000	1.193743	205267703.231901
0.115000	1.112229	235413117.444401
0.117000	1.070336	252589340.418959
0.119000	1.020792	274526870.449981
0.121000	0.967375	300318487.132481
0.123000	0.934776	317235029.173637
0.125000	0.920916	324713019.249683
0.127000	0.892789	340435089.895666
0.129000	0.868374	354698135.768796
0.131000	0.863251	357765601.891420
0.133000	0.871823	352647647.604046
0.135000	0.902868	334715873.607892
0.137000	0.852776	364121222.190778
0.139000	0.858023	360923999.886189
0.141000	0.782493	409785985.029199
0.143000	0.699194	471378413.121565
0.145000	0.626245	532876340.509911
0.147000	0.524206	632587937.365592
0.149000	0.426987	744897201.031450
0.151000	0.352376	844435810.933030
0.153000	0.247665	1006958559.007496
0.155000	0.174246	1139232177.065599
0.157000	0.126130	1235206940.772534
0.159000	0.099566	1291614338.276081
0.161000	0.050319	1403092022.369746
0.163000	0.014416	1490380525.415742
0.165000	0.019928	1476633691.350732
0.167000	0.000394	1525927448.224327
0.169000	0.000000	1526938828.073953
0.171000	0.016741	1484566941.796987
0.173000	0.086066	1321261155.604297
0.175000	0.136545	1213769225.034790
0.177000	0.178825	1130496211.152678
0.179000	0.265463	977278766.364257
0.181000	0.360034	833635810.069640
0.183000	0.463683	700335419.492790
0.185000	0.553076	602621058.946008
0.187000	0.631873	527859390.307945
0.189000	0.722638	453163102.437986
0.191000	0.807123	393165726.675547
0.193000	0.938233	315396824.693027
0.195000	1.037730	266820303.571135
0.197000	1.169108	213946752.244410
0.199000	1.257384	184441743.666673
0.201000	1.403965	144160506.913066
0.203000	1.534951	115669681.371019
0.205000	1.663005	93267960.598613
0.207000	1.841132	69133693.859213
0.209000	1.905691	62023733.254888
0.211000	1.967117	55938796.928935
0.213000	2.051355	48552846.690839
0.215000	1.960958	56520970.485371
0.217000	1.903007	62304150.408385
0.219000	1.855145	67524147.484193
0.221000	1.806821	73238294.459462
0.223000	1.755104	79890429.541805
0.225000	1.733953	82782004.175605
0.227000	1.727954	83621165.555477
0.229000	1.726467	83830331.254677
0.231000	1.753469	80110317.356085
0.233000	1.773725	77428383.335685
0.235000	1.830777	70347637.511755
0.237000	1.860868	66877709.086307
0.239000	1.932911	59249650.353609
0.241000	2.011842	51887310.402118
0.243000	2.120620	43216238.649676
0.245000	2.177273	39290484.108215
0.247000	2.261998	34074769.116368
0.249000	2.314285	31207610.306527
0.251000	2.374800	28189117.085800
0.253000	2.419942	26129140.892931
0.255000	2.446532	24986906.597643
0.257000	2.426697	25834119.440207
0.259000	2.446647	24982077.443599
0.261000	2.483634	23476122.884125
0.263000	2.511007	22420326.431728
0.265000	2.530180	21709261.453662
0.267000	2.590977	19600142.349021
0.269000	2.679883	16879245.137179
0.271000	2.767785	14560595.884462
0.273000	2.855361	12567354.400671
0.275000	2.949363	10730424.369624
0.277000	3.070374	8755318.303199
0.279000	3.195659	7092621.665675
0.281000	3.289173	6060886.251593
0.283000	3.420741	4858295.654495
0.285000	3.543656	3951384.067430
0.287000	3.657673	3262194.854863
0.289000	3.780298	2654527.062931
0.291000	3.868368	2289235.423123
0.293000	4.008855	1807701.520187
0.295000	4.112799	1517895.266411
0.297000	4.240275	1225116.798266
0.299000	4.355063	1010125.382624
0.301000	4.485780	810857.651162
0.303000	4.635250	630700.365632
0.305000	4.754751	515917.019830
0.307000	4.876759	420249.281954
0.309000	5.040867	318932.582878
0.311000	5.163641	259458.048723
0.313000	5.333061	195155.284347
0.315000	5.497946	147912.569250
0.317000	5.627274	119011.351367
0.319000	5.791771	90260.074770
0.321000	5.898092	75487.536593
0.323000	6.039345	59532.320646
0.325000	6.146050	49756.747566
0.327000	6.225427	43541.374027
0.329000	6.338326	36014.667202
0.331000	6.436324	30544.638568
0.333000	6.522468	26426.832909
0.335000	6.647329	21423.446374
0.337000	6.754309	17897.324352
0.339000	6.869476	14747.195599
0.341000	6.968373	12488.453605
0.343000	7.080075	10350.459902
0.345000	7.187895	8634.658797
0.347000	7.312346	7004.684287
0.349000	7.410307	5941.168541
0.351000	7.535705	4811.981208
0.353000	7.653709	3946.153094
0.355000	7.779334	3194.923979
0.357000	7.927332	2491.230787
0.359000	8.056969	2003.417685
0.361000	8.201425	1571.484523
0.363000	8.297517	1337.080779
0.365000	8.447069	1039.861562
0.367000	8.550260	874.259061
0.369000	8.650762	738.360580
0.371000	8.682716	699.745122
0.373000	8.801171	573.404657
0.375000	8.813225	561.902339
0.377000	8.913924	474.399925
0.379000	8.953727	443.696456
0.381000	8.989992	417.456284
0.383000	9.096176	349.212700
0.385000	9.155671	315.977336
0.387000	9.228117	279.747175
0.389000	9.285244	254.132300
0.391000	9.347524	228.871463
0.393000	9.405473	207.627965
0.395000	9.458490	189.924058
0.397000	9.517399	172.017789
0.399000	9.580821	154.622076

# Dumping simulation biases, in the metadata file order 
# Window  F (free energy units)
# 0	0.000000
# 1	-7.875002
# 2	-11.951659
# 3	-13.286715
# 4	-14.063538
# 5	-13.324630
# 6	-12.290377
# 7	-11.277525
# 8	-9.213486
# 9	-6.758137
# 10	-4.697602
#Iteration 610:  0.000030
#Iteration 620:  0.000027
#Iteration 630:  0.000025
#Iteration 640:  0.000022
#Iteration 650:  0.000020
#Iteration 660:  0.000018
#Iteration 670:  0.000016
#Iteration 680:  0.000014
#Iteration 690:  0.000013
#Iteration 700:  0.000012
0.001000	inf	0.000000
0.003000	inf	0.000000
0.005000	inf	0.000000
0.007000	inf	0.000000
0.009000	inf	0.000000
0.011000	inf	0.000000
0.013000	inf	0.000000
0.015000	inf	0.000000
0.017000	inf	0.000000
0.019000	inf	0.000000
0.021000	inf	0.000000
0.023000	inf	0.000000
0.025000	inf	0.000000
0.027000	inf	0.000000
0.029000	inf	0.000000
0.031000	inf	0.000000
0.033000	inf	0.000000
0.035000	inf	0.000000
0.037000	inf	0.000000
0.039000	inf	0.000000
0.041000	inf	0.000000
0.043000	inf	0.000000
0.045000	inf	0.000000
0.047000	inf	0.000000
0.049000	inf	0.000000
0.051000	inf	0.000000
0.053000	inf	0.000000
0.055000	inf	0.000000
0.057000	inf	0.000000
0.059000	inf	0.000000
0.061000	12.342360	1.487171
0.063000	11.090133	12.205576
0.065000	9.970385	80.174987
0.067000	8.989579	416.949807
0.069000	8.028789	2096.597694
0.071000	7.193120	8542.837223
0.073000	6.433288	30642.429147
0.075000	5.728057	100272.498749
0.077000	5.077249	299439.859458
0.079000	4.484605	810912.068275
0.081000	3.956843	1969111.034789
0.083000	3.462512	4520223.336478
0.085000	3.018551	9534045.439197
0.087000	2.623610	18518538.484039
0.089000	2.308861	31433431.125326
0.091000	2.035539	49765997.179282
0.093000	1.823977	71020670.150686
0.095000	1.658614	93779815.281769
0.097000	1.550890	112396906.377980
0.099000	1.460791	130777132.223949
0.101000	1.429224	137904067.598450
0.103000	1.360129	154889084.478646
0.105000	1.360010	154920039.937221
0.107000	1.361971	154410254.054700
0.109000	1.306468	169510444.988539
0.111000	1.266712	181225805.976821
0.113000	1.192950	205149574.420603
0.115000	1.111464	235266768.594628
0.117000	1.069593	252422610.387319
0.119000	1.020068	274337287.450993
0.121000	0.966665	300104007.285440
0.123000	0.934077	317002660.563854
0.125000	0.920226	324470359.048640
0.127000	0.892106	340176202.036806
0.129000	0.867699	354423688.950207
0.131000	0.862586	357483307.646389
0.133000	0.871169	352362547.084597
0.135000	0.902229	334436593.830741
0.137000	0.852158	363804614.791737
0.139000	0.857433	360593178.056878
0.141000	0.781939	409385291.588879
0.143000	0.698686	470881683.161207
0.145000	0.625790	532267502.308478
0.147000	0.523809	631804049.216340
0.149000	0.426648	743901550.193650
0.151000	0.352091	843230085.369053
0.153000	0.247428	1005440189.869851
0.155000	0.174048	1137437993.691432
0.157000	0.125965	1233193546.602453
0.159000	0.099429	1289449393.732871
0.161000	0.050206	1400682560.460896
0.163000	0.014327	1487761304.217551
0.165000	0.019865	1473975005.576056
0.167000	0.000360	1523105075.146645
0.169000	0.000000	1524027784.074401
0.171000	0.016779	1481641290.001985
0.173000	0.086145	1318566190.210711
0.175000	0.136665	1211209472.722362
0.177000	0.178984	1128039008.240345
0.179000	0.265656	975099527.213401
0.181000	0.360254	831738191.117583
0.183000	0.463926	698715463.225461
0.185000	0.553336	601209752.488287
0.187000	0.632146	526610944.574588
0.189000	0.722923	452082249.076236
0.191000	0.807420	392220309.990239
0.193000	0.938543	314631549.018861
0.195000	1.038056	266165631.579426
0.197000	1.169456	213413997.170608
0.199000	1.257762	183973125.322096
0.201000	1.404385	143784068.059642
0.203000	1.535429	115356422.185713
0.205000	1.663560	93003266.909263
0.207000	1.841787	68925968.257952
0.209000	1.906467	61824788.576079
0.211000	1.968031	55746446.628452
0.213000	2.052414	48374048.222906
0.215000	1.962160	56299381.638493
0.217000	1.904337	62046512.045230
0.219000	1.856583	67232722.888454
0.221000	1.808345	72911699.733077
0.223000	1.756693	79525460.325298
0.225000	1.735590	82397162.039207
0.227000	1.729625	83227508.515146
0.229000	1.728165	83432048.615676
0.231000	1.755187	79727015.401883
0.233000	1.775460	77055708.203223
0.235000	1.832528	70007112.764006
0.237000	1.862637	66551959.440613
0.239000	1.934702	58958874.989674
0.241000	2.013662	51630219.036731
0.243000	2.122476	42999474.568318
0.245000	2.179175	39090379.207236
0.247000	2.263956	33898046.917041
0.249000	2.316307	31042443.635125
0.251000	2.376888	28036758.728755
0.253000	2.422096	25985043.974544
0.255000	2.448746	24846618.521852
0.257000	2.428961	25686893.892814
0.259000	2.448952	24838016.069816
0.261000	2.485970	23339516.501483
0.263000	2.513368	22288967.728840
0.265000	2.532559	21581394.308265
0.267000	2.593372	19484194.704017
0.269000	2.682291	16778995.584274
0.271000	2.770209	14473759.212494
0.273000	2.857802	12492044.618466
0.275000	2.951825	10665738.698098
0.277000	3.072863	8702140.591303
0.279000	3.198182	7049138.064168
0.281000	3.291737	6023311.847801
0.283000	3.423352	4827798.441528
0.285000	3.546316	3926255.184813
0.287000	3.660381	3241186.983771
0.289000	3.783049	2637239.247526
0.291000	3.871157	2274185.143156
0.293000	4.011674	1795726.815686
0.295000	4.115641	1507780.840427
0.297000	4.243135	1216915.511052
0.299000	4.357939	1003337.716042
0.301000	4.488669	805390.508782
0.303000	4.638153	626433.284914
0.305000	4.757671	512412.781066
0.307000	4.879698	417380.898169
0.309000	5.043832	316742.057437
0.311000	5.166639	257661.665259
0.313000	5.336101	193790.588372
0.315000	5.501035	146866.023160
0.317000	5.630418	118158.322059
0.319000	5.794973	89604.506028
0.321000	5.901348	74932.365073
0.323000	6.042649	59089.667902
0.325000	6.149395	49383.441044
0.327000	6.228803	43212.410512
0.329000	6.341726	35741.150876
0.331000	6.439741	30311.791566
0.333000	6.525897	26224.839367
0.335000	6.650767	21259.389154
0.337000	6.757753	17760.087550
0.339000	6.872924	14634.004341
0.341000	6.971825	12392.526670
0.343000	7.083530	10270.902939
0.345000	7.191353	8568.245797
0.347000	7.315808	6950.766452
0.349000	7.413773	5895.391636
0.351000	7.539177	4774.855066
0.353000	7.657190	3915.651197
0.355000	7.782827	3170.167072
0.357000	7.930839	2471.862910
0.359000	8.060496	1987.777026
0.361000	8.204976	1559.154358
0.363000	8.301094	1326.530839
0.365000	8.450674	1031.608997
0.367000	8.553892	867.282122
0.369000	8.654416	732.439108
0.371000	8.686390	694.110444
0.373000	8.804860	568.772610
0.375000	8.816926	557.352393
0.377000	8.917634	470.551904
0.379000	8.957443	440.093109
0.381000	8.993711	414.063183
0.383000	9.099899	346.372647
0.385000	9.159395	313.406569
0.387000	9.231843	277.470571
0.389000	9.288971	252.063782
0.391000	9.351252	227.008334
0.393000	9.409200	205.937633
0.395000	9.462218	188.377773
0.397000	9.521127	170.617239
0.399000	9.584549	153.363130

# Dumping simulation biases, in the metadata file order 
# Window  F (free energy units)
# 0	0.000000
# 1	-7.874960
# 2	-11.951516
# 3	-13.286267
# 4	-14.062525
# 5	-13.323220
# 6	-12.287534
# 7	-11.274024
# 8	-9.209505
# 9	-6.753595
# 10	-4.692789
#Iteration 710:  0.000011
#Iteration 720:  0.000009
#Iteration 730:  0.000009
#Iteration 740:  0.000008
#Iteration 750:  0.000007
#Iteration 760:  0.000006
#Iteration 770:  0.000006
#Iteration 780:  0.000005
#Iteration 790:  0.000005
#Iteration 800:  0.000004
0.001000	inf	0.000000
0.003000	inf	0.000000
0.005000	inf	0.000000
0.007000	inf	0.000000
0.009000	inf	0.000000
0.011000	inf	0.000000
0.013000	inf	0.000000
0.015000	inf	0.000000
0.017000	inf	0.000000
0.019000	inf	0.000000
0.021000	inf	0.000000
0.023000	inf	0.000000
0.025000	inf	0.000000
0.027000	inf	0.000000
0.029000	inf	0.000000
0.031000	inf	0.000000
0.033000	inf	0.000000
0.035000	inf	0.000000
0.037000	inf	0.000000
0.039000	inf	0.000000
0.041000	inf	0.000000
0.043000	inf	0.000000
0.045000	inf	0.000000
0.047000	inf	0.000000
0.049000	inf	0.000000
0.051000	inf	0.000000
0.053000	inf	0.000000
0.055000	inf	0.000000
0.057000	inf	0.000000
0.059000	inf	0.000000
0.061000	12.341964	1.487171
0.063000	11.089737	12.205574
0.065000	9.969989	80.174969
0.067000	8.989183	416.949672
0.069000	8.028394	2096.596668
0.071000	7.192724	8542.830932
0.073000	6.432892	30642.395090
0.075000	5.727662	100272.330005
0.077000	5.076854	299439.093483
0.079000	4.484211	810908.902370
0.081000	3.956450	1969099.268093
0.083000	3.462122	4520182.033547
0.085000	3.018163	9533913.401361
0.087000	2.623226	18518157.931275
0.089000	2.308482	31432506.750108
0.091000	2.035166	49764003.329418
0.093000	1.823612	71016999.213870
0.095000	1.658256	93773867.143874
0.097000	1.550538	112388487.743192
0.099000	1.460446	130765840.437814
0.101000	1.428887	137890497.339369
0.103000	1.359799	154871762.433640
0.105000	1.359689	154900335.380828
0.107000	1.361660	154387932.926560
0.109000	1.306169	169482749.160283
0.111000	1.266425	181192718.437298
0.113000	1.192674	205108382.508892
0.115000	1.111197	235215738.604976
0.117000	1.069334	252364476.022419
0.119000	1.019815	274271186.928493
0.121000	0.966417	300029227.919918
0.123000	0.933833	316921645.562618
0.125000	0.919985	324385756.862266
0.127000	0.891868	340085942.812358
0.129000	0.867464	354328005.595152
0.131000	0.862353	357384888.512885
0.133000	0.870940	352263149.576341
0.135000	0.902006	334339225.647004
0.137000	0.851943	363694232.872375
0.139000	0.857227	360477841.199821
0.141000	0.781746	409245597.163861
0.143000	0.698509	470708512.672968
0.145000	0.625632	532055258.648477
0.147000	0.523670	631530799.680050
0.149000	0.426529	743554509.356949
0.151000	0.351992	842809853.141909
0.153000	0.247345	1004911028.687963
0.155000	0.173979	1136812746.968854
0.157000	0.125907	1232491942.481132
0.159000	0.099381	1288695008.815933
0.161000	0.050167	1399842999.584442
0.163000	0.014296	1486848680.323330
0.165000	0.019843	1473048657.071013
0.167000	0.000348	1522121724.450213
0.169000	0.000000	1523013575.620844
0.171000	0.016793	1480622034.954623
0.173000	0.086173	1317627347.447340
0.175000	0.136708	1210317778.602404
0.177000	0.179040	1127183079.083511
0.179000	0.265723	974340455.740091
0.181000	0.360331	831077237.639005
0.183000	0.464010	698151237.763021
0.185000	0.553426	600718209.654792
0.187000	0.632241	526176131.121501
0.189000	0.723023	451705809.417727
0.191000	0.807523	391891042.667732
0.193000	0.938652	314365022.106551
0.195000	1.038170	265937626.106178
0.197000	1.169577	213228452.931454
0.199000	1.257894	183809919.096270
0.201000	1.404532	143652966.695866
0.203000	1.535595	115247326.558024
0.205000	1.663754	92911088.366991
0.207000	1.842015	68853633.556598
0.209000	1.906738	61755518.852980
0.211000	1.968350	55679482.603699
0.213000	2.052784	48311812.958778
0.215000	1.962579	56222266.702376
0.217000	1.904801	61956868.023739
0.219000	1.857085	67131339.615047
0.221000	1.808876	72798096.373605
0.223000	1.757247	79398521.889937
0.225000	1.736161	82263322.051719
0.227000	1.730209	83090610.613496
0.229000	1.728758	83293547.783175
0.231000	1.755786	79593728.059776
0.233000	1.776066	76926119.239190
0.235000	1.833139	69888705.758167
0.237000	1.863254	66438692.315800
0.239000	1.935327	58857771.161538
0.241000	2.014297	51540829.808715
0.243000	2.123124	42924109.664567
0.245000	2.179839	39020809.674092
0.247000	2.264639	33836610.356778
0.249000	2.317012	30985028.295832
0.251000	2.377617	27983799.889443
0.253000	2.422848	25934960.668544
0.255000	2.449519	24797862.605144
0.257000	2.429751	25635730.165045
0.259000	2.449757	24787954.548697
0.261000	2.486785	23292047.521835
0.263000	2.514191	22243323.662350
0.265000	2.533389	21536964.531371
0.267000	2.594207	19443907.344352
0.269000	2.683132	16744163.294620
0.271000	2.771054	14443587.811580
0.273000	2.858653	12465878.729148
0.275000	2.952684	10643264.606422
0.277000	3.073732	8683665.315887
0.279000	3.199062	7034031.329918
0.281000	3.292632	6010258.637128
0.283000	3.424263	4817204.381845
0.285000	3.547244	3917526.463961
0.287000	3.661326	3233890.146685
0.289000	3.784009	2631234.845338
0.291000	3.872130	2268958.119613
0.293000	4.012657	1791568.106441
0.295000	4.116633	1504268.292101
0.297000	4.244133	1214067.424450
0.299000	4.358942	1000980.585049
0.301000	4.489677	803491.982088
0.303000	4.639165	624951.516060
0.305000	4.758689	511195.934408
0.307000	4.880724	416384.872945
0.309000	5.044866	315981.434022
0.311000	5.167684	257037.922894
0.313000	5.337161	193316.758146
0.315000	5.502112	146502.676100
0.317000	5.631515	117862.179875
0.319000	5.796089	89376.930316
0.321000	5.902484	74739.653959
0.323000	6.043802	58936.023300
0.325000	6.150561	49253.872887
0.327000	6.229981	43098.237510
0.329000	6.342912	35646.224682
0.331000	6.440933	30230.981760
0.333000	6.527093	26154.738373
0.335000	6.651966	21202.454418
0.337000	6.758954	17712.460992
0.339000	6.874127	14594.722751
0.341000	6.973029	12359.236588
0.343000	7.084736	10243.293923
0.345000	7.192559	8545.198273
0.347000	7.317015	6932.055242
0.349000	7.414982	5879.505670
0.351000	7.540389	4761.971263
0.353000	7.658404	3905.066290
0.355000	7.784045	3161.575927
0.357000	7.932063	2465.141982
0.359000	8.061726	1982.349612
0.361000	8.206214	1554.875822
0.363000	8.302342	1322.870146
0.365000	8.451932	1028.745554
0.367000	8.555158	864.861366
0.369000	8.655691	730.384619
0.371000	8.687672	692.155506
0.373000	8.806148	567.165562
0.375000	8.818218	555.773851
0.377000	8.918928	469.216899
0.379000	8.958739	438.842998
0.381000	8.995009	412.886018
0.383000	9.101198	345.387354
0.385000	9.160694	312.514701
0.387000	9.233143	276.680757
0.389000	9.290271	251.346160
0.391000	9.352552	226.361966
0.393000	9.410501	205.351214
0.395000	9.463519	187.841327
0.397000	9.522428	170.131353
0.399000	9.585850	152.926369

# Dumping simulation biases, in the metadata file order 
# Window  F (free energy units)
# 0	0.000000
# 1	-7.874945
# 2	-11.951466
# 3	-13.286110
# 4	-14.062172
# 5	-13.322728
# 6	-12.286543
# 7	-11.272802
# 8	-9.208116
# 9	-6.752011
# 10	-4.691110
#Iteration 810:  0.000004
#Iteration 820:  0.000003
#Iteration 830:  0.000003
#Iteration 840:  0.000003
#Iteration 850:  0.000002
#Iteration 860:  0.000002
#Iteration 870:  0.000002
#Iteration 880:  0.000002
#Iteration 890:  0.000002
#Iteration 900:  0.000001
0.001000	inf	0.000000
0.003000	inf	0.000000
0.005000	inf	0.000000
0.007000	inf	0.000000
0.009000	inf	0.000000
0.011000	inf	0.000000
0.013000	inf	0.000000
0.015000	inf	0.000000
0.017000	inf	0.000000
0.019000	inf	0.000000
0.021000	inf	0.000000
0.023000	inf	0.000000
0.025000	inf	0.000000
0.027000	inf	0.000000
0.029000	inf	0.000000
0.031000	inf	0.000000
0.033000	inf	0.000000
0.035000	inf	0.000000
0.037000	inf	0.000000
0.039000	inf	0.000000
0.041000	inf	0.000000
0.043000	inf	0.000000
0.045000	inf	0.000000
0.047000	inf	0.000000
0.049000	inf	0.000000
0.051000	inf	0.000000
0.053000	inf	0.000000
0.055000	inf	0.000000
0.057000	inf	0.000000
0.059000	inf	0.000000
0.061000	12.341826	1.487171
0.063000	11.089599	12.205573
0.065000	9.969851	80.174963
0.067000	8.989045	416.949624
0.069000	8.028256	2096.596310
0.071000	7.192586	8542.828738
0.073000	6.432754	30642.383209
0.075000	5.727524	100272.271138
0.077000	5.076716	299438.826267
0.079000	4.484074	810907.797918
0.081000	3.956313	1969095.163190
0.083000	3.461985	4520167.624717
0.085000	3.018028	9533867.339122
0.087000	2.623092	18518025.173681
0.089000	2.308350	31432184.279918
0.091000	2.035037	49763307.777307
0.093000	1.823484	71015718.624814
0.095000	1.658131	93771792.183038
0.097000	1.550416	112385550.991273
0.099000	1.460326	130761901.440842
0.101000	1.428769	137885763.550577
0.103000	1.359684	154865719.923885
0.105000	1.359578	154893461.826003
0.107000	1.361552	154380146.717645
0.109000	1.306065	169473088.250336
0.111000	1.266325	181181176.972318
0.113000	1.192577	205094014.355398
0.115000	1.111103	235197939.116006
0.117000	1.069244	252344198.773466
0.119000	1.019727	274248131.337900
0.121000	0.966331	300003145.398572
0.123000	0.933748	316893388.260677
0.125000	0.919901	324356248.499768
0.127000	0.891785	340054461.412681
0.129000	0.867381	354294632.365950
0.131000	0.862272	357350561.095104
0.133000	0.870861	352228480.913791
0.135000	0.901929	334305264.786126
0.137000	0.851868	363655732.997422
0.139000	0.857156	360437613.197423
0.141000	0.781679	409196873.835753
0.143000	0.698447	470648114.040673
0.145000	0.625576	531981233.254650
0.147000	0.523622	631435499.035223
0.149000	0.426488	743433475.774771
0.151000	0.351957	842663297.251927
0.153000	0.247316	1004726488.337899
0.155000	0.173955	1136594702.179078
0.157000	0.125887	1232247273.449562
0.159000	0.099364	1288431937.254042
0.161000	0.050153	1399550228.498285
0.163000	0.014285	1486530433.939188
0.165000	0.019836	1472725627.880228
0.167000	0.000344	1521778821.576126
0.169000	0.000000	1522659916.798738
0.171000	0.016797	1480266621.565730
0.173000	0.086183	1317299979.162423
0.175000	0.136722	1210006856.160517
0.177000	0.179059	1126884632.502634
0.179000	0.265746	974075785.675160
0.181000	0.360358	830846781.913058
0.183000	0.464040	697954510.325386
0.185000	0.553458	600546825.620329
0.187000	0.632275	526024527.485619
0.189000	0.723057	451574559.097204
0.191000	0.807559	391776239.860003
0.193000	0.938689	314272094.623463
0.195000	1.038210	265858129.643740
0.197000	1.169620	213163761.101662
0.199000	1.257940	183753015.747321
0.201000	1.404583	143607257.173763
0.203000	1.535654	115209289.791907
0.205000	1.663822	92878950.279062
0.207000	1.842095	68828414.632474
0.209000	1.906832	61731369.393979
0.211000	1.968461	55656138.150754
0.213000	2.052913	48290118.331692
0.215000	1.962725	56195386.935298
0.217000	1.904963	61925623.025995
0.219000	1.857260	67096004.962142
0.221000	1.809062	72758504.555712
0.223000	1.757440	79354284.276256
0.225000	1.736361	82216680.529332
0.227000	1.730412	83042904.385005
0.229000	1.728964	83245283.652525
0.231000	1.755995	79547281.191627
0.233000	1.776277	76880961.523361
0.235000	1.833352	69847444.900549
0.237000	1.863470	66399222.812478
0.239000	1.935545	58822540.408945
0.241000	2.014518	51509681.446335
0.243000	2.123350	42897848.520255
0.245000	2.180070	38996568.343876
0.247000	2.264878	33815203.380442
0.249000	2.317258	30965022.961362
0.251000	2.377871	27965347.835647
0.253000	2.423110	25917510.990088
0.255000	2.449788	24780875.839140
0.257000	2.430027	25617904.902001
0.259000	2.450037	24770513.605729
0.261000	2.487070	23275510.028289
0.263000	2.514478	22227422.113042
0.265000	2.533678	21521486.146267
0.267000	2.594498	19429872.182295
0.269000	2.683425	16732028.620831
0.271000	2.771349	14433076.932925
0.273000	2.858950	12456763.319551
0.275000	2.952983	10635435.371381
0.277000	3.074034	8677229.203092
0.279000	3.199370	7028768.762554
0.281000	3.292944	6005711.505668
0.283000	3.424581	4813513.972318
0.285000	3.547568	3914485.900354
0.287000	3.661656	3231348.416275
0.289000	3.784344	2629143.351402
0.291000	3.872469	2267137.436366
0.293000	4.013000	1790119.558487
0.295000	4.116979	1503044.825253
0.297000	4.244481	1213075.406252
0.299000	4.359292	1000159.577039
0.301000	4.490029	802830.713368
0.303000	4.639519	624435.409485
0.305000	4.759044	510772.103925
0.307000	4.881081	416037.957605
0.309000	5.045227	315716.511561
0.311000	5.168049	256820.678273
0.313000	5.337531	193151.729322
0.315000	5.502488	146376.129500
0.317000	5.631897	117759.041638
0.319000	5.796479	89297.673733
0.321000	5.902880	74672.540998
0.323000	6.044204	58882.516611
0.325000	6.150969	49208.751589
0.327000	6.230392	43058.478021
0.329000	6.343326	35613.168023
0.331000	6.441349	30202.841140
0.333000	6.527511	26130.327042
0.335000	6.652385	21182.628061
0.337000	6.759373	17695.876062
0.339000	6.874547	14581.043804
0.341000	6.973449	12347.644068
0.343000	7.085156	10233.679719
0.345000	7.192980	8537.172514
0.347000	7.317437	6925.539511
0.349000	7.415404	5873.973772
0.351000	7.540811	4757.484806
0.353000	7.658828	3901.380377
0.355000	7.784470	3158.584302
0.357000	7.932490	2462.801621
0.359000	8.062156	1980.459694
0.361000	8.206646	1553.385976
0.363000	8.302777	1321.595455
0.365000	8.452370	1027.748485
0.367000	8.555600	864.018452
0.369000	8.656136	729.669247
0.371000	8.688119	691.474803
0.373000	8.806597	566.605997
0.375000	8.818668	555.224214
0.377000	8.919380	468.752061
0.379000	8.959191	438.407721
0.381000	8.995462	412.476141
0.383000	9.101651	345.044286
0.385000	9.161147	312.204162
0.387000	9.233596	276.405752
0.389000	9.290724	251.096292
0.391000	9.353005	226.136908
0.393000	9.410954	205.147029
0.395000	9.463972	187.654543
0.397000	9.522881	169.962173
0.399000	9.586304	152.774294

# Dumping simulation biases, in the metadata file order 
# Window  F (free energy units)
# 0	0.000000
# 1	-7.874940
# 2	-11.951448
# 3	-13.286056
# 4	-14.062048
# 5	-13.322557
# 6	-12.286197
# 7	-11.272376
# 8	-9.207632
# 9	-6.751458
# 10	-4.690525
#Iteration 910:  0.000001
#Iteration 920:  0.000001
#Iteration 930:  0.000001
#Iteration 940:  0.000001
#Iteration 950:  0.000001
#Iteration 960:  0.000001
#Iteration 970:  0.000001
#Iteration 980:  0.000001
#Iteration 990:  0.000001
#Iteration 1000:  0.000000
0.001000	inf	0.000000
0.003000	inf	0.000000
0.005000	inf	0.000000
0.007000	inf	0.000000
0.009000	inf	0.000000
0.011000	inf	0.000000
0.013000	inf	0.000000
0.015000	inf	0.000000
0.017000	inf	0.000000
0.019000	inf	0.000000
0.021000	inf	0.000000
0.023000	inf	0.000000
0.025000	inf	0.000000
0.027000	inf	0.000000
0.029000	inf	0.000000
0.031000	inf	0.000000
0.033000	inf	0.000000
0.035000	inf	0.000000
0.037000	inf	0.000000
0.039000	inf	0.000000
0.041000	inf	0.000000
0.043000	inf	0.000000
0.045000	inf	0.000000
0.047000	inf	0.000000
0.049000	inf	0.000000
0.051000	inf	0.000000
0.053000	inf	0.000000
0.055000	inf	0.000000
0.057000	inf	0.000000
0.059000	inf	0.000000
0.061000	12.341777	1.487171
0.063000	11.089551	12.205573
0.065000	9.969803	80.174961
0.067000	8.988997	416.949608
0.069000	8.028208	2096.596186
0.071000	7.192538	8542.827972
0.073000	6.432706	30642.379064
0.075000	5.727476	100272.250601
0.077000	5.076668	299438.733045
0.079000	4.484026	810907.412615
0.081000	3.956266	1969093.731138
0.083000	3.461938	4520162.597998
0.085000	3.017981	9533851.269692
0.087000	2.623046	18517978.859493
0.089000	2.308304	31432071.782351
0.091000	2.034991	49763065.126458
0.093000	1.823440	71015271.879082
0.095000	1.658087	93771068.315444
0.097000	1.550373	112384526.483290
0.099000	1.460284	130760527.294996
0.101000	1.428728	137884112.139212
0.103000	1.359644	154863611.961456
0.105000	1.359539	154891063.955639
0.107000	1.361515	154377430.474351
0.109000	1.306028	169469718.028614
0.111000	1.266290	181177150.739708
0.113000	1.192544	205089002.064335
0.115000	1.111071	235191729.847646
0.117000	1.069212	252337125.183960
0.119000	1.019696	274240088.572191
0.121000	0.966301	299994046.737360
0.123000	0.933718	316883530.966288
0.125000	0.919872	324345954.798924
0.127000	0.891756	340043479.446897
0.129000	0.867353	354282990.460301
0.131000	0.862244	357338586.332927
0.133000	0.870833	352216387.112009
0.135000	0.901901	334293417.893285
0.137000	0.851842	363642302.719404
0.139000	0.857131	360423580.091787
0.141000	0.781656	409179877.261102
0.143000	0.698426	470627044.748643
0.145000	0.625557	531955410.590612
0.147000	0.523605	631402255.070715
0.149000	0.426474	743391255.701241
0.151000	0.351945	842612174.714178
0.153000	0.247306	1004662116.370369
0.155000	0.173947	1136518643.637736
0.157000	0.125880	1232161928.329435
0.159000	0.099358	1288340173.427853
0.161000	0.050148	1399448105.377065
0.163000	0.014282	1486419425.024464
0.165000	0.019833	1472612951.040999
0.167000	0.000343	1521659212.982820
0.169000	0.000000	1522536556.940704
0.171000	0.016799	1480142650.329646
0.173000	0.086186	1317185790.956932
0.175000	0.136727	1209898405.032677
0.177000	0.179066	1126780533.627565
0.179000	0.265755	973983468.620828
0.181000	0.360367	830766399.195565
0.183000	0.464050	697885892.239861
0.185000	0.553469	600487047.413091
0.187000	0.632286	525971648.718390
0.189000	0.723069	451528779.548768
0.191000	0.807572	391736197.169594
0.193000	0.938702	314239681.965581
0.195000	1.038224	265830401.673906
0.197000	1.169634	213141196.924245
0.199000	1.257956	183733168.165607
0.201000	1.404601	143591313.959525
0.203000	1.535674	115196022.824586
0.205000	1.663846	92867740.785329
0.207000	1.842123	68819618.557737
0.209000	1.906865	61722946.444230
0.211000	1.968500	55647996.117029
0.213000	2.052958	48282551.882175
0.215000	1.962776	56186012.276843
0.217000	1.905020	61914726.181770
0.219000	1.857321	67083682.074800
0.221000	1.809127	72744697.215410
0.223000	1.757508	79338856.945320
0.225000	1.736430	82200415.017489
0.227000	1.730483	83026267.687373
0.229000	1.729036	83228452.480085
0.231000	1.756068	79531083.813494
0.233000	1.776350	76865213.755519
0.235000	1.833426	69833056.112745
0.237000	1.863545	66385458.752735
0.239000	1.935621	58810254.547875
0.241000	2.014595	51498819.256168
0.243000	2.123429	42888690.662390
0.245000	2.180151	38988114.889566
0.247000	2.264961	33807738.377578
0.249000	2.317344	30958046.795713
0.251000	2.377960	27958913.382781
0.253000	2.423202	25911426.135283
0.255000	2.449882	24774952.458561
0.257000	2.430123	25611689.180773
0.259000	2.450135	24764431.936360
0.261000	2.487169	23269743.420769
0.263000	2.514579	22221877.279484
0.265000	2.533779	21516088.884675
0.267000	2.594600	19424978.179153
0.269000	2.683527	16727797.318755
0.271000	2.771452	14429411.847825
0.273000	2.859053	12453584.834070
0.275000	2.953088	10632705.374492
0.277000	3.074140	8674984.985757
0.279000	3.199477	7026933.758769
0.281000	3.293053	6004125.975923
0.283000	3.424691	4812227.179433
0.285000	3.547680	3913425.706795
0.287000	3.661771	3230462.163649
0.289000	3.784461	2628414.092282
0.291000	3.872588	2266502.606645
0.293000	4.013120	1789614.485930
0.295000	4.117099	1502618.234381
0.297000	4.244602	1212729.516426
0.299000	4.359414	999873.314462
0.301000	4.490151	802600.147867
0.303000	4.639642	624255.458214
0.305000	4.759168	510624.326937
0.307000	4.881206	415916.998931
0.309000	5.045353	315624.141576
0.311000	5.168176	256744.932347
0.313000	5.337660	193094.189608
0.315000	5.502619	146332.007468
0.317000	5.632031	117723.081491
0.319000	5.796615	89270.040378
0.321000	5.903019	74649.141784
0.323000	6.044345	58863.861414
0.325000	6.151111	49193.020067
0.327000	6.230535	43044.615957
0.329000	6.343470	35601.642929
0.331000	6.441494	30193.030032
0.333000	6.527656	26121.816152
0.335000	6.652531	21175.715708
0.337000	6.759519	17690.093821
0.339000	6.874693	14576.274721
0.341000	6.973596	12343.602407
0.343000	7.085303	10230.327787
0.345000	7.193127	8534.374385
0.347000	7.317584	6923.267845
0.349000	7.415551	5872.045114
0.351000	7.540958	4755.920635
0.353000	7.658976	3900.095311
0.355000	7.784618	3157.541296
0.357000	7.932639	2461.985675
0.359000	8.062305	1979.800792
0.361000	8.206797	1552.866557
0.363000	8.302929	1321.151050
0.365000	8.452523	1027.400870
0.367000	8.555754	863.724582
0.369000	8.656291	729.419844
0.371000	8.688275	691.237487
0.373000	8.806753	566.410914
0.375000	8.818825	555.032593
0.377000	8.919537	468.590004
0.379000	8.959349	438.255970
0.381000	8.995620	412.333245
0.383000	9.101809	344.924681
0.385000	9.161306	312.095899
0.387000	9.233754	276.309877
0.389000	9.290882	251.009180
0.391000	9.353164	226.058446
0.393000	9.411113	205.075844
0.395000	9.464131	187.589424
0.397000	9.523040	169.903191
0.399000	9.586462	152.721276

# Dumping simulation biases, in the metadata file order 
# Window  F (free energy units)
# 0	0.000000
# 1	-7.874938
# 2	-11.951442
# 3	-13.286037
# 4	-14.062005
# 5	-13.322497
# 6	-12.286076
# 7	-11.272227
# 8	-9.207463
# 9	-6.751266
# 10	-4.690320
#Iteration 1010:  0.000000
# Dumping simulation biases, in the metadata file order 
# Window  F (free energy units)
# 0	0.000000
# 1	-7.874938
# 2	-11.951442
# 3	-13.286035
# 4	-14.062002
# 5	-13.322492
# 6	-12.286067
# 7	-11.272216
# 8	-9.207450
# 9	-6.751250
# 10	-4.690304
# No MC error analysis requested
