# /home/btan/Software/WHAM/wham/wham/wham 0.0 0.4 200 1e-06 300 0 /home/btan/Documents/BD2_DCAF16_8ov6/umbrella_sampling/RMSD/results/backbone_RMSD/BD2/run1/RED/metafile.txt /home/btan/Documents/BD2_DCAF16_8ov6/umbrella_sampling/RMSD/results/backbone_RMSD/BD2/run1/RED/pmf.txt
#Number of windows = 11
#Iteration 10:  0.048106
#Iteration 20:  0.026541
#Iteration 30:  0.018480
#Iteration 40:  0.014628
#Iteration 50:  0.012557
#Iteration 60:  0.012160
#Iteration 70:  0.011717
#Iteration 80:  0.011065
#Iteration 90:  0.010328
#Iteration 100:  0.009572
0.001000	inf	0.000000
0.003000	inf	0.000000
0.005000	inf	0.000000
0.007000	inf	0.000000
0.009000	inf	0.000000
0.011000	inf	0.000000
0.013000	inf	0.000000
0.015000	inf	0.000000
0.017000	inf	0.000000
0.019000	inf	0.000000
0.021000	inf	0.000000
0.023000	inf	0.000000
0.025000	inf	0.000000
0.027000	inf	0.000000
0.029000	inf	0.000000
0.031000	inf	0.000000
0.033000	inf	0.000000
0.035000	inf	0.000000
0.037000	inf	0.000000
0.039000	inf	0.000000
0.041000	inf	0.000000
0.043000	11.190561	0.002637
0.045000	inf	0.000000
0.047000	10.653291	0.006507
0.049000	8.941280	0.115680
0.051000	7.676783	0.969200
0.053000	6.586754	6.056152
0.055000	5.751888	24.643212
0.057000	4.928140	98.419362
0.059000	4.187251	341.957321
0.061000	3.539544	1015.862642
0.063000	2.995815	2533.897133
0.065000	2.509335	5740.467370
0.067000	2.075730	11898.816967
0.069000	1.704016	22226.776921
0.071000	1.416971	36011.061094
0.073000	1.169084	54627.042421
0.075000	0.986951	74195.006348
0.077000	0.852453	93017.800762
0.079000	0.761911	108309.673949
0.081000	0.685516	123151.529225
0.083000	0.609564	139922.909123
0.085000	0.545131	155929.686125
0.087000	0.483349	172994.909989
0.089000	0.419467	192606.365478
0.091000	0.379349	206043.803756
0.093000	0.295922	237063.955252
0.095000	0.235381	262460.423407
0.097000	0.187482	284467.781159
0.099000	0.145337	305352.562742
0.101000	0.151653	302127.688356
0.103000	0.177265	289395.987049
0.105000	0.219999	269335.680203
0.107000	0.279427	243729.366831
0.109000	0.361968	212152.633439
0.111000	0.454342	181639.296879
0.113000	0.572141	149008.063016
0.115000	0.673288	125709.066341
0.117000	0.775855	105800.392208
0.119000	0.863570	91295.702221
0.121000	0.940322	80244.834223
0.123000	1.079710	63482.757001
0.125000	1.180187	53616.866372
0.127000	1.294845	44217.513109
0.129000	1.347934	40442.351471
0.131000	1.452954	33897.373578
0.133000	1.626218	25332.210242
0.135000	1.731238	21232.561810
0.137000	1.773352	19781.391992
0.139000	1.768928	19929.058800
0.141000	1.635174	24953.684338
0.143000	1.345350	40618.439877
0.145000	1.030727	68931.186837
0.147000	0.792854	102819.784033
0.149000	0.566389	150455.936363
0.151000	0.373029	208244.501072
0.153000	0.239481	260657.817029
0.155000	0.118903	319227.384946
0.157000	0.039659	364713.839686
0.159000	0.000000	389857.458188
0.161000	0.021561	375980.445614
0.163000	0.062482	350986.338668
0.165000	0.084808	338058.138439
0.167000	0.145883	305072.487337
0.169000	0.188547	283959.091077
0.171000	0.259851	251883.594932
0.173000	0.292232	238539.257931
0.175000	0.335934	221643.391315
0.177000	0.402701	198111.955989
0.179000	0.462923	179038.204797
0.181000	0.557375	152753.010555
0.183000	0.684843	123290.918402
0.185000	0.786587	103908.719090
0.187000	0.925429	82279.027304
0.189000	1.081364	63306.468559
0.191000	1.239294	48545.593631
0.193000	1.390551	37646.446161
0.195000	1.602243	26374.042122
0.197000	1.749698	20583.809241
0.199000	1.961429	14419.484264
0.201000	2.060356	12210.329813
0.203000	2.166631	10212.704577
0.205000	2.179746	9990.003890
0.207000	2.160276	10322.388294
0.209000	2.133987	10788.797511
0.211000	2.107002	11289.455649
0.213000	2.049967	12425.457829
0.215000	2.028697	12877.757785
0.217000	2.043986	12551.015762
0.219000	2.090233	11612.228144
0.221000	2.141632	10651.031637
0.223000	2.168047	10188.430464
0.225000	2.268146	8610.512157
0.227000	2.337776	7659.404466
0.229000	2.456203	6276.770573
0.231000	2.545772	5399.404216
0.233000	2.664090	4425.550051
0.235000	2.761582	3756.578941
0.237000	2.867525	3143.748208
0.239000	3.001163	2511.217147
0.241000	3.095503	2142.943816
0.243000	3.201140	1794.276310
0.245000	3.285255	1557.689696
0.247000	3.390242	1305.673144
0.249000	3.409391	1264.313136
0.251000	3.399773	1284.919186
0.253000	3.343735	1411.845937
0.255000	3.318931	1471.957253
0.257000	3.244801	1667.303611
0.259000	3.235785	1692.764979
0.261000	3.166846	1900.755182
0.263000	3.177821	1866.009502
0.265000	3.181464	1854.616937
0.267000	3.204652	1783.716112
0.269000	3.256056	1636.055845
0.271000	3.296910	1527.467047
0.273000	3.362686	1367.576205
0.275000	3.421656	1238.511988
0.277000	3.524739	1041.462691
0.279000	3.614420	895.718550
0.281000	3.692864	785.060051
0.283000	3.783741	673.841136
0.285000	3.870473	582.422898
0.287000	3.954187	505.966694
0.289000	4.066307	419.052112
0.291000	4.162459	356.510006
0.293000	4.266780	299.165348
0.295000	4.373008	250.241106
0.297000	4.470661	212.356965
0.299000	4.588536	174.184978
0.301000	4.699053	144.652916
0.303000	4.792455	123.634014
0.305000	4.881169	106.505459
0.307000	5.032562	82.574574
0.309000	5.120761	71.196040
0.311000	5.229328	59.319307
0.313000	5.340532	49.205157
0.315000	5.456985	40.456981
0.317000	5.561368	33.945895
0.319000	5.672700	28.151978
0.321000	5.780191	23.498162
0.323000	5.845158	21.067082
0.325000	5.947837	17.727306
0.327000	5.969820	17.084189
0.329000	6.053009	14.854623
0.331000	6.085510	14.064809
0.333000	6.132062	13.006136
0.335000	6.132134	13.004563
0.337000	6.133289	12.979331
0.339000	6.096130	13.815940
0.341000	6.071513	14.399676
0.343000	6.036509	15.272398
0.345000	6.008800	16.000598
0.347000	5.997262	16.313978
0.349000	6.035828	15.289891
0.351000	6.036904	15.262262
0.353000	6.075953	14.292593
0.355000	6.087463	14.018697
0.357000	6.130692	13.036130
0.359000	6.161390	12.380456
0.361000	6.184751	11.903708
0.363000	6.236380	10.914145
0.365000	6.272015	10.279556
0.367000	6.320445	9.475836
0.369000	6.396046	8.344962
0.371000	6.460598	7.486830
0.373000	6.545430	6.491808
0.375000	6.638376	5.552776
0.377000	6.748260	4.616238
0.379000	6.841304	3.947852
0.381000	6.955330	3.259232
0.383000	7.056760	2.748310
0.385000	7.169790	2.272726
0.387000	7.256520	1.964396
0.389000	7.313068	1.786266
0.391000	7.416237	1.501850
0.393000	7.462127	1.390349
0.395000	7.545532	1.208465
0.397000	7.596319	1.109574
0.399000	7.620419	1.065520

# Dumping simulation biases, in the metadata file order 
# Window  F (free energy units)
# 0	0.000000
# 1	-6.088066
# 2	-8.662529
# 3	-8.663643
# 4	-9.039970
# 5	-8.094827
# 6	-6.645117
# 7	-5.767708
# 8	-4.133109
# 9	-3.128125
# 10	-1.796444
#Iteration 110:  0.008835
#Iteration 120:  0.008135
#Iteration 130:  0.007481
#Iteration 140:  0.006874
#Iteration 150:  0.006315
#Iteration 160:  0.005802
#Iteration 170:  0.005331
#Iteration 180:  0.004900
#Iteration 190:  0.004504
#Iteration 200:  0.004142
0.001000	inf	0.000000
0.003000	inf	0.000000
0.005000	inf	0.000000
0.007000	inf	0.000000
0.009000	inf	0.000000
0.011000	inf	0.000000
0.013000	inf	0.000000
0.015000	inf	0.000000
0.017000	inf	0.000000
0.019000	inf	0.000000
0.021000	inf	0.000000
0.023000	inf	0.000000
0.025000	inf	0.000000
0.027000	inf	0.000000
0.029000	inf	0.000000
0.031000	inf	0.000000
0.033000	inf	0.000000
0.035000	inf	0.000000
0.037000	inf	0.000000
0.039000	inf	0.000000
0.041000	inf	0.000000
0.043000	10.963968	0.002637
0.045000	inf	0.000000
0.047000	10.426742	0.006506
0.049000	8.714770	0.115657
0.051000	7.450332	0.968911
0.053000	6.360390	6.053466
0.055000	5.525651	24.626975
0.057000	4.702092	98.323424
0.059000	3.961477	341.466758
0.061000	3.314164	1013.733883
0.063000	2.770992	2526.218901
0.065000	2.285285	5715.641503
0.067000	1.852726	11826.546813
0.069000	1.482390	22040.634185
0.071000	1.197118	35603.206465
0.073000	0.951464	53806.013108
0.075000	0.772095	72741.204011
0.077000	0.640954	90681.933077
0.079000	0.554390	104886.054074
0.081000	0.482549	118349.332020
0.083000	0.411606	133339.394939
0.085000	0.352486	147271.670392
0.087000	0.296229	161878.859481
0.089000	0.238109	178492.967509
0.091000	0.204128	188985.685638
0.093000	0.127391	215006.536799
0.095000	0.074175	235126.904923
0.097000	0.034122	251502.886884
0.099000	0.000000	266350.893882
0.101000	0.014024	260145.211546
0.103000	0.046557	246300.064699
0.105000	0.095124	226990.588246
0.107000	0.159214	203806.854755
0.109000	0.245344	176335.082506
0.111000	0.340439	150284.382510
0.113000	0.460329	122853.527658
0.115000	0.563174	103348.717078
0.117000	0.667271	86757.687505
0.119000	0.756575	74663.948499
0.121000	0.835217	65418.089334
0.123000	0.977086	51537.716441
0.125000	1.081007	43277.000619
0.127000	1.200559	35397.871626
0.129000	1.260633	31997.739705
0.131000	1.375537	26377.446256
0.133000	1.562523	19262.953496
0.135000	1.686036	15651.314501
0.137000	1.752086	14006.534729
0.139000	1.777060	13430.677831
0.141000	1.677187	15885.888865
0.143000	1.423674	24327.116186
0.145000	1.145086	38857.538323
0.147000	0.940375	54818.374425
0.149000	0.742425	76461.241395
0.151000	0.572277	101779.179484
0.153000	0.456950	123553.387785
0.155000	0.350498	147764.609071
0.157000	0.282426	165678.775737
0.159000	0.252124	174336.902826
0.161000	0.282253	165727.005862
0.163000	0.331795	152484.045099
0.165000	0.363382	144598.788786
0.167000	0.434605	128282.508589
0.169000	0.488151	117240.066396
0.171000	0.570550	102075.084092
0.173000	0.613535	94959.426531
0.175000	0.666714	86838.993891
0.177000	0.741459	76585.455275
0.179000	0.808108	68468.187791
0.181000	0.907636	57919.896099
0.183000	1.039167	46430.387002
0.185000	1.144366	38904.643053
0.187000	1.286478	30637.377918
0.189000	1.445946	23433.155529
0.191000	1.608169	17840.130928
0.193000	1.765052	13704.537671
0.195000	1.984375	9478.650060
0.197000	2.142214	7269.673364
0.199000	2.367821	4975.182544
0.201000	2.484648	4088.069205
0.203000	2.612890	3295.293282
0.205000	2.651319	3089.149705
0.207000	2.658964	3049.700951
0.209000	2.659537	3046.766280
0.211000	2.657177	3058.879851
0.213000	2.621157	3249.815727
0.215000	2.616763	3273.912614
0.217000	2.644957	3122.363223
0.219000	2.700731	2842.925926
0.221000	2.759006	2577.633084
0.223000	2.790351	2445.329459
0.225000	2.894034	2054.200343
0.227000	2.966390	1818.942695
0.229000	3.087084	1484.928445
0.231000	3.178806	1272.750791
0.233000	3.299492	1039.046709
0.235000	3.399923	877.636490
0.237000	3.509787	729.638394
0.239000	3.648824	577.568202
0.241000	3.750622	486.726102
0.243000	3.866403	400.642903
0.245000	3.963893	340.082832
0.247000	4.085739	277.095856
0.249000	4.124940	259.424442
0.251000	4.137576	253.972145
0.253000	4.104408	268.534611
0.255000	4.101334	269.925754
0.257000	4.046370	296.054455
0.259000	4.053200	292.674557
0.261000	3.996711	321.829352
0.263000	4.017136	310.966658
0.265000	4.027856	305.413328
0.267000	4.056417	291.096281
0.269000	4.112118	265.076631
0.271000	4.156756	245.913929
0.273000	4.226307	218.779610
0.275000	4.289512	196.726790
0.277000	4.397723	164.007398
0.279000	4.493785	139.550912
0.281000	4.580073	120.708437
0.283000	4.680205	102.008354
0.285000	4.777213	86.659060
0.287000	4.871538	73.952280
0.289000	4.993794	60.214023
0.291000	5.098928	50.459587
0.293000	5.210693	41.816587
0.295000	5.322760	34.636462
0.297000	5.424805	29.176586
0.299000	5.545897	23.802924
0.301000	5.658745	19.689971
0.303000	5.753857	16.780626
0.305000	5.843881	14.423991
0.307000	5.996373	11.162394
0.309000	6.085627	9.607197
0.311000	6.195368	7.988766
0.313000	6.308046	6.610248
0.315000	6.426494	5.416814
0.317000	6.533676	4.523716
0.319000	6.648968	3.726707
0.321000	6.762031	3.081649
0.323000	6.834683	2.727361
0.325000	6.947645	2.255660
0.327000	6.982809	2.126191
0.329000	7.081985	1.799691
0.331000	7.132622	1.652836
0.333000	7.198249	1.480193
0.335000	7.216854	1.434616
0.337000	7.234679	1.392267
0.339000	7.211508	1.447567
0.341000	7.197965	1.480901
0.343000	7.171342	1.548683
0.345000	7.149775	1.605858
0.347000	7.142659	1.625183
0.349000	7.184405	1.515045
0.351000	7.187818	1.506377
0.353000	7.228684	1.406369
0.355000	7.241754	1.375807
0.357000	7.286505	1.276105
0.359000	7.318890	1.208493
0.361000	7.344277	1.158004
0.363000	7.398428	1.057247
0.365000	7.437173	0.990582
0.367000	7.489296	0.907480
0.369000	7.569032	0.793644
0.371000	7.637891	0.706895
0.373000	7.726874	0.608685
0.375000	7.823526	0.517405
0.377000	7.936501	0.427910
0.379000	8.031975	0.364461
0.381000	8.147827	0.299966
0.383000	8.250582	0.252380
0.385000	8.364550	0.208378
0.387000	8.451931	0.179911
0.389000	8.508926	0.163474
0.391000	8.612399	0.137375
0.393000	8.658495	0.127132
0.395000	8.742037	0.110475
0.397000	8.792918	0.101419
0.399000	8.817080	0.097382

# Dumping simulation biases, in the metadata file order 
# Window  F (free energy units)
# 0	0.000000
# 1	-6.078608
# 2	-8.617043
# 3	-8.546662
# 4	-8.561324
# 5	-7.512241
# 6	-5.793211
# 7	-4.690616
# 8	-2.952630
# 9	-1.760262
# 10	-0.386668
#Iteration 210:  0.003810
#Iteration 220:  0.003506
#Iteration 230:  0.003227
#Iteration 240:  0.002970
#Iteration 250:  0.002735
#Iteration 260:  0.002519
#Iteration 270:  0.002321
#Iteration 280:  0.002138
#Iteration 290:  0.001971
#Iteration 300:  0.001816
0.001000	inf	0.000000
0.003000	inf	0.000000
0.005000	inf	0.000000
0.007000	inf	0.000000
0.009000	inf	0.000000
0.011000	inf	0.000000
0.013000	inf	0.000000
0.015000	inf	0.000000
0.017000	inf	0.000000
0.019000	inf	0.000000
0.021000	inf	0.000000
0.023000	inf	0.000000
0.025000	inf	0.000000
0.027000	inf	0.000000
0.029000	inf	0.000000
0.031000	inf	0.000000
0.033000	inf	0.000000
0.035000	inf	0.000000
0.037000	inf	0.000000
0.039000	inf	0.000000
0.041000	inf	0.000000
0.043000	10.928200	0.002637
0.045000	inf	0.000000
0.047000	10.390994	0.006506
0.049000	8.679039	0.115647
0.051000	7.414626	0.968784
0.053000	6.324722	6.052287
0.055000	5.490040	24.619853
0.057000	4.666563	98.281343
0.059000	3.926068	341.251632
0.061000	3.278929	1012.800625
0.063000	2.736001	2522.854048
0.065000	2.250634	5704.767703
0.067000	1.818536	11794.914079
0.069000	1.448808	21959.232848
0.071000	1.164319	35425.066416
0.073000	0.919652	53448.027932
0.075000	0.741505	72108.918041
0.077000	0.611848	89669.729003
0.079000	0.527038	103409.873481
0.081000	0.457200	116291.601407
0.083000	0.388453	130538.199395
0.085000	0.331662	143614.503751
0.087000	0.277832	157216.161666
0.089000	0.222256	172611.937805
0.091000	0.190999	181923.962228
0.093000	0.117235	205940.668613
0.095000	0.067262	223988.354712
0.097000	0.030650	238206.736091
0.099000	0.000000	250801.611757
0.101000	0.017312	243608.011465
0.103000	0.052759	229516.015358
0.105000	0.103758	210659.353210
0.107000	0.169786	188528.283473
0.109000	0.257422	162703.582662
0.111000	0.353691	138393.360639
0.113000	0.474538	112951.119965
0.115000	0.578240	94881.648685
0.117000	0.683215	79532.411059
0.119000	0.773549	68327.395750
0.121000	0.853531	59731.544313
0.123000	0.997248	46911.762944
0.125000	1.103787	39219.532529
0.127000	1.227068	31878.690846
0.129000	1.292407	28562.693002
0.131000	1.414601	23258.961732
0.133000	1.611380	16708.220599
0.135000	1.747512	13290.647936
0.137000	1.828961	11590.007432
0.139000	1.871531	10789.592490
0.141000	1.790314	12367.955504
0.143000	1.555084	18366.623329
0.145000	1.293091	28529.856732
0.147000	1.102442	39308.308953
0.149000	0.915763	53798.591322
0.151000	0.754304	70574.095180
0.153000	0.645553	84730.523062
0.155000	0.544122	100482.461844
0.157000	0.480053	111908.823427
0.159000	0.453210	117074.160451
0.161000	0.486651	110674.358290
0.163000	0.539663	101238.378285
0.165000	0.575067	95389.077876
0.167000	0.650498	84029.071159
0.169000	0.708521	76220.072925
0.171000	0.795416	65861.429282
0.173000	0.842619	60837.333403
0.175000	0.899502	55289.432750
0.177000	0.977328	48509.289506
0.179000	1.046448	43187.999782
0.181000	1.147946	36413.633518
0.183000	1.281100	29110.750015
0.185000	1.387752	24332.774770
0.187000	1.531334	19114.736686
0.189000	1.692493	14578.514880
0.191000	1.856857	11059.061604
0.193000	2.016594	8454.753380
0.195000	2.239783	5809.784067
0.197000	2.402807	4417.162540
0.199000	2.635160	2988.906059
0.201000	2.760370	2421.594965
0.203000	2.898419	1920.072842
0.205000	2.947528	1767.930751
0.207000	2.965930	1714.080155
0.209000	2.976511	1683.859796
0.211000	2.982803	1666.145076
0.213000	2.953800	1749.389820
0.215000	2.954811	1746.420457
0.217000	2.987012	1654.396793
0.219000	3.045682	1499.019300
0.221000	3.106028	1354.414226
0.223000	3.138862	1281.682512
0.225000	3.243654	1074.674186
0.227000	3.316897	950.178181
0.229000	3.438392	774.651497
0.231000	3.530953	663.027635
0.233000	3.652644	540.369142
0.235000	3.754388	455.419431
0.237000	3.866047	377.479564
0.239000	4.007570	297.559495
0.241000	4.112778	249.325065
0.243000	4.233116	203.663024
0.245000	4.336456	171.186125
0.247000	4.465420	137.821613
0.249000	4.512728	127.285602
0.251000	4.533929	122.829147
0.253000	4.509120	128.059988
0.255000	4.513597	127.099862
0.257000	4.464997	137.919539
0.259000	4.476895	135.188362
0.261000	4.424276	147.691231
0.263000	4.447586	142.015902
0.265000	4.460451	138.977469
0.267000	4.490656	132.097117
0.269000	4.547707	120.017016
0.271000	4.593584	111.109118
0.273000	4.664430	98.634324
0.275000	4.729140	88.468008
0.277000	4.839206	73.524490
0.279000	4.937583	62.317625
0.281000	5.026695	53.648044
0.283000	5.130110	45.087419
0.285000	5.230692	38.073650
0.287000	5.328625	32.294440
0.289000	5.454252	26.146472
0.291000	5.562311	21.803352
0.293000	5.676459	17.996536
0.295000	5.790369	14.860325
0.297000	5.893788	12.488961
0.299000	6.015882	10.171639
0.301000	6.129457	8.403780
0.303000	6.225108	7.155563
0.305000	6.315557	6.146261
0.307000	6.468421	4.753476
0.309000	6.558051	4.088612
0.311000	6.668231	3.397337
0.313000	6.781478	2.808418
0.315000	6.900706	2.298361
0.317000	7.008986	1.915878
0.319000	7.125828	1.574222
0.321000	7.241052	1.297019
0.323000	7.316643	1.142248
0.325000	7.433458	0.938597
0.327000	7.473429	0.877602
0.329000	7.578247	0.735825
0.331000	7.635041	0.668823
0.333000	7.706881	0.592740
0.335000	7.731276	0.568925
0.337000	7.754111	0.547499
0.339000	7.735008	0.565367
0.341000	7.724600	0.575345
0.343000	7.700302	0.599332
0.345000	7.680417	0.619704
0.347000	7.674503	0.625896
0.349000	7.717113	0.582632
0.351000	7.721167	0.578675
0.353000	7.762544	0.539793
0.355000	7.776069	0.527659
0.357000	7.821283	0.489040
0.359000	7.854196	0.462717
0.361000	7.880234	0.442901
0.363000	7.935201	0.403810
0.365000	7.974954	0.377707
0.367000	8.028270	0.345328
0.369000	8.109333	0.301336
0.371000	8.179561	0.267781
0.373000	8.269853	0.230071
0.375000	8.367665	0.195188
0.377000	8.481599	0.161167
0.379000	8.577823	0.137096
0.381000	8.694237	0.112730
0.383000	8.797397	0.094782
0.385000	8.911651	0.078219
0.387000	8.999231	0.067511
0.389000	9.056361	0.061329
0.391000	9.159927	0.051530
0.393000	9.206085	0.047682
0.395000	9.289670	0.041432
0.397000	9.340579	0.038034
0.399000	9.364760	0.036519

# Dumping simulation biases, in the metadata file order 
# Window  F (free energy units)
# 0	0.000000
# 1	-6.074512
# 2	-8.597471
# 3	-8.496258
# 4	-8.326822
# 5	-7.235163
# 6	-5.409497
# 7	-4.222506
# 8	-2.449032
# 9	-1.195114
# 10	0.191903
#Iteration 310:  0.001674
#Iteration 320:  0.001543
#Iteration 330:  0.001423
#Iteration 340:  0.001312
#Iteration 350:  0.001210
#Iteration 360:  0.001116
#Iteration 370:  0.001029
#Iteration 380:  0.000949
#Iteration 390:  0.000876
#Iteration 400:  0.000808
0.001000	inf	0.000000
0.003000	inf	0.000000
0.005000	inf	0.000000
0.007000	inf	0.000000
0.009000	inf	0.000000
0.011000	inf	0.000000
0.013000	inf	0.000000
0.015000	inf	0.000000
0.017000	inf	0.000000
0.019000	inf	0.000000
0.021000	inf	0.000000
0.023000	inf	0.000000
0.025000	inf	0.000000
0.027000	inf	0.000000
0.029000	inf	0.000000
0.031000	inf	0.000000
0.033000	inf	0.000000
0.035000	inf	0.000000
0.037000	inf	0.000000
0.039000	inf	0.000000
0.041000	inf	0.000000
0.043000	10.912568	0.002637
0.045000	inf	0.000000
0.047000	10.375370	0.006506
0.049000	8.663423	0.115642
0.051000	7.399021	0.968729
0.053000	6.309134	6.051773
0.055000	5.474476	24.616750
0.057000	4.651035	98.263012
0.059000	3.910593	341.157926
0.061000	3.263528	1012.394155
0.063000	2.720708	2521.388740
0.065000	2.235489	5700.033366
0.067000	1.803591	11781.145072
0.069000	1.434129	21923.812809
0.071000	1.149982	35347.589197
0.073000	0.905747	53292.439391
0.075000	0.728135	71834.397995
0.077000	0.599127	89230.932893
0.079000	0.515084	102771.287440
0.081000	0.446120	115403.778795
0.083000	0.378330	129333.178240
0.085000	0.322555	142046.023984
0.087000	0.269786	155222.221085
0.089000	0.215324	170103.857959
0.091000	0.185263	178920.594956
0.093000	0.112804	202096.726856
0.095000	0.064253	219282.965698
0.097000	0.029143	232614.599518
0.099000	0.000000	244294.072433
0.101000	0.018731	236721.827694
0.103000	0.055429	222559.547175
0.105000	0.107470	203916.995717
0.107000	0.174330	182239.259650
0.109000	0.262618	157103.716926
0.111000	0.359407	133513.563568
0.113000	0.480693	108887.818747
0.115000	0.584812	91404.286721
0.117000	0.690241	76559.210544
0.119000	0.781133	65711.395964
0.121000	0.861862	57372.581363
0.123000	1.006623	44980.098144
0.125000	1.114644	37511.012665
0.127000	1.240027	30382.407145
0.129000	1.308305	27087.888801
0.131000	1.434506	21909.917368
0.133000	1.636554	15600.360530
0.135000	1.779281	12272.561405
0.137000	1.868500	10563.330360
0.139000	1.919588	9694.007323
0.141000	1.847008	10951.928591
0.143000	1.619871	16044.037066
0.145000	1.364924	24628.592858
0.147000	1.180038	33606.018751
0.149000	0.997851	45648.245298
0.151000	0.839789	59541.381458
0.153000	0.733583	71179.523651
0.155000	0.634098	84136.574550
0.157000	0.571603	93456.642148
0.159000	0.546155	97541.333550
0.161000	0.580970	91996.484342
0.163000	0.635456	83944.760346
0.165000	0.672502	78876.573683
0.167000	0.749750	69271.156539
0.169000	0.809701	62630.289816
0.171000	0.898521	53943.769831
0.173000	0.947516	49678.846876
0.175000	1.005964	45029.926002
0.177000	1.085085	39421.961310
0.179000	1.155245	35036.241820
0.181000	1.257577	29499.165731
0.183000	1.391429	23555.356736
0.185000	1.498721	19668.020543
0.187000	1.642969	15433.026406
0.189000	1.804911	11755.038068
0.191000	1.970280	8902.159532
0.193000	2.131363	6790.405063
0.195000	2.356369	4651.874094
0.197000	2.521809	3522.473360
0.199000	2.757263	2371.113169
0.201000	2.886259	1908.876396
0.203000	3.028642	1502.555401
0.205000	3.082355	1372.828587
0.207000	3.105277	1320.937228
0.209000	3.119963	1288.726484
0.211000	3.129725	1267.750415
0.213000	3.103486	1324.919721
0.215000	3.106597	1318.010547
0.217000	3.140340	1245.330327
0.219000	3.200117	1126.272594
0.221000	3.261253	1016.273352
0.223000	3.294660	960.775443
0.225000	3.399883	805.012703
0.227000	3.473483	711.329780
0.229000	3.595313	579.599598
0.231000	3.688238	495.777995
0.233000	3.810378	403.755312
0.235000	3.912719	339.940676
0.237000	4.025201	281.374429
0.239000	4.167862	221.377720
0.241000	4.274624	185.008558
0.243000	4.397020	150.603564
0.245000	4.502971	126.033333
0.247000	4.635063	100.936991
0.249000	4.685871	92.674003
0.251000	4.710695	88.886252
0.253000	4.689352	92.133213
0.255000	4.696902	90.971272
0.257000	4.650852	98.293311
0.259000	4.664754	96.022798
0.261000	4.613651	104.636344
0.263000	4.638086	100.425411
0.265000	4.651788	98.138660
0.267000	4.682638	93.179048
0.269000	4.740226	84.581564
0.271000	4.786606	78.237592
0.273000	4.857988	69.390945
0.275000	4.923328	62.172794
0.277000	5.034177	51.602966
0.279000	5.133532	43.665615
0.281000	5.223833	37.515816
0.283000	5.328622	31.456656
0.285000	5.430690	26.497041
0.287000	5.530110	22.418917
0.289000	5.657115	18.108963
0.291000	5.766363	15.070807
0.293000	5.881472	12.419388
0.295000	5.996122	10.242334
0.297000	6.100092	8.599934
0.299000	6.222587	6.999501
0.301000	6.336453	5.780134
0.303000	6.432322	4.919808
0.305000	6.522944	4.224631
0.307000	6.675963	3.266452
0.309000	6.765753	2.808824
0.311000	6.876121	2.333184
0.313000	6.989616	1.927932
0.315000	7.109185	1.576882
0.317000	7.217946	1.313402
0.319000	7.335466	1.077956
0.321000	7.451630	0.886737
0.323000	7.528493	0.779256
0.325000	7.646961	0.638545
0.327000	7.688976	0.595002
0.329000	7.796161	0.496898
0.331000	7.855504	0.449721
0.333000	7.929877	0.396869
0.335000	7.956599	0.379436
0.337000	7.981425	0.363927
0.339000	7.963919	0.374796
0.341000	7.954733	0.380628
0.343000	7.931335	0.395897
0.345000	7.912099	0.408908
0.347000	7.906648	0.412673
0.349000	7.949591	0.383932
0.351000	7.953894	0.381165
0.353000	7.995471	0.355435
0.355000	8.009175	0.347340
0.357000	8.054576	0.321818
0.359000	8.087705	0.304385
0.361000	8.114009	0.291219
0.363000	8.169312	0.265366
0.365000	8.209480	0.248039
0.367000	8.263286	0.226589
0.369000	8.344891	0.197543
0.371000	8.415680	0.175381
0.373000	8.506505	0.150548
0.375000	8.604787	0.127621
0.377000	8.719110	0.105308
0.379000	8.815638	0.089534
0.381000	8.932278	0.073593
0.383000	9.035602	0.061859
0.385000	9.149971	0.051040
0.387000	9.237631	0.044046
0.389000	9.294816	0.040009
0.391000	9.398419	0.033615
0.393000	9.444603	0.031104
0.395000	9.528204	0.027026
0.397000	9.579125	0.024809
0.399000	9.603314	0.023820

# Dumping simulation biases, in the metadata file order 
# Window  F (free energy units)
# 0	0.000000
# 1	-6.072735
# 2	-8.589001
# 3	-8.474403
# 4	-8.219675
# 5	-7.109652
# 6	-5.238521
# 7	-4.015857
# 8	-2.227686
# 9	-0.948470
# 10	0.444039
#Iteration 410:  0.000745
#Iteration 420:  0.000687
#Iteration 430:  0.000634
#Iteration 440:  0.000585
#Iteration 450:  0.000540
#Iteration 460:  0.000498
#Iteration 470:  0.000460
#Iteration 480:  0.000424
#Iteration 490:  0.000391
#Iteration 500:  0.000361
0.001000	inf	0.000000
0.003000	inf	0.000000
0.005000	inf	0.000000
0.007000	inf	0.000000
0.009000	inf	0.000000
0.011000	inf	0.000000
0.013000	inf	0.000000
0.015000	inf	0.000000
0.017000	inf	0.000000
0.019000	inf	0.000000
0.021000	inf	0.000000
0.023000	inf	0.000000
0.025000	inf	0.000000
0.027000	inf	0.000000
0.029000	inf	0.000000
0.031000	inf	0.000000
0.033000	inf	0.000000
0.035000	inf	0.000000
0.037000	inf	0.000000
0.039000	inf	0.000000
0.041000	inf	0.000000
0.043000	10.905625	0.002637
0.045000	inf	0.000000
0.047000	10.368431	0.006506
0.049000	8.656487	0.115640
0.051000	7.392090	0.968704
0.053000	6.302210	6.051546
0.055000	5.467563	24.615374
0.057000	4.644138	98.254881
0.059000	3.903719	341.116364
0.061000	3.256688	1012.213879
0.063000	2.713915	2520.738891
0.065000	2.228762	5697.933917
0.067000	1.796954	11775.039871
0.069000	1.427609	21908.109865
0.071000	1.143614	35313.248006
0.073000	0.899571	53223.497084
0.075000	0.722197	71712.812541
0.077000	0.593477	89036.721084
0.079000	0.509775	102488.910602
0.081000	0.441198	115011.644791
0.083000	0.373834	128801.632753
0.085000	0.318510	141355.068492
0.087000	0.266211	154344.950188
0.089000	0.212245	169001.703921
0.091000	0.182716	177602.389507
0.093000	0.110838	200411.883245
0.095000	0.062919	217223.917807
0.097000	0.028476	230172.283362
0.099000	0.000000	241458.109685
0.101000	0.019358	233727.412450
0.103000	0.056608	219540.614922
0.105000	0.109108	200995.823498
0.107000	0.176334	179517.851665
0.109000	0.264912	154682.431680
0.111000	0.361933	131404.357836
0.113000	0.483421	107131.363787
0.115000	0.587736	89900.265973
0.117000	0.693383	75271.825840
0.119000	0.784549	64576.699080
0.121000	0.865647	56346.819538
0.123000	1.010928	44137.360486
0.125000	1.119686	36762.620152
0.127000	1.246111	29724.111950
0.129000	1.315839	26436.499032
0.131000	1.444000	21312.731611
0.133000	1.648593	15110.330317
0.135000	1.794463	11824.445562
0.137000	1.887317	10115.610604
0.139000	1.942313	9222.354914
0.141000	1.873613	10351.333449
0.143000	1.650040	15073.636038
0.145000	1.398140	23020.747829
0.147000	1.215709	31282.708090
0.149000	1.035415	42357.430572
0.151000	0.878773	55117.202290
0.153000	0.773629	65773.054464
0.155000	0.674958	77639.628962
0.157000	0.613127	86143.787507
0.159000	0.588276	89818.701212
0.161000	0.623688	84627.914355
0.163000	0.678821	77137.175342
0.165000	0.716592	72391.689241
0.167000	0.794643	63490.159672
0.169000	0.855447	57321.359468
0.171000	0.945114	49300.842205
0.173000	0.994897	45342.936052
0.175000	1.054030	41052.438281
0.177000	1.133718	35905.606086
0.179000	1.204333	31886.694969
0.181000	1.307030	26830.856015
0.183000	1.441191	21413.578550
0.185000	1.548769	17871.103159
0.187000	1.693319	14015.928579
0.189000	1.855618	10669.244808
0.191000	2.021448	8073.622361
0.193000	2.183149	6152.017807
0.195000	2.408989	4208.638822
0.197000	2.575531	3180.946464
0.199000	2.812392	2136.159895
0.201000	2.943092	1714.809038
0.203000	3.087405	1345.423031
0.205000	3.143148	1225.075381
0.207000	3.168041	1174.870243
0.209000	3.184497	1142.814111
0.211000	3.195744	1121.411630
0.213000	3.170679	1169.672395
0.215000	3.174675	1161.840392
0.217000	3.209066	1096.576605
0.219000	3.269309	990.965619
0.221000	3.330777	893.682655
0.223000	3.364424	844.537358
0.225000	3.469831	707.401255
0.227000	3.543583	624.916895
0.229000	3.665560	509.064054
0.231000	3.758647	435.324518
0.233000	3.880989	354.402190
0.235000	3.983602	298.252135
0.237000	4.096458	246.713136
0.239000	4.239636	193.938555
0.241000	4.347101	161.885603
0.243000	4.470426	131.575049
0.245000	4.577549	109.892555
0.247000	4.711035	87.804203
0.249000	4.763390	80.406922
0.251000	4.789803	76.914883
0.253000	4.769966	79.522883
0.255000	4.778842	78.345222
0.257000	4.733883	84.495742
0.259000	4.748640	82.425490
0.261000	4.698181	89.722100
0.263000	4.723093	86.042356
0.265000	4.737150	84.032961
0.267000	4.768274	79.749409
0.269000	4.826092	72.363073
0.271000	4.872690	66.911096
0.273000	4.944305	59.321908
0.275000	5.009922	53.126462
0.277000	5.121114	44.069095
0.279000	5.220899	37.263648
0.281000	5.311722	31.987425
0.283000	5.417113	26.794047
0.285000	5.519828	22.544990
0.287000	5.619895	19.054392
0.289000	5.747498	15.375806
0.291000	5.857259	12.785159
0.293000	5.972783	10.528518
0.295000	6.087751	8.678274
0.297000	6.191958	7.283781
0.299000	6.314624	5.926565
0.301000	6.428616	4.893081
0.303000	6.524579	4.164129
0.305000	6.615276	3.575279
0.307000	6.768363	2.764064
0.309000	6.858223	2.376540
0.311000	6.968675	1.973824
0.313000	7.082280	1.630687
0.315000	7.202001	1.333420
0.317000	7.310977	1.110219
0.319000	7.428799	0.910734
0.321000	7.545381	0.748652
0.323000	7.622809	0.657284
0.325000	7.742009	0.537935
0.327000	7.784924	0.500495
0.329000	7.893146	0.417245
0.331000	7.953599	0.376927
0.333000	8.029069	0.332017
0.335000	8.056793	0.316898
0.337000	8.082470	0.303511
0.339000	8.065646	0.312217
0.341000	8.056979	0.316799
0.343000	8.033963	0.329296
0.345000	8.015002	0.339962
0.347000	8.009746	0.342979
0.349000	8.052830	0.319016
0.351000	8.057239	0.316661
0.353000	8.098900	0.295243
0.355000	8.112683	0.288481
0.357000	8.158163	0.267248
0.359000	8.191386	0.252731
0.361000	8.217806	0.241752
0.363000	8.273255	0.220237
0.365000	8.313603	0.205794
0.367000	8.367622	0.187930
0.369000	8.449464	0.163775
0.371000	8.520495	0.145342
0.373000	8.611551	0.124714
0.375000	8.710037	0.105685
0.377000	8.824528	0.087182
0.379000	8.921187	0.074108
0.381000	9.037925	0.060903
0.383000	9.141319	0.051186
0.385000	9.255739	0.042230
0.387000	9.343433	0.036442
0.389000	9.400642	0.033100
0.391000	9.504261	0.027809
0.393000	9.550455	0.025731
0.395000	9.634064	0.022357
0.397000	9.684989	0.020523
0.399000	9.709181	0.019705

# Dumping simulation biases, in the metadata file order 
# Window  F (free energy units)
# 0	0.000000
# 1	-6.071949
# 2	-8.585254
# 3	-8.464730
# 4	-8.171323
# 5	-7.053179
# 6	-5.162049
# 7	-3.923728
# 8	-2.129154
# 9	-0.838942
# 10	0.555951
#Iteration 510:  0.000333
#Iteration 520:  0.000308
#Iteration 530:  0.000284
#Iteration 540:  0.000262
#Iteration 550:  0.000242
#Iteration 560:  0.000223
#Iteration 570:  0.000206
#Iteration 580:  0.000190
#Iteration 590:  0.000175
#Iteration 600:  0.000162
0.001000	inf	0.000000
0.003000	inf	0.000000
0.005000	inf	0.000000
0.007000	inf	0.000000
0.009000	inf	0.000000
0.011000	inf	0.000000
0.013000	inf	0.000000
0.015000	inf	0.000000
0.017000	inf	0.000000
0.019000	inf	0.000000
0.021000	inf	0.000000
0.023000	inf	0.000000
0.025000	inf	0.000000
0.027000	inf	0.000000
0.029000	inf	0.000000
0.031000	inf	0.000000
0.033000	inf	0.000000
0.035000	inf	0.000000
0.037000	inf	0.000000
0.039000	inf	0.000000
0.041000	inf	0.000000
0.043000	10.902522	0.002637
0.045000	inf	0.000000
0.047000	10.365330	0.006506
0.049000	8.653387	0.115639
0.051000	7.388993	0.968693
0.053000	6.299116	6.051444
0.055000	5.464474	24.614759
0.057000	4.641056	98.251249
0.059000	3.900647	341.097801
0.061000	3.253631	1012.133366
0.063000	2.710879	2520.448671
0.065000	2.225756	5696.996348
0.067000	1.793987	11772.313556
0.069000	1.424696	21901.098090
0.071000	1.140768	35297.915201
0.073000	0.896811	53192.719649
0.075000	0.719543	71658.545223
0.077000	0.590953	88950.064687
0.079000	0.507402	102362.967562
0.081000	0.438999	114836.838770
0.083000	0.371825	128564.816086
0.085000	0.316702	141047.411556
0.087000	0.264613	153954.553479
0.089000	0.210868	168511.493113
0.091000	0.181578	177016.401863
0.093000	0.109960	199663.369524
0.095000	0.062323	216309.830190
0.097000	0.028178	229088.992331
0.099000	0.000000	240201.427132
0.101000	0.019637	232401.800522
0.103000	0.057133	218205.326563
0.105000	0.109837	199704.710843
0.107000	0.177227	178315.673074
0.109000	0.265934	153613.187945
0.111000	0.363060	130473.053041
0.113000	0.484639	106355.759654
0.115000	0.589044	89235.938643
0.117000	0.694792	74702.880141
0.119000	0.786086	64074.812943
0.121000	0.867358	55892.581995
0.123000	1.012883	43763.598581
0.125000	1.121987	36430.094574
0.127000	1.248901	29431.059717
0.129000	1.319306	26146.060274
0.131000	1.448380	21046.276939
0.133000	1.654153	14891.864618
0.135000	1.801467	11625.212128
0.137000	1.895980	9917.481434
0.139000	1.952742	9014.916527
0.141000	1.885780	10088.993081
0.143000	1.663787	14652.618324
0.145000	1.413229	22327.354311
0.147000	1.231872	30285.727455
0.149000	1.052402	40950.729642
0.151000	0.896377	53231.519892
0.153000	0.791694	63473.635201
0.155000	0.693377	74880.813656
0.157000	0.631835	83042.309688
0.159000	0.607246	86546.747181
0.161000	0.642923	81508.863857
0.163000	0.698343	74258.284418
0.165000	0.736438	69652.035702
0.167000	0.814848	61050.573247
0.169000	0.876031	55083.618622
0.171000	0.966076	47346.141296
0.173000	1.016210	43519.525132
0.175000	1.075647	39381.397634
0.177000	1.155587	34429.501987
0.179000	1.226404	30565.430692
0.181000	1.329264	25712.049236
0.183000	1.463562	20515.915358
0.185000	1.571268	17118.249167
0.187000	1.715954	13422.416370
0.189000	1.878415	10214.669406
0.191000	2.044454	7726.919889
0.193000	2.206435	5885.059590
0.195000	2.432653	4023.455873
0.197000	2.599694	3038.433394
0.199000	2.837190	2038.279487
0.201000	2.968655	1634.130817
0.203000	3.113832	1280.262758
0.205000	3.170480	1163.973484
0.207000	3.196246	1114.634499
0.209000	3.213484	1082.798674
0.211000	3.225383	1061.355688
0.213000	3.200831	1106.075654
0.215000	3.205215	1097.954213
0.217000	3.239889	1035.786505
0.219000	3.300334	935.711347
0.221000	3.361947	843.647415
0.223000	3.395700	797.112686
0.225000	3.501187	667.587184
0.227000	3.575007	589.678242
0.229000	3.697048	480.305684
0.231000	3.790209	410.681698
0.233000	3.912642	334.289014
0.235000	4.015376	281.267802
0.237000	4.128401	232.597743
0.239000	4.271813	182.770846
0.241000	4.379595	152.482211
0.243000	4.503339	123.845182
0.245000	4.610988	103.345022
0.247000	4.745099	82.486095
0.249000	4.798144	75.449239
0.251000	4.825263	72.086881
0.253000	4.806094	74.447619
0.255000	4.815554	73.273019
0.257000	4.771077	78.961505
0.259000	4.786209	76.978282
0.261000	4.736032	83.752903
0.263000	4.761153	80.289758
0.265000	4.775366	78.394201
0.267000	4.806610	74.383018
0.269000	4.864530	67.482225
0.271000	4.911223	62.387908
0.273000	4.982942	55.302123
0.275000	5.048682	49.516260
0.277000	5.160027	41.063816
0.279000	5.260003	34.711299
0.281000	5.351059	29.784840
0.283000	5.456716	24.937855
0.285000	5.559719	20.973013
0.287000	5.660074	17.717260
0.289000	5.787941	14.290464
0.291000	5.897928	11.878153
0.293000	6.013635	9.778594
0.295000	6.128744	8.058235
0.297000	6.233055	6.762189
0.299000	6.355798	5.501462
0.301000	6.469845	4.541685
0.303000	6.565849	3.864813
0.305000	6.656579	3.318105
0.307000	6.809696	2.565112
0.309000	6.899587	2.205364
0.311000	7.010077	1.831540
0.313000	7.123731	1.513013
0.315000	7.243521	1.237055
0.317000	7.352592	1.029818
0.319000	7.470550	0.844588
0.321000	7.587320	0.694058
0.323000	7.665001	0.609094
0.325000	7.784528	0.498222
0.327000	7.827843	0.463234
0.329000	7.936527	0.385882
0.331000	7.997472	0.348306
0.333000	8.073428	0.306556
0.335000	8.101594	0.292379
0.337000	8.127646	0.279851
0.339000	8.111121	0.287734
0.341000	8.102682	0.291845
0.343000	8.079834	0.303272
0.345000	8.060992	0.313031
0.347000	8.055823	0.315764
0.349000	8.098969	0.293672
0.351000	8.103424	0.291481
0.353000	8.145123	0.271749
0.355000	8.158939	0.265510
0.357000	8.204455	0.245953
0.359000	8.237719	0.232577
0.361000	8.264191	0.222455
0.363000	8.319704	0.202634
0.365000	8.360132	0.189321
0.367000	8.414246	0.172859
0.369000	8.496192	0.150615
0.371000	8.567331	0.133639
0.373000	8.658489	0.114652
0.375000	8.757066	0.097144
0.377000	8.871631	0.080126
0.379000	8.968348	0.068103
0.381000	9.085129	0.055964
0.383000	9.188554	0.047033
0.385000	9.302996	0.038802
0.387000	9.390705	0.033483
0.389000	9.447924	0.030412
0.391000	9.551550	0.025550
0.393000	9.597749	0.023641
0.395000	9.681362	0.020541
0.397000	9.732289	0.018856
0.399000	9.756483	0.018104

# Dumping simulation biases, in the metadata file order 
# Window  F (free energy units)
# 0	0.000000
# 1	-6.071598
# 2	-8.583584
# 3	-8.460415
# 4	-8.149582
# 5	-7.027815
# 6	-5.127783
# 7	-3.882495
# 8	-2.085080
# 9	-0.789993
# 10	0.605956
#Iteration 610:  0.000149
#Iteration 620:  0.000138
#Iteration 630:  0.000127
#Iteration 640:  0.000117
#Iteration 650:  0.000108
#Iteration 660:  0.000100
#Iteration 670:  0.000092
#Iteration 680:  0.000085
#Iteration 690:  0.000079
#Iteration 700:  0.000073
0.001000	inf	0.000000
0.003000	inf	0.000000
0.005000	inf	0.000000
0.007000	inf	0.000000
0.009000	inf	0.000000
0.011000	inf	0.000000
0.013000	inf	0.000000
0.015000	inf	0.000000
0.017000	inf	0.000000
0.019000	inf	0.000000
0.021000	inf	0.000000
0.023000	inf	0.000000
0.025000	inf	0.000000
0.027000	inf	0.000000
0.029000	inf	0.000000
0.031000	inf	0.000000
0.033000	inf	0.000000
0.035000	inf	0.000000
0.037000	inf	0.000000
0.039000	inf	0.000000
0.041000	inf	0.000000
0.043000	10.901132	0.002637
0.045000	inf	0.000000
0.047000	10.363940	0.006506
0.049000	8.651998	0.115639
0.051000	7.387605	0.968689
0.053000	6.297730	6.051398
0.055000	5.463090	24.614484
0.057000	4.639675	98.249623
0.059000	3.899271	341.089488
0.061000	3.252262	1012.097306
0.063000	2.709519	2520.318692
0.065000	2.224409	5696.576451
0.067000	1.792658	11771.092586
0.069000	1.423390	21897.957985
0.071000	1.139494	35291.048951
0.073000	0.895574	53178.937922
0.075000	0.718354	71634.247293
0.077000	0.589821	88911.269978
0.079000	0.506339	102306.595293
0.081000	0.438014	114758.613353
0.083000	0.370925	128458.868272
0.085000	0.315892	140909.807122
0.087000	0.263898	153779.986244
0.089000	0.210252	168292.345998
0.091000	0.181068	176754.501598
0.093000	0.109567	199328.921753
0.095000	0.062056	215901.535794
0.097000	0.028044	228605.308678
0.099000	0.000000	239640.566573
0.101000	0.019762	231810.432227
0.103000	0.057368	217609.875113
0.105000	0.110163	199129.144023
0.107000	0.177627	177779.878527
0.109000	0.266391	153136.709915
0.111000	0.363565	130058.066514
0.113000	0.485185	106010.140212
0.115000	0.589630	88939.865336
0.117000	0.695425	74449.252456
0.119000	0.786777	63850.993319
0.121000	0.868129	55689.902477
0.123000	1.013765	43596.710908
0.125000	1.123028	36281.497537
0.127000	1.250166	29299.992220
0.129000	1.320880	26016.074458
0.131000	1.450370	20926.996692
0.133000	1.656680	14794.112194
0.135000	1.804650	11536.184253
0.137000	1.899912	9829.141175
0.139000	1.957469	8922.687154
0.141000	1.891285	9972.716126
0.143000	1.669998	14466.574611
0.145000	1.420036	22021.767521
0.147000	1.239156	29847.306558
0.149000	1.060051	40333.183866
0.151000	0.904298	52404.750685
0.153000	0.799819	62466.407121
0.155000	0.701658	73673.191030
0.157000	0.640245	81685.416934
0.159000	0.615773	85115.904620
0.161000	0.651567	80145.440882
0.163000	0.707116	73000.360155
0.165000	0.745355	68455.483347
0.167000	0.823926	59985.595011
0.169000	0.885279	54107.260310
0.171000	0.975493	46493.722141
0.173000	1.025783	42724.749843
0.175000	1.085357	38653.350524
0.177000	1.165409	33786.616051
0.179000	1.236316	29990.146479
0.181000	1.339249	25225.025733
0.183000	1.473609	20125.228299
0.185000	1.581373	16790.639012
0.187000	1.726119	13164.185286
0.189000	1.888654	10016.922945
0.191000	2.054787	7576.132726
0.193000	2.216895	5768.988752
0.195000	2.443282	3942.972601
0.197000	2.610548	2976.529242
0.199000	2.848330	1995.793857
0.201000	2.980139	1599.144527
0.203000	3.125703	1252.037176
0.205000	3.182755	1137.538139
0.207000	3.208911	1088.605963
0.209000	3.226497	1056.894933
0.211000	3.238686	1035.459861
0.213000	3.214363	1078.674667
0.215000	3.218919	1070.445105
0.217000	3.253718	1009.622171
0.219000	3.314253	911.937244
0.221000	3.375930	822.123775
0.223000	3.409729	776.715348
0.225000	3.515252	650.465221
0.227000	3.589103	574.525375
0.229000	3.711173	467.940439
0.231000	3.804366	400.086955
0.233000	3.926840	325.642621
0.235000	4.029630	273.967459
0.237000	4.142730	226.531691
0.239000	4.286247	177.972807
0.241000	4.394173	148.443640
0.243000	4.518105	120.526965
0.245000	4.625990	100.536110
0.247000	4.760381	80.206360
0.249000	4.813735	73.325871
0.251000	4.841170	70.020968
0.253000	4.822298	72.277859
0.255000	4.832020	71.106320
0.257000	4.787756	76.599041
0.259000	4.803055	74.654216
0.261000	4.753004	81.207165
0.263000	4.778218	77.837136
0.265000	4.792500	75.990653
0.267000	4.823797	72.095961
0.269000	4.881762	65.402390
0.271000	4.928498	60.460729
0.273000	5.000263	53.589660
0.275000	5.066058	47.978525
0.277000	5.177472	39.783991
0.279000	5.277534	33.624622
0.281000	5.368693	28.847355
0.283000	5.474470	24.148078
0.285000	5.577602	20.304414
0.287000	5.678084	17.148760
0.289000	5.806069	13.829178
0.291000	5.916158	11.492780
0.293000	6.031946	9.460042
0.295000	6.147118	7.794905
0.297000	6.251475	6.540701
0.299000	6.374252	5.320964
0.301000	6.488323	4.392495
0.303000	6.584346	3.737742
0.305000	6.675091	3.208928
0.307000	6.828221	2.480656
0.309000	6.918127	2.132702
0.311000	7.028633	1.771144
0.313000	7.142309	1.463066
0.315000	7.262130	1.196156
0.317000	7.371245	0.995699
0.319000	7.489263	0.816522
0.321000	7.606117	0.670900
0.323000	7.683911	0.588659
0.325000	7.803585	0.481388
0.327000	7.847080	0.447446
0.329000	7.955970	0.372602
0.331000	8.017135	0.336195
0.333000	8.093307	0.295788
0.335000	8.121671	0.282016
0.337000	8.147890	0.269856
0.339000	8.131498	0.277396
0.341000	8.123160	0.281311
0.343000	8.100386	0.292289
0.345000	8.081598	0.301668
0.347000	8.076466	0.304282
0.349000	8.119640	0.282981
0.351000	8.124115	0.280859
0.353000	8.165831	0.261839
0.355000	8.179663	0.255821
0.357000	8.225195	0.236971
0.359000	8.258477	0.224077
0.361000	8.284972	0.214316
0.363000	8.340514	0.195212
0.365000	8.380978	0.182375
0.367000	8.435134	0.166505
0.369000	8.517127	0.145067
0.371000	8.588313	0.128706
0.373000	8.679517	0.110411
0.375000	8.778134	0.093544
0.377000	8.892732	0.077153
0.379000	8.989475	0.065573
0.381000	9.106275	0.053884
0.383000	9.209715	0.045283
0.385000	9.324166	0.037358
0.387000	9.411882	0.032236
0.389000	9.469106	0.029280
0.391000	9.572735	0.024599
0.393000	9.618937	0.022761
0.395000	9.702550	0.019776
0.397000	9.753478	0.018154
0.399000	9.777673	0.017430

# Dumping simulation biases, in the metadata file order 
# Window  F (free energy units)
# 0	0.000000
# 1	-6.071441
# 2	-8.582836
# 3	-8.458483
# 4	-8.139817
# 5	-7.016428
# 6	-5.112414
# 7	-3.864011
# 8	-2.065327
# 9	-0.768063
# 10	0.628358
#Iteration 710:  0.000067
#Iteration 720:  0.000062
#Iteration 730:  0.000057
#Iteration 740:  0.000053
#Iteration 750:  0.000049
#Iteration 760:  0.000045
#Iteration 770:  0.000041
#Iteration 780:  0.000038
#Iteration 790:  0.000035
#Iteration 800:  0.000033
0.001000	inf	0.000000
0.003000	inf	0.000000
0.005000	inf	0.000000
0.007000	inf	0.000000
0.009000	inf	0.000000
0.011000	inf	0.000000
0.013000	inf	0.000000
0.015000	inf	0.000000
0.017000	inf	0.000000
0.019000	inf	0.000000
0.021000	inf	0.000000
0.023000	inf	0.000000
0.025000	inf	0.000000
0.027000	inf	0.000000
0.029000	inf	0.000000
0.031000	inf	0.000000
0.033000	inf	0.000000
0.035000	inf	0.000000
0.037000	inf	0.000000
0.039000	inf	0.000000
0.041000	inf	0.000000
0.043000	10.900509	0.002637
0.045000	inf	0.000000
0.047000	10.363317	0.006506
0.049000	8.651376	0.115639
0.051000	7.386983	0.968686
0.053000	6.297108	6.051378
0.055000	5.462469	24.614360
0.057000	4.639056	98.248894
0.059000	3.898654	341.085760
0.061000	3.251648	1012.081137
0.063000	2.708909	2520.260408
0.065000	2.223805	5696.388164
0.067000	1.792062	11770.545093
0.069000	1.422805	21896.549957
0.071000	1.138922	35287.970173
0.073000	0.895020	53172.758463
0.075000	0.717821	71623.353025
0.077000	0.589314	88893.876965
0.079000	0.505862	102281.323752
0.081000	0.437572	114723.548715
0.083000	0.370521	128411.382512
0.085000	0.315528	140848.140132
0.087000	0.263577	153701.763297
0.089000	0.209975	168194.157477
0.091000	0.180839	176637.170365
0.093000	0.109390	199179.107671
0.095000	0.061937	215718.669519
0.097000	0.027985	228388.715046
0.099000	0.000000	239389.461541
0.101000	0.019818	231545.719670
0.103000	0.057473	217343.381571
0.105000	0.110310	198871.586821
0.107000	0.177806	177540.143966
0.109000	0.266596	152923.529524
0.111000	0.363791	129872.402393
0.113000	0.485430	105855.508078
0.115000	0.589893	88807.392165
0.117000	0.695709	74335.757952
0.119000	0.787088	63750.819975
0.121000	0.868475	55599.168553
0.123000	1.014162	43521.976535
0.125000	1.123497	36214.929487
0.127000	1.250736	29241.255078
0.129000	1.321591	25957.805038
0.131000	1.451268	20873.521378
0.133000	1.657820	14750.298133
0.135000	1.806086	11496.305465
0.137000	1.901685	9789.610131
0.139000	1.959599	8881.468750
0.141000	1.893765	9920.823362
0.143000	1.672794	14383.658418
0.145000	1.423099	21885.735470
0.147000	1.242431	29652.333308
0.149000	1.063488	40058.757625
0.151000	0.907857	52037.556145
0.153000	0.803469	62019.250278
0.155000	0.705378	73137.233964
0.157000	0.644022	81083.354366
0.159000	0.619602	84481.154568
0.161000	0.655449	79540.708588
0.163000	0.711056	72442.522911
0.165000	0.749360	67924.967034
0.167000	0.828002	59513.517176
0.169000	0.889432	53674.565270
0.171000	0.979722	46116.041195
0.173000	1.030082	42372.685985
0.175000	1.089717	38330.907291
0.177000	1.169819	33501.934995
0.179000	1.240766	29735.433016
0.181000	1.343732	25009.412296
0.183000	1.478120	19952.278652
0.185000	1.585909	16645.622562
0.187000	1.730683	13049.887396
0.189000	1.893251	9929.403528
0.191000	2.059426	7509.403294
0.193000	2.221591	5717.629456
0.195000	2.448055	3907.366603
0.197000	2.615422	2949.149451
0.199000	2.853332	1977.008914
0.201000	2.985295	1583.681843
0.203000	3.131034	1239.568652
0.205000	3.188267	1125.866788
0.207000	3.214597	1077.120512
0.209000	3.232339	1045.470345
0.211000	3.244658	1024.043727
0.213000	3.220437	1066.599203
0.215000	3.225069	1058.325225
0.217000	3.259925	998.097030
0.219000	3.320499	901.466454
0.221000	3.382205	812.645104
0.223000	3.416025	767.733328
0.225000	3.521564	642.925922
0.227000	3.595428	567.853409
0.229000	3.717511	462.496098
0.231000	3.810719	395.422339
0.233000	3.933211	321.835996
0.235000	4.036026	270.753637
0.237000	4.149161	223.861464
0.239000	4.292724	175.860996
0.241000	4.400714	146.666387
0.243000	4.524731	119.067035
0.245000	4.632722	99.300606
0.247000	4.767239	79.203958
0.249000	4.820731	72.392588
0.251000	4.848308	69.113313
0.253000	4.829570	71.324960
0.255000	4.839408	70.155108
0.257000	4.795240	75.562196
0.259000	4.810613	73.634465
0.261000	4.760618	80.090351
0.263000	4.785873	76.761316
0.265000	4.800186	74.936463
0.267000	4.831508	71.092940
0.269000	4.889493	64.490305
0.271000	4.936248	59.615638
0.273000	5.008034	52.838770
0.275000	5.073853	47.304298
0.277000	5.185298	39.222895
0.279000	5.285398	33.148257
0.281000	5.376604	28.436445
0.283000	5.482434	23.801962
0.285000	5.585624	20.011453
0.287000	5.686163	16.899702
0.289000	5.814201	13.627121
0.291000	5.924335	11.323998
0.293000	6.040160	9.320540
0.295000	6.155360	7.679596
0.297000	6.259738	6.443720
0.299000	6.382529	5.241936
0.301000	6.496612	4.327176
0.303000	6.592643	3.682108
0.305000	6.683395	3.161130
0.307000	6.836531	2.443681
0.309000	6.926443	2.100892
0.311000	7.036957	1.744704
0.313000	7.150643	1.441201
0.315000	7.270477	1.178253
0.317000	7.379611	0.980764
0.319000	7.497657	0.804238
0.321000	7.614549	0.660764
0.323000	7.692394	0.579716
0.325000	7.812133	0.474022
0.327000	7.855709	0.440541
0.329000	7.964691	0.366794
0.331000	8.025955	0.330900
0.333000	8.102224	0.291082
0.335000	8.130676	0.277488
0.337000	8.156969	0.265490
0.339000	8.140637	0.272880
0.341000	8.132344	0.276711
0.343000	8.109604	0.287493
0.345000	8.090840	0.296706
0.347000	8.085725	0.299268
0.349000	8.128911	0.278313
0.351000	8.133396	0.276222
0.353000	8.175119	0.257513
0.355000	8.188957	0.251591
0.357000	8.234496	0.233050
0.359000	8.267787	0.220366
0.361000	8.294292	0.210763
0.363000	8.349847	0.191971
0.365000	8.390327	0.179343
0.367000	8.444502	0.163732
0.369000	8.526515	0.142646
0.371000	8.597724	0.126553
0.373000	8.688948	0.108561
0.375000	8.787583	0.091974
0.377000	8.902196	0.075856
0.379000	8.998950	0.064469
0.381000	9.115759	0.052976
0.383000	9.219205	0.044520
0.385000	9.333660	0.036728
0.387000	9.421380	0.031692
0.389000	9.478606	0.028786
0.391000	9.582236	0.024184
0.393000	9.628439	0.022376
0.395000	9.712053	0.019442
0.397000	9.762981	0.017847
0.399000	9.787176	0.017136

# Dumping simulation biases, in the metadata file order 
# Window  F (free energy units)
# 0	0.000000
# 1	-6.071370
# 2	-8.582500
# 3	-8.457616
# 4	-8.135434
# 5	-7.011317
# 6	-5.105518
# 7	-3.855719
# 8	-2.056466
# 9	-0.758228
# 10	0.638404
#Iteration 810:  0.000030
#Iteration 820:  0.000028
#Iteration 830:  0.000026
#Iteration 840:  0.000024
#Iteration 850:  0.000022
#Iteration 860:  0.000020
#Iteration 870:  0.000019
#Iteration 880:  0.000017
#Iteration 890:  0.000016
#Iteration 900:  0.000015
0.001000	inf	0.000000
0.003000	inf	0.000000
0.005000	inf	0.000000
0.007000	inf	0.000000
0.009000	inf	0.000000
0.011000	inf	0.000000
0.013000	inf	0.000000
0.015000	inf	0.000000
0.017000	inf	0.000000
0.019000	inf	0.000000
0.021000	inf	0.000000
0.023000	inf	0.000000
0.025000	inf	0.000000
0.027000	inf	0.000000
0.029000	inf	0.000000
0.031000	inf	0.000000
0.033000	inf	0.000000
0.035000	inf	0.000000
0.037000	inf	0.000000
0.039000	inf	0.000000
0.041000	inf	0.000000
0.043000	10.900229	0.002637
0.045000	inf	0.000000
0.047000	10.363038	0.006506
0.049000	8.651096	0.115639
0.051000	7.386703	0.968685
0.053000	6.296829	6.051369
0.055000	5.462191	24.614305
0.057000	4.638778	98.248566
0.059000	3.898377	341.084087
0.061000	3.251372	1012.073882
0.063000	2.708636	2520.234258
0.065000	2.223534	5696.303688
0.067000	1.791795	11770.299457
0.069000	1.422542	21895.918240
0.071000	1.138665	35286.588878
0.073000	0.894771	53169.986081
0.075000	0.717581	71618.465459
0.077000	0.589087	88886.074040
0.079000	0.505649	102269.986751
0.081000	0.437373	114707.819186
0.083000	0.370340	128390.082134
0.085000	0.315365	140820.480031
0.087000	0.263433	153666.678962
0.089000	0.209851	168150.120353
0.091000	0.180736	176584.550388
0.093000	0.109311	199111.923694
0.095000	0.061883	215636.668752
0.097000	0.027958	228291.597898
0.099000	0.000000	239276.879767
0.101000	0.019843	231427.047317
0.103000	0.057520	217223.920180
0.105000	0.110375	198756.138760
0.107000	0.177886	177432.689816
0.109000	0.266688	152827.980269
0.111000	0.363892	129789.187041
0.113000	0.485539	105786.200820
0.115000	0.590011	88748.015038
0.117000	0.695836	74284.884824
0.119000	0.787227	63705.914428
0.121000	0.868631	55558.490032
0.123000	1.014340	43488.466324
0.125000	1.123708	36185.076062
0.127000	1.250992	29214.909147
0.129000	1.321910	25931.665520
0.131000	1.451673	20849.531563
0.133000	1.658334	14730.644586
0.135000	1.806732	11478.422222
0.137000	1.902483	9771.890891
0.139000	1.960558	8863.003867
0.141000	1.894880	9897.591257
0.143000	1.674050	14346.559856
0.145000	1.424475	21824.904156
0.147000	1.243902	29565.182398
0.149000	1.065032	39936.133382
0.151000	0.909456	51873.520678
0.153000	0.805108	61819.530454
0.155000	0.707048	72897.884845
0.157000	0.645718	80814.512033
0.159000	0.621321	84197.740933
0.161000	0.657192	79270.719529
0.163000	0.712824	72193.491022
0.165000	0.751157	67688.152822
0.167000	0.829833	59302.809419
0.169000	0.891296	53481.455596
0.171000	0.981620	45947.501535
0.173000	1.032012	42215.593247
0.175000	1.091674	38187.043765
0.177000	1.171799	33374.928742
0.179000	1.242764	29621.802817
0.181000	1.345744	24913.229315
0.183000	1.480145	19875.130357
0.185000	1.587946	16580.936581
0.187000	1.732732	12998.905312
0.189000	1.895314	9890.367236
0.191000	2.061509	7479.641271
0.193000	2.223699	5694.724023
0.195000	2.450198	3891.488177
0.197000	2.617610	2936.940836
0.199000	2.855578	1968.633963
0.201000	2.987610	1576.789350
0.203000	3.133426	1234.012037
0.205000	3.190741	1120.666699
0.207000	3.217150	1072.004501
0.209000	3.234961	1040.382597
0.211000	3.247338	1018.960731
0.213000	3.223163	1061.223480
0.215000	3.227830	1052.930371
0.217000	3.262710	992.967358
0.219000	3.323303	896.806351
0.221000	3.385021	808.426739
0.223000	3.418851	763.736120
0.225000	3.524397	639.570837
0.227000	3.598266	564.884355
0.229000	3.720356	460.073383
0.231000	3.813570	393.346636
0.233000	3.936071	320.142125
0.235000	4.038896	269.323591
0.237000	4.152046	222.673345
0.239000	4.295631	174.921393
0.241000	4.403650	145.875695
0.243000	4.527705	118.417581
0.245000	4.635743	98.751058
0.247000	4.770316	78.758161
0.249000	4.823871	71.977603
0.251000	4.851511	68.709798
0.253000	4.832833	70.901406
0.255000	4.842723	69.732372
0.257000	4.798598	75.101465
0.259000	4.814005	73.181378
0.261000	4.764035	79.594177
0.263000	4.789309	76.283383
0.265000	4.803636	74.468160
0.267000	4.834968	70.647383
0.269000	4.892962	64.085156
0.271000	4.939726	59.240257
0.273000	5.011521	52.505240
0.275000	5.077351	47.004830
0.277000	5.188810	38.973685
0.279000	5.288927	32.936690
0.281000	5.380154	28.253960
0.283000	5.486008	23.648262
0.285000	5.589224	19.881367
0.287000	5.689789	16.789119
0.289000	5.817850	13.537413
0.291000	5.928005	11.249067
0.293000	6.043846	9.258612
0.295000	6.159059	7.628410
0.297000	6.263446	6.400671
0.299000	6.386244	5.206856
0.301000	6.500332	4.298183
0.303000	6.596366	3.657414
0.305000	6.687121	3.139914
0.307000	6.840260	2.427269
0.309000	6.930174	2.086772
0.311000	7.040692	1.732969
0.313000	7.154382	1.431497
0.315000	7.274223	1.170307
0.317000	7.383366	0.974135
0.319000	7.501424	0.798786
0.321000	7.618333	0.656266
0.323000	7.696200	0.575748
0.325000	7.815969	0.470754
0.327000	7.859581	0.437477
0.329000	7.968605	0.364218
0.331000	8.029913	0.328551
0.333000	8.106225	0.288995
0.335000	8.134716	0.275480
0.337000	8.161044	0.263554
0.339000	8.144738	0.270878
0.341000	8.136466	0.274671
0.343000	8.113740	0.285367
0.345000	8.094987	0.294507
0.347000	8.089880	0.297046
0.349000	8.133071	0.276243
0.351000	8.137560	0.274167
0.353000	8.179286	0.255595
0.355000	8.193127	0.249716
0.357000	8.238670	0.231312
0.359000	8.271964	0.218721
0.361000	8.298474	0.209189
0.363000	8.354035	0.190535
0.365000	8.394522	0.177999
0.367000	8.448705	0.162503
0.369000	8.530728	0.141573
0.371000	8.601946	0.125599
0.373000	8.693180	0.107741
0.375000	8.791822	0.091278
0.377000	8.906442	0.075281
0.379000	9.003202	0.063980
0.381000	9.120014	0.052573
0.383000	9.223463	0.044182
0.385000	9.337921	0.036449
0.387000	9.425641	0.031451
0.389000	9.482868	0.028567
0.391000	9.586499	0.024000
0.393000	9.632702	0.022206
0.395000	9.716317	0.019294
0.397000	9.767245	0.017711
0.399000	9.791440	0.017005

# Dumping simulation biases, in the metadata file order 
# Window  F (free energy units)
# 0	0.000000
# 1	-6.071339
# 2	-8.582350
# 3	-8.457228
# 4	-8.133466
# 5	-7.009022
# 6	-5.102424
# 7	-3.851998
# 8	-2.052490
# 9	-0.753815
# 10	0.642912
#Iteration 910:  0.000013
#Iteration 920:  0.000012
#Iteration 930:  0.000011
#Iteration 940:  0.000011
#Iteration 950:  0.000010
#Iteration 960:  0.000009
#Iteration 970:  0.000008
#Iteration 980:  0.000008
#Iteration 990:  0.000007
#Iteration 1000:  0.000007
0.001000	inf	0.000000
0.003000	inf	0.000000
0.005000	inf	0.000000
0.007000	inf	0.000000
0.009000	inf	0.000000
0.011000	inf	0.000000
0.013000	inf	0.000000
0.015000	inf	0.000000
0.017000	inf	0.000000
0.019000	inf	0.000000
0.021000	inf	0.000000
0.023000	inf	0.000000
0.025000	inf	0.000000
0.027000	inf	0.000000
0.029000	inf	0.000000
0.031000	inf	0.000000
0.033000	inf	0.000000
0.035000	inf	0.000000
0.037000	inf	0.000000
0.039000	inf	0.000000
0.041000	inf	0.000000
0.043000	10.900103	0.002637
0.045000	inf	0.000000
0.047000	10.362912	0.006506
0.049000	8.650971	0.115639
0.051000	7.386578	0.968685
0.053000	6.296704	6.051365
0.055000	5.462066	24.614280
0.057000	4.638653	98.248420
0.059000	3.898253	341.083337
0.061000	3.251248	1012.070626
0.063000	2.708513	2520.222522
0.065000	2.223412	5696.265777
0.067000	1.791675	11770.189223
0.069000	1.422424	21895.634745
0.071000	1.138550	35285.969000
0.073000	0.894659	53168.741938
0.075000	0.717474	71616.272120
0.077000	0.588984	88882.572448
0.079000	0.505553	102264.899315
0.081000	0.437284	114700.760766
0.083000	0.370258	128380.524090
0.085000	0.315292	140808.068505
0.087000	0.263368	153650.936421
0.089000	0.209796	168130.361070
0.091000	0.180690	176560.940530
0.093000	0.109276	199081.779916
0.095000	0.061859	215599.878144
0.097000	0.027946	228248.026682
0.099000	0.000000	239226.372368
0.101000	0.019854	231373.809582
0.103000	0.057541	217170.330364
0.105000	0.110405	198704.350798
0.107000	0.177922	177384.488796
0.109000	0.266730	152785.120014
0.111000	0.363938	129751.859544
0.113000	0.485589	105755.111894
0.115000	0.590064	88721.380099
0.117000	0.695893	74262.064015
0.119000	0.787290	63685.769860
0.121000	0.868701	55540.240801
0.123000	1.014420	43473.431994
0.125000	1.123802	36171.681355
0.127000	1.251107	29203.087309
0.129000	1.322054	25919.935625
0.131000	1.451854	20838.766152
0.133000	1.658564	14721.825500
0.135000	1.807023	11470.398547
0.137000	1.902842	9763.942428
0.139000	1.960988	8854.723081
0.141000	1.895381	9887.175504
0.143000	1.674615	14329.931830
0.145000	1.425093	21797.645346
0.147000	1.244563	29526.137264
0.149000	1.065725	39881.203856
0.151000	0.910173	51800.049264
0.153000	0.805844	61730.083431
0.155000	0.707798	72790.695915
0.157000	0.646479	80694.120690
0.159000	0.622093	84070.829335
0.161000	0.657974	79149.823770
0.163000	0.713618	72081.983558
0.165000	0.751964	67582.120196
0.167000	0.830654	59208.469953
0.169000	0.892133	53394.999256
0.171000	0.982472	45872.048844
0.173000	1.032878	42145.268246
0.175000	1.092552	38122.643500
0.177000	1.172687	33318.076419
0.179000	1.243661	29570.939366
0.181000	1.346648	24870.176499
0.183000	1.481054	19840.598288
0.185000	1.588860	16551.983134
0.187000	1.733652	12976.086048
0.189000	1.896240	9872.895108
0.191000	2.062444	7466.320446
0.193000	2.224645	5684.472328
0.195000	2.451159	3884.381790
0.197000	2.618592	2931.477144
0.199000	2.856586	1964.886189
0.201000	2.988649	1573.705231
0.203000	3.134500	1231.525918
0.205000	3.191852	1118.340347
0.207000	3.218295	1069.716015
0.209000	3.236138	1038.106985
0.211000	3.248541	1016.687441
0.213000	3.224386	1058.819440
0.215000	3.229068	1050.517905
0.217000	3.263960	990.673565
0.219000	3.324561	894.722590
0.221000	3.386285	806.540539
0.223000	3.420119	761.948834
0.225000	3.525668	638.070682
0.227000	3.599540	563.556816
0.229000	3.721633	458.990135
0.231000	3.814850	392.418551
0.233000	3.937354	319.384772
0.235000	4.040185	268.684205
0.237000	4.153342	222.142135
0.239000	4.296936	174.501306
0.241000	4.404968	145.522196
0.243000	4.529039	118.127239
0.245000	4.637099	98.505393
0.247000	4.771698	78.558890
0.249000	4.825281	71.792119
0.251000	4.852949	68.529456
0.253000	4.834298	70.712123
0.255000	4.844211	69.543467
0.257000	4.800105	74.895594
0.259000	4.815527	72.978932
0.261000	4.765569	79.372488
0.263000	4.790851	76.069850
0.265000	4.805184	74.258934
0.267000	4.836521	70.448322
0.269000	4.894519	63.904149
0.271000	4.941287	59.072552
0.273000	5.013086	52.356235
0.275000	5.078921	46.871043
0.277000	5.190386	38.862353
0.279000	5.290511	32.842177
0.281000	5.381747	28.172440
0.283000	5.487613	23.579604
0.285000	5.590839	19.823259
0.287000	5.691416	16.739724
0.289000	5.819488	13.497344
0.291000	5.929652	11.215600
0.293000	6.045500	9.230952
0.295000	6.160718	7.605548
0.297000	6.265110	6.381444
0.299000	6.387911	5.191188
0.301000	6.502001	4.285233
0.303000	6.598037	3.646385
0.305000	6.688794	3.130439
0.307000	6.841933	2.419939
0.309000	6.931849	2.080466
0.311000	7.042368	1.727728
0.313000	7.156061	1.427162
0.315000	7.275904	1.166758
0.317000	7.385051	0.971175
0.319000	7.503114	0.796351
0.321000	7.620031	0.654257
0.323000	7.697908	0.573976
0.325000	7.817691	0.469295
0.327000	7.861319	0.436109
0.329000	7.970361	0.363067
0.331000	8.031689	0.327502
0.333000	8.108021	0.288063
0.335000	8.136530	0.274584
0.337000	8.162872	0.262690
0.339000	8.146578	0.269984
0.341000	8.138315	0.273761
0.343000	8.115596	0.284418
0.345000	8.096848	0.293525
0.347000	8.091744	0.296054
0.349000	8.134938	0.275320
0.351000	8.139428	0.273249
0.353000	8.181156	0.254739
0.355000	8.194999	0.248879
0.357000	8.240543	0.230536
0.359000	8.273839	0.217987
0.361000	8.300350	0.208486
0.363000	8.355914	0.189894
0.365000	8.396405	0.177399
0.367000	8.450591	0.161954
0.369000	8.532619	0.141094
0.371000	8.603841	0.125173
0.373000	8.695079	0.107375
0.375000	8.793725	0.090967
0.377000	8.908348	0.075025
0.379000	9.005110	0.063762
0.381000	9.121924	0.052394
0.383000	9.225374	0.044031
0.385000	9.339832	0.036324
0.387000	9.427554	0.031344
0.389000	9.484781	0.028469
0.391000	9.588412	0.023918
0.393000	9.634615	0.022130
0.395000	9.718230	0.019228
0.397000	9.769159	0.017651
0.399000	9.793354	0.016947

# Dumping simulation biases, in the metadata file order 
# Window  F (free energy units)
# 0	0.000000
# 1	-6.071325
# 2	-8.582282
# 3	-8.457053
# 4	-8.132582
# 5	-7.007993
# 6	-5.101035
# 7	-3.850328
# 8	-2.050706
# 9	-0.751834
# 10	0.644935
#Iteration 1010:  0.000006
#Iteration 1020:  0.000006
#Iteration 1030:  0.000005
#Iteration 1040:  0.000005
#Iteration 1050:  0.000004
#Iteration 1060:  0.000004
#Iteration 1070:  0.000004
#Iteration 1080:  0.000003
#Iteration 1090:  0.000003
#Iteration 1100:  0.000003
0.001000	inf	0.000000
0.003000	inf	0.000000
0.005000	inf	0.000000
0.007000	inf	0.000000
0.009000	inf	0.000000
0.011000	inf	0.000000
0.013000	inf	0.000000
0.015000	inf	0.000000
0.017000	inf	0.000000
0.019000	inf	0.000000
0.021000	inf	0.000000
0.023000	inf	0.000000
0.025000	inf	0.000000
0.027000	inf	0.000000
0.029000	inf	0.000000
0.031000	inf	0.000000
0.033000	inf	0.000000
0.035000	inf	0.000000
0.037000	inf	0.000000
0.039000	inf	0.000000
0.041000	inf	0.000000
0.043000	10.900047	0.002637
0.045000	inf	0.000000
0.047000	10.362856	0.006506
0.049000	8.650915	0.115639
0.051000	7.386522	0.968685
0.053000	6.296648	6.051363
0.055000	5.462010	24.614269
0.057000	4.638597	98.248354
0.059000	3.898197	341.083000
0.061000	3.251193	1012.069165
0.063000	2.708458	2520.217255
0.065000	2.223358	5696.248762
0.067000	1.791621	11770.139748
0.069000	1.422371	21895.507508
0.071000	1.138498	35285.690788
0.073000	0.894609	53168.183547
0.075000	0.717426	71615.287717
0.077000	0.588939	88881.000892
0.079000	0.505510	102262.616031
0.081000	0.437244	114697.592917
0.083000	0.370222	128376.234444
0.085000	0.315259	140802.498276
0.087000	0.263339	153643.871322
0.089000	0.209771	168121.493382
0.091000	0.180670	176550.344862
0.093000	0.109260	199068.252096
0.095000	0.061848	215583.367603
0.097000	0.027940	228228.473512
0.099000	0.000000	239203.706889
0.101000	0.019859	231349.919266
0.103000	0.057551	217146.282432
0.105000	0.110418	198681.111732
0.107000	0.177938	177362.859520
0.109000	0.266748	152765.887415
0.111000	0.363958	129735.109685
0.113000	0.485611	105741.161427
0.115000	0.590088	88709.428191
0.117000	0.695919	74251.823517
0.119000	0.787318	63676.730142
0.121000	0.868732	55532.051419
0.123000	1.014456	43466.685113
0.125000	1.123845	36165.670081
0.127000	1.251159	29197.781728
0.129000	1.322118	25914.671173
0.131000	1.451936	20833.934530
0.133000	1.658668	14717.867495
0.135000	1.807153	11466.797730
0.137000	1.903003	9760.375693
0.139000	1.961181	8851.007657
0.141000	1.895605	9882.502756
0.143000	1.674868	14322.473026
0.145000	1.425370	21785.419220
0.147000	1.244859	29508.626267
0.149000	1.066037	39856.570678
0.151000	0.910495	51767.102627
0.153000	0.806174	61689.974371
0.155000	0.708135	72742.632505
0.157000	0.646821	80640.138473
0.159000	0.622440	84013.924504
0.161000	0.658326	79095.617208
0.163000	0.713975	72031.987289
0.165000	0.752327	67534.579510
0.167000	0.831023	59166.172825
0.169000	0.892509	53356.237333
0.171000	0.982854	45838.221014
0.173000	1.033267	42113.739940
0.175000	1.092947	38093.771886
0.177000	1.173086	33292.589026
0.179000	1.244063	29548.137096
0.181000	1.347053	24850.875939
0.183000	1.481462	19825.117688
0.185000	1.589270	16539.003492
0.187000	1.734064	12965.856385
0.189000	1.896656	9865.062572
0.191000	2.062863	7460.348940
0.193000	2.225070	5679.876716
0.195000	2.451591	3881.196203
0.197000	2.619033	2929.027984
0.199000	2.857038	1963.206257
0.201000	2.989116	1572.322833
0.203000	3.134983	1230.411612
0.205000	3.192350	1117.297702
0.207000	3.218810	1068.690392
0.209000	3.236667	1037.087177
0.211000	3.249081	1015.668713
0.213000	3.224935	1057.742154
0.215000	3.229625	1049.436868
0.217000	3.264521	989.645724
0.219000	3.325126	893.788876
0.221000	3.386853	805.695358
0.223000	3.420688	761.147979
0.225000	3.526239	637.398489
0.227000	3.600112	562.961972
0.229000	3.722206	458.504754
0.231000	3.815424	392.002698
0.233000	3.937930	319.045420
0.235000	4.040763	268.397714
0.237000	4.153923	221.904117
0.239000	4.297522	174.313080
0.241000	4.405559	145.363808
0.243000	4.529638	117.997151
0.245000	4.637708	98.395326
0.247000	4.772318	78.469611
0.249000	4.825913	71.709021
0.251000	4.853594	68.448664
0.253000	4.834955	70.627329
0.255000	4.844879	69.458845
0.257000	4.800782	74.803375
0.259000	4.816210	72.888249
0.261000	4.766257	79.273187
0.263000	4.791543	75.974203
0.265000	4.805879	74.165216
0.267000	4.837218	70.359158
0.269000	4.895218	63.823073
0.271000	4.941987	58.997434
0.273000	5.013788	52.289493
0.275000	5.079626	46.811119
0.277000	5.191093	38.812487
0.279000	5.291222	32.799845
0.281000	5.382462	28.135928
0.283000	5.488332	23.548853
0.285000	5.591564	19.797234
0.287000	5.692146	16.717601
0.289000	5.820223	13.479398
0.291000	5.930391	11.200611
0.293000	6.046243	9.218565
0.295000	6.161463	7.595310
0.297000	6.265856	6.372833
0.299000	6.388659	5.184172
0.301000	6.502750	4.279434
0.303000	6.598787	3.641446
0.305000	6.689544	3.126195
0.307000	6.842684	2.416657
0.309000	6.932601	2.077642
0.311000	7.043121	1.725380
0.313000	7.156814	1.425221
0.315000	7.276659	1.165169
0.317000	7.385807	0.969849
0.319000	7.503873	0.795260
0.321000	7.620793	0.653358
0.323000	7.698675	0.573182
0.325000	7.818463	0.468641
0.327000	7.862099	0.435496
0.329000	7.971150	0.362552
0.331000	8.032486	0.327033
0.333000	8.108827	0.287646
0.335000	8.137344	0.274182
0.337000	8.163693	0.262303
0.339000	8.147404	0.269584
0.341000	8.139145	0.273353
0.343000	8.116429	0.283993
0.345000	8.097683	0.293085
0.347000	8.092581	0.295610
0.349000	8.135776	0.274906
0.351000	8.140267	0.272838
0.353000	8.181996	0.254355
0.355000	8.195839	0.248505
0.357000	8.241383	0.230189
0.359000	8.274680	0.217658
0.361000	8.301193	0.208171
0.363000	8.356758	0.189607
0.365000	8.397249	0.177130
0.367000	8.451438	0.161708
0.369000	8.533467	0.140879
0.371000	8.604691	0.124982
0.373000	8.695931	0.107211
0.375000	8.794579	0.090828
0.377000	8.909203	0.074910
0.379000	9.005966	0.063664
0.381000	9.122781	0.052313
0.383000	9.226232	0.043963
0.385000	9.340690	0.036268
0.387000	9.428412	0.031296
0.389000	9.485640	0.028425
0.391000	9.589271	0.023881
0.393000	9.635474	0.022096
0.395000	9.719089	0.019199
0.397000	9.770018	0.017624
0.399000	9.794213	0.016921

# Dumping simulation biases, in the metadata file order 
# Window  F (free energy units)
# 0	0.000000
# 1	-6.071318
# 2	-8.582252
# 3	-8.456975
# 4	-8.132186
# 5	-7.007530
# 6	-5.100411
# 7	-3.849579
# 8	-2.049905
# 9	-0.750945
# 10	0.645843
#Iteration 1110:  0.000003
#Iteration 1120:  0.000003
#Iteration 1130:  0.000002
#Iteration 1140:  0.000002
#Iteration 1150:  0.000002
#Iteration 1160:  0.000002
#Iteration 1170:  0.000002
#Iteration 1180:  0.000002
#Iteration 1190:  0.000001
#Iteration 1200:  0.000001
0.001000	inf	0.000000
0.003000	inf	0.000000
0.005000	inf	0.000000
0.007000	inf	0.000000
0.009000	inf	0.000000
0.011000	inf	0.000000
0.013000	inf	0.000000
0.015000	inf	0.000000
0.017000	inf	0.000000
0.019000	inf	0.000000
0.021000	inf	0.000000
0.023000	inf	0.000000
0.025000	inf	0.000000
0.027000	inf	0.000000
0.029000	inf	0.000000
0.031000	inf	0.000000
0.033000	inf	0.000000
0.035000	inf	0.000000
0.037000	inf	0.000000
0.039000	inf	0.000000
0.041000	inf	0.000000
0.043000	10.900022	0.002637
0.045000	inf	0.000000
0.047000	10.362831	0.006506
0.049000	8.650889	0.115639
0.051000	7.386497	0.968685
0.053000	6.296622	6.051362
0.055000	5.461984	24.614264
0.057000	4.638572	98.248324
0.059000	3.898172	341.082848
0.061000	3.251168	1012.068509
0.063000	2.708433	2520.214891
0.065000	2.223333	5696.241125
0.067000	1.791597	11770.117542
0.069000	1.422348	21895.450399
0.071000	1.138475	35285.565916
0.073000	0.894587	53167.932919
0.075000	0.717404	71614.845879
0.077000	0.588918	88880.295518
0.079000	0.505490	102261.591210
0.081000	0.437227	114696.171077
0.083000	0.370206	128374.309112
0.085000	0.315245	140799.998189
0.087000	0.263326	153640.700306
0.089000	0.209759	168117.513330
0.091000	0.180661	176545.589269
0.093000	0.109253	199062.180512
0.095000	0.061843	215575.957352
0.097000	0.027938	228219.697734
0.099000	0.000000	239193.534334
0.101000	0.019862	231339.197073
0.103000	0.057555	217135.489576
0.105000	0.110424	198670.681962
0.107000	0.177946	177353.152270
0.109000	0.266757	152757.255819
0.111000	0.363967	129727.592350
0.113000	0.485621	105734.900454
0.115000	0.590099	88704.064159
0.117000	0.695930	74247.227547
0.119000	0.787330	63672.673056
0.121000	0.868746	55528.375933
0.123000	1.014472	43463.657000
0.125000	1.123864	36162.972079
0.127000	1.251182	29195.400423
0.129000	1.322147	25912.308300
0.131000	1.451972	20831.765920
0.133000	1.658715	14716.091013
0.135000	1.807212	11465.181608
0.137000	1.903075	9758.774934
0.139000	1.961268	8849.340253
0.141000	1.895706	9880.405846
0.143000	1.674982	14319.126047
0.145000	1.425494	21779.933274
0.147000	1.244993	29500.769271
0.149000	1.066176	39845.518370
0.151000	0.910640	51752.320608
0.153000	0.806322	61671.979120
0.155000	0.708286	72721.068735
0.157000	0.646975	80615.919447
0.159000	0.622595	83988.394453
0.161000	0.658483	79071.297897
0.163000	0.714135	72009.557056
0.165000	0.752489	67513.251116
0.167000	0.831188	59147.197038
0.169000	0.892677	53338.847709
0.171000	0.983026	45823.045097
0.173000	1.033441	42099.595765
0.175000	1.093124	38080.819651
0.177000	1.173265	33281.155076
0.179000	1.244244	29537.907777
0.181000	1.347235	24842.217556
0.183000	1.481645	19818.172992
0.185000	1.589454	16533.180759
0.187000	1.734250	12961.267319
0.189000	1.896843	9861.548877
0.191000	2.063052	7457.670119
0.193000	2.225261	5677.815133
0.195000	2.451785	3879.767165
0.197000	2.619231	2927.929314
0.199000	2.857241	1962.452666
0.201000	2.989325	1571.702721
0.203000	3.135199	1229.911769
0.205000	3.192574	1116.830015
0.207000	3.219040	1068.230350
0.209000	3.236904	1036.629753
0.211000	3.249323	1015.211782
0.213000	3.225182	1057.258964
0.215000	3.229874	1048.952001
0.217000	3.264773	989.184720
0.219000	3.325379	893.370092
0.221000	3.387107	805.316283
0.223000	3.420943	760.788787
0.225000	3.526495	637.097004
0.227000	3.600369	562.695179
0.229000	3.722463	458.287057
0.231000	3.815682	391.816184
0.233000	3.938189	318.893219
0.235000	4.041022	268.269221
0.237000	4.154184	221.797364
0.239000	4.297785	174.228660
0.241000	4.405825	145.292771
0.243000	4.529907	117.938807
0.245000	4.637981	98.345962
0.247000	4.772596	78.429571
0.249000	4.826197	71.671753
0.251000	4.853884	68.412431
0.253000	4.835250	70.589301
0.255000	4.845179	69.420896
0.257000	4.801086	74.762019
0.259000	4.816517	72.847583
0.261000	4.766566	79.228655
0.263000	4.791854	75.931311
0.265000	4.806191	74.123190
0.267000	4.837531	70.319174
0.269000	4.895531	63.786716
0.271000	4.942302	58.963749
0.273000	5.014103	52.259564
0.275000	5.079942	46.784247
0.277000	5.191411	38.790125
0.279000	5.291541	32.780861
0.281000	5.382783	28.119555
0.283000	5.488656	23.535063
0.285000	5.591890	19.785563
0.287000	5.692474	16.707681
0.289000	5.820553	13.471351
0.291000	5.930723	11.193890
0.293000	6.046576	9.213010
0.295000	6.161798	7.590719
0.297000	6.266192	6.368972
0.299000	6.388995	5.181025
0.301000	6.503087	4.276834
0.303000	6.599124	3.639231
0.305000	6.689881	3.124292
0.307000	6.843022	2.415185
0.309000	6.932938	2.076376
0.311000	7.043459	1.724328
0.313000	7.157152	1.424351
0.315000	7.276997	1.164456
0.317000	7.386147	0.969255
0.319000	7.504213	0.794771
0.321000	7.621135	0.652954
0.323000	7.699019	0.572826
0.325000	7.818810	0.468348
0.327000	7.862449	0.435221
0.329000	7.971503	0.362321
0.331000	8.032844	0.326822
0.333000	8.109188	0.287459
0.335000	8.137709	0.274002
0.337000	8.164061	0.262129
0.339000	8.147775	0.269405
0.341000	8.139518	0.273170
0.343000	8.116803	0.283803
0.345000	8.098058	0.292888
0.347000	8.092956	0.295411
0.349000	8.136152	0.274721
0.351000	8.140644	0.272654
0.353000	8.182373	0.254183
0.355000	8.196216	0.248337
0.357000	8.241761	0.230033
0.359000	8.275058	0.217511
0.361000	8.301571	0.208030
0.363000	8.357136	0.189478
0.365000	8.397629	0.177010
0.367000	8.451818	0.161598
0.369000	8.533848	0.140783
0.371000	8.605073	0.124897
0.373000	8.696314	0.107137
0.375000	8.794962	0.090766
0.377000	8.909587	0.074858
0.379000	9.006350	0.063620
0.381000	9.123166	0.052277
0.383000	9.226617	0.043933
0.385000	9.341076	0.036243
0.387000	9.428797	0.031274
0.389000	9.486025	0.028406
0.391000	9.589657	0.023864
0.393000	9.635860	0.022081
0.395000	9.719474	0.019186
0.397000	9.770403	0.017611
0.399000	9.794598	0.016909

# Dumping simulation biases, in the metadata file order 
# Window  F (free energy units)
# 0	0.000000
# 1	-6.071315
# 2	-8.582238
# 3	-8.456940
# 4	-8.132008
# 5	-7.007323
# 6	-5.100131
# 7	-3.849242
# 8	-2.049545
# 9	-0.750546
# 10	0.646251
#Iteration 1210:  0.000001
#Iteration 1220:  0.000001
#Iteration 1230:  0.000001
#Iteration 1240:  0.000001
#Iteration 1250:  0.000001
#Iteration 1260:  0.000001
#Iteration 1270:  0.000001
#Iteration 1280:  0.000001
#Iteration 1290:  0.000001
#Iteration 1300:  0.000001
0.001000	inf	0.000000
0.003000	inf	0.000000
0.005000	inf	0.000000
0.007000	inf	0.000000
0.009000	inf	0.000000
0.011000	inf	0.000000
0.013000	inf	0.000000
0.015000	inf	0.000000
0.017000	inf	0.000000
0.019000	inf	0.000000
0.021000	inf	0.000000
0.023000	inf	0.000000
0.025000	inf	0.000000
0.027000	inf	0.000000
0.029000	inf	0.000000
0.031000	inf	0.000000
0.033000	inf	0.000000
0.035000	inf	0.000000
0.037000	inf	0.000000
0.039000	inf	0.000000
0.041000	inf	0.000000
0.043000	10.900010	0.002637
0.045000	inf	0.000000
0.047000	10.362819	0.006506
0.049000	8.650878	0.115639
0.051000	7.386485	0.968685
0.053000	6.296611	6.051361
0.055000	5.461973	24.614262
0.057000	4.638561	98.248311
0.059000	3.898161	341.082781
0.061000	3.251157	1012.068215
0.063000	2.708422	2520.213830
0.065000	2.223322	5696.237698
0.067000	1.791586	11770.107574
0.069000	1.422337	21895.424766
0.071000	1.138465	35285.509867
0.073000	0.894577	53167.820424
0.075000	0.717395	71614.647560
0.077000	0.588909	88879.978912
0.079000	0.505482	102261.131221
0.081000	0.437219	114695.532887
0.083000	0.370198	128373.444932
0.085000	0.315238	140798.876034
0.087000	0.263320	153639.277010
0.089000	0.209754	168115.726907
0.091000	0.180656	176543.454752
0.093000	0.109249	199059.455327
0.095000	0.061841	215572.631326
0.097000	0.027937	228215.758814
0.099000	0.000000	239188.968503
0.101000	0.019863	231334.384560
0.103000	0.057557	217130.645362
0.105000	0.110426	198666.000725
0.107000	0.177949	177348.795334
0.109000	0.266760	152753.381676
0.111000	0.363971	129724.218325
0.113000	0.485625	105732.090325
0.115000	0.590103	88701.656603
0.117000	0.695936	74245.164718
0.119000	0.787336	63670.852091
0.121000	0.868752	55526.726237
0.123000	1.014480	43462.297861
0.125000	1.123873	36161.761100
0.127000	1.251193	29194.331583
0.129000	1.322160	25911.247728
0.131000	1.451989	20830.792541
0.133000	1.658735	14715.293645
0.135000	1.807238	11464.456225
0.137000	1.903107	9758.056460
0.139000	1.961307	8848.591884
0.141000	1.895752	9879.464728
0.143000	1.675033	14317.623922
0.145000	1.425550	21777.471231
0.147000	1.245052	29497.243186
0.149000	1.066239	39840.558352
0.151000	0.910705	51745.686849
0.153000	0.806389	61663.903411
0.155000	0.708353	72711.391641
0.157000	0.647043	80605.050809
0.159000	0.622665	83976.937515
0.161000	0.658554	79060.384330
0.163000	0.714206	71999.491267
0.165000	0.752562	67503.679822
0.167000	0.831263	59138.681529
0.169000	0.892753	53331.044034
0.171000	0.983103	45816.234862
0.173000	1.033520	42093.248552
0.175000	1.093203	38075.007343
0.177000	1.173346	33276.024112
0.179000	1.244325	29533.317400
0.181000	1.347317	24838.332138
0.183000	1.481727	19815.056590
0.185000	1.589537	16530.567836
0.187000	1.734333	12959.208001
0.189000	1.896927	9859.972128
0.191000	2.063136	7456.468016
0.193000	2.225346	5676.890014
0.195000	2.451872	3879.125898
0.197000	2.619319	2927.436299
0.199000	2.857332	1962.114503
0.201000	2.989419	1571.424457
0.203000	3.135296	1229.687476
0.205000	3.192674	1116.620153
0.207000	3.219144	1068.023920
0.209000	3.237010	1036.424500
0.211000	3.249432	1015.006752
0.213000	3.225292	1057.042152
0.215000	3.229986	1048.734438
0.217000	3.264886	988.977866
0.219000	3.325493	893.182182
0.221000	3.387222	805.146191
0.223000	3.421058	760.627616
0.225000	3.526610	636.961727
0.227000	3.600484	562.575468
0.229000	3.722578	458.189376
0.231000	3.815798	391.732495
0.233000	3.938305	318.824926
0.235000	4.041139	268.211566
0.237000	4.154301	221.749465
0.239000	4.297903	174.190780
0.241000	4.405944	145.260896
0.243000	4.530028	117.912629
0.245000	4.638104	98.323812
0.247000	4.772721	78.411606
0.249000	4.826325	71.655031
0.251000	4.854014	68.396174
0.253000	4.835383	70.572239
0.255000	4.845314	69.403869
0.257000	4.801222	74.743463
0.259000	4.816655	72.829337
0.261000	4.766705	79.208676
0.263000	4.791993	75.912066
0.265000	4.806331	74.104334
0.267000	4.837671	70.301234
0.269000	4.895672	63.770403
0.271000	4.942443	58.948635
0.273000	5.014245	52.246136
0.275000	5.080084	46.772190
0.277000	5.191553	38.780092
0.279000	5.291684	32.772344
0.281000	5.382927	28.112209
0.283000	5.488801	23.528876
0.285000	5.592036	19.780327
0.287000	5.692621	16.703230
0.289000	5.820701	13.467741
0.291000	5.930872	11.190874
0.293000	6.046725	9.210518
0.295000	6.161948	7.588659
0.297000	6.266342	6.367239
0.299000	6.389146	5.179614
0.301000	6.503238	4.275667
0.303000	6.599275	3.638237
0.305000	6.690032	3.123439
0.307000	6.843173	2.414524
0.309000	6.933090	2.075808
0.311000	7.043610	1.723856
0.313000	7.157304	1.423960
0.315000	7.277149	1.164136
0.317000	7.386299	0.968988
0.319000	7.504366	0.794552
0.321000	7.621289	0.652773
0.323000	7.699174	0.572667
0.325000	7.818966	0.468217
0.327000	7.862606	0.435098
0.329000	7.971662	0.362218
0.331000	8.033005	0.326728
0.333000	8.109351	0.287375
0.335000	8.137873	0.273922
0.337000	8.164226	0.262051
0.339000	8.147942	0.269324
0.341000	8.139685	0.273088
0.343000	8.116971	0.283717
0.345000	8.098226	0.292800
0.347000	8.093125	0.295321
0.349000	8.136320	0.274637
0.351000	8.140813	0.272571
0.353000	8.182542	0.254106
0.355000	8.196385	0.248261
0.357000	8.241930	0.229963
0.359000	8.275228	0.217445
0.361000	8.301740	0.207967
0.363000	8.357306	0.189421
0.365000	8.397799	0.176956
0.367000	8.451989	0.161549
0.369000	8.534019	0.140740
0.371000	8.605245	0.124858
0.373000	8.696485	0.107104
0.375000	8.795134	0.090738
0.377000	8.909759	0.074835
0.379000	9.006523	0.063601
0.381000	9.123339	0.052261
0.383000	9.226790	0.043919
0.385000	9.341248	0.036232
0.387000	9.428970	0.031264
0.389000	9.486198	0.028397
0.391000	9.589830	0.023857
0.393000	9.636033	0.022074
0.395000	9.719647	0.019180
0.397000	9.770576	0.017606
0.399000	9.794771	0.016904

# Dumping simulation biases, in the metadata file order 
# Window  F (free energy units)
# 0	0.000000
# 1	-6.071314
# 2	-8.582232
# 3	-8.456924
# 4	-8.131928
# 5	-7.007230
# 6	-5.100006
# 7	-3.849091
# 8	-2.049384
# 9	-0.750367
# 10	0.646434
#Iteration 1310:  0.000001
#Iteration 1320:  0.000001
# Dumping simulation biases, in the metadata file order 
# Window  F (free energy units)
# 0	0.000000
# 1	-6.071314
# 2	-8.582232
# 3	-8.456922
# 4	-8.131917
# 5	-7.007217
# 6	-5.099989
# 7	-3.849071
# 8	-2.049362
# 9	-0.750343
# 10	0.646459
# No MC error analysis requested
