# /home/btan/Software/WHAM/wham/wham/wham 0.0 0.35 200 1e-06 300 0 /home/btan/Documents/BD2_DCAF16_8ov6/umbrella_sampling/RMSD/results/backbone_RMSD/BD2/run3/RED/metafile.txt /home/btan/Documents/BD2_DCAF16_8ov6/umbrella_sampling/RMSD/results/backbone_RMSD/BD2/run3/RED/pmf.txt
#Number of windows = 11
#Iteration 10:  0.046590
#Iteration 20:  0.023876
#Iteration 30:  0.016131
#Iteration 40:  0.012239
#Iteration 50:  0.010652
#Iteration 60:  0.010114
#Iteration 70:  0.009447
#Iteration 80:  0.008720
#Iteration 90:  0.008001
#Iteration 100:  0.007318
0.000875	inf	0.000000
0.002625	inf	0.000000
0.004375	inf	0.000000
0.006125	inf	0.000000
0.007875	inf	0.000000
0.009625	inf	0.000000
0.011375	inf	0.000000
0.013125	inf	0.000000
0.014875	inf	0.000000
0.016625	inf	0.000000
0.018375	inf	0.000000
0.020125	inf	0.000000
0.021875	inf	0.000000
0.023625	inf	0.000000
0.025375	inf	0.000000
0.027125	inf	0.000000
0.028875	inf	0.000000
0.030625	inf	0.000000
0.032375	inf	0.000000
0.034125	inf	0.000000
0.035875	inf	0.000000
0.037625	inf	0.000000
0.039375	inf	0.000000
0.041125	inf	0.000000
0.042875	inf	0.000000
0.044625	inf	0.000000
0.046375	inf	0.000000
0.048125	inf	0.000000
0.049875	8.867658	0.071240
0.051625	7.601146	0.598892
0.053375	6.771796	2.414470
0.055125	5.900157	10.451261
0.056875	5.059200	42.965062
0.058625	4.368101	137.296026
0.060375	3.715508	411.232953
0.062125	3.103989	1149.560149
0.063875	2.590470	2725.399591
0.065625	2.122762	5982.518358
0.067375	1.708161	12010.650040
0.069125	1.351210	21885.749485
0.070875	1.058484	35798.756781
0.072625	0.809058	54445.708550
0.074375	0.586081	79204.397443
0.076125	0.397267	108791.493012
0.077875	0.265547	135755.611607
0.079625	0.153458	163903.911627
0.081375	0.094772	180897.944848
0.083125	0.028854	202095.755615
0.084875	0.001031	211772.604825
0.086625	0.000000	212139.928999
0.088375	0.060641	191580.368295
0.090125	0.095573	180654.294304
0.091875	0.154702	163561.584609
0.093625	0.233085	143369.679172
0.095375	0.294126	129387.816669
0.097125	0.401046	108102.579763
0.098875	0.452053	99219.594888
0.100625	0.540442	85520.217260
0.102375	0.626055	74056.972544
0.104125	0.731102	62069.184046
0.105875	0.802246	55072.779007
0.107625	0.911328	45845.934410
0.109375	0.983574	40602.871965
0.111125	1.095803	33621.995584
0.112875	1.194635	28475.446312
0.114625	1.330631	22656.121522
0.116375	1.457022	18319.465334
0.118125	1.563586	15314.924500
0.119875	1.669623	12814.489404
0.121625	1.818960	9969.584788
0.123375	1.907908	8584.985814
0.125125	1.950479	7992.094053
0.126875	2.123002	5980.111604
0.128625	2.339199	4157.883875
0.130375	2.489532	3229.395632
0.132125	2.489342	3230.424636
0.133875	2.604999	2659.642005
0.135625	2.527722	3028.587968
0.137375	2.478054	3292.311437
0.139125	2.356979	4035.452329
0.140875	2.148781	5726.497654
0.142625	1.981155	7590.413990
0.144375	1.736724	11447.584176
0.146125	1.621399	13896.579344
0.147875	1.454325	18402.696619
0.149625	1.258167	25591.034746
0.151375	1.118700	32352.436617
0.153125	1.006643	39058.496043
0.154875	0.906979	46182.336745
0.156625	0.797502	55513.680750
0.158375	0.765235	58608.042658
0.160125	0.703418	65025.981297
0.161875	0.703611	65004.857931
0.163625	0.704098	64951.634367
0.165375	0.720137	63223.910750
0.167125	0.793972	55844.114574
0.168875	0.851892	50663.183515
0.170625	0.912713	45739.298646
0.172375	0.952609	42772.315602
0.174125	1.054723	36025.803081
0.175875	1.136914	31376.893500
0.177625	1.159632	30201.211065
0.179375	1.156020	30385.127084
0.181125	1.179805	29194.218584
0.182875	1.195978	28411.200375
0.184625	1.234389	26634.698044
0.186375	1.206775	27900.199720
0.188125	1.226469	26991.635672
0.189875	1.221846	27202.245246
0.191625	1.262364	25411.134993
0.193375	1.254314	25757.352711
0.195125	1.250961	25902.931444
0.196875	1.288199	24331.173867
0.198625	1.302160	23766.795423
0.200375	1.311477	23397.464190
0.202125	1.329189	22711.086317
0.203875	1.374867	21032.466039
0.205625	1.378428	20906.956486
0.207375	1.453840	18417.704727
0.209125	1.459936	18229.944957
0.210875	1.469647	17934.761636
0.212625	1.510259	16751.228322
0.214375	1.562598	15340.381834
0.216125	1.541008	15907.363464
0.217875	1.529821	16209.346919
0.219625	1.515466	16605.238554
0.221375	1.426780	19274.865003
0.223125	1.416355	19615.600805
0.224875	1.364347	21407.745432
0.226625	1.313258	23327.524318
0.228375	1.278454	24733.048172
0.230125	1.230893	26791.655872
0.231875	1.247724	26044.257519
0.233625	1.234753	26618.385133
0.235375	1.249782	25954.315118
0.237125	1.284096	24499.558215
0.238875	1.313375	23322.915901
0.240625	1.345900	22081.995163
0.242375	1.377090	20954.018788
0.244125	1.422898	19401.032857
0.245875	1.467982	17985.042146
0.247625	1.536269	16034.573459
0.249375	1.663697	12942.787381
0.251125	1.735996	11461.612407
0.252875	1.824855	9871.274896
0.254625	1.930474	8265.431125
0.256375	2.008041	7254.993509
0.258125	2.133536	5875.139936
0.259875	2.196226	5287.507449
0.261625	2.302699	4420.989202
0.263375	2.418480	3639.091924
0.265125	2.483042	3264.819770
0.266875	2.580875	2769.714431
0.268625	2.693193	2293.170888
0.270375	2.804509	1901.822221
0.272125	2.876904	1683.904551
0.273875	2.954349	1478.352265
0.275625	3.073616	1209.779657
0.277375	3.127255	1105.469342
0.279125	3.253862	893.544930
0.280875	3.377016	726.451169
0.282625	3.436710	657.092067
0.284375	3.528505	563.133101
0.286125	3.561389	532.848156
0.287875	3.644317	463.512223
0.289625	3.747328	389.814066
0.291375	3.821382	344.186622
0.293125	3.962880	271.326414
0.294875	3.987477	260.336259
0.296625	4.104126	213.980797
0.298375	4.169673	191.655725
0.300125	4.239782	170.348455
0.301875	4.313820	150.413054
0.303625	4.383628	133.758783
0.305375	4.468745	115.926327
0.307125	4.536482	103.449829
0.308875	4.575820	96.830219
0.310625	4.647486	85.840191
0.312375	4.695230	79.219920
0.314125	4.771028	69.742523
0.315875	4.841576	61.943161
0.317625	4.935883	52.862058
0.319375	5.053137	43.405193
0.321125	5.128669	38.229575
0.322875	5.230009	32.241492
0.324625	5.371102	25.433674
0.326375	5.487657	20.908240
0.328125	5.638088	16.236573
0.329875	5.750273	13.445990
0.331625	5.883550	10.747134
0.333375	6.000172	8.833887
0.335125	6.139385	6.990668
0.336875	6.271711	5.596453
0.338625	6.400951	4.503602
0.340375	6.510897	3.743637
0.342125	6.664803	2.890234
0.343875	6.789498	2.343681
0.345625	6.878725	2.017240
0.347375	6.992826	1.665166
0.349125	7.124847	1.333751

# Dumping simulation biases, in the metadata file order 
# Window  F (free energy units)
# 0	0.000000
# 1	-6.239099
# 2	-8.656339
# 3	-7.905903
# 4	-8.069743
# 5	-7.775577
# 6	-7.610558
# 7	-6.245628
# 8	-4.300351
# 9	-1.887241
# 10	2.901021
#Iteration 110:  0.006687
#Iteration 120:  0.006110
#Iteration 130:  0.005586
#Iteration 140:  0.005111
#Iteration 150:  0.004681
#Iteration 160:  0.004292
#Iteration 170:  0.003939
#Iteration 180:  0.003618
#Iteration 190:  0.003326
#Iteration 200:  0.003060
0.000875	inf	0.000000
0.002625	inf	0.000000
0.004375	inf	0.000000
0.006125	inf	0.000000
0.007875	inf	0.000000
0.009625	inf	0.000000
0.011375	inf	0.000000
0.013125	inf	0.000000
0.014875	inf	0.000000
0.016625	inf	0.000000
0.018375	inf	0.000000
0.020125	inf	0.000000
0.021875	inf	0.000000
0.023625	inf	0.000000
0.025375	inf	0.000000
0.027125	inf	0.000000
0.028875	inf	0.000000
0.030625	inf	0.000000
0.032375	inf	0.000000
0.034125	inf	0.000000
0.035875	inf	0.000000
0.037625	inf	0.000000
0.039375	inf	0.000000
0.041125	inf	0.000000
0.042875	inf	0.000000
0.044625	inf	0.000000
0.046375	inf	0.000000
0.048125	inf	0.000000
0.049875	8.845241	0.071231
0.051625	7.578760	0.598786
0.053375	6.749455	2.413864
0.055125	5.877878	10.447541
0.056875	5.037009	42.943441
0.058625	4.346032	137.198592
0.060375	3.693611	410.822870
0.062125	3.082328	1147.957132
0.063875	2.569133	2720.119101
0.065625	2.101861	5966.545352
0.067375	1.687840	11966.910201
0.069125	1.331645	21778.361452
0.070875	1.039884	35565.390045
0.072625	0.791661	53981.421169
0.074375	0.570154	78335.289111
0.076125	0.383091	107281.355924
0.077875	0.253413	133412.516506
0.079625	0.143654	160445.238427
0.081375	0.087585	176303.360211
0.083125	0.024581	196000.392089
0.084875	0.000000	204269.063338
0.086625	0.002588	203382.278556
0.088375	0.067267	182428.974660
0.090125	0.106654	170741.586422
0.091875	0.170570	153347.415906
0.093625	0.253903	133302.619614
0.095375	0.319819	119320.923193
0.097125	0.431290	98931.884812
0.098875	0.486334	90188.435863
0.100625	0.578140	77290.672195
0.102375	0.666542	66617.600601
0.104125	0.773805	55626.363720
0.105875	0.846694	49211.618695
0.107625	0.957164	40871.253234
0.109375	1.030558	36127.326076
0.111125	1.143807	29864.663583
0.112875	1.243643	25250.602289
0.114625	1.380743	20053.076179
0.116375	1.508468	16178.338187
0.118125	1.616757	13485.813467
0.119875	1.725110	11240.168497
0.121625	1.877618	8698.286891
0.123375	1.970936	7435.428888
0.125125	2.019519	6852.318393
0.126875	2.200251	5057.001076
0.128625	2.427510	3451.286356
0.130375	2.592463	2615.503921
0.132125	2.611112	2534.783607
0.133875	2.750250	2006.143567
0.135625	2.701067	2179.054705
0.137375	2.683424	2244.651600
0.139125	2.596909	2596.031965
0.140875	2.423878	3472.421772
0.142625	2.289969	4349.043860
0.144375	2.076067	6230.951029
0.146125	1.986987	7237.488580
0.147875	1.841494	9242.848599
0.149625	1.662459	12488.557938
0.151375	1.536221	15440.924937
0.153125	1.434220	18329.027167
0.154875	1.342171	21396.382551
0.156625	1.238531	25468.531288
0.158375	1.210892	26679.755664
0.160125	1.152983	29407.529498
0.161875	1.156783	29220.269128
0.163625	1.160950	29016.299354
0.165375	1.181083	28050.704991
0.167125	1.259739	24576.531128
0.168875	1.323464	22079.949568
0.170625	1.391236	19702.461171
0.172375	1.439238	18175.064409
0.174125	1.550418	15076.769766
0.175875	1.642232	12920.483085
0.177625	1.674590	12236.457941
0.179375	1.680077	12124.114722
0.181125	1.711976	11491.103907
0.182875	1.735029	11054.319665
0.184625	1.779029	10266.195293
0.186375	1.755807	10674.860507
0.188125	1.778874	10268.862155
0.189875	1.776807	10304.605524
0.191625	1.819266	9594.751745
0.193375	1.812719	9700.930696
0.195125	1.810586	9735.776227
0.196875	1.848895	9128.577601
0.198625	1.863900	8901.191996
0.200375	1.874357	8746.096138
0.202125	1.893435	8470.059986
0.203875	1.940854	7821.100858
0.205625	1.946708	7744.510669
0.207375	2.025177	6787.455339
0.209125	2.035332	6672.571821
0.210875	2.050355	6506.177997
0.212625	2.097748	6007.947973
0.214375	2.158459	5425.047053
0.216125	2.146775	5532.653643
0.217875	2.146732	5533.055445
0.219625	2.144224	5556.430668
0.221375	2.067402	6322.378024
0.223125	2.068182	6314.094131
0.224875	2.026202	6775.775642
0.226625	1.983700	7277.592568
0.228375	1.956024	7624.169636
0.230125	1.914304	8178.063839
0.231875	1.935969	7885.582377
0.233625	1.927154	8003.300255
0.235375	1.945998	7753.755464
0.237125	1.984105	7272.635526
0.238875	2.017442	6876.286074
0.240625	2.054521	6460.765918
0.242375	2.090909	6077.413274
0.244125	2.142577	5571.835126
0.245875	2.194052	5109.970391
0.247625	2.268991	4505.141820
0.249375	2.402972	3596.621373
0.251125	2.481373	3152.517889
0.252875	2.575621	2690.612681
0.254625	2.685784	2235.762381
0.256375	2.767050	1950.278930
0.258125	2.895490	1571.550287
0.259875	2.960513	1408.829093
0.261625	3.068867	1174.230346
0.263375	3.186239	963.972475
0.265125	3.252260	862.711745
0.266875	3.351573	730.065617
0.268625	3.465545	602.775868
0.270375	3.578853	498.235328
0.272125	3.653754	439.291162
0.273875	3.734398	383.598933
0.275625	3.857723	311.776277
0.277375	3.916396	282.493364
0.279125	4.049033	226.035233
0.280875	4.179086	181.647603
0.282625	4.246259	162.251753
0.284375	4.345695	137.276207
0.286125	4.385927	128.299103
0.287875	4.475518	110.361483
0.289625	4.584257	91.924610
0.291375	4.663017	80.525211
0.293125	4.808245	63.082232
0.294875	4.835720	60.235021
0.296625	4.954551	49.328201
0.298375	5.021748	44.059368
0.300125	5.093116	39.078237
0.301875	5.168150	34.447374
0.303625	5.238792	30.590268
0.305375	5.324676	26.477894
0.307125	5.393193	23.597268
0.308875	5.433401	22.055030
0.310625	5.506100	19.517904
0.312375	5.555107	17.974434
0.314125	5.632448	15.783082
0.315875	5.704843	13.974588
0.317625	5.801281	11.883227
0.319375	5.920875	9.719042
0.321125	5.998836	8.525254
0.322875	6.102553	7.161242
0.324625	6.245835	5.628387
0.326375	6.364299	4.612098
0.328125	6.516316	3.572047
0.329875	6.629768	2.951827
0.331625	6.764025	2.355459
0.333375	6.881387	1.933724
0.335125	7.021150	1.528830
0.336875	7.153883	1.223085
0.338625	7.283424	0.983749
0.340375	7.393596	0.817434
0.342125	7.547679	0.630904
0.343875	7.672521	0.511471
0.345625	7.761883	0.440131
0.347375	7.876120	0.363230
0.349125	8.008293	0.290863

# Dumping simulation biases, in the metadata file order 
# Window  F (free energy units)
# 0	0.000000
# 1	-6.233233
# 2	-8.635236
# 3	-7.835748
# 4	-7.598730
# 5	-7.196411
# 6	-6.898611
# 7	-5.461035
# 8	-3.430466
# 9	-0.990331
# 10	3.802735
#Iteration 210:  0.002817
#Iteration 220:  0.002595
#Iteration 230:  0.002392
#Iteration 240:  0.002206
#Iteration 250:  0.002035
#Iteration 260:  0.001879
#Iteration 270:  0.001735
#Iteration 280:  0.001602
#Iteration 290:  0.001480
#Iteration 300:  0.001368
0.000875	inf	0.000000
0.002625	inf	0.000000
0.004375	inf	0.000000
0.006125	inf	0.000000
0.007875	inf	0.000000
0.009625	inf	0.000000
0.011375	inf	0.000000
0.013125	inf	0.000000
0.014875	inf	0.000000
0.016625	inf	0.000000
0.018375	inf	0.000000
0.020125	inf	0.000000
0.021875	inf	0.000000
0.023625	inf	0.000000
0.025375	inf	0.000000
0.027125	inf	0.000000
0.028875	inf	0.000000
0.030625	inf	0.000000
0.032375	inf	0.000000
0.034125	inf	0.000000
0.035875	inf	0.000000
0.037625	inf	0.000000
0.039375	inf	0.000000
0.041125	inf	0.000000
0.042875	inf	0.000000
0.044625	inf	0.000000
0.046375	inf	0.000000
0.048125	inf	0.000000
0.049875	8.836430	0.071227
0.051625	7.569963	0.598743
0.053375	6.740675	2.413615
0.055125	5.869124	10.446015
0.056875	5.028291	42.934567
0.058625	4.337364	137.158606
0.060375	3.685013	410.654604
0.062125	3.073829	1147.299553
0.063875	2.560766	2717.953744
0.065625	2.093674	5959.998477
0.067375	1.679891	11948.993863
0.069125	1.324006	21734.410377
0.070875	1.032641	35469.979929
0.072625	0.784913	53791.851678
0.074375	0.564010	77981.003582
0.076125	0.377667	106666.940299
0.077875	0.248829	132461.295682
0.079625	0.140030	159044.524625
0.081375	0.085040	174447.435266
0.083125	0.023240	193545.058077
0.084875	0.000000	201255.764189
0.086625	0.004086	199878.101088
0.088375	0.070433	178783.726126
0.090125	0.111652	166815.279328
0.091875	0.177526	149329.105028
0.093625	0.262865	129372.531960
0.095375	0.330738	115422.505759
0.097125	0.444023	95408.236029
0.098875	0.500666	86742.724217
0.100625	0.593824	74169.101332
0.102375	0.683331	63808.289521
0.104125	0.791487	53200.659981
0.105875	0.865101	47008.299009
0.107625	0.976183	39001.287443
0.109375	1.050129	34442.440059
0.111125	1.163928	28445.510470
0.112875	1.264376	24025.988600
0.114625	1.402220	19056.667494
0.116375	1.530911	15349.534486
0.118125	1.640497	12767.062578
0.119875	1.750627	10609.382501
0.121625	1.905578	8176.495608
0.123375	2.002248	6950.117892
0.125125	2.055389	6356.182000
0.126875	2.242225	4642.961507
0.128625	2.477489	3126.359920
0.130375	2.652646	2328.972594
0.132125	2.683837	2210.004951
0.133875	2.837722	1706.270403
0.135625	2.805001	1802.753934
0.137375	2.804698	1803.671235
0.139125	2.735373	2026.602846
0.140875	2.578387	2638.625612
0.142625	2.458633	3227.044163
0.144375	2.256615	4532.000205
0.146125	2.177105	5180.081271
0.147875	2.039071	6532.946623
0.149625	1.865711	8743.238672
0.151375	1.743726	10733.174581
0.153125	1.644897	12672.985822
0.154875	1.555232	14734.650270
0.156625	1.453430	17484.809240
0.158375	1.427285	18270.410487
0.160125	1.370691	20093.939875
0.161875	1.375771	19923.088004
0.163625	1.381312	19738.380054
0.165375	1.403032	19030.669705
0.167125	1.483597	16620.233745
0.168875	1.549636	14873.908773
0.170625	1.620168	13210.895138
0.172375	1.671353	12121.720690
0.174125	1.786034	9996.329547
0.175875	1.881493	8514.330154
0.177625	1.917425	8015.265712
0.179375	1.926216	7897.682555
0.181125	1.961007	7449.039782
0.182875	1.986472	7136.905252
0.184625	2.032405	6606.566919
0.186375	2.010688	6852.202152
0.188125	2.034903	6578.887009
0.189875	2.033704	6592.157660
0.191625	2.076824	6131.223728
0.193375	2.070795	6193.680408
0.195125	2.069091	6211.447527
0.196875	2.107788	5820.254298
0.198625	2.123186	5671.534880
0.200375	2.134084	5568.574857
0.202125	2.153703	5387.919073
0.203875	2.201821	4969.267589
0.205625	2.208600	4912.963033
0.207375	2.288299	4296.929184
0.209125	2.300079	4212.679807
0.210875	2.317207	4093.117588
0.212625	2.367252	3762.861782
0.214375	2.431182	3379.450243
0.216125	2.423227	3424.943492
0.217875	2.427280	3401.689137
0.219625	2.429015	3391.782982
0.221375	2.356331	3832.581111
0.223125	2.360922	3803.116215
0.224875	2.322278	4058.372334
0.226625	2.282582	4338.424607
0.228375	2.257207	4527.486555
0.230125	2.217362	4841.126872
0.231875	2.240583	4655.796013
0.233625	2.233121	4714.564079
0.235375	2.253229	4557.864753
0.237125	2.292618	4265.845078
0.238875	2.327349	4023.927416
0.240625	2.366004	3770.764775
0.242375	2.404191	3536.311743
0.244125	2.457877	3231.148494
0.245875	2.511532	2952.470151
0.247625	2.588713	2593.220219
0.249375	2.724873	2062.693380
0.251125	2.805277	1801.917914
0.252875	2.901273	1533.388486
0.254625	3.012897	1271.043693
0.256375	3.095343	1106.546992
0.258125	3.224719	890.262439
0.259875	3.290483	797.088513
0.261625	3.399439	663.685249
0.263375	3.517327	544.373689
0.265125	3.583829	486.796165
0.266875	3.683638	411.604980
0.268625	3.798175	339.517746
0.270375	3.912169	280.310806
0.272125	3.987937	246.788660
0.273875	4.069686	215.101727
0.275625	4.194404	174.418480
0.277375	4.254790	157.582158
0.279125	4.389454	125.659234
0.280875	4.521796	100.595274
0.282625	4.591410	89.485950
0.284375	4.693300	75.399688
0.286125	4.735852	70.194628
0.287875	4.827515	60.170711
0.289625	4.938011	49.970790
0.291375	5.018200	43.669037
0.293125	5.164550	34.145213
0.294875	5.192885	32.556977
0.296625	5.312366	26.632737
0.298375	5.380052	23.768446
0.300125	5.451797	21.068005
0.301875	5.527129	18.562083
0.303625	5.598024	16.476645
0.305375	5.684144	14.255956
0.307125	5.752906	12.699778
0.308875	5.793390	11.864250
0.310625	5.866420	10.493595
0.312375	5.915833	9.657175
0.314125	5.993671	8.472749
0.315875	6.066659	7.494429
0.317625	6.163778	6.365555
0.319375	6.284118	5.199732
0.321125	6.362850	4.555147
0.322875	6.467316	3.821521
0.324625	6.611285	3.000061
0.326375	6.730346	2.455891
0.328125	6.882857	1.900497
0.329875	6.996702	1.569473
0.331625	7.131262	1.251749
0.333375	7.248853	1.027233
0.335125	7.388786	0.811913
0.336875	7.521644	0.649405
0.338625	7.651278	0.522246
0.340375	7.761520	0.433903
0.342125	7.915658	0.334860
0.343875	8.040546	0.271449
0.345625	8.129949	0.233571
0.347375	8.244229	0.192747
0.349125	8.376450	0.154333

# Dumping simulation biases, in the metadata file order 
# Window  F (free energy units)
# 0	0.000000
# 1	-6.230841
# 2	-8.626672
# 3	-7.807456
# 4	-7.373880
# 5	-6.930797
# 6	-6.585655
# 7	-5.123512
# 8	-3.065282
# 9	-0.616528
# 10	4.178055
#Iteration 310:  0.001264
#Iteration 320:  0.001169
#Iteration 330:  0.001081
#Iteration 340:  0.000999
#Iteration 350:  0.000924
#Iteration 360:  0.000855
#Iteration 370:  0.000791
#Iteration 380:  0.000732
#Iteration 390:  0.000677
#Iteration 400:  0.000627
0.000875	inf	0.000000
0.002625	inf	0.000000
0.004375	inf	0.000000
0.006125	inf	0.000000
0.007875	inf	0.000000
0.009625	inf	0.000000
0.011375	inf	0.000000
0.013125	inf	0.000000
0.014875	inf	0.000000
0.016625	inf	0.000000
0.018375	inf	0.000000
0.020125	inf	0.000000
0.021875	inf	0.000000
0.023625	inf	0.000000
0.025375	inf	0.000000
0.027125	inf	0.000000
0.028875	inf	0.000000
0.030625	inf	0.000000
0.032375	inf	0.000000
0.034125	inf	0.000000
0.035875	inf	0.000000
0.037625	inf	0.000000
0.039375	inf	0.000000
0.041125	inf	0.000000
0.042875	inf	0.000000
0.044625	inf	0.000000
0.046375	inf	0.000000
0.048125	inf	0.000000
0.049875	8.832538	0.071226
0.051625	7.566076	0.598724
0.053375	6.736796	2.413505
0.055125	5.865256	10.445341
0.056875	5.024439	42.930654
0.058625	4.333535	137.140976
0.060375	3.681215	410.580423
0.062125	3.070073	1147.009682
0.063875	2.557069	2716.999351
0.065625	2.090056	5957.113430
0.067375	1.676378	11941.100480
0.069125	1.320630	21715.053000
0.070875	1.029440	35427.975447
0.072625	0.781930	53708.435914
0.074375	0.561293	77825.206154
0.076125	0.375268	106396.953259
0.077875	0.246801	132043.671119
0.079625	0.138426	158430.144610
0.081375	0.083913	173634.233979
0.083125	0.022646	192470.420754
0.084875	0.000000	199938.579731
0.086625	0.004749	198348.647892
0.088375	0.071835	177195.690982
0.090125	0.113863	165108.813743
0.091875	0.180598	147587.552708
0.093625	0.266818	127674.562736
0.095375	0.335548	113743.686505
0.097125	0.449625	93895.496737
0.098875	0.506965	85267.441428
0.100625	0.600711	72835.474194
0.102375	0.690704	62609.876906
0.104125	0.799256	52166.730358
0.105875	0.873199	46069.234691
0.107625	0.984567	38203.733543
0.109375	1.058786	33722.667314
0.111125	1.172872	27837.634360
0.112875	1.273654	23499.354103
0.114625	1.411919	18625.784328
0.116375	1.541166	14988.455308
0.118125	1.651507	12450.927342
0.119875	1.762672	10328.683602
0.121625	1.919044	7941.169434
0.123375	2.017653	6728.128780
0.125125	2.073404	6126.223042
0.126875	2.263689	4449.114327
0.128625	2.503394	2973.550872
0.130375	2.684079	2194.646312
0.132125	2.721870	2059.561835
0.133875	2.883252	1570.207821
0.135625	2.858575	1636.713639
0.137375	2.866398	1615.328912
0.139125	2.804795	1791.574031
0.140875	2.654732	2305.629017
0.142625	2.540870	2791.998218
0.144375	2.343649	3889.539802
0.146125	2.267907	4417.676035
0.147875	2.132755	5544.509699
0.149625	1.961556	7393.469011
0.151375	1.841176	9051.737387
0.153125	1.743540	10666.254344
0.154875	1.654774	12382.739454
0.156625	1.553673	14676.623006
0.158375	1.528109	15321.072851
0.160125	1.472042	16835.309669
0.161875	1.477652	16677.288558
0.163625	1.483779	16506.398483
0.165375	1.506191	15896.090561
0.167125	1.587596	13863.095367
0.168875	1.654657	12385.176353
0.170625	1.726407	10977.932282
0.172375	1.778989	10049.221004
0.174125	1.895197	8265.966766
0.175875	1.992233	7021.855127
0.177625	2.029700	6593.238762
0.179375	2.039899	6481.160224
0.181125	2.075914	6100.429307
0.182875	2.102392	5834.851144
0.184625	2.149134	5393.926317
0.186375	2.128045	5588.577788
0.188125	2.152737	5361.358301
0.189875	2.151900	5368.910783
0.191625	2.195296	4991.193074
0.193375	2.189484	5040.195457
0.195125	2.187962	5053.108859
0.196875	2.226826	4733.538699
0.198625	2.242395	4611.258681
0.200375	2.253489	4526.058409
0.202125	2.273350	4377.444759
0.203875	2.321781	4035.182394
0.205625	2.328975	3986.676854
0.207375	2.409227	3483.553358
0.209125	2.421734	3411.077766
0.210875	2.439801	3309.039226
0.212625	2.491022	3036.037527
0.214375	2.556369	2720.194422
0.216125	2.550044	2749.272959
0.217875	2.555870	2722.480523
0.219625	2.559423	2706.267441
0.221375	2.488496	3048.960345
0.223125	2.494690	3017.378892
0.224875	2.457438	3212.371099
0.226625	2.418906	3427.331394
0.228375	2.394482	3570.976891
0.230125	2.355411	3813.390137
0.231875	2.379276	3663.436241
0.233625	2.372377	3706.167377
0.235375	2.393016	3579.788953
0.237125	2.432948	3347.378257
0.238875	2.468271	3154.398492
0.240625	2.507601	2952.595981
0.242375	2.546557	2765.435345
0.244125	2.601104	2523.139860
0.245875	2.655686	2301.935663
0.247625	2.733815	2018.618901
0.249375	2.870894	1603.168446
0.251125	2.952138	1398.511190
0.252875	3.048865	1188.638551
0.254625	3.161097	984.269563
0.256375	3.244034	856.180556
0.258125	3.373798	688.382552
0.259875	3.439871	616.017972
0.261625	3.549078	512.703091
0.263375	3.667182	420.381150
0.265125	3.733886	375.789899
0.266875	3.833907	317.632046
0.268625	3.948685	261.896574
0.270375	4.062974	216.118461
0.272125	4.139114	190.153872
0.273875	4.221338	165.606486
0.275625	4.346654	134.149688
0.277375	4.407772	121.051301
0.279125	4.543300	96.388768
0.280875	4.676611	77.037454
0.282625	4.747254	68.411358
0.284375	4.850172	57.543014
0.286125	4.893690	53.483685
0.287875	4.986211	45.779998
0.289625	5.097433	37.973225
0.291375	5.178209	33.151741
0.293125	5.325019	25.901619
0.294875	5.353705	24.682230
0.296625	5.473452	20.181910
0.298375	5.541338	18.005327
0.300125	5.613236	15.955542
0.301875	5.688691	14.054827
0.303625	5.759691	12.473586
0.305375	5.845909	10.790644
0.307125	5.914773	9.611091
0.308875	5.955373	8.977024
0.310625	6.028541	7.938069
0.312375	6.078125	7.303248
0.314125	6.156171	6.405275
0.315875	6.229409	5.663305
0.317625	6.326814	4.807935
0.319375	6.447467	3.925318
0.321125	6.526522	3.436852
0.322875	6.631301	2.881814
0.324625	6.775557	2.261260
0.326375	6.894866	1.850324
0.328125	7.047583	1.431383
0.329875	7.161591	1.181744
0.331625	7.296278	0.942311
0.333375	7.413964	0.773173
0.335125	7.553967	0.611035
0.336875	7.686877	0.488691
0.338625	7.816550	0.392976
0.340375	7.926820	0.326484
0.342125	8.080981	0.251951
0.343875	8.205888	0.204233
0.345625	8.295309	0.175729
0.347375	8.409606	0.145011
0.349125	8.541847	0.116107

# Dumping simulation biases, in the metadata file order 
# Window  F (free energy units)
# 0	0.000000
# 1	-6.229788
# 2	-8.622911
# 3	-7.795057
# 4	-7.269579
# 5	-6.808838
# 6	-6.443383
# 7	-4.970823
# 8	-2.900962
# 9	-0.448594
# 10	4.346624
#Iteration 410:  0.000580
#Iteration 420:  0.000537
#Iteration 430:  0.000497
#Iteration 440:  0.000460
#Iteration 450:  0.000426
#Iteration 460:  0.000394
#Iteration 470:  0.000365
#Iteration 480:  0.000338
#Iteration 490:  0.000313
#Iteration 500:  0.000289
0.000875	inf	0.000000
0.002625	inf	0.000000
0.004375	inf	0.000000
0.006125	inf	0.000000
0.007875	inf	0.000000
0.009625	inf	0.000000
0.011375	inf	0.000000
0.013125	inf	0.000000
0.014875	inf	0.000000
0.016625	inf	0.000000
0.018375	inf	0.000000
0.020125	inf	0.000000
0.021875	inf	0.000000
0.023625	inf	0.000000
0.025375	inf	0.000000
0.027125	inf	0.000000
0.028875	inf	0.000000
0.030625	inf	0.000000
0.032375	inf	0.000000
0.034125	inf	0.000000
0.035875	inf	0.000000
0.037625	inf	0.000000
0.039375	inf	0.000000
0.041125	inf	0.000000
0.042875	inf	0.000000
0.044625	inf	0.000000
0.046375	inf	0.000000
0.048125	inf	0.000000
0.049875	8.830761	0.071225
0.051625	7.564301	0.598715
0.053375	6.735025	2.413455
0.055125	5.863490	10.445034
0.056875	5.022680	42.928870
0.058625	4.331786	137.132935
0.060375	3.679481	410.546592
0.062125	3.068358	1146.877489
0.063875	2.555381	2716.564135
0.065625	2.088404	5955.797920
0.067375	1.674774	11937.501682
0.069125	1.319089	21706.228721
0.070875	1.027978	35408.830719
0.072625	0.780568	53670.425563
0.074375	0.560053	77754.233522
0.076125	0.374173	106274.003968
0.077875	0.245875	131853.563884
0.079625	0.137693	158150.594409
0.081375	0.083398	173264.393256
0.083125	0.022374	191981.932017
0.084875	0.000000	199340.187118
0.086625	0.005052	197654.305858
0.088375	0.072475	176475.376805
0.090125	0.114872	164335.608126
0.091875	0.182000	146799.448621
0.093625	0.268620	126907.259669
0.095375	0.337740	112986.127289
0.097125	0.452176	93213.803552
0.098875	0.509833	84603.401814
0.100625	0.603847	72235.737853
0.102375	0.694061	62071.270087
0.104125	0.802794	51702.172652
0.105875	0.876890	45647.264656
0.107625	0.988394	37845.179673
0.109375	1.062744	33398.779629
0.111125	1.176972	27563.695527
0.112875	1.277922	23261.521172
0.114625	1.416402	18430.625943
0.116375	1.545934	14824.288324
0.118125	1.656664	12306.508751
0.119875	1.768362	10199.732245
0.121625	1.925465	7832.398421
0.123375	2.025067	6624.905291
0.125125	2.082148	6018.763735
0.126875	2.274177	4358.276630
0.128625	2.516105	2901.972619
0.130375	2.699525	2131.997373
0.132125	2.740530	1989.986684
0.133875	2.905499	1508.042732
0.135625	2.884598	1561.968144
0.137375	2.896162	1531.899450
0.139125	2.838044	1689.116077
0.140875	2.691051	2162.583992
0.142625	2.579762	2607.478027
0.144375	2.384608	3619.880058
0.146125	2.310474	4100.302078
0.147875	2.176542	5135.637389
0.149625	2.006253	6837.771546
0.151375	1.886549	8361.918016
0.153125	1.789413	9845.103976
0.154875	1.701025	11422.177278
0.156625	1.600221	13531.357417
0.158375	1.574907	14119.596331
0.160125	1.519070	15509.090427
0.161875	1.524916	15357.440318
0.163625	1.531306	15193.335248
0.165375	1.554032	14623.857617
0.167125	1.635820	12745.356295
0.168875	1.703348	11377.659902
0.170625	1.775654	10075.468474
0.172375	1.828874	9213.230586
0.174125	1.945776	7569.483672
0.175875	2.043527	6422.477972
0.177625	2.081687	6023.427128
0.179375	2.092520	5914.733137
0.181125	2.129083	5562.143987
0.182875	2.156014	5315.944094
0.184625	2.203118	4911.248233
0.186375	2.182309	5086.088866
0.188125	2.207214	4877.554138
0.189875	2.206537	4883.103211
0.191625	2.250057	4538.624283
0.193375	2.244342	4582.434493
0.195125	2.242902	4593.543625
0.196875	2.281841	4302.490852
0.198625	2.297488	4190.795542
0.200375	2.308672	4112.743761
0.202125	2.328644	3976.957161
0.203875	2.377220	3665.116961
0.205625	2.384606	3619.892825
0.207375	2.465112	3161.702876
0.209125	2.477955	3094.178821
0.210875	2.496453	2999.441010
0.212625	2.548215	2749.485192
0.214375	2.614211	2460.767937
0.216125	2.608628	2483.970095
0.217875	2.615259	2456.437335
0.219625	2.619634	2438.437003
0.221375	2.549497	2743.566160
0.223125	2.556410	2711.869785
0.224875	2.519780	2884.100894
0.226625	2.481767	3074.411621
0.228375	2.457767	3200.987286
0.230125	2.419040	3416.305134
0.231875	2.443192	3280.383140
0.233625	2.436545	3317.242317
0.235375	2.457422	3202.843743
0.237125	2.497598	2993.675030
0.238875	2.533190	2819.815764
0.240625	2.572824	2638.066640
0.242375	2.612128	2469.398709
0.244125	2.667064	2251.567465
0.245875	2.722064	2052.728148
0.247625	2.800621	1798.790466
0.249375	2.938112	1427.591719
0.251125	3.019734	1244.559169
0.252875	3.116788	1057.208258
0.254625	3.229292	875.036534
0.256375	3.312448	760.882299
0.258125	3.442386	611.582777
0.259875	3.508596	547.164911
0.261625	3.617915	455.311763
0.263375	3.736116	373.263423
0.265125	3.802912	333.618872
0.266875	3.903028	281.942232
0.268625	4.017915	232.426560
0.270375	4.132339	191.756508
0.272125	4.208648	168.670805
0.273875	4.291087	146.843529
0.275625	4.416674	118.896565
0.277375	4.478124	107.227692
0.279125	4.614042	85.325529
0.280875	4.747790	68.145205
0.282625	4.818896	60.467735
0.284375	4.922275	50.821951
0.286125	4.966226	47.202403
0.287875	5.059131	40.377416
0.289625	5.170676	33.473736
0.291375	5.251713	29.210719
0.293125	5.398727	22.814636
0.294875	5.427570	21.734865
0.296625	5.547435	17.768416
0.298375	5.615410	15.849754
0.300125	5.687376	14.043756
0.301875	5.762885	12.369652
0.303625	5.833932	10.977143
0.305375	5.920193	9.495402
0.307125	5.989103	8.456786
0.308875	6.029755	7.898180
0.310625	6.102987	6.983352
0.312375	6.152647	6.424051
0.314125	6.230787	5.633290
0.315875	6.304137	4.979805
0.317625	6.401671	4.226754
0.319375	6.522465	3.450013
0.321125	6.601664	3.019957
0.322875	6.706584	2.531648
0.324625	6.850969	1.986067
0.326375	6.970389	1.624838
0.328125	7.123198	1.256755
0.329875	7.237280	1.037444
0.331625	7.372022	0.827170
0.333375	7.489751	0.678651
0.335125	7.629786	0.536306
0.336875	7.762719	0.428907
0.338625	7.892409	0.344892
0.340375	8.002692	0.286530
0.342125	8.156863	0.221114
0.343875	8.281779	0.179234
0.345625	8.371207	0.154217
0.347375	8.485513	0.127257
0.349125	8.617762	0.101890

# Dumping simulation biases, in the metadata file order 
# Window  F (free energy units)
# 0	0.000000
# 1	-6.229309
# 2	-8.621198
# 3	-7.789418
# 4	-7.221243
# 5	-6.752497
# 6	-6.377852
# 7	-4.900597
# 8	-2.825506
# 9	-0.371514
# 10	4.423988
#Iteration 510:  0.000268
#Iteration 520:  0.000248
#Iteration 530:  0.000230
#Iteration 540:  0.000213
#Iteration 550:  0.000197
#Iteration 560:  0.000182
#Iteration 570:  0.000169
#Iteration 580:  0.000156
#Iteration 590:  0.000145
#Iteration 600:  0.000134
0.000875	inf	0.000000
0.002625	inf	0.000000
0.004375	inf	0.000000
0.006125	inf	0.000000
0.007875	inf	0.000000
0.009625	inf	0.000000
0.011375	inf	0.000000
0.013125	inf	0.000000
0.014875	inf	0.000000
0.016625	inf	0.000000
0.018375	inf	0.000000
0.020125	inf	0.000000
0.021875	inf	0.000000
0.023625	inf	0.000000
0.025375	inf	0.000000
0.027125	inf	0.000000
0.028875	inf	0.000000
0.030625	inf	0.000000
0.032375	inf	0.000000
0.034125	inf	0.000000
0.035875	inf	0.000000
0.037625	inf	0.000000
0.039375	inf	0.000000
0.041125	inf	0.000000
0.042875	inf	0.000000
0.044625	inf	0.000000
0.046375	inf	0.000000
0.048125	inf	0.000000
0.049875	8.829941	0.071225
0.051625	7.563483	0.598711
0.053375	6.734209	2.413432
0.055125	5.862676	10.444893
0.056875	5.021869	42.928047
0.058625	4.330980	137.129228
0.060375	3.678681	410.530993
0.062125	3.067567	1146.816540
0.063875	2.554602	2716.363480
0.065625	2.087642	5955.191428
0.067375	1.674034	11935.842604
0.069125	1.318378	21702.160916
0.070875	1.027304	35400.006149
0.072625	0.779940	53652.906933
0.074375	0.559481	77721.527158
0.076125	0.373668	106217.354064
0.077875	0.245448	131765.986319
0.079625	0.137355	158021.838858
0.081375	0.083161	173094.089166
0.083125	0.022249	191757.047024
0.084875	0.000000	199064.780709
0.086625	0.005192	197334.843065
0.088375	0.072770	176144.097504
0.090125	0.115338	163980.179463
0.091875	0.182647	146437.382803
0.093625	0.269452	126554.977020
0.095375	0.338751	112638.546354
0.097125	0.453352	92901.223325
0.098875	0.511154	84299.076276
0.100625	0.605291	71960.992819
0.102375	0.695607	61824.593201
0.104125	0.804425	51489.431722
0.105875	0.878591	45454.014014
0.107625	0.990159	37680.930538
0.109375	1.064571	33250.341075
0.111125	1.178868	27438.057211
0.112875	1.279899	23152.328753
0.114625	1.418483	18340.899535
0.116375	1.548154	14748.672699
0.118125	1.659073	12239.839755
0.119875	1.771031	10140.048944
0.121625	1.928489	7781.916642
0.123375	2.028573	6576.874546
0.125125	2.086298	5968.664441
0.126875	2.279168	4315.892095
0.128625	2.522164	2868.600237
0.130375	2.706887	2102.865024
0.132125	2.749415	1957.779219
0.133875	2.916067	1479.440745
0.135625	2.896924	1527.823835
0.137375	2.910212	1494.076136
0.139125	2.853687	1643.006316
0.140875	2.708085	2098.634354
0.142625	2.597954	2525.450969
0.144375	2.403726	3500.552831
0.146125	2.330309	3960.363148
0.147875	2.196918	4955.845060
0.149625	2.027034	6593.912558
0.151375	1.907628	8059.655128
0.153125	1.810714	9485.690532
0.154875	1.722494	11002.085441
0.156625	1.621822	13030.794178
0.158375	1.596620	13594.717749
0.160125	1.540887	14929.951785
0.161875	1.546840	14781.300681
0.163625	1.553351	14620.379013
0.165375	1.576222	14068.958114
0.167125	1.658187	12258.090598
0.168875	1.725930	10938.715267
0.170625	1.798493	9682.581537
0.172375	1.852006	8849.593269
0.174125	1.969229	7266.815270
0.175875	2.067308	6162.266674
0.177625	2.105787	5776.293270
0.179375	2.116910	5669.290526
0.181125	2.153724	5329.081951
0.182875	2.180863	5091.422315
0.184625	2.228132	4702.514064
0.186375	2.207450	4868.878218
0.188125	2.232452	4668.486909
0.189875	2.231849	4673.220696
0.191625	2.275425	4343.137484
0.193375	2.269755	4384.732919
0.195125	2.268352	4395.085762
0.196875	2.307326	4116.367013
0.198625	2.323009	4009.260585
0.200375	2.334234	3934.315252
0.202125	2.354258	3804.089666
0.203875	2.402901	3505.408887
0.205625	2.410376	3461.637453
0.207375	2.491001	3022.877618
0.209125	2.503999	2957.545119
0.210875	2.522698	2866.026095
0.212625	2.574709	2626.084791
0.214375	2.641005	2349.141259
0.216125	2.635765	2369.925132
0.217875	2.642766	2342.196397
0.219625	2.647519	2323.556857
0.221375	2.577745	2612.717114
0.223125	2.584987	2581.103844
0.224875	2.548642	2743.717246
0.226625	2.510866	2923.599360
0.228375	2.487059	3042.977357
0.230125	2.448489	3246.808039
0.231875	2.472772	3116.942818
0.233625	2.466240	3151.355502
0.235375	2.487226	3042.119610
0.237125	2.527515	2842.910949
0.238875	2.563230	2677.252775
0.240625	2.603004	2504.102385
0.242375	2.642468	2343.368967
0.244125	2.697583	2136.012512
0.245875	2.752776	1946.748857
0.247625	2.831529	1705.358952
0.249375	2.969209	1353.009963
0.251125	3.051004	1179.196986
0.252875	3.148208	1001.433142
0.254625	3.260836	828.698774
0.256375	3.344092	720.468144
0.258125	3.474110	579.021347
0.259875	3.540383	517.978302
0.261625	3.649753	430.987516
0.263375	3.767999	353.296087
0.265125	3.834836	315.750016
0.266875	3.934996	266.821521
0.268625	4.049934	219.942771
0.270375	4.164419	181.438327
0.272125	4.240807	159.573919
0.273875	4.323345	138.900663
0.275625	4.449056	112.441770
0.277375	4.510659	101.380361
0.279125	4.646757	80.648219
0.280875	4.780706	64.387921
0.282625	4.852024	57.113356
0.284375	4.955615	47.985595
0.286125	4.999765	44.553204
0.287875	5.092845	38.100020
0.289625	5.204537	31.577878
0.291375	5.285694	27.550774
0.293125	5.432802	21.514782
0.294875	5.461715	20.494072
0.296625	5.581634	16.752543
0.298375	5.649650	14.942557
0.300125	5.721647	13.239236
0.301875	5.797181	11.660548
0.303625	5.868249	10.347496
0.305375	5.954531	8.950446
0.307125	6.023461	7.971157
0.308875	6.064137	7.444330
0.310625	6.137397	6.581753
0.312375	6.187093	6.054257
0.314125	6.265276	5.308631
0.315875	6.338678	4.692401
0.317625	6.436271	3.982416
0.319375	6.557129	3.250223
0.321125	6.636395	2.844755
0.322875	6.741379	2.384516
0.324625	6.885823	1.870457
0.326375	7.005295	1.530124
0.328125	7.158146	1.183414
0.329875	7.272261	0.976846
0.331625	7.407029	0.778820
0.333375	7.524777	0.638961
0.335125	7.664827	0.504929
0.336875	7.797771	0.403807
0.338625	7.927468	0.324703
0.340375	8.037758	0.269755
0.342125	8.191933	0.208167
0.343875	8.316852	0.168738
0.345625	8.406285	0.145186
0.347375	8.520594	0.119804
0.349125	8.652848	0.095922

# Dumping simulation biases, in the metadata file order 
# Window  F (free energy units)
# 0	0.000000
# 1	-6.229088
# 2	-8.620409
# 3	-7.786822
# 4	-7.198831
# 5	-6.726402
# 6	-6.347531
# 7	-4.868118
# 8	-2.790628
# 9	-0.335891
# 10	4.459741
#Iteration 610:  0.000124
#Iteration 620:  0.000115
#Iteration 630:  0.000106
#Iteration 640:  0.000099
#Iteration 650:  0.000091
#Iteration 660:  0.000085
#Iteration 670:  0.000078
#Iteration 680:  0.000072
#Iteration 690:  0.000067
#Iteration 700:  0.000062
0.000875	inf	0.000000
0.002625	inf	0.000000
0.004375	inf	0.000000
0.006125	inf	0.000000
0.007875	inf	0.000000
0.009625	inf	0.000000
0.011375	inf	0.000000
0.013125	inf	0.000000
0.014875	inf	0.000000
0.016625	inf	0.000000
0.018375	inf	0.000000
0.020125	inf	0.000000
0.021875	inf	0.000000
0.023625	inf	0.000000
0.025375	inf	0.000000
0.027125	inf	0.000000
0.028875	inf	0.000000
0.030625	inf	0.000000
0.032375	inf	0.000000
0.034125	inf	0.000000
0.035875	inf	0.000000
0.037625	inf	0.000000
0.039375	inf	0.000000
0.041125	inf	0.000000
0.042875	inf	0.000000
0.044625	inf	0.000000
0.046375	inf	0.000000
0.048125	inf	0.000000
0.049875	8.829562	0.071224
0.051625	7.563104	0.598709
0.053375	6.733831	2.413421
0.055125	5.862299	10.444827
0.056875	5.021494	42.927666
0.058625	4.330607	137.127512
0.060375	3.678311	410.523773
0.062125	3.067201	1146.788329
0.063875	2.554242	2716.270604
0.065625	2.087289	5954.910711
0.067375	1.673692	11935.074712
0.069125	1.318048	21700.278219
0.070875	1.026992	35395.922042
0.072625	0.779649	53644.799520
0.074375	0.559216	77706.391963
0.076125	0.373434	106191.140668
0.077875	0.245250	131725.465303
0.079625	0.137199	157962.270928
0.081375	0.083051	173015.307155
0.083125	0.022191	191653.027748
0.084875	0.000000	198937.409179
0.086625	0.005257	197187.118424
0.088375	0.072907	175990.937338
0.090125	0.115553	163815.892059
0.091875	0.182946	146270.072777
0.093625	0.269836	126392.236199
0.095375	0.339218	112478.026108
0.097125	0.453896	92756.907933
0.098875	0.511765	84158.605831
0.100625	0.605959	71834.199416
0.102375	0.696323	61710.766418
0.104125	0.805179	51391.268711
0.105875	0.879379	45364.841120
0.107625	0.990976	37605.130688
0.109375	1.065418	33181.822289
0.111125	1.179746	27380.042826
0.112875	1.280816	23101.883493
0.114625	1.419449	18299.419683
0.116375	1.549186	14713.686205
0.118125	1.660195	12208.960483
0.119875	1.772276	10112.372176
0.121625	1.929903	7758.477584
0.123375	2.030215	6554.547994
0.125125	2.088244	5945.357172
0.126875	2.281512	4296.168605
0.128625	2.525011	2853.078079
0.130375	2.710346	2089.333356
0.132125	2.753587	1942.852288
0.133875	2.921025	1466.223561
0.135625	2.902698	1512.098792
0.137375	2.916782	1476.718123
0.139125	2.860991	1621.917024
0.140875	2.716028	2069.474156
0.142625	2.606426	2488.143416
0.144375	2.412621	3446.392531
0.146125	2.339530	3896.949810
0.147875	2.206386	4874.471599
0.149625	2.036685	6483.643008
0.151375	1.917415	7923.067577
0.153125	1.820602	9323.357264
0.154875	1.732458	10812.414786
0.156625	1.631847	12804.852575
0.158375	1.606695	13357.851777
0.160125	1.551010	14668.646975
0.161875	1.557012	14521.392960
0.163625	1.563580	14361.952434
0.165375	1.586517	13818.724844
0.167125	1.668564	12038.407866
0.168875	1.736407	10740.873274
0.170625	1.809089	9505.557854
0.172375	1.862738	8685.811989
0.174125	1.980109	7130.552600
0.175875	2.078340	6045.170939
0.177625	2.116965	5665.131631
0.179375	2.128223	5558.934982
0.181125	2.165153	5224.330737
0.182875	2.192388	4990.539987
0.184625	2.239733	4608.748123
0.186375	2.219110	4771.322903
0.188125	2.244156	4574.602499
0.189875	2.243587	4578.980380
0.191625	2.287189	4255.368263
0.193375	2.281539	4295.974977
0.195125	2.280154	4305.992934
0.196875	2.319144	4032.815123
0.198625	2.334844	3927.772417
0.200375	2.346088	3854.225605
0.202125	2.366136	3726.500937
0.203875	2.414810	3433.732232
0.205625	2.422326	3390.620212
0.207375	2.503006	2960.588364
0.209125	2.516076	2896.250546
0.210875	2.534868	2806.189936
0.212625	2.586996	2570.757061
0.214375	2.653430	2299.111135
0.216125	2.648349	2318.833517
0.217875	2.655522	2291.041757
0.219625	2.660449	2272.141940
0.221375	2.590843	2554.184211
0.223125	2.598237	2522.634811
0.224875	2.562023	2680.972979
0.226625	2.524356	2856.216717
0.228375	2.500638	2972.398261
0.230125	2.462141	3171.114868
0.231875	2.486484	3043.967962
0.233625	2.480006	3077.300160
0.235375	2.501042	2970.379655
0.237125	2.541383	2775.626781
0.238875	2.577154	2613.638950
0.240625	2.616993	2444.336365
0.242375	2.656532	2287.154518
0.244125	2.711729	2084.482296
0.245875	2.767011	1899.500730
0.247625	2.845854	1663.715769
0.249375	2.983623	1319.776694
0.251125	3.065497	1150.078705
0.252875	3.162770	976.590876
0.254625	3.275456	808.063421
0.256375	3.358758	702.473194
0.258125	3.488813	564.524510
0.259875	3.555114	504.985105
0.261625	3.664509	420.159684
0.263375	3.782775	344.408246
0.265125	3.849632	307.796687
0.266875	3.949812	260.091760
0.268625	4.064773	214.386979
0.270375	4.179287	176.846678
0.272125	4.255710	155.526150
0.273875	4.338294	135.366833
0.275625	4.464064	109.570447
0.277375	4.525737	98.779767
0.279125	4.661918	78.568472
0.280875	4.795960	62.717697
0.282625	4.867377	55.622651
0.284375	4.971065	46.725457
0.286125	5.015306	43.376529
0.287875	5.108467	37.088727
0.289625	5.220228	30.736179
0.291375	5.301440	26.813934
0.293125	5.448590	20.937858
0.294875	5.477537	19.943416
0.296625	5.597481	16.301739
0.298375	5.665516	14.540001
0.300125	5.737527	12.882257
0.301875	5.813072	11.345918
0.303625	5.884150	10.068129
0.305375	5.970441	8.708661
0.307125	6.039381	7.755701
0.308875	6.080068	7.242980
0.310625	6.153341	6.403590
0.312375	6.203053	5.890212
0.314125	6.281257	5.164615
0.315875	6.354682	4.564921
0.317625	6.452303	3.874046
0.319375	6.573190	3.161620
0.321125	6.652487	2.767061
0.322875	6.757501	2.319276
0.324625	6.901972	1.819199
0.326375	7.021467	1.488133
0.328125	7.174338	1.150900
0.329875	7.288468	0.949983
0.331625	7.423249	0.757388
0.333375	7.541006	0.621368
0.335125	7.681062	0.491021
0.336875	7.814011	0.392681
0.338625	7.943712	0.315755
0.340375	8.054004	0.262320
0.342125	8.208182	0.202429
0.343875	8.333103	0.164086
0.345625	8.422537	0.141182
0.347375	8.536848	0.116500
0.349125	8.669103	0.093277

# Dumping simulation biases, in the metadata file order 
# Window  F (free energy units)
# 0	0.000000
# 1	-6.228986
# 2	-8.620044
# 3	-7.785621
# 4	-7.188434
# 5	-6.714302
# 6	-6.333476
# 7	-4.853067
# 8	-2.774467
# 9	-0.319387
# 10	4.476306
#Iteration 710:  0.000058
#Iteration 720:  0.000053
#Iteration 730:  0.000049
#Iteration 740:  0.000046
#Iteration 750:  0.000042
#Iteration 760:  0.000039
#Iteration 770:  0.000036
#Iteration 780:  0.000034
#Iteration 790:  0.000031
#Iteration 800:  0.000029
0.000875	inf	0.000000
0.002625	inf	0.000000
0.004375	inf	0.000000
0.006125	inf	0.000000
0.007875	inf	0.000000
0.009625	inf	0.000000
0.011375	inf	0.000000
0.013125	inf	0.000000
0.014875	inf	0.000000
0.016625	inf	0.000000
0.018375	inf	0.000000
0.020125	inf	0.000000
0.021875	inf	0.000000
0.023625	inf	0.000000
0.025375	inf	0.000000
0.027125	inf	0.000000
0.028875	inf	0.000000
0.030625	inf	0.000000
0.032375	inf	0.000000
0.034125	inf	0.000000
0.035875	inf	0.000000
0.037625	inf	0.000000
0.039375	inf	0.000000
0.041125	inf	0.000000
0.042875	inf	0.000000
0.044625	inf	0.000000
0.046375	inf	0.000000
0.048125	inf	0.000000
0.049875	8.829386	0.071224
0.051625	7.562928	0.598708
0.053375	6.733655	2.413416
0.055125	5.862124	10.444797
0.056875	5.021320	42.927489
0.058625	4.330434	137.126717
0.060375	3.678139	410.520426
0.062125	3.067031	1146.775250
0.063875	2.554075	2716.227548
0.065625	2.087126	5954.780576
0.067375	1.673533	11934.718735
0.069125	1.317896	21699.405457
0.070875	1.026847	35394.028809
0.072625	0.779514	53641.041323
0.074375	0.559093	77699.376230
0.076125	0.373325	106178.990184
0.077875	0.245158	131706.683659
0.079625	0.137126	157934.662177
0.081375	0.083000	172978.794736
0.083125	0.022164	191604.821341
0.084875	0.000000	198878.383946
0.086625	0.005287	197118.666169
0.088375	0.072970	175919.972545
0.090125	0.115653	163739.779715
0.091875	0.183085	146192.569803
0.093625	0.270015	126316.860205
0.095375	0.339435	112403.689018
0.097125	0.454148	92690.084057
0.098875	0.512048	84093.569552
0.100625	0.606269	71775.500422
0.102375	0.696654	61658.073141
0.104125	0.805529	51345.827480
0.105875	0.879744	45323.560850
0.107625	0.991355	37570.039076
0.109375	1.065810	33150.098092
0.111125	1.180153	27353.177792
0.112875	1.281241	23078.518136
0.114625	1.419897	18280.200966
0.116375	1.549666	14697.469560
0.118125	1.660717	12194.640627
0.119875	1.772855	10099.530341
0.121625	1.930561	7747.595775
0.123375	2.030981	6544.177297
0.125125	2.089153	5934.526993
0.126875	2.282606	4287.002778
0.128625	2.526340	2845.866511
0.130375	2.711961	2083.050700
0.132125	2.755534	1935.929119
0.133875	2.923338	1460.101817
0.135625	2.905389	1504.826994
0.137375	2.919843	1468.704335
0.139125	2.864391	1612.195829
0.140875	2.719722	2056.051401
0.142625	2.610365	2470.990537
0.144375	2.416754	3421.514846
0.146125	2.343814	3867.843328
0.147875	2.210783	4837.142308
0.149625	2.041166	6433.078883
0.151375	1.921958	7860.454421
0.153125	1.825192	9248.958635
0.154875	1.737082	10725.501556
0.156625	1.636499	12701.331712
0.158375	1.611371	13249.336282
0.160125	1.555708	14548.945242
0.161875	1.561733	14402.340425
0.163625	1.568326	14243.587794
0.165375	1.591294	13704.123192
0.167125	1.673379	11937.808424
0.168875	1.741269	10650.286993
0.170625	1.814006	9424.516110
0.172375	1.867718	8610.845952
0.174125	1.985158	7068.194652
0.175875	2.083459	5991.595397
0.177625	2.122153	5614.281478
0.179375	2.133472	5508.463084
0.181125	2.170455	5176.429941
0.182875	2.197735	4944.414731
0.184625	2.245115	4565.881360
0.186375	2.224519	4726.727606
0.188125	2.249587	4531.688097
0.189875	2.249033	4535.905429
0.191625	2.292647	4215.252602
0.193375	2.287007	4255.408597
0.195125	2.285629	4265.274471
0.196875	2.324627	3994.629870
0.198625	2.340334	3890.531122
0.200375	2.351588	3817.624310
0.202125	2.371647	3691.043578
0.203875	2.420335	3400.977832
0.205625	2.427871	3358.168710
0.207375	2.508576	2932.126965
0.209125	2.521680	2868.246023
0.210875	2.540515	2778.854770
0.212625	2.592696	2545.485052
0.214375	2.659195	2276.262841
0.216125	2.654187	2295.505136
0.217875	2.661440	2267.689787
0.219625	2.666448	2248.676585
0.221375	2.596919	2527.476316
0.223125	2.604384	2495.961639
0.224875	2.568231	2652.354719
0.226625	2.530615	2825.487585
0.228375	2.506937	2940.215481
0.230125	2.468474	3136.603702
0.231875	2.492845	3010.698989
0.233625	2.486391	3043.541072
0.235375	2.507451	2937.678292
0.237125	2.547816	2744.958611
0.238875	2.583614	2584.645876
0.240625	2.623483	2417.099275
0.242375	2.663056	2261.538428
0.244125	2.718291	2061.003258
0.245875	2.773614	1877.975264
0.247625	2.852500	1644.746086
0.249375	2.990308	1304.639730
0.251125	3.072220	1136.817437
0.252875	3.169525	965.278078
0.254625	3.282237	798.667122
0.256375	3.365561	694.279717
0.258125	3.495632	557.924126
0.259875	3.561948	499.069559
0.261625	3.671353	415.230145
0.263375	3.789628	340.362027
0.265125	3.856494	304.176000
0.266875	3.956684	257.028172
0.268625	4.071656	211.857892
0.270375	4.186183	174.756558
0.272125	4.262623	153.683689
0.273875	4.345228	133.758399
0.275625	4.471025	108.263650
0.277375	4.532731	97.596290
0.279125	4.668950	77.622123
0.280875	4.803035	61.957784
0.282625	4.874497	54.944502
0.284375	4.978231	46.152271
0.286125	5.022514	42.841372
0.287875	5.115713	36.628836
0.289625	5.227506	30.353447
0.291375	5.308743	26.478908
0.293125	5.455913	20.675559
0.294875	5.484875	19.693071
0.296625	5.604830	16.096796
0.298375	5.672874	14.356998
0.300125	5.744892	12.719976
0.301875	5.820442	11.202891
0.303625	5.891525	9.941133
0.305375	5.977820	8.598752
0.307125	6.046765	7.657760
0.308875	6.087457	7.151453
0.310625	6.160736	6.322605
0.312375	6.210456	5.815646
0.314125	6.288668	5.099155
0.315875	6.362105	4.506978
0.317625	6.459738	3.824791
0.319375	6.580640	3.121350
0.321125	6.659950	2.731752
0.322875	6.764978	2.289628
0.324625	6.909462	1.795905
0.326375	7.028968	1.469051
0.328125	7.181848	1.136125
0.329875	7.295985	0.937776
0.331625	7.430771	0.747649
0.333375	7.548532	0.613374
0.335125	7.688592	0.484701
0.336875	7.821543	0.387625
0.338625	7.951246	0.311689
0.340375	8.061539	0.258941
0.342125	8.215718	0.199821
0.343875	8.340639	0.161973
0.345625	8.430074	0.139363
0.347375	8.544386	0.114999
0.349125	8.676642	0.092075

# Dumping simulation biases, in the metadata file order 
# Window  F (free energy units)
# 0	0.000000
# 1	-6.228938
# 2	-8.619875
# 3	-7.785065
# 4	-7.183609
# 5	-6.708688
# 6	-6.326956
# 7	-4.846085
# 8	-2.766972
# 9	-0.311732
# 10	4.483989
#Iteration 810:  0.000027
#Iteration 820:  0.000025
#Iteration 830:  0.000023
#Iteration 840:  0.000021
#Iteration 850:  0.000020
#Iteration 860:  0.000018
#Iteration 870:  0.000017
#Iteration 880:  0.000016
#Iteration 890:  0.000014
#Iteration 900:  0.000013
0.000875	inf	0.000000
0.002625	inf	0.000000
0.004375	inf	0.000000
0.006125	inf	0.000000
0.007875	inf	0.000000
0.009625	inf	0.000000
0.011375	inf	0.000000
0.013125	inf	0.000000
0.014875	inf	0.000000
0.016625	inf	0.000000
0.018375	inf	0.000000
0.020125	inf	0.000000
0.021875	inf	0.000000
0.023625	inf	0.000000
0.025375	inf	0.000000
0.027125	inf	0.000000
0.028875	inf	0.000000
0.030625	inf	0.000000
0.032375	inf	0.000000
0.034125	inf	0.000000
0.035875	inf	0.000000
0.037625	inf	0.000000
0.039375	inf	0.000000
0.041125	inf	0.000000
0.042875	inf	0.000000
0.044625	inf	0.000000
0.046375	inf	0.000000
0.048125	inf	0.000000
0.049875	8.829304	0.071224
0.051625	7.562847	0.598708
0.053375	6.733574	2.413414
0.055125	5.862043	10.444783
0.056875	5.021239	42.927407
0.058625	4.330353	137.126347
0.060375	3.678059	410.518873
0.062125	3.066953	1146.769183
0.063875	2.553997	2716.207575
0.065625	2.087050	5954.720207
0.067375	1.673459	11934.553601
0.069125	1.317825	21699.000594
0.070875	1.026780	35393.150568
0.072625	0.779452	53639.297974
0.074375	0.559036	77696.121823
0.076125	0.373275	106173.353993
0.077875	0.245116	131697.971661
0.079625	0.137093	157921.855922
0.081375	0.082976	172961.858911
0.083125	0.022152	191582.461949
0.084875	0.000000	198851.007248
0.086625	0.005301	197086.918129
0.088375	0.073000	175887.060520
0.090125	0.115699	163704.482108
0.091875	0.183149	146156.629371
0.093625	0.270097	126281.908352
0.095375	0.339535	112369.221141
0.097125	0.454265	92659.101707
0.098875	0.512180	84063.417559
0.100625	0.606413	71748.287573
0.102375	0.696808	61633.645145
0.104125	0.805691	51324.761637
0.105875	0.879913	45304.423806
0.107625	0.991530	37553.770578
0.109375	1.065992	33135.390002
0.111125	1.180342	27340.721578
0.112875	1.281439	23067.683411
0.114625	1.420105	18271.287785
0.116375	1.549888	14689.947272
0.118125	1.660959	12187.996689
0.119875	1.773125	10093.570630
0.121625	1.930867	7742.544345
0.123375	2.031337	6539.361983
0.125125	2.089575	5929.497504
0.126875	2.283115	4282.746030
0.128625	2.526958	2842.517765
0.130375	2.712713	2080.134211
0.132125	2.756440	1932.716883
0.133875	2.924413	1457.263255
0.135625	2.906641	1501.457649
0.137375	2.921266	1464.994019
0.139125	2.865971	1607.698262
0.140875	2.721439	2049.845296
0.142625	2.612194	2463.064089
0.144375	2.418673	3410.023741
0.146125	2.345802	3854.403485
0.147875	2.212824	4819.910031
0.149625	2.043246	6409.741481
0.151375	1.924067	7831.559955
0.153125	1.827322	9214.628987
0.154875	1.739229	10685.400360
0.156625	1.638658	12653.570598
0.158375	1.613541	13199.273070
0.160125	1.557888	14493.723411
0.161875	1.563923	14347.420046
0.163625	1.570529	14188.986759
0.165375	1.593512	13651.260194
0.167125	1.675614	11891.406588
0.168875	1.743525	10608.506237
0.170625	1.816288	9387.140189
0.172375	1.870030	8576.274941
0.174125	1.987501	7039.440543
0.175875	2.085835	5966.893324
0.177625	2.124560	5590.838198
0.179375	2.135908	5485.196213
0.181125	2.172916	5154.349999
0.182875	2.200216	4923.154581
0.184625	2.247613	4546.124132
0.186375	2.227030	4706.174517
0.188125	2.252107	4511.910298
0.189875	2.251561	4516.054093
0.191625	2.295180	4196.765391
0.193375	2.289544	4236.713927
0.195125	2.288170	4246.509921
0.196875	2.327171	3977.032889
0.198625	2.342883	3873.369313
0.200375	2.354140	3800.757614
0.202125	2.374204	3674.704248
0.203875	2.422899	3385.884323
0.205625	2.430444	3343.215111
0.207375	2.511161	2919.012387
0.209125	2.524280	2855.342474
0.210875	2.543135	2766.260284
0.212625	2.595341	2533.841908
0.214375	2.661870	2265.737171
0.216125	2.656897	2284.759297
0.217875	2.664186	2256.934186
0.219625	2.669232	2237.869914
0.221375	2.599739	2515.177621
0.223125	2.607236	2483.680118
0.224875	2.571111	2639.178708
0.226625	2.533519	2811.340721
0.228375	2.509861	2925.400259
0.230125	2.471413	3120.717367
0.231875	2.495797	2995.385065
0.233625	2.489354	3028.002070
0.235375	2.510425	2922.626624
0.237125	2.550801	2730.843221
0.238875	2.586611	2571.301926
0.240625	2.626494	2404.563994
0.242375	2.666083	2249.749697
0.244125	2.721336	2050.198550
0.245875	2.776678	1868.070091
0.247625	2.855583	1636.017464
0.249375	2.993411	1297.675051
0.251125	3.075339	1130.716087
0.252875	3.172659	960.073420
0.254625	3.285384	794.344339
0.256375	3.368718	690.510404
0.258125	3.498797	554.887766
0.259875	3.565118	496.348294
0.261625	3.674529	412.962495
0.263375	3.792808	338.500739
0.265125	3.859679	302.510479
0.266875	3.959873	255.618934
0.268625	4.074850	210.694538
0.270375	4.189383	173.795141
0.272125	4.265831	152.836208
0.273875	4.348446	133.018583
0.275625	4.474255	107.662595
0.277375	4.535976	97.051979
0.279125	4.672213	77.186893
0.280875	4.806318	61.608317
0.282625	4.877802	54.632655
0.284375	4.981556	45.888707
0.286125	5.025859	42.595308
0.287875	5.119075	36.417390
0.289625	5.230882	30.177484
0.291375	5.312132	26.324884
0.293125	5.459311	20.554973
0.294875	5.488280	19.577983
0.296625	5.608240	16.002582
0.298375	5.676288	14.272870
0.300125	5.748309	12.645376
0.301875	5.823862	11.137142
0.303625	5.894947	9.882754
0.305375	5.981244	8.548227
0.307125	6.050191	7.612738
0.308875	6.090885	7.109379
0.310625	6.164167	6.285378
0.312375	6.213890	5.781369
0.314125	6.292107	5.069065
0.315875	6.365549	4.480344
0.317625	6.463188	3.802151
0.319375	6.584096	3.102840
0.321125	6.663413	2.715523
0.322875	6.768447	2.276001
0.324625	6.912937	1.785199
0.326375	7.032448	1.460281
0.328125	7.185332	1.129334
0.329875	7.299473	0.932166
0.331625	7.434261	0.743173
0.333375	7.552024	0.609700
0.335125	7.692085	0.481796
0.336875	7.825037	0.385302
0.338625	7.954741	0.309820
0.340375	8.065035	0.257388
0.342125	8.219214	0.198623
0.343875	8.344136	0.161001
0.345625	8.433571	0.138528
0.347375	8.547883	0.114309
0.349125	8.680140	0.091522

# Dumping simulation biases, in the metadata file order 
# Window  F (free energy units)
# 0	0.000000
# 1	-6.228916
# 2	-8.619796
# 3	-7.784807
# 4	-7.181370
# 5	-6.706083
# 6	-6.323931
# 7	-4.842846
# 8	-2.763495
# 9	-0.308180
# 10	4.487553
#Iteration 910:  0.000012
#Iteration 920:  0.000011
#Iteration 930:  0.000011
#Iteration 940:  0.000010
#Iteration 950:  0.000009
#Iteration 960:  0.000008
#Iteration 970:  0.000008
#Iteration 980:  0.000007
#Iteration 990:  0.000007
#Iteration 1000:  0.000006
0.000875	inf	0.000000
0.002625	inf	0.000000
0.004375	inf	0.000000
0.006125	inf	0.000000
0.007875	inf	0.000000
0.009625	inf	0.000000
0.011375	inf	0.000000
0.013125	inf	0.000000
0.014875	inf	0.000000
0.016625	inf	0.000000
0.018375	inf	0.000000
0.020125	inf	0.000000
0.021875	inf	0.000000
0.023625	inf	0.000000
0.025375	inf	0.000000
0.027125	inf	0.000000
0.028875	inf	0.000000
0.030625	inf	0.000000
0.032375	inf	0.000000
0.034125	inf	0.000000
0.035875	inf	0.000000
0.037625	inf	0.000000
0.039375	inf	0.000000
0.041125	inf	0.000000
0.042875	inf	0.000000
0.044625	inf	0.000000
0.046375	inf	0.000000
0.048125	inf	0.000000
0.049875	8.829266	0.071224
0.051625	7.562809	0.598707
0.053375	6.733536	2.413413
0.055125	5.862005	10.444776
0.056875	5.021202	42.927369
0.058625	4.330316	137.126176
0.060375	3.678022	410.518152
0.062125	3.066916	1146.766368
0.063875	2.553961	2716.198306
0.065625	2.087015	5954.692194
0.067375	1.673425	11934.476973
0.069125	1.317792	21698.812725
0.070875	1.026749	35392.743040
0.072625	0.779423	53638.489016
0.074375	0.559010	77694.611703
0.076125	0.373252	106170.738691
0.077875	0.245096	131693.929159
0.079625	0.137077	157915.913677
0.081375	0.082965	172954.000580
0.083125	0.022146	191572.087165
0.084875	0.000000	198838.304591
0.086625	0.005307	197072.187412
0.088375	0.073013	175871.790014
0.090125	0.115721	163688.105117
0.091875	0.183179	146139.954580
0.093625	0.270136	126265.692699
0.095375	0.339582	112353.230506
0.097125	0.454319	92644.728512
0.098875	0.512241	84049.429913
0.100625	0.606480	71735.663638
0.102375	0.696879	61622.313222
0.104125	0.805766	51314.989426
0.105875	0.879992	45295.546310
0.107625	0.991612	37546.223677
0.109375	1.066077	33128.566811
0.111125	1.180430	27334.942846
0.112875	1.281530	23062.656675
0.114625	1.420202	18267.152264
0.116375	1.549992	14686.456794
0.118125	1.661071	12184.913458
0.119875	1.773250	10090.804598
0.121625	1.931009	7740.199579
0.123375	2.031502	6537.126570
0.125125	2.089771	5927.162488
0.126875	2.283352	4280.769736
0.128625	2.527245	2840.963123
0.130375	2.713062	2078.780440
0.132125	2.756861	1931.226176
0.133875	2.924913	1455.946355
0.135625	2.907222	1499.895035
0.137375	2.921927	1463.273880
0.139125	2.866704	1605.613847
0.140875	2.722236	2046.969911
0.142625	2.613044	2459.392567
0.144375	2.419564	3404.702150
0.146125	2.346726	3848.180400
0.147875	2.213772	4811.931874
0.149625	2.044212	6398.937741
0.151375	1.925046	7818.184515
0.153125	1.828311	9198.738321
0.154875	1.740225	10666.838784
0.156625	1.639660	12631.464074
0.158375	1.614548	13176.101490
0.160125	1.558900	14468.164635
0.161875	1.564940	14322.001211
0.163625	1.571551	14163.716157
0.165375	1.594541	13626.794465
0.167125	1.676651	11869.931663
0.168875	1.744572	10589.170493
0.170625	1.817347	9369.843527
0.172375	1.871102	8560.276931
0.174125	1.988588	7026.134910
0.175875	2.086938	5955.463228
0.177625	2.125677	5579.991038
0.179375	2.137039	5474.431111
0.181125	2.174059	5144.134425
0.182875	2.201368	4913.318586
0.184625	2.248772	4536.983679
0.186375	2.228195	4696.666042
0.188125	2.253276	4502.760624
0.189875	2.252734	4506.870497
0.191625	2.296355	4188.212933
0.193375	2.290721	4228.065548
0.195125	2.289349	4237.829260
0.196875	2.328352	3968.892393
0.198625	2.344065	3865.430168
0.200375	2.355325	3792.955028
0.202125	2.375391	3667.145668
0.203875	2.424089	3378.902116
0.205625	2.431638	3336.297697
0.207375	2.512361	2912.945773
0.209125	2.525487	2849.373587
0.210875	2.544351	2760.434501
0.212625	2.596569	2528.456346
0.214375	2.663112	2260.868677
0.216125	2.658154	2279.789182
0.217875	2.665461	2251.959791
0.219625	2.670524	2232.872147
0.221375	2.601048	2509.490112
0.223125	2.608560	2478.000806
0.224875	2.572448	2633.085996
0.226625	2.534867	2804.799293
0.228375	2.511217	2918.549971
0.230125	2.472777	3113.371976
0.231875	2.497167	2988.304469
0.233625	2.490729	3020.817518
0.235375	2.511805	2915.667495
0.237125	2.552186	2724.317076
0.238875	2.588002	2565.132548
0.240625	2.627891	2398.768596
0.242375	2.667488	2244.299560
0.244125	2.722749	2045.203460
0.245875	2.778100	1863.490974
0.247625	2.857014	1631.982365
0.249375	2.994850	1294.455474
0.251125	3.076787	1127.895667
0.252875	3.174113	957.667554
0.254625	3.286844	792.346156
0.256375	3.370183	688.768082
0.258125	3.500265	553.484259
0.259875	3.566590	495.090445
0.261625	3.676003	411.914327
0.263375	3.794284	337.640408
0.265125	3.861157	301.740640
0.266875	3.961353	254.967558
0.268625	4.076332	210.156817
0.270375	4.190868	173.350762
0.272125	4.267319	152.444495
0.273875	4.349939	132.676639
0.275625	4.475753	107.384791
0.277375	4.537482	96.800406
0.279125	4.673728	76.985741
0.280875	4.807842	61.446806
0.282625	4.879335	54.488535
0.284375	4.983099	45.766904
0.286125	5.027411	42.481596
0.287875	5.120635	36.319677
0.289625	5.232449	30.096171
0.291375	5.313704	26.253709
0.293125	5.460888	20.499251
0.294875	5.489860	19.524802
0.296625	5.609823	15.959046
0.298375	5.677872	14.233996
0.300125	5.749895	12.610904
0.301875	5.825449	11.106760
0.303625	5.896535	9.855779
0.305375	5.982833	8.524881
0.307125	6.051780	7.591935
0.308875	6.092476	7.089938
0.310625	6.165760	6.268176
0.312375	6.215484	5.765531
0.314125	6.293703	5.055162
0.315875	6.367147	4.468037
0.317625	6.464789	3.791689
0.319375	6.585700	3.094288
0.321125	6.665020	2.708024
0.322875	6.770057	2.269704
0.324625	6.914550	1.780252
0.326375	7.034063	1.456229
0.328125	7.186949	1.126197
0.329875	7.301091	0.929574
0.331625	7.435881	0.741105
0.333375	7.553645	0.608002
0.335125	7.693706	0.480454
0.336875	7.826659	0.384228
0.338625	7.956363	0.308957
0.340375	8.066657	0.256671
0.342125	8.220837	0.198069
0.343875	8.345759	0.160552
0.345625	8.435194	0.138141
0.347375	8.549507	0.113991
0.349125	8.681764	0.091267

# Dumping simulation biases, in the metadata file order 
# Window  F (free energy units)
# 0	0.000000
# 1	-6.228906
# 2	-8.619760
# 3	-7.784687
# 4	-7.180331
# 5	-6.704874
# 6	-6.322527
# 7	-4.841342
# 8	-2.761881
# 9	-0.306532
# 10	4.489208
#Iteration 1010:  0.000006
#Iteration 1020:  0.000005
#Iteration 1030:  0.000005
#Iteration 1040:  0.000005
#Iteration 1050:  0.000004
#Iteration 1060:  0.000004
#Iteration 1070:  0.000004
#Iteration 1080:  0.000003
#Iteration 1090:  0.000003
#Iteration 1100:  0.000003
0.000875	inf	0.000000
0.002625	inf	0.000000
0.004375	inf	0.000000
0.006125	inf	0.000000
0.007875	inf	0.000000
0.009625	inf	0.000000
0.011375	inf	0.000000
0.013125	inf	0.000000
0.014875	inf	0.000000
0.016625	inf	0.000000
0.018375	inf	0.000000
0.020125	inf	0.000000
0.021875	inf	0.000000
0.023625	inf	0.000000
0.025375	inf	0.000000
0.027125	inf	0.000000
0.028875	inf	0.000000
0.030625	inf	0.000000
0.032375	inf	0.000000
0.034125	inf	0.000000
0.035875	inf	0.000000
0.037625	inf	0.000000
0.039375	inf	0.000000
0.041125	inf	0.000000
0.042875	inf	0.000000
0.044625	inf	0.000000
0.046375	inf	0.000000
0.048125	inf	0.000000
0.049875	8.829249	0.071224
0.051625	7.562792	0.598707
0.053375	6.733519	2.413412
0.055125	5.861988	10.444773
0.056875	5.021184	42.927352
0.058625	4.330299	137.126097
0.060375	3.678005	410.517818
0.062125	3.066899	1146.765061
0.063875	2.553945	2716.194005
0.065625	2.086998	5954.679193
0.067375	1.673409	11934.441411
0.069125	1.317777	21698.725537
0.070875	1.026735	35392.553909
0.072625	0.779409	53638.113585
0.074375	0.558997	77693.910870
0.076125	0.373241	106169.524957
0.077875	0.245087	131692.053083
0.079625	0.137070	157913.155966
0.081375	0.082960	172950.353658
0.083125	0.022143	191567.272423
0.084875	0.000000	198832.409562
0.086625	0.005310	197065.351253
0.088375	0.073020	175864.703413
0.090125	0.115731	163680.505109
0.091875	0.183193	146132.216470
0.093625	0.270154	126258.167760
0.095375	0.339604	112345.810092
0.097125	0.454345	92638.058754
0.098875	0.512269	84042.939138
0.100625	0.606510	71729.805722
0.102375	0.696913	61617.054870
0.104125	0.805801	51310.454836
0.105875	0.880028	45291.426886
0.107625	0.991650	37542.721668
0.109375	1.066116	33125.400594
0.111125	1.180471	27332.261252
0.112875	1.281573	23060.323987
0.114625	1.420247	18265.233091
0.116375	1.550040	14684.836901
0.118125	1.661124	12183.482495
0.119875	1.773308	10089.520779
0.121625	1.931075	7739.111223
0.123375	2.031579	6536.088920
0.125125	2.089863	5926.078566
0.126875	2.283462	4279.852326
0.128625	2.527379	2840.241467
0.130375	2.713225	2078.152070
0.132125	2.757056	1930.534320
0.133875	2.925145	1455.335249
0.135625	2.907492	1499.170021
0.137375	2.922234	1462.475909
0.139125	2.867045	1604.647040
0.140875	2.722606	2045.636417
0.142625	2.613438	2457.690053
0.144375	2.419978	3402.234717
0.146125	2.347154	3845.295187
0.147875	2.214211	4808.233158
0.149625	2.044660	6393.929276
0.151375	1.925500	7811.984031
0.153125	1.828769	9191.372010
0.154875	1.740687	10658.234480
0.156625	1.640126	12621.216619
0.158375	1.615016	13165.360433
0.160125	1.559370	14456.317104
0.161875	1.565412	14310.218639
0.163625	1.572026	14152.002389
0.165375	1.595018	13615.453883
0.167125	1.677133	11859.977510
0.168875	1.745058	10580.208017
0.170625	1.817839	9361.826326
0.172375	1.871600	8552.861800
0.174125	1.989093	7019.967825
0.175875	2.087450	5950.165551
0.177625	2.126196	5574.963645
0.179375	2.137563	5469.441843
0.181125	2.174589	5139.399922
0.182875	2.201902	4908.760064
0.184625	2.249310	4532.747555
0.186375	2.228736	4692.259397
0.188125	2.253819	4498.520291
0.189875	2.253278	4502.614463
0.191625	2.296901	4184.249409
0.193375	2.291268	4224.057583
0.195125	2.289897	4233.806343
0.196875	2.328900	3965.119815
0.198625	2.344614	3861.750910
0.200375	2.355874	3789.339065
0.202125	2.375942	3663.642795
0.203875	2.424642	3375.666362
0.205625	2.432192	3333.091986
0.207375	2.512917	2910.134363
0.209125	2.526047	2846.607490
0.210875	2.544916	2757.734750
0.212625	2.597139	2525.960634
0.214375	2.663688	2258.612618
0.216125	2.658738	2277.486076
0.217875	2.666052	2249.654754
0.219625	2.671124	2230.556333
0.221375	2.601655	2506.854752
0.223125	2.609174	2475.369297
0.224875	2.573069	2630.262990
0.226625	2.535492	2801.768424
0.228375	2.511847	2915.376036
0.230125	2.473410	3109.968681
0.231875	2.497802	2985.023887
0.233625	2.491368	3017.488796
0.235375	2.512446	2912.443237
0.237125	2.552829	2721.293445
0.238875	2.588648	2562.274232
0.240625	2.628540	2396.083570
0.242375	2.668140	2241.774519
0.244125	2.723405	2042.889265
0.245875	2.778760	1861.369522
0.247625	2.857678	1630.112972
0.249375	2.995519	1292.963916
0.251125	3.077459	1126.589043
0.252875	3.174789	956.552992
0.254625	3.287522	791.420467
0.256375	3.370863	687.960930
0.258125	3.500947	552.834070
0.259875	3.567273	494.507736
0.261625	3.676687	411.428756
0.263375	3.794969	337.241855
0.265125	3.861842	301.384009
0.266875	3.962039	254.665806
0.268625	4.077020	209.907718
0.270375	4.191557	173.144903
0.272125	4.268010	152.263035
0.273875	4.350632	132.518235
0.275625	4.476449	107.256100
0.277375	4.538181	96.683868
0.279125	4.674430	76.892561
0.280875	4.808549	61.371990
0.282625	4.880047	54.421775
0.284375	4.983815	45.710482
0.286125	5.028132	42.428923
0.287875	5.121359	36.274417
0.289625	5.233177	30.058506
0.291375	5.314434	26.220742
0.293125	5.461620	20.473440
0.294875	5.490593	19.500169
0.296625	5.610557	15.938881
0.298375	5.678608	14.215990
0.300125	5.750631	12.594937
0.301875	5.826186	11.092688
0.303625	5.897272	9.843284
0.305375	5.983570	8.514067
0.307125	6.052518	7.582299
0.308875	6.093214	7.080933
0.310625	6.166499	6.260208
0.312375	6.216224	5.758195
0.314125	6.294444	5.048722
0.315875	6.367889	4.462337
0.317625	6.465532	3.786844
0.319375	6.586444	3.090326
0.321125	6.665766	2.704550
0.322875	6.770804	2.266788
0.324625	6.915298	1.777961
0.326375	7.034813	1.454352
0.328125	7.187699	1.124744
0.329875	7.301842	0.928373
0.331625	7.436633	0.740147
0.333375	7.554397	0.607216
0.335125	7.694459	0.479833
0.336875	7.827412	0.383731
0.338625	7.957116	0.308557
0.340375	8.067410	0.256339
0.342125	8.221590	0.197813
0.343875	8.346512	0.160344
0.345625	8.435948	0.137962
0.347375	8.550260	0.113843
0.349125	8.682517	0.091149

# Dumping simulation biases, in the metadata file order 
# Window  F (free energy units)
# 0	0.000000
# 1	-6.228901
# 2	-8.619743
# 3	-7.784631
# 4	-7.179849
# 5	-6.704313
# 6	-6.321876
# 7	-4.840645
# 8	-2.761132
# 9	-0.305767
# 10	4.489975
#Iteration 1110:  0.000003
#Iteration 1120:  0.000002
#Iteration 1130:  0.000002
#Iteration 1140:  0.000002
#Iteration 1150:  0.000002
#Iteration 1160:  0.000002
#Iteration 1170:  0.000002
#Iteration 1180:  0.000002
#Iteration 1190:  0.000001
#Iteration 1200:  0.000001
0.000875	inf	0.000000
0.002625	inf	0.000000
0.004375	inf	0.000000
0.006125	inf	0.000000
0.007875	inf	0.000000
0.009625	inf	0.000000
0.011375	inf	0.000000
0.013125	inf	0.000000
0.014875	inf	0.000000
0.016625	inf	0.000000
0.018375	inf	0.000000
0.020125	inf	0.000000
0.021875	inf	0.000000
0.023625	inf	0.000000
0.025375	inf	0.000000
0.027125	inf	0.000000
0.028875	inf	0.000000
0.030625	inf	0.000000
0.032375	inf	0.000000
0.034125	inf	0.000000
0.035875	inf	0.000000
0.037625	inf	0.000000
0.039375	inf	0.000000
0.041125	inf	0.000000
0.042875	inf	0.000000
0.044625	inf	0.000000
0.046375	inf	0.000000
0.048125	inf	0.000000
0.049875	8.829240	0.071224
0.051625	7.562783	0.598707
0.053375	6.733511	2.413412
0.055125	5.861980	10.444772
0.056875	5.021176	42.927344
0.058625	4.330291	137.126060
0.060375	3.677997	410.517663
0.062125	3.066891	1146.764455
0.063875	2.553937	2716.192009
0.065625	2.086991	5954.673159
0.067375	1.673402	11934.424905
0.069125	1.317770	21698.685070
0.070875	1.026728	35392.466129
0.072625	0.779403	53637.939338
0.074375	0.558992	77693.585598
0.076125	0.373236	106168.961636
0.077875	0.245083	131691.182356
0.079625	0.137066	157911.876056
0.081375	0.082958	172948.661052
0.083125	0.022142	191565.037815
0.084875	0.000000	198829.673580
0.086625	0.005312	197062.178487
0.088375	0.073023	175861.414427
0.090125	0.115736	163676.977861
0.091875	0.183199	146128.625149
0.093625	0.270162	126254.675395
0.095375	0.339614	112342.366260
0.097125	0.454356	92634.963321
0.098875	0.512282	84039.926787
0.100625	0.606525	71727.087091
0.102375	0.696928	61614.614499
0.104125	0.805818	51308.350361
0.105875	0.880045	45289.515086
0.107625	0.991667	37541.096401
0.109375	1.066134	33123.931160
0.111125	1.180490	27331.016721
0.112875	1.281592	23059.241372
0.114625	1.420268	18264.342377
0.116375	1.550062	14684.085073
0.118125	1.661148	12182.818338
0.119875	1.773335	10088.924902
0.121625	1.931106	7738.606056
0.123375	2.031614	6535.607277
0.125125	2.089905	5925.575436
0.126875	2.283513	4279.426486
0.128625	2.527441	2839.906495
0.130375	2.713300	2077.860408
0.132125	2.757147	1930.213207
0.133875	2.925253	1455.051633
0.135625	2.907617	1498.833565
0.137375	2.922376	1462.105624
0.139125	2.867203	1604.198442
0.140875	2.722778	2045.017716
0.142625	2.613621	2456.900181
0.144375	2.420170	3401.090015
0.146125	2.347353	3843.956711
0.147875	2.214416	4806.517335
0.149625	2.044868	6391.605908
0.151375	1.925711	7809.107739
0.153125	1.828982	9187.954948
0.154875	1.740902	10654.243172
0.156625	1.640342	12616.463124
0.158375	1.615233	13160.377992
0.160125	1.559588	14450.821425
0.161875	1.565631	14304.753111
0.163625	1.572246	14146.568797
0.165375	1.595240	13610.193420
0.167125	1.677356	11855.360182
0.168875	1.745284	10576.050712
0.170625	1.818067	9358.107520
0.172375	1.871831	8549.422294
0.174125	1.989327	7017.107250
0.175875	2.087687	5947.708271
0.177625	2.126436	5572.631755
0.179375	2.137807	5467.127657
0.181125	2.174835	5137.203922
0.182875	2.202151	4906.645702
0.184625	2.249560	4530.782740
0.186375	2.228987	4690.215498
0.188125	2.254071	4496.553537
0.189875	2.253531	4500.640432
0.191625	2.297154	4182.411052
0.193375	2.291522	4222.198615
0.195125	2.290151	4231.940442
0.196875	2.329154	3963.370028
0.198625	2.344869	3860.044408
0.200375	2.356130	3787.661922
0.202125	2.376197	3662.018107
0.203875	2.424898	3374.165571
0.205625	2.432449	3331.605133
0.207375	2.513176	2908.830396
0.209125	2.526307	2845.324544
0.210875	2.545178	2756.482583
0.212625	2.597403	2524.803110
0.214375	2.663956	2257.566253
0.216125	2.659009	2276.417902
0.217875	2.666327	2248.585695
0.219625	2.671402	2229.482287
0.221375	2.601937	2505.632516
0.223125	2.609459	2474.148860
0.224875	2.573357	2628.953752
0.226625	2.535782	2800.362795
0.228375	2.512139	2913.904065
0.230125	2.473703	3108.390347
0.231875	2.498098	2983.502470
0.233625	2.491664	3015.945058
0.235375	2.512743	2910.947950
0.237125	2.553127	2719.891206
0.238875	2.588947	2560.948664
0.240625	2.628841	2394.838371
0.242375	2.668442	2240.603519
0.244125	2.723710	2041.816051
0.245875	2.779066	1860.385699
0.247625	2.857987	1629.246046
0.249375	2.995829	1292.272213
0.251125	3.077770	1125.983106
0.252875	3.175102	956.036124
0.254625	3.287836	790.991189
0.256375	3.371178	687.586624
0.258125	3.501263	552.532554
0.259875	3.567590	494.237513
0.261625	3.677004	411.203580
0.263375	3.795287	337.057032
0.265125	3.862161	301.218627
0.266875	3.962358	254.525873
0.268625	4.077339	209.792202
0.270375	4.191877	173.049440
0.272125	4.268331	152.178887
0.273875	4.350954	132.444778
0.275625	4.476772	107.196423
0.277375	4.538506	96.629826
0.279125	4.674757	76.849351
0.280875	4.808877	61.337296
0.282625	4.880377	54.390817
0.284375	4.984147	45.684319
0.286125	5.028466	42.404498
0.287875	5.121696	36.253429
0.289625	5.233514	30.041041
0.291375	5.314773	26.205454
0.293125	5.461959	20.461472
0.294875	5.490934	19.488746
0.296625	5.610898	15.929531
0.298375	5.678949	14.207641
0.300125	5.750973	12.587533
0.301875	5.826527	11.086163
0.303625	5.897614	9.837490
0.305375	5.983912	8.509053
0.307125	6.052861	7.577831
0.308875	6.093557	7.076758
0.310625	6.166842	6.256514
0.312375	6.216567	5.754793
0.314125	6.294788	5.045735
0.315875	6.368233	4.459694
0.317625	6.465877	3.784597
0.319375	6.586790	3.088490
0.321125	6.666112	2.702940
0.322875	6.771151	2.265435
0.324625	6.915645	1.776898
0.326375	7.035161	1.453482
0.328125	7.188048	1.124070
0.329875	7.302191	0.927816
0.331625	7.436982	0.739703
0.333375	7.554746	0.606851
0.335125	7.694808	0.479545
0.336875	7.827761	0.383500
0.338625	7.957465	0.308371
0.340375	8.067760	0.256185
0.342125	8.221939	0.197694
0.343875	8.346862	0.160248
0.345625	8.436297	0.137879
0.347375	8.550610	0.113774
0.349125	8.682867	0.091094

# Dumping simulation biases, in the metadata file order 
# Window  F (free energy units)
# 0	0.000000
# 1	-6.228899
# 2	-8.619735
# 3	-7.784606
# 4	-7.179625
# 5	-6.704052
# 6	-6.321573
# 7	-4.840321
# 8	-2.760784
# 9	-0.305412
# 10	4.490332
#Iteration 1210:  0.000001
#Iteration 1220:  0.000001
#Iteration 1230:  0.000001
#Iteration 1240:  0.000001
#Iteration 1250:  0.000001
#Iteration 1260:  0.000001
#Iteration 1270:  0.000001
#Iteration 1280:  0.000001
#Iteration 1290:  0.000001
#Iteration 1300:  0.000001
0.000875	inf	0.000000
0.002625	inf	0.000000
0.004375	inf	0.000000
0.006125	inf	0.000000
0.007875	inf	0.000000
0.009625	inf	0.000000
0.011375	inf	0.000000
0.013125	inf	0.000000
0.014875	inf	0.000000
0.016625	inf	0.000000
0.018375	inf	0.000000
0.020125	inf	0.000000
0.021875	inf	0.000000
0.023625	inf	0.000000
0.025375	inf	0.000000
0.027125	inf	0.000000
0.028875	inf	0.000000
0.030625	inf	0.000000
0.032375	inf	0.000000
0.034125	inf	0.000000
0.035875	inf	0.000000
0.037625	inf	0.000000
0.039375	inf	0.000000
0.041125	inf	0.000000
0.042875	inf	0.000000
0.044625	inf	0.000000
0.046375	inf	0.000000
0.048125	inf	0.000000
0.049875	8.829237	0.071224
0.051625	7.562780	0.598707
0.053375	6.733507	2.413412
0.055125	5.861976	10.444771
0.056875	5.021172	42.927340
0.058625	4.330287	137.126043
0.060375	3.677994	410.517591
0.062125	3.066888	1146.764173
0.063875	2.553933	2716.191082
0.065625	2.086987	5954.670358
0.067375	1.673399	11934.417245
0.069125	1.317767	21698.666288
0.070875	1.026725	35392.425386
0.072625	0.779400	53637.858464
0.074375	0.558989	77693.434627
0.076125	0.373234	106168.700178
0.077875	0.245081	131690.778220
0.079625	0.137065	157911.282004
0.081375	0.082957	172947.875453
0.083125	0.022141	191564.000655
0.084875	0.000000	198828.403716
0.086625	0.005312	197060.705899
0.088375	0.073024	175859.887900
0.090125	0.115738	163675.340753
0.091875	0.183202	146126.958306
0.093625	0.270166	126253.054487
0.095375	0.339619	112340.767882
0.097125	0.454362	92633.526649
0.098875	0.512288	84038.528678
0.100625	0.606532	71725.825307
0.102375	0.696935	61613.481864
0.104125	0.805825	51307.373624
0.105875	0.880053	45288.627773
0.107625	0.991676	37540.342075
0.109375	1.066143	33123.249158
0.111125	1.180499	27330.439100
0.112875	1.281602	23058.738898
0.114625	1.420278	18263.928968
0.116375	1.550072	14683.736122
0.118125	1.661159	12182.510076
0.119875	1.773347	10088.648328
0.121625	1.931120	7738.371581
0.123375	2.031631	6535.383718
0.125125	2.089925	5925.341903
0.126875	2.283537	4279.228827
0.128625	2.527470	2839.751015
0.130375	2.713335	2077.725032
0.132125	2.757189	1930.064164
0.133875	2.925303	1454.919999
0.135625	2.907676	1498.677412
0.137375	2.922442	1461.933776
0.139125	2.867277	1603.990256
0.140875	2.722857	2044.730598
0.142625	2.613706	2456.533637
0.144375	2.420259	3400.558821
0.146125	2.347445	3843.335608
0.147875	2.214510	4805.721138
0.149625	2.044965	6390.527799
0.151375	1.925809	7807.773067
0.153125	1.829081	9186.369352
0.154875	1.741002	10652.391119
0.156625	1.640442	12614.257405
0.158375	1.615334	13158.066043
0.160125	1.559689	14448.271328
0.161875	1.565733	14302.217010
0.163625	1.572348	14144.047519
0.165375	1.595343	13607.752481
0.167125	1.677460	11853.217672
0.168875	1.745389	10574.121666
0.170625	1.818173	9356.381948
0.172375	1.871939	8547.826327
0.174125	1.989436	7015.779919
0.175875	2.087797	5946.568077
0.177625	2.126548	5571.549747
0.179375	2.137920	5466.053869
0.181125	2.174949	5136.184975
0.182875	2.202266	4905.664639
0.184625	2.249676	4529.871068
0.186375	2.229103	4689.267133
0.188125	2.254188	4495.640968
0.189875	2.253648	4499.724488
0.191625	2.297272	4181.558061
0.193375	2.291639	4221.336062
0.195125	2.290269	4231.074673
0.196875	2.329272	3962.558135
0.198625	2.344987	3859.252599
0.200375	2.356248	3786.883736
0.202125	2.376316	3661.264261
0.203875	2.425017	3373.469213
0.205625	2.432569	3330.915242
0.207375	2.513296	2908.225363
0.209125	2.526428	2844.729267
0.210875	2.545299	2755.901589
0.212625	2.597526	2524.266030
0.214375	2.664080	2257.080753
0.216125	2.659134	2275.922284
0.217875	2.666454	2248.089668
0.219625	2.671531	2228.983949
0.221375	2.602068	2505.065424
0.223125	2.609592	2473.582605
0.224875	2.573490	2628.346297
0.226625	2.535917	2799.710619
0.228375	2.512275	2913.221110
0.230125	2.473840	3107.658045
0.231875	2.498235	2982.796576
0.233625	2.491801	3015.228809
0.235375	2.512881	2910.254182
0.237125	2.553266	2719.240610
0.238875	2.589086	2560.333642
0.240625	2.628981	2394.260640
0.242375	2.668583	2240.060214
0.244125	2.723851	2041.318117
0.245875	2.779209	1859.929240
0.247625	2.858130	1628.843825
0.249375	2.995973	1291.951289
0.251125	3.077915	1125.701974
0.252875	3.175247	955.796318
0.254625	3.287982	790.792022
0.256375	3.371325	687.412961
0.258125	3.501410	552.392663
0.259875	3.567737	494.112141
0.261625	3.677151	411.099108
0.263375	3.795435	336.971282
0.265125	3.862309	301.141897
0.266875	3.962506	254.460951
0.268625	4.077487	209.738608
0.270375	4.192025	173.005150
0.272125	4.268480	152.139846
0.273875	4.351103	132.410698
0.275625	4.476922	107.168735
0.277375	4.538656	96.604753
0.279125	4.674908	76.829303
0.280875	4.809029	61.321200
0.282625	4.880530	54.376454
0.284375	4.984302	45.672181
0.286125	5.028621	42.393166
0.287875	5.121852	36.243691
0.289625	5.233671	30.032938
0.291375	5.314930	26.198362
0.293125	5.462117	20.455919
0.294875	5.491092	19.483447
0.296625	5.611056	15.925193
0.298375	5.679107	14.203767
0.300125	5.751131	12.584098
0.301875	5.826686	11.083135
0.303625	5.897772	9.834802
0.305375	5.984071	8.506727
0.307125	6.053020	7.575758
0.308875	6.093716	7.074821
0.310625	6.167001	6.254800
0.312375	6.216727	5.753215
0.314125	6.294947	5.044350
0.315875	6.368393	4.458467
0.317625	6.466037	3.783555
0.319375	6.586950	3.087637
0.321125	6.666273	2.702193
0.322875	6.771312	2.264808
0.324625	6.915807	1.776405
0.326375	7.035322	1.453078
0.328125	7.188209	1.123757
0.329875	7.302353	0.927558
0.331625	7.437144	0.739497
0.333375	7.554908	0.606682
0.335125	7.694970	0.479411
0.336875	7.827923	0.383393
0.338625	7.957628	0.308285
0.340375	8.067922	0.256113
0.342125	8.222102	0.197639
0.343875	8.347024	0.160203
0.345625	8.436459	0.137841
0.347375	8.550772	0.113743
0.349125	8.683029	0.091068

# Dumping simulation biases, in the metadata file order 
# Window  F (free energy units)
# 0	0.000000
# 1	-6.228898
# 2	-8.619731
# 3	-7.784594
# 4	-7.179521
# 5	-6.703931
# 6	-6.321433
# 7	-4.840170
# 8	-2.760623
# 9	-0.305247
# 10	4.490497
#Iteration 1310:  0.000001
# Dumping simulation biases, in the metadata file order 
# Window  F (free energy units)
# 0	0.000000
# 1	-6.228898
# 2	-8.619731
# 3	-7.784593
# 4	-7.179513
# 5	-6.703921
# 6	-6.321421
# 7	-4.840158
# 8	-2.760609
# 9	-0.305234
# 10	4.490511
# No MC error analysis requested
