# /home/btan/Software/WHAM/wham/wham/wham 0.0 0.4 200 1e-06 300 0 /home/btan/Documents/BD2_DCAF16_8ov6/umbrella_sampling/RMSD/results/backbone_RMSD/DCAF16_only/run1/RED/metafile.txt /home/btan/Documents/BD2_DCAF16_8ov6/umbrella_sampling/RMSD/results/backbone_RMSD/DCAF16_only/run1/RED/pmf.txt
#Number of windows = 11
#Iteration 10:  0.095928
#Iteration 20:  0.036444
#Iteration 30:  0.021493
#Iteration 40:  0.014921
#Iteration 50:  0.011376
#Iteration 60:  0.009120
#Iteration 70:  0.007479
#Iteration 80:  0.006235
#Iteration 90:  0.005267
#Iteration 100:  0.004500
0.001000	inf	0.000000
0.003000	inf	0.000000
0.005000	inf	0.000000
0.007000	inf	0.000000
0.009000	inf	0.000000
0.011000	inf	0.000000
0.013000	inf	0.000000
0.015000	inf	0.000000
0.017000	inf	0.000000
0.019000	inf	0.000000
0.021000	inf	0.000000
0.023000	inf	0.000000
0.025000	inf	0.000000
0.027000	inf	0.000000
0.029000	inf	0.000000
0.031000	inf	0.000000
0.033000	inf	0.000000
0.035000	inf	0.000000
0.037000	inf	0.000000
0.039000	inf	0.000000
0.041000	inf	0.000000
0.043000	inf	0.000000
0.045000	inf	0.000000
0.047000	inf	0.000000
0.049000	inf	0.000000
0.051000	inf	0.000000
0.053000	inf	0.000000
0.055000	inf	0.000000
0.057000	14.542960	0.459115
0.059000	13.784988	1.641667
0.061000	12.655599	10.959832
0.063000	11.644384	59.985820
0.065000	10.728594	279.658691
0.067000	9.747348	1455.438440
0.069000	8.869416	6366.998494
0.071000	8.160482	20965.114252
0.073000	7.511696	62394.851119
0.075000	6.932297	165250.689563
0.077000	6.389571	411494.908121
0.079000	5.904813	929534.103823
0.081000	5.495268	1850362.153489
0.083000	5.141000	3356547.533474
0.085000	4.841357	5554556.240708
0.087000	4.591597	8452571.738537
0.089000	4.334572	13020616.891875
0.091000	4.160257	17453849.755044
0.093000	3.967285	24141937.734055
0.095000	3.759103	34257591.445498
0.097000	3.574322	46736639.315474
0.099000	3.363341	66632530.337325
0.101000	3.201245	87503455.990613
0.103000	3.041119	114531990.189535
0.105000	2.879202	150361104.848702
0.107000	2.741922	189390301.383527
0.109000	2.598089	241192647.786688
0.111000	2.478757	294769815.846556
0.113000	2.367355	355478280.992873
0.115000	2.310321	391246841.395592
0.117000	2.253649	430353034.480116
0.119000	2.227247	449883522.060147
0.121000	2.230958	447085538.866534
0.123000	2.199837	471097300.659844
0.125000	2.212197	461410171.381986
0.127000	2.217978	456948319.624907
0.129000	2.208153	464558062.912462
0.131000	2.215958	458502282.549846
0.133000	2.214731	459448753.503788
0.135000	2.224936	451634871.628327
0.137000	2.197126	473249707.039217
0.139000	2.227770	449488390.601119
0.141000	2.243661	437639673.944037
0.143000	2.265890	421587922.728628
0.145000	2.265630	421772209.958431
0.147000	2.282778	409787747.381609
0.149000	2.208576	464227655.612577
0.151000	2.119290	539404461.114480
0.153000	2.030765	625955061.627232
0.155000	1.957272	708267529.685601
0.157000	1.886992	797087129.632118
0.159000	1.790837	936923804.884158
0.161000	1.720421	1054658611.608100
0.163000	1.684679	1119968317.589105
0.165000	1.662592	1162333254.165998
0.167000	1.662586	1162344202.591530
0.169000	1.675122	1138107193.797374
0.171000	1.682712	1123678645.828005
0.173000	1.705635	1081201524.322931
0.175000	1.764619	979139825.089601
0.177000	1.812262	903781018.493978
0.179000	1.894414	787203987.386184
0.181000	1.909864	767022047.580966
0.183000	1.915997	759155411.900506
0.185000	1.940742	728223802.461857
0.187000	1.919857	754245374.814567
0.189000	1.893630	788242612.235691
0.191000	1.893503	788409756.159787
0.193000	1.775449	961476005.187816
0.195000	1.665857	1155971357.783366
0.197000	1.598215	1295178089.611891
0.199000	1.492516	1547018406.418101
0.201000	1.375800	1882372469.840633
0.203000	1.236198	2380251312.497792
0.205000	1.114245	2921832567.908416
0.207000	1.001385	3532236779.123248
0.209000	0.892574	4241193255.223858
0.211000	0.760624	5294430182.028260
0.213000	0.655571	6317046305.955238
0.215000	0.564568	7361239756.905728
0.217000	0.450628	8915263103.858955
0.219000	0.357128	10432637910.556608
0.221000	0.269503	12088307008.127882
0.223000	0.199395	13600298242.608744
0.225000	0.119711	15549714444.105337
0.227000	0.059910	17194145984.025806
0.229000	0.020478	18372506060.875137
0.231000	0.009606	18711344900.517075
0.233000	0.000000	19015961330.643841
0.235000	0.002649	18931485049.850349
0.237000	0.036116	17895817733.795799
0.239000	0.073921	16793909973.338856
0.241000	0.130425	15272166032.534361
0.243000	0.206688	13434583519.095089
0.245000	0.318987	11123442511.544783
0.247000	0.424161	9320874872.562511
0.249000	0.553974	7493509731.080814
0.251000	0.674150	6122795565.231040
0.253000	0.838445	4645205695.414553
0.255000	0.947428	3867599910.104166
0.257000	1.074816	3122055423.854339
0.259000	1.221962	2437900405.122609
0.261000	1.338245	2005037866.509429
0.263000	1.447250	1669331409.839065
0.265000	1.544389	1417833942.610682
0.267000	1.699505	1092401420.912861
0.269000	1.767501	974408627.366626
0.271000	1.904656	773766330.506457
0.273000	1.978312	683654373.030557
0.275000	2.120908	537939597.767933
0.277000	2.260132	425688666.116817
0.279000	2.350574	365648787.027503
0.281000	2.550283	261375561.947071
0.283000	2.695876	204632077.484478
0.285000	2.823971	164989749.527827
0.287000	2.915410	141482163.962843
0.289000	3.042891	114191350.026374
0.291000	3.251879	80363599.236453
0.293000	3.284092	76127576.814983
0.295000	3.419545	60625307.615154
0.297000	3.513034	51808586.482004
0.299000	3.466037	56067641.216979
0.301000	3.279027	76778602.381988
0.303000	3.265170	78588038.839533
0.305000	3.144736	96223256.521290
0.307000	3.002697	122173447.701921
0.309000	2.934419	137032455.282497
0.311000	2.842037	160054464.958217
0.313000	2.758748	184108412.795249
0.315000	2.676708	211332981.361262
0.317000	2.636801	225996684.622445
0.319000	2.607234	237513102.553536
0.321000	2.613440	235048075.489443
0.323000	2.601483	239820535.683335
0.325000	2.597725	241340135.265693
0.327000	2.667897	214486524.921588
0.329000	2.730614	193024940.370524
0.331000	2.839480	160743988.363283
0.333000	2.975881	127806778.770733
0.335000	3.118908	100493056.227363
0.337000	3.276226	77140935.556894
0.339000	3.470462	55652086.748808
0.341000	3.619166	43343033.070799
0.343000	3.779252	33116719.289990
0.345000	3.945099	25059329.868876
0.347000	4.115004	18833389.449405
0.349000	4.247414	15075160.561200
0.351000	4.405610	11555002.358950
0.353000	4.571164	8747947.749931
0.355000	4.709011	6938561.040280
0.357000	4.902280	5013855.168737
0.359000	5.003881	4226665.063130
0.361000	5.148774	3312971.400595
0.363000	5.267069	2715535.615614
0.365000	5.366096	2299111.205712
0.367000	5.448497	2001716.571453
0.369000	5.436704	2041795.172731
0.371000	5.457437	1971857.427289
0.373000	5.484784	1883262.401336
0.375000	5.546388	1697993.236816
0.377000	5.529191	1747797.305145
0.379000	5.542360	1709530.639736
0.381000	5.584427	1592815.450724
0.383000	5.617426	1506864.369453
0.385000	5.658718	1405816.720147
0.387000	5.721768	1264440.572539
0.389000	5.746528	1212892.962300
0.391000	5.791634	1124327.489506
0.393000	5.869459	986451.124110
0.395000	5.892699	948657.464171
0.397000	5.976812	823572.444097
0.399000	6.031969	750644.056160

# Dumping simulation biases, in the metadata file order 
# Window  F (free energy units)
# 0	0.000000
# 1	-7.524625
# 2	-11.764076
# 3	-13.438075
# 4	-13.921139
# 5	-14.806095
# 6	-15.502280
# 7	-13.930157
# 8	-12.939800
# 9	-11.584030
# 10	-9.643561
#Iteration 110:  0.003884
#Iteration 120:  0.003384
#Iteration 130:  0.002973
#Iteration 140:  0.002631
#Iteration 150:  0.002345
#Iteration 160:  0.002102
#Iteration 170:  0.001894
#Iteration 180:  0.001714
#Iteration 190:  0.001558
#Iteration 200:  0.001420
0.001000	inf	0.000000
0.003000	inf	0.000000
0.005000	inf	0.000000
0.007000	inf	0.000000
0.009000	inf	0.000000
0.011000	inf	0.000000
0.013000	inf	0.000000
0.015000	inf	0.000000
0.017000	inf	0.000000
0.019000	inf	0.000000
0.021000	inf	0.000000
0.023000	inf	0.000000
0.025000	inf	0.000000
0.027000	inf	0.000000
0.029000	inf	0.000000
0.031000	inf	0.000000
0.033000	inf	0.000000
0.035000	inf	0.000000
0.037000	inf	0.000000
0.039000	inf	0.000000
0.041000	inf	0.000000
0.043000	inf	0.000000
0.045000	inf	0.000000
0.047000	inf	0.000000
0.049000	inf	0.000000
0.051000	inf	0.000000
0.053000	inf	0.000000
0.055000	inf	0.000000
0.057000	14.995333	0.459150
0.059000	14.237338	1.641855
0.061000	13.107915	10.961704
0.063000	12.096651	60.001055
0.065000	11.180788	279.763988
0.067000	10.199436	1456.247127
0.069000	9.321350	6372.184934
0.071000	8.612197	20989.921130
0.073000	7.963105	62500.750424
0.075000	7.383292	165646.405421
0.077000	6.840023	412856.964314
0.079000	6.354579	933687.452184
0.081000	5.944197	1861247.343946
0.083000	5.588936	3381935.546954
0.085000	5.288132	5607503.324951
0.087000	5.037020	8552549.100785
0.089000	4.778428	13209390.718037
0.091000	4.602319	17760384.017411
0.093000	4.407353	24648392.273876
0.095000	4.197049	35101256.423934
0.097000	4.010109	48061728.125167
0.099000	3.797005	68766636.449980
0.101000	3.632840	90620697.667948
0.103000	3.470647	119024885.183787
0.105000	3.306565	156829390.224375
0.107000	3.166903	198329896.750103
0.109000	3.020387	253719448.196303
0.111000	2.898058	311645599.892556
0.113000	2.783435	377870034.545633
0.115000	2.723136	418180868.567373
0.117000	2.663363	462382508.064956
0.119000	2.634193	485620525.885495
0.121000	2.635545	484518591.972381
0.123000	2.602448	512239677.979978
0.125000	2.613115	503136231.220303
0.127000	2.617337	499577961.082164
0.129000	2.605906	509270389.390343
0.131000	2.611847	504209362.320927
0.133000	2.608250	507267364.764339
0.135000	2.615287	501302277.068210
0.137000	2.583182	529100577.438602
0.139000	2.608064	507426353.388742
0.141000	2.616453	500320558.207812
0.143000	2.629354	489587683.616165
0.145000	2.618170	498879220.524198
0.147000	2.623406	494507200.552025
0.149000	2.537188	571632337.398532
0.151000	2.436695	676834320.181548
0.153000	2.338446	798379904.284628
0.155000	2.257017	915497922.003388
0.157000	2.180550	1041077647.162316
0.159000	2.079696	1233423472.209457
0.161000	2.005714	1396763718.773109
0.163000	1.967171	1490260028.578914
0.165000	1.942695	1552854614.335204
0.167000	1.940379	1558912339.971393
0.169000	1.950342	1533021200.889046
0.171000	1.954721	1521777175.195196
0.173000	1.973351	1474858170.644921
0.175000	2.026420	1348983693.531075
0.177000	2.065894	1262374797.303721
0.179000	2.136953	1120240486.348692
0.181000	2.137807	1118633631.393840
0.183000	2.125591	1141842086.860018
0.185000	2.128586	1136106939.353155
0.187000	2.083656	1225239798.875427
0.189000	2.032819	1334550226.582998
0.191000	2.009415	1388101760.411259
0.193000	1.870928	1751960977.654848
0.195000	1.744544	2166666399.106626
0.197000	1.663828	2481532175.558463
0.199000	1.548358	3013138880.137326
0.201000	1.424542	3710325893.906748
0.203000	1.279856	4731958243.032030
0.205000	1.154255	5844364300.880702
0.207000	1.038707	7097314979.326596
0.209000	0.927792	8552009047.052180
0.211000	0.794020	10708515271.135765
0.213000	0.687176	12815376602.820808
0.215000	0.594200	14983375972.534029
0.217000	0.477922	18217931177.571968
0.219000	0.381598	21420070987.463955
0.221000	0.290626	24959487468.793606
0.223000	0.216736	28260505592.438183
0.225000	0.133045	32529625614.005451
0.227000	0.069295	36209297383.855377
0.229000	0.026235	38927477309.199593
0.231000	0.012223	39855320869.337929
0.233000	0.000000	40682690896.709343
0.235000	0.000493	40649008934.737595
0.237000	0.032142	38542896053.739479
0.239000	0.068328	36268222999.052963
0.241000	0.123295	33067205521.529697
0.243000	0.198026	29163464677.083084
0.245000	0.308782	24209218613.100845
0.247000	0.412439	20337888230.289555
0.249000	0.540833	16389687128.091431
0.251000	0.659760	13419833784.172573
0.253000	0.823021	10198984051.052803
0.255000	0.931195	8503226696.691313
0.257000	1.057981	6871041508.529692
0.259000	1.204697	5369223250.790762
0.261000	1.320688	4418056604.162911
0.263000	1.429509	3679477710.305701
0.265000	1.526549	3125658416.352502
0.267000	1.681638	2408338786.454881
0.269000	1.749678	2148049171.241140
0.271000	1.886955	1705390256.276274
0.273000	1.960831	1506227092.526360
0.275000	2.103776	1184491541.706403
0.277000	2.243532	936488293.598908
0.279000	2.334761	803340413.930376
0.281000	2.535614	573146935.871819
0.283000	2.682832	447494673.860098
0.285000	2.813181	359439678.040691
0.287000	2.907638	306666717.025670
0.289000	3.038988	245908766.218407
0.291000	3.252661	171704025.298373
0.293000	3.290173	161210789.439553
0.295000	3.431181	127189314.267246
0.297000	3.530046	107714334.850163
0.299000	3.487866	115629090.106509
0.301000	3.304886	157272592.935710
0.303000	3.294214	160119357.448125
0.305000	3.176194	195256641.452183
0.307000	3.035934	247174493.125605
0.309000	2.968956	276631111.293225
0.311000	2.877538	322582956.635094
0.313000	2.794999	370595440.826934
0.315000	2.713593	424943167.307527
0.317000	2.674284	453971433.009173
0.319000	2.645344	476603015.845293
0.321000	2.652247	471104115.920161
0.323000	2.641076	480034714.810600
0.325000	2.638180	482376957.303054
0.327000	2.709247	428059141.376201
0.329000	2.772831	384666103.480432
0.331000	2.882480	319914154.015574
0.333000	3.019544	254079029.795665
0.335000	3.163103	199600868.674742
0.337000	3.320835	153112086.410657
0.339000	3.515389	110401124.445267
0.341000	3.664345	85946297.186426
0.343000	3.824646	65644453.071138
0.345000	3.990700	49655683.846667
0.347000	4.160835	37304477.830756
0.349000	4.293528	29846091.175973
0.351000	4.452101	22862321.217718
0.353000	4.618172	17293345.969106
0.355000	4.756730	13700090.130420
0.357000	4.950959	9883821.238114
0.359000	5.053814	8314478.548202
0.361000	5.200270	6500005.442608
0.363000	5.320397	5311459.837051
0.365000	5.421423	4481870.761621
0.367000	5.505839	3888936.087831
0.369000	5.495923	3954306.485897
0.371000	5.518279	3808456.494150
0.373000	5.546941	3629309.318373
0.375000	5.609557	3266709.620070
0.377000	5.593107	3358306.244547
0.379000	5.606811	3281825.206762
0.381000	5.649253	3055836.885315
0.383000	5.682511	2889680.516580
0.385000	5.723980	2695102.236401
0.387000	5.787150	2423580.224774
0.389000	5.811991	2324461.551414
0.391000	5.857151	2154532.160203
0.393000	5.935013	1890205.650113
0.395000	5.958277	1817711.877347
0.397000	6.042407	1577994.421430
0.399000	6.097575	1438234.511857

# Dumping simulation biases, in the metadata file order 
# Window  F (free energy units)
# 0	0.000000
# 1	-7.530241
# 2	-11.786493
# 3	-13.490277
# 4	-14.091124
# 5	-15.217803
# 6	-15.952078
# 7	-14.393443
# 8	-13.352169
# 9	-11.988345
# 10	-10.028757
#Iteration 210:  0.001298
#Iteration 220:  0.001190
#Iteration 230:  0.001092
#Iteration 240:  0.001005
#Iteration 250:  0.000925
#Iteration 260:  0.000853
#Iteration 270:  0.000788
#Iteration 280:  0.000728
#Iteration 290:  0.000672
#Iteration 300:  0.000622
0.001000	inf	0.000000
0.003000	inf	0.000000
0.005000	inf	0.000000
0.007000	inf	0.000000
0.009000	inf	0.000000
0.011000	inf	0.000000
0.013000	inf	0.000000
0.015000	inf	0.000000
0.017000	inf	0.000000
0.019000	inf	0.000000
0.021000	inf	0.000000
0.023000	inf	0.000000
0.025000	inf	0.000000
0.027000	inf	0.000000
0.029000	inf	0.000000
0.031000	inf	0.000000
0.033000	inf	0.000000
0.035000	inf	0.000000
0.037000	inf	0.000000
0.039000	inf	0.000000
0.041000	inf	0.000000
0.043000	inf	0.000000
0.045000	inf	0.000000
0.047000	inf	0.000000
0.049000	inf	0.000000
0.051000	inf	0.000000
0.053000	inf	0.000000
0.055000	inf	0.000000
0.057000	15.123943	0.459159
0.059000	14.365942	1.641902
0.061000	13.236512	10.962169
0.063000	12.225235	60.004838
0.065000	11.309354	279.790140
0.067000	10.327976	1456.448011
0.069000	9.449851	6373.473605
0.071000	8.740644	20996.087050
0.073000	8.091476	62527.085137
0.075000	7.511560	165744.873959
0.077000	6.968156	413196.170605
0.079000	6.482542	934722.830097
0.081000	6.071951	1863964.032839
0.083000	5.716442	3388280.155846
0.085000	5.415349	5620755.028789
0.087000	5.163900	8577616.050454
0.089000	4.904917	13256823.511184
0.091000	4.728359	17837609.309918
0.093000	4.532894	24776380.216354
0.095000	4.322056	35315197.251299
0.097000	4.134571	48398949.898261
0.099000	3.920930	69311633.455476
0.101000	3.756242	91419371.134172
0.103000	3.593525	120179599.747089
0.105000	3.428894	158496980.187694
0.107000	3.288629	200642382.914421
0.109000	3.141430	256972394.633794
0.111000	3.018335	316047570.307363
0.113000	2.902886	383740296.034129
0.115000	2.841744	425279437.316895
0.117000	2.781167	470867532.240858
0.119000	2.751277	495131390.538529
0.121000	2.752013	494518913.850411
0.123000	2.718403	523263475.353728
0.125000	2.728635	514340484.298632
0.127000	2.732462	511041697.959279
0.129000	2.720633	521305606.415720
0.131000	2.726119	516519829.619201
0.133000	2.721949	520153128.346703
0.135000	2.728223	514696783.841945
0.137000	2.695078	544187610.104244
0.139000	2.718554	523130147.181812
0.141000	2.725090	517414522.141226
0.143000	2.735645	508314977.109324
0.145000	2.721656	520409616.135612
0.147000	2.723760	518572070.419344
0.149000	2.634302	602724084.576996
0.151000	2.530713	717372201.462638
0.153000	2.429720	850110735.013671
0.155000	2.346012	978558755.521745
0.157000	2.267747	1116155632.523181
0.159000	2.165523	1325422481.775277
0.161000	2.090509	1503555167.941968
0.163000	2.051171	1606343358.187123
0.165000	2.026045	1675643478.624470
0.167000	2.023135	1683861069.783434
0.169000	2.032472	1657636174.920762
0.171000	2.036102	1647552943.075125
0.173000	2.053749	1599395122.057429
0.175000	2.105471	1466209489.722772
0.177000	2.143071	1376404468.022979
0.179000	2.211541	1226756704.887763
0.181000	2.208904	1232208294.462382
0.183000	2.192148	1267407756.542186
0.185000	2.189533	1272992936.078820
0.187000	2.138091	1387974537.581572
0.189000	2.080233	1529752434.913723
0.191000	2.049833	1609957814.568298
0.193000	1.904905	2054094400.093655
0.195000	1.773004	2563985595.614391
0.197000	1.687847	2958595948.891649
0.199000	1.568973	3613018987.597738
0.201000	1.442637	4467891215.131599
0.203000	1.296125	5715644799.565582
0.205000	1.169203	7074987293.185887
0.207000	1.052680	8605849375.481764
0.209000	0.941006	10382980257.648422
0.211000	0.806584	13015423767.726183
0.213000	0.699108	15592719522.789528
0.215000	0.605441	18251734303.376583
0.217000	0.488349	22222227518.694679
0.219000	0.391041	26171475692.402443
0.221000	0.298896	30556207938.026131
0.223000	0.223668	34675319547.432297
0.225000	0.138542	40009879265.693596
0.227000	0.073355	44643448205.051880
0.229000	0.028945	48103822022.166817
0.231000	0.013724	49350453477.742500
0.233000	0.000445	50464476229.318161
0.235000	0.000000	50502252913.858910
0.237000	0.030773	47956204358.968918
0.239000	0.066081	45192628152.853386
0.241000	0.120116	41268571884.073158
0.243000	0.193833	36458700736.746063
0.245000	0.303504	30320430754.482956
0.247000	0.406050	25519446789.403172
0.249000	0.533377	20602259567.618206
0.251000	0.651347	16896225452.312853
0.253000	0.813805	12858380385.602232
0.255000	0.921340	10731976260.553940
0.257000	1.047638	8679095416.766092
0.259000	1.193992	6786225307.891679
0.261000	1.309713	5586562400.905591
0.263000	1.418328	4654247596.490165
0.265000	1.515200	3954827871.736832
0.267000	1.670134	3048013873.814333
0.269000	1.738008	2719347638.783884
0.271000	1.875083	2159694532.905844
0.273000	1.948687	1908346119.736621
0.275000	2.091251	1501679800.037565
0.277000	2.230458	1188360512.683298
0.279000	2.320895	1020760170.854678
0.281000	2.520611	729659141.532565
0.283000	2.666221	571236753.959058
0.285000	2.794346	460551189.657016
0.287000	2.885827	394903740.591443
0.289000	3.013365	318699044.660790
0.291000	3.222426	224261509.103234
0.293000	3.254721	212411076.250205
0.295000	3.390262	169131640.821768
0.297000	3.483837	144513776.879987
0.299000	3.436920	156372927.315778
0.301000	3.249979	214110991.731009
0.303000	3.236181	219135511.221990
0.305000	3.115796	268287555.783108
0.307000	2.973801	340616317.489873
0.309000	2.905566	382015344.657721
0.311000	2.813231	446159995.507159
0.313000	2.729999	513161684.364114
0.315000	2.648035	588969647.239263
0.317000	2.608228	629730355.675213
0.319000	2.578793	661673533.621632
0.321000	2.585168	654620552.895789
0.323000	2.573416	667681168.941295
0.325000	2.569894	671646076.135361
0.327000	2.640316	596661769.768536
0.329000	2.703279	536737348.210203
0.331000	2.812370	446805986.787277
0.333000	2.948964	355138482.462873
0.335000	3.092147	279167887.347157
0.337000	3.249590	214251165.537489
0.339000	3.443927	154541945.513481
0.341000	3.592716	120343218.244180
0.343000	3.752883	91936968.767394
0.345000	3.918819	69558109.108268
0.347000	4.088833	52267015.790616
0.349000	4.221386	41826942.602402
0.351000	4.379781	32049329.132158
0.353000	4.545613	24252238.076946
0.355000	4.683848	19223515.790762
0.357000	4.877642	13878800.037312
0.359000	4.979930	11686261.869467
0.361000	5.125682	9146780.248357
0.363000	5.244986	7484615.810928
0.365000	5.345116	6325126.352662
0.367000	5.428630	5496661.866904
0.369000	5.417875	5596937.896984
0.371000	5.439508	5397061.959262
0.373000	5.467584	5148254.471163
0.375000	5.529750	4637405.341514
0.377000	5.512968	4770096.677129
0.379000	5.526435	4663326.739233
0.381000	5.568710	4343423.166759
0.383000	5.601854	4108049.852439
0.385000	5.643244	3831937.495487
0.387000	5.706361	3446191.609530
0.389000	5.731165	3305450.056682
0.391000	5.776301	3063930.019229
0.393000	5.854147	2688108.204560
0.395000	5.877400	2585060.192745
0.397000	5.961523	2244173.261826
0.399000	6.016686	2045427.895929

# Dumping simulation biases, in the metadata file order 
# Window  F (free energy units)
# 0	0.000000
# 1	-7.531656
# 2	-11.792180
# 3	-13.503720
# 4	-14.136366
# 5	-15.332696
# 6	-16.080544
# 7	-14.532201
# 8	-13.545072
# 9	-12.187362
# 10	-10.236788
#Iteration 310:  0.000575
#Iteration 320:  0.000533
#Iteration 330:  0.000493
#Iteration 340:  0.000457
#Iteration 350:  0.000423
#Iteration 360:  0.000392
#Iteration 370:  0.000363
#Iteration 380:  0.000337
#Iteration 390:  0.000312
#Iteration 400:  0.000289
0.001000	inf	0.000000
0.003000	inf	0.000000
0.005000	inf	0.000000
0.007000	inf	0.000000
0.009000	inf	0.000000
0.011000	inf	0.000000
0.013000	inf	0.000000
0.015000	inf	0.000000
0.017000	inf	0.000000
0.019000	inf	0.000000
0.021000	inf	0.000000
0.023000	inf	0.000000
0.025000	inf	0.000000
0.027000	inf	0.000000
0.029000	inf	0.000000
0.031000	inf	0.000000
0.033000	inf	0.000000
0.035000	inf	0.000000
0.037000	inf	0.000000
0.039000	inf	0.000000
0.041000	inf	0.000000
0.043000	inf	0.000000
0.045000	inf	0.000000
0.047000	inf	0.000000
0.049000	inf	0.000000
0.051000	inf	0.000000
0.053000	inf	0.000000
0.055000	inf	0.000000
0.057000	15.178978	0.459163
0.059000	14.420975	1.641921
0.061000	13.291541	10.962360
0.063000	12.280259	60.006397
0.065000	11.364371	279.800913
0.067000	10.382981	1456.530769
0.069000	9.504841	6374.004536
0.071000	8.795611	20998.627651
0.073000	8.146412	62537.937551
0.075000	7.566454	165785.459715
0.077000	7.022994	413336.013340
0.079000	6.537309	935149.799201
0.081000	6.126633	1865084.706639
0.083000	5.771022	3390898.371064
0.085000	5.469810	5626225.897029
0.087000	5.218222	8587969.926018
0.089000	4.959077	13276427.495263
0.091000	4.782335	17869550.287935
0.093000	4.586662	24829363.565818
0.095000	4.375604	35403849.244437
0.097000	4.187894	48538828.317133
0.099000	3.974031	69537920.097679
0.101000	3.809126	91751295.468789
0.103000	3.646192	120659917.687657
0.105000	3.481334	159191249.206919
0.107000	3.340818	201606063.447716
0.109000	3.193336	258329483.933126
0.111000	3.069924	317886377.393855
0.113000	2.954130	386196003.567892
0.115000	2.892638	428253549.445790
0.117000	2.831726	474427873.369517
0.119000	2.801535	499127566.357158
0.121000	2.802014	498725459.537929
0.123000	2.768189	527904560.366149
0.125000	2.778240	519060494.089892
0.127000	2.781904	515873034.650919
0.129000	2.769911	526379057.691819
0.131000	2.775211	521709985.868011
0.133000	2.770808	525586222.350732
0.135000	2.776770	520345010.730665
0.137000	2.743202	550551526.765486
0.139000	2.766103	529759232.514871
0.141000	2.771878	524641389.937596
0.143000	2.781466	516252848.343875
0.145000	2.766315	529570479.053054
0.147000	2.767112	528861880.238268
0.149000	2.676291	616093534.731173
0.151000	2.571390	734903976.421747
0.153000	2.469225	872602508.682859
0.155000	2.384540	1006101024.381455
0.157000	2.305501	1149064824.657225
0.159000	2.202686	1365858613.691123
0.161000	2.127226	1550585750.811945
0.163000	2.087547	1657537002.501223
0.165000	2.062146	1729845585.260907
0.167000	2.058989	1739051137.378422
0.169000	2.068072	1712700858.404845
0.171000	2.071400	1703144642.682487
0.173000	2.088656	1654449644.694280
0.175000	2.139843	1518044221.889975
0.177000	2.176698	1426849825.335952
0.179000	2.244136	1273926463.376320
0.181000	2.240097	1282606843.649082
0.183000	2.221502	1323331620.815370
0.185000	2.216585	1334314088.118042
0.187000	2.162435	1461473367.339049
0.189000	2.101609	1618815361.061707
0.191000	2.068203	1712324027.634840
0.193000	1.920460	2195059601.503701
0.195000	1.786114	2751227748.522810
0.197000	1.698965	3185304460.128108
0.199000	1.578550	3899966461.409753
0.201000	1.451065	4832054611.905498
0.203000	1.303716	6190209314.067430
0.205000	1.176188	7670228370.006721
0.207000	1.059218	9336901395.157986
0.209000	0.947197	11271573252.814255
0.211000	0.812479	14136332990.304550
0.213000	0.704718	16943705234.115273
0.215000	0.610741	19843414136.900932
0.217000	0.493287	24174913273.016808
0.219000	0.395540	28492195729.974045
0.221000	0.302871	33295021723.586769
0.223000	0.227045	37821363815.080650
0.225000	0.141275	43687195736.755424
0.227000	0.075439	48799766498.528587
0.229000	0.030418	52636410229.686974
0.231000	0.014647	54050521731.338867
0.233000	0.000881	55315812635.360382
0.235000	0.000000	55397834257.801643
0.237000	0.030360	52641522887.722412
0.239000	0.065248	49642956520.794395
0.241000	0.118832	45366870948.526978
0.243000	0.192054	40112713536.888084
0.245000	0.301191	33389195676.026115
0.247000	0.403188	28128248042.727688
0.249000	0.529985	22728612547.340969
0.251000	0.647479	18655018593.324715
0.253000	0.809535	14206445595.449972
0.255000	0.916750	11863491913.134264
0.257000	1.042804	9598114784.532133
0.259000	1.188975	7507113981.314914
0.261000	1.304561	6181424416.519904
0.263000	1.413071	5150737206.538349
0.265000	1.509857	4377338998.365080
0.267000	1.664711	3374099935.094538
0.269000	1.732499	3010709216.608626
0.271000	1.869467	2391520362.162129
0.273000	1.942928	2113700162.718771
0.275000	2.085290	1663837808.826452
0.277000	2.224207	1317328834.921397
0.279000	2.314223	1132340323.867809
0.281000	2.513333	810243429.507762
0.283000	2.658083	635242567.248851
0.285000	2.785012	513185059.459634
0.287000	2.874883	441227954.782239
0.289000	3.000341	357331509.514291
0.291000	3.206856	252524722.766373
0.293000	3.236234	240356388.981963
0.295000	3.368675	192382784.960651
0.297000	3.459209	165223257.898947
0.299000	3.409531	179613511.867299
0.301000	3.220256	246899871.200316
0.303000	3.204597	253485462.196787
0.305000	3.082795	311082033.010067
0.307000	2.939755	395642346.815206
0.309000	2.870761	444295907.246302
0.311000	2.777872	519381316.413501
0.313000	2.694225	597797242.760784
0.315000	2.611926	686493760.983240
0.317000	2.571823	734368549.619567
0.319000	2.542098	771996056.944900
0.321000	2.548165	764162681.402058
0.323000	2.536076	779850392.445314
0.325000	2.532191	784960353.210409
0.327000	2.602240	697763150.719710
0.329000	2.664843	628064862.267623
0.331000	2.773610	523116226.141678
0.333000	2.909930	415983790.070562
0.335000	3.052896	327117320.648976
0.337000	3.210170	251121522.084804
0.339000	3.404380	181175685.788393
0.341000	3.553072	141106230.826333
0.343000	3.713161	107813220.151464
0.345000	3.879026	81579423.017731
0.347000	4.048969	61307359.319148
0.349000	4.181440	49068367.226816
0.351000	4.339728	37604681.588672
0.353000	4.505418	28462880.665778
0.355000	4.643458	22568433.468284
0.357000	4.836992	16300871.890234
0.359000	4.938940	13733546.358499
0.361000	5.084269	10756829.386527
0.363000	5.203077	8809426.848817
0.365000	5.302665	7451477.799933
0.367000	5.385634	6481428.332291
0.369000	5.374370	6605314.119359
0.371000	5.395563	6374139.611830
0.373000	5.423283	6083935.922385
0.375000	5.485175	5482770.340773
0.377000	5.468189	5641572.325697
0.379000	5.481511	5516642.666062
0.381000	5.523685	5139081.238235
0.383000	5.556758	4861164.989384
0.385000	5.598100	4534799.878753
0.387000	5.661184	4078522.871543
0.389000	5.685967	3912101.573335
0.391000	5.731088	3626345.282703
0.393000	5.808924	3181590.621228
0.395000	5.832171	3059659.250774
0.397000	5.916289	2656207.712600
0.399000	5.971449	2420984.430765

# Dumping simulation biases, in the metadata file order 
# Window  F (free energy units)
# 0	0.000000
# 1	-7.532240
# 2	-11.794537
# 3	-13.509315
# 4	-14.155363
# 5	-15.381455
# 6	-16.135393
# 7	-14.592157
# 8	-13.635668
# 9	-12.281476
# 10	-10.336322
#Iteration 410:  0.000268
#Iteration 420:  0.000248
#Iteration 430:  0.000230
#Iteration 440:  0.000213
#Iteration 450:  0.000198
#Iteration 460:  0.000183
#Iteration 470:  0.000170
#Iteration 480:  0.000158
#Iteration 490:  0.000146
#Iteration 500:  0.000136
0.001000	inf	0.000000
0.003000	inf	0.000000
0.005000	inf	0.000000
0.007000	inf	0.000000
0.009000	inf	0.000000
0.011000	inf	0.000000
0.013000	inf	0.000000
0.015000	inf	0.000000
0.017000	inf	0.000000
0.019000	inf	0.000000
0.021000	inf	0.000000
0.023000	inf	0.000000
0.025000	inf	0.000000
0.027000	inf	0.000000
0.029000	inf	0.000000
0.031000	inf	0.000000
0.033000	inf	0.000000
0.035000	inf	0.000000
0.037000	inf	0.000000
0.039000	inf	0.000000
0.041000	inf	0.000000
0.043000	inf	0.000000
0.045000	inf	0.000000
0.047000	inf	0.000000
0.049000	inf	0.000000
0.051000	inf	0.000000
0.053000	inf	0.000000
0.055000	inf	0.000000
0.057000	15.204437	0.459164
0.059000	14.446433	1.641930
0.061000	13.316998	10.962448
0.063000	12.305714	60.007114
0.065000	11.389822	279.805872
0.067000	10.408427	1456.568861
0.069000	9.530280	6374.248923
0.071000	8.821040	20999.797127
0.073000	8.171826	62542.933320
0.075000	7.591849	165804.144055
0.077000	7.048363	413400.397531
0.079000	6.562646	935346.396417
0.081000	6.151930	1865600.774536
0.083000	5.796272	3392104.195379
0.085000	5.495005	5628745.846910
0.087000	5.243354	8592739.794798
0.089000	4.984134	13285460.538089
0.091000	4.807306	17884271.686609
0.093000	4.611539	24853790.976977
0.095000	4.400379	35444736.056903
0.097000	4.212565	48603365.427635
0.099000	3.998600	69642362.377030
0.101000	3.833594	91904545.923193
0.103000	3.670561	120881749.196796
0.105000	3.505598	159511985.542315
0.107000	3.364967	202051398.657784
0.109000	3.217355	258956846.524465
0.111000	3.093796	318736802.496196
0.113000	2.977844	387332322.328408
0.115000	2.916190	429630524.572014
0.117000	2.855123	476077197.092516
0.119000	2.824793	500979744.157171
0.121000	2.825153	500675977.702398
0.123000	2.791230	530057271.093448
0.125000	2.801197	521250302.538876
0.127000	2.804786	518114780.824837
0.129000	2.792718	528733251.037172
0.131000	2.797933	524118269.641119
0.133000	2.793423	528107032.448510
0.135000	2.799243	522965380.171619
0.137000	2.765482	553503766.843614
0.139000	2.788121	532834781.232812
0.141000	2.793548	527995588.537461
0.143000	2.802694	519940128.379915
0.145000	2.787009	533831732.146986
0.147000	2.787203	533657364.203136
0.149000	2.695753	622338327.609937
0.151000	2.590244	743112346.667997
0.153000	2.487535	883156614.655210
0.155000	2.402394	1019049846.870141
0.157000	2.322994	1164560684.213739
0.159000	2.219902	1384920865.759179
0.161000	2.144235	1572775449.713623
0.163000	2.104398	1681705053.394082
0.165000	2.078870	1755443831.098596
0.167000	2.075599	1765122160.081806
0.169000	2.084565	1738715830.771049
0.171000	2.087758	1729409480.494017
0.173000	2.104838	1680459897.750986
0.175000	2.155785	1542531858.904057
0.177000	2.192306	1450680569.292230
0.179000	2.259281	1296212792.638651
0.181000	2.254610	1306430311.737489
0.183000	2.235184	1349796244.678862
0.185000	2.229223	1363391011.270602
0.187000	2.173835	1496431059.161216
0.189000	2.111644	1661345722.794370
0.191000	2.076843	1761432863.428317
0.193000	1.927788	2263004744.544858
0.195000	1.792293	2841870789.942040
0.197000	1.704202	3295457489.451916
0.199000	1.583056	4039796361.452759
0.201000	1.455025	5009904924.847071
0.203000	1.307276	6422353672.552855
0.205000	1.179459	7961745746.539893
0.207000	1.062276	9695235770.001787
0.209000	0.950090	11707404639.953798
0.211000	0.815232	14686388092.156929
0.213000	0.707337	17606962777.713982
0.215000	0.613216	20625193295.869091
0.217000	0.495593	25134491569.016064
0.219000	0.397641	29633311865.641945
0.221000	0.304729	34642671681.343674
0.223000	0.228624	39370657014.043419
0.225000	0.142554	45499730818.332291
0.227000	0.076416	50850266597.539955
0.229000	0.031108	54874498430.903168
0.231000	0.015079	56373165908.255318
0.233000	0.001086	57714928818.341003
0.235000	0.000000	57820412032.517944
0.237000	0.030166	54961506214.983047
0.239000	0.064857	51848005025.149277
0.241000	0.118227	47398923584.842979
0.243000	0.191216	41925891617.241280
0.245000	0.300101	34913262305.105980
0.247000	0.401837	29425027510.470169
0.249000	0.528384	23786490492.843456
0.251000	0.645652	19530718995.646839
0.253000	0.807517	14878092081.521910
0.255000	0.914580	12427547516.212908
0.257000	1.040517	10056428977.898853
0.259000	1.186601	7866729748.510451
0.261000	1.302123	6478238084.071916
0.263000	1.410584	5398508254.381709
0.265000	1.507329	4588219337.937078
0.267000	1.662146	3536872307.786716
0.269000	1.729893	3156165306.625563
0.271000	1.866812	2507270457.645149
0.273000	1.940206	2216251428.777871
0.275000	2.082475	1744837843.191557
0.277000	2.221256	1381773473.367075
0.279000	2.311077	1188125587.808181
0.281000	2.509905	850563094.900898
0.283000	2.654254	667303072.419390
0.285000	2.780625	539591437.757377
0.287000	2.869741	464520608.175686
0.289000	2.994220	376815036.051070
0.291000	3.199530	266833741.438795
0.293000	3.227518	254570144.041783
0.295000	3.358471	204270038.237324
0.297000	3.447533	175866934.555141
0.299000	3.396509	191617157.867555
0.301000	3.206089	263907841.517411
0.303000	3.189512	271365246.709097
0.305000	3.067010	333417157.487039
0.307000	2.923450	424418600.511484
0.309000	2.854079	476913221.208933
0.311000	2.760915	557768797.844370
0.313000	2.677061	642203315.216529
0.315000	2.594598	737693057.514071
0.317000	2.554350	789330774.954503
0.319000	2.524483	829971797.678760
0.321000	2.530401	821756487.460430
0.323000	2.518149	838856246.350813
0.325000	2.514089	844601682.678858
0.327000	2.583957	751006661.617970
0.329000	2.646386	676187476.495572
0.331000	2.754997	563345745.170358
0.333000	2.891186	448073836.119447
0.335000	3.034045	352414484.577852
0.337000	3.191239	270578594.264183
0.339000	3.385387	195233470.964433
0.341000	3.534032	152066967.927738
0.343000	3.694083	116195251.655487
0.345000	3.859915	87926872.426560
0.347000	4.029823	66081319.880015
0.349000	4.162253	52892842.268491
0.351000	4.320491	40539141.619382
0.353000	4.486112	30687507.889047
0.355000	4.624059	24336180.085384
0.357000	4.817467	17581405.766923
0.359000	4.919251	14816485.690383
0.361000	5.064375	11609031.810896
0.363000	5.182944	9511181.254662
0.365000	5.282270	8048602.564355
0.367000	5.364974	7003932.987114
0.369000	5.353464	7140768.744093
0.371000	5.374443	6893331.437692
0.373000	5.401989	6581409.754432
0.375000	5.463747	5932420.260688
0.377000	5.446663	6105259.198328
0.379000	5.459914	5970771.848209
0.381000	5.502038	5562593.757328
0.383000	5.535076	5262077.571915
0.385000	5.576395	4908989.541120
0.387000	5.639464	4415180.644417
0.389000	5.664236	4235098.562406
0.391000	5.709350	3925796.791658
0.393000	5.787181	3444343.782686
0.395000	5.810424	3312360.702123
0.397000	5.894540	2875598.037440
0.399000	5.949699	2620952.808589

# Dumping simulation biases, in the metadata file order 
# Window  F (free energy units)
# 0	0.000000
# 1	-7.532510
# 2	-11.795623
# 3	-13.511896
# 4	-14.164138
# 5	-15.403997
# 6	-16.160774
# 7	-14.619957
# 8	-13.678208
# 9	-12.325711
# 10	-10.383181
#Iteration 510:  0.000126
#Iteration 520:  0.000116
#Iteration 530:  0.000108
#Iteration 540:  0.000100
#Iteration 550:  0.000093
#Iteration 560:  0.000086
#Iteration 570:  0.000080
#Iteration 580:  0.000074
#Iteration 590:  0.000069
#Iteration 600:  0.000064
0.001000	inf	0.000000
0.003000	inf	0.000000
0.005000	inf	0.000000
0.007000	inf	0.000000
0.009000	inf	0.000000
0.011000	inf	0.000000
0.013000	inf	0.000000
0.015000	inf	0.000000
0.017000	inf	0.000000
0.019000	inf	0.000000
0.021000	inf	0.000000
0.023000	inf	0.000000
0.025000	inf	0.000000
0.027000	inf	0.000000
0.029000	inf	0.000000
0.031000	inf	0.000000
0.033000	inf	0.000000
0.035000	inf	0.000000
0.037000	inf	0.000000
0.039000	inf	0.000000
0.041000	inf	0.000000
0.043000	inf	0.000000
0.045000	inf	0.000000
0.047000	inf	0.000000
0.049000	inf	0.000000
0.051000	inf	0.000000
0.053000	inf	0.000000
0.055000	inf	0.000000
0.057000	15.216360	0.459165
0.059000	14.458356	1.641934
0.061000	13.328919	10.962489
0.063000	12.317635	60.007450
0.065000	11.401741	279.808193
0.067000	10.420344	1456.586692
0.069000	9.542193	6374.363320
0.071000	8.832948	21000.344566
0.073000	8.183728	62545.271922
0.075000	7.603741	165812.890746
0.077000	7.060244	413430.538698
0.079000	6.574511	935438.436163
0.081000	6.163777	1865842.389475
0.083000	5.808097	3392668.769668
0.085000	5.506804	5629925.762749
0.087000	5.255123	8594973.326051
0.089000	4.995869	13289690.673767
0.091000	4.819001	17891166.387104
0.093000	4.623189	24865232.981610
0.095000	4.411981	35463890.767073
0.097000	4.224119	48633604.817310
0.099000	4.010106	69691307.376870
0.101000	3.845054	91976374.208867
0.103000	3.681973	120985734.395201
0.105000	3.516961	159662350.683933
0.107000	3.376277	202260202.810311
0.109000	3.228603	259251040.313814
0.111000	3.104976	319135670.358705
0.113000	2.988950	387865396.313104
0.115000	2.927220	430276653.002757
0.117000	2.866080	476851312.346419
0.119000	2.835685	501849266.204880
0.121000	2.835990	501591839.152886
0.123000	2.802021	531068215.514224
0.125000	2.811949	522278766.274913
0.127000	2.815503	519167690.433910
0.129000	2.803399	529838985.300317
0.131000	2.808575	525249378.465663
0.133000	2.804015	529290924.377053
0.135000	2.809769	524195940.381140
0.137000	2.775918	554890094.351596
0.139000	2.798435	534279013.641234
0.141000	2.803700	529570875.886985
0.143000	2.812640	521672423.885936
0.145000	2.796705	535834856.418019
0.147000	2.796618	535913499.402693
0.149000	2.704872	625279289.022054
0.151000	2.599078	746982191.935800
0.153000	2.496113	888137424.418362
0.155000	2.410758	1025166185.807442
0.157000	2.331188	1171885302.370241
0.159000	2.227966	1393936107.895775
0.161000	2.152201	1583273867.788118
0.163000	2.112290	1693142556.355099
0.165000	2.086702	1767560311.278818
0.167000	2.083378	1777463713.946870
0.169000	2.092291	1751031447.810622
0.171000	2.095420	1741843422.584381
0.173000	2.112420	1692772914.300814
0.175000	2.163256	1554123448.602876
0.177000	2.199622	1461960647.719270
0.179000	2.266383	1306761913.649793
0.181000	2.261421	1317708757.045270
0.183000	2.241610	1362330363.779413
0.185000	2.235163	1377173740.697893
0.187000	2.179199	1513023075.708122
0.189000	2.116370	1681567734.542152
0.191000	2.080917	1784831261.821011
0.193000	1.931244	2295447546.901741
0.195000	1.795208	2885238280.625143
0.197000	1.706672	3348249675.504879
0.199000	1.585179	4106903229.723575
0.201000	1.456889	5095347177.166824
0.203000	1.308951	6533964839.256501
0.205000	1.180996	8101979717.172299
0.207000	1.063713	9867680570.194187
0.209000	0.951448	11917205989.938078
0.211000	0.816524	14951236256.178129
0.213000	0.708566	17926381966.410534
0.215000	0.614377	21001766737.817650
0.217000	0.496674	25596810130.160854
0.219000	0.398627	30183235229.948994
0.221000	0.305601	35292324439.144051
0.223000	0.229365	40117775957.039940
0.225000	0.143154	46374128013.762672
0.227000	0.076874	51839850272.146523
0.229000	0.031432	55955020587.646797
0.231000	0.015282	57494896656.742447
0.233000	0.001182	58873946912.478188
0.235000	0.000000	58991086988.842422
0.237000	0.030074	56082895815.280945
0.239000	0.064673	52914120753.142586
0.241000	0.117943	48381676621.998047
0.243000	0.190823	42803066165.375603
0.245000	0.299589	35650823232.812111
0.247000	0.401203	30052818083.624310
0.249000	0.527632	24298803778.310661
0.251000	0.644793	19954941439.413101
0.253000	0.806568	15203551173.330570
0.255000	0.913559	12700930801.976868
0.257000	1.039442	10278599103.842182
0.259000	1.185485	8041076851.074469
0.261000	1.300976	6622150781.668100
0.263000	1.409414	5518650190.956015
0.265000	1.506141	4690478504.351644
0.267000	1.660939	3615806515.890319
0.269000	1.728668	3226705066.656645
0.271000	1.865564	2563406631.398886
0.273000	1.938928	2265989264.759487
0.275000	2.081152	1784126259.409254
0.277000	2.219871	1413035285.740821
0.279000	2.309601	1215191171.333116
0.281000	2.508299	870129873.305948
0.283000	2.652463	682867302.229765
0.285000	2.778574	552417515.855756
0.287000	2.867340	475842869.221067
0.289000	2.991362	386295790.683217
0.291000	3.196108	273806441.150741
0.293000	3.223445	261508709.225417
0.295000	3.353697	210084765.698104
0.297000	3.442065	181084565.970686
0.299000	3.390403	197513636.388552
0.301000	3.199439	272277850.810462
0.303000	3.182425	280177554.252383
0.305000	3.059588	344438261.193580
0.307000	2.915781	438630498.784908
0.309000	2.846229	493032454.835764
0.311000	2.752934	576748431.027328
0.313000	2.668981	664166208.823915
0.315000	2.586439	763022541.037575
0.317000	2.546122	816527903.442936
0.319000	2.516188	858666006.848872
0.321000	2.522035	850267582.689387
0.323000	2.509707	868072788.859800
0.325000	2.505564	874139775.349394
0.327000	2.575347	777382455.174935
0.329000	2.637694	700031970.217917
0.331000	2.746231	583283397.045302
0.333000	2.882358	463980382.729173
0.335000	3.025168	364955671.214860
0.337000	3.182323	280225576.665989
0.339000	3.376442	202204013.755059
0.341000	3.525065	157502182.467743
0.343000	3.685098	120351945.225279
0.345000	3.850914	91074745.054041
0.347000	4.020806	68448961.826901
0.349000	4.153218	54789684.617496
0.351000	4.311431	41994653.735374
0.353000	4.477020	31791034.211600
0.355000	4.614923	25213174.839309
0.357000	4.808271	18216791.721274
0.359000	4.909979	15353940.475733
0.361000	5.055007	12032085.162148
0.363000	5.173462	9859657.476912
0.365000	5.272665	8345224.124519
0.367000	5.355244	7263578.286135
0.369000	5.343617	7406937.317241
0.371000	5.364495	7151490.602243
0.373000	5.391959	6828828.503509
0.375000	5.453654	6156094.700640
0.377000	5.436524	6335947.518214
0.379000	5.449741	6196727.187301
0.381000	5.491842	5773330.003357
0.383000	5.524864	5461577.743368
0.385000	5.566172	5095198.022894
0.387000	5.629233	4582715.771972
0.389000	5.654000	4395837.895996
0.391000	5.699110	4074820.215883
0.393000	5.776939	3575104.982742
0.395000	5.800181	3438120.154404
0.397000	5.884296	2984780.196953
0.399000	5.939454	2720469.609629

# Dumping simulation biases, in the metadata file order 
# Window  F (free energy units)
# 0	0.000000
# 1	-7.532636
# 2	-11.796132
# 3	-13.513105
# 4	-14.168249
# 5	-15.414554
# 6	-16.172662
# 7	-14.632982
# 8	-13.698176
# 9	-12.346477
# 10	-10.405185
#Iteration 610:  0.000059
#Iteration 620:  0.000055
#Iteration 630:  0.000051
#Iteration 640:  0.000047
#Iteration 650:  0.000044
#Iteration 660:  0.000040
#Iteration 670:  0.000037
#Iteration 680:  0.000035
#Iteration 690:  0.000032
#Iteration 700:  0.000030
0.001000	inf	0.000000
0.003000	inf	0.000000
0.005000	inf	0.000000
0.007000	inf	0.000000
0.009000	inf	0.000000
0.011000	inf	0.000000
0.013000	inf	0.000000
0.015000	inf	0.000000
0.017000	inf	0.000000
0.019000	inf	0.000000
0.021000	inf	0.000000
0.023000	inf	0.000000
0.025000	inf	0.000000
0.027000	inf	0.000000
0.029000	inf	0.000000
0.031000	inf	0.000000
0.033000	inf	0.000000
0.035000	inf	0.000000
0.037000	inf	0.000000
0.039000	inf	0.000000
0.041000	inf	0.000000
0.043000	inf	0.000000
0.045000	inf	0.000000
0.047000	inf	0.000000
0.049000	inf	0.000000
0.051000	inf	0.000000
0.053000	inf	0.000000
0.055000	inf	0.000000
0.057000	15.221953	0.459165
0.059000	14.463949	1.641936
0.061000	13.334512	10.962509
0.063000	12.323227	60.007607
0.065000	11.407332	279.809282
0.067000	10.425934	1456.595057
0.069000	9.547782	6374.416987
0.071000	8.838535	21000.601388
0.073000	8.189311	62546.369053
0.075000	7.609320	165816.994217
0.077000	7.065817	413444.679510
0.079000	6.580077	935481.617635
0.081000	6.169334	1865955.748016
0.083000	5.813645	3392933.656554
0.085000	5.512339	5630479.367844
0.087000	5.260644	8596021.305425
0.089000	5.001374	13291675.536210
0.091000	4.824487	17894401.670337
0.093000	4.628654	24870602.379284
0.095000	4.417424	35472880.152204
0.097000	4.229539	48647797.354635
0.099000	4.015503	69714280.851896
0.101000	3.850429	92010090.667779
0.103000	3.687327	121034548.189754
0.105000	3.522292	159732940.299978
0.107000	3.381582	202358232.206476
0.109000	3.233880	259389167.337461
0.111000	3.110221	319322958.076806
0.113000	2.994160	388115724.947986
0.115000	2.932394	430580105.041939
0.117000	2.871221	477214914.065041
0.119000	2.840795	502257722.971378
0.121000	2.841074	502022101.131953
0.123000	2.807082	531543177.525062
0.125000	2.816992	522761980.115298
0.127000	2.820530	519662400.889490
0.129000	2.808410	530358516.821517
0.131000	2.813567	525780824.263356
0.133000	2.808984	529847153.481740
0.135000	2.814707	524774073.614657
0.137000	2.780813	555541387.175047
0.139000	2.803273	534957505.618203
0.141000	2.808463	530310975.882642
0.143000	2.817306	522486409.357148
0.145000	2.801254	536776351.750743
0.147000	2.801035	536974319.669784
0.149000	2.709151	626662756.777776
0.151000	2.603223	748803526.584394
0.153000	2.500138	890482745.221891
0.155000	2.414682	1028047382.007222
0.157000	2.335032	1175336823.585154
0.159000	2.231749	1398185360.774457
0.161000	2.155938	1588223106.512157
0.163000	2.115992	1698535186.450067
0.165000	2.090376	1773273541.193840
0.167000	2.087027	1783283354.137031
0.169000	2.095915	1756838983.280301
0.171000	2.099015	1747706753.694744
0.173000	2.115976	1698579117.619044
0.175000	2.166761	1559589301.159553
0.177000	2.203056	1467279455.872811
0.179000	2.269717	1311736033.406716
0.181000	2.264618	1323027085.754381
0.183000	2.244628	1368241884.174904
0.185000	2.237955	1383676547.496068
0.187000	2.181721	1520855995.839295
0.189000	2.118594	1691122107.749045
0.191000	2.082834	1795897025.485785
0.193000	1.932870	2310806038.146037
0.195000	1.796579	2905787799.285731
0.197000	1.707834	3373285168.936434
0.199000	1.586178	4138747627.438954
0.201000	1.457765	5135912182.139389
0.203000	1.309738	6586973029.592462
0.205000	1.181718	8168599243.264249
0.207000	1.064387	9949617549.284214
0.209000	0.952086	12016906736.974510
0.211000	0.817130	15077109777.703032
0.213000	0.709142	18078205585.024078
0.215000	0.614922	21180772930.773544
0.217000	0.497181	25816597833.232227
0.219000	0.399090	30444701169.972885
0.221000	0.306010	35601250388.175606
0.223000	0.229713	40473106199.227249
0.225000	0.143436	46790064536.098373
0.227000	0.077090	52310663515.636253
0.229000	0.031584	56469188131.349075
0.231000	0.015378	58028757239.828285
0.233000	0.001228	59425630454.789291
0.235000	0.000000	59548388735.893509
0.237000	0.030031	56616797825.627838
0.239000	0.064586	53421766414.800636
0.241000	0.117810	48849687181.054298
0.243000	0.190638	43220855935.597954
0.245000	0.299348	36002169734.142326
0.247000	0.400905	30351921482.775246
0.249000	0.527279	24542927300.334835
0.251000	0.644390	20157117277.150948
0.253000	0.806123	15358677160.872955
0.255000	0.913080	12831248178.463692
0.257000	1.038937	10384511888.315250
0.259000	1.184961	8124196068.369873
0.261000	1.300438	6690763290.845819
0.263000	1.408865	5575931322.885658
0.265000	1.505583	4739234593.685106
0.267000	1.660373	3653442193.840756
0.269000	1.728093	3260338851.351279
0.271000	1.864978	2590173181.623399
0.273000	1.938327	2289705522.004285
0.275000	2.080532	1802860535.760099
0.277000	2.219221	1427942804.887830
0.279000	2.308910	1228098499.552379
0.281000	2.507546	879461979.695855
0.283000	2.651623	690291507.980943
0.285000	2.777614	558536913.924131
0.287000	2.866216	481246476.422973
0.289000	2.990025	390822546.626317
0.291000	3.194508	277137698.513434
0.293000	3.221540	264826211.361802
0.295000	3.351463	212867436.745159
0.297000	3.439504	183583890.695911
0.299000	3.387542	200340772.707552
0.301000	3.196321	276294285.113165
0.303000	3.179101	284409140.547245
0.305000	3.056106	349733339.476619
0.307000	2.912182	445461349.304246
0.309000	2.842545	500782342.361571
0.311000	2.749187	585875513.895164
0.313000	2.665188	674729576.769800
0.315000	2.582608	775206603.752980
0.317000	2.542259	829611676.188016
0.319000	2.512294	872471275.369945
0.321000	2.518108	863986044.722879
0.323000	2.505743	882132086.343990
0.325000	2.501561	888355306.683925
0.327000	2.571305	790077465.534308
0.329000	2.633613	711509828.515076
0.331000	2.742116	592881548.388299
0.333000	2.878213	471638536.078147
0.335000	3.020999	370993968.752405
0.337000	3.178137	284870608.952236
0.339000	3.372242	205560462.430222
0.341000	3.520854	160119415.700771
0.343000	3.680879	122353574.244955
0.345000	3.846688	92590613.023549
0.347000	4.016572	69589130.028562
0.349000	4.148975	55703154.212613
0.351000	4.307177	42695610.649505
0.353000	4.472751	32322499.772416
0.355000	4.610633	25635563.737702
0.357000	4.803954	18522835.999369
0.359000	4.905625	15612838.955828
0.361000	5.050608	12235899.213307
0.363000	5.169010	10027566.131466
0.365000	5.268155	8488169.461341
0.367000	5.350675	7388724.168225
0.369000	5.338994	7535246.518064
0.371000	5.359825	7275955.059878
0.373000	5.387250	6948127.523243
0.375000	5.448915	6263953.759319
0.377000	5.431763	6447195.617830
0.379000	5.444964	6305697.657910
0.381000	5.487054	5874963.992387
0.383000	5.520069	5557794.863110
0.385000	5.561371	5185006.003476
0.387000	5.624429	4663518.438245
0.389000	5.649193	4473363.454600
0.391000	5.694302	4146695.446358
0.393000	5.772130	3638172.383556
0.395000	5.795371	3498775.287384
0.397000	5.879485	3037439.995773
0.399000	5.934643	2768467.739888

# Dumping simulation biases, in the metadata file order 
# Window  F (free energy units)
# 0	0.000000
# 1	-7.532695
# 2	-11.796371
# 3	-13.513672
# 4	-14.170178
# 5	-15.419506
# 6	-16.178239
# 7	-14.639092
# 8	-13.707547
# 9	-12.356222
# 10	-10.415511
#Iteration 710:  0.000028
#Iteration 720:  0.000026
#Iteration 730:  0.000024
#Iteration 740:  0.000022
#Iteration 750:  0.000020
#Iteration 760:  0.000019
#Iteration 770:  0.000018
#Iteration 780:  0.000016
#Iteration 790:  0.000015
#Iteration 800:  0.000014
0.001000	inf	0.000000
0.003000	inf	0.000000
0.005000	inf	0.000000
0.007000	inf	0.000000
0.009000	inf	0.000000
0.011000	inf	0.000000
0.013000	inf	0.000000
0.015000	inf	0.000000
0.017000	inf	0.000000
0.019000	inf	0.000000
0.021000	inf	0.000000
0.023000	inf	0.000000
0.025000	inf	0.000000
0.027000	inf	0.000000
0.029000	inf	0.000000
0.031000	inf	0.000000
0.033000	inf	0.000000
0.035000	inf	0.000000
0.037000	inf	0.000000
0.039000	inf	0.000000
0.041000	inf	0.000000
0.043000	inf	0.000000
0.045000	inf	0.000000
0.047000	inf	0.000000
0.049000	inf	0.000000
0.051000	inf	0.000000
0.053000	inf	0.000000
0.055000	inf	0.000000
0.057000	15.224577	0.459166
0.059000	14.466573	1.641937
0.061000	13.337136	10.962518
0.063000	12.325850	60.007681
0.065000	11.409955	279.809793
0.067000	10.428557	1456.598982
0.069000	9.550404	6374.442169
0.071000	8.841156	21000.721896
0.073000	8.191931	62546.883856
0.075000	7.611938	165818.919687
0.077000	7.068432	413451.314845
0.079000	6.582689	935501.879970
0.081000	6.171942	1866008.940491
0.083000	5.816247	3393057.953512
0.085000	5.514936	5630739.147162
0.087000	5.263234	8596513.076053
0.089000	5.003956	13292606.960114
0.091000	4.827061	17895919.905002
0.093000	4.631219	24873122.170207
0.095000	4.419978	35477098.897793
0.097000	4.232082	48654458.188371
0.099000	4.018036	69725063.112752
0.101000	3.852951	92025915.465156
0.103000	3.689839	121057459.512589
0.105000	3.524793	159766073.154477
0.107000	3.384071	202404245.700361
0.109000	3.236356	259454003.968239
0.111000	3.112681	319410873.957355
0.113000	2.996604	388233238.629208
0.115000	2.934821	430722564.201383
0.117000	2.873632	477385620.200052
0.119000	2.843192	502449497.261842
0.121000	2.843459	502224121.358142
0.123000	2.809457	531766192.489439
0.125000	2.819358	522988874.232364
0.127000	2.822888	519894695.636838
0.129000	2.810761	530602466.714733
0.131000	2.815909	526030366.748954
0.133000	2.811315	530108329.302505
0.135000	2.817023	525045529.429808
0.137000	2.783110	555847189.155607
0.139000	2.805544	535276077.128046
0.141000	2.810698	530658482.314456
0.143000	2.819495	522868633.871162
0.145000	2.803389	537218505.877145
0.147000	2.803108	537472601.284760
0.149000	2.711159	627312732.237405
0.151000	2.605167	749659418.604278
0.153000	2.502027	891585117.043104
0.155000	2.416523	1029401893.349647
0.157000	2.336836	1176959709.837852
0.159000	2.233524	1400183572.906993
0.161000	2.157691	1590550686.905956
0.163000	2.117728	1701071440.127896
0.165000	2.092099	1775960682.893988
0.167000	2.088739	1786020606.666677
0.169000	2.097615	1759570569.817806
0.171000	2.100701	1750464582.890291
0.173000	2.117645	1701310052.637351
0.175000	2.168405	1562160115.717867
0.177000	2.204667	1469781072.796780
0.179000	2.271281	1314075522.695155
0.181000	2.266119	1325528532.800025
0.183000	2.246044	1371022566.841819
0.185000	2.239265	1386735881.313927
0.187000	2.182906	1524542118.009900
0.189000	2.119638	1695620038.117754
0.191000	2.083735	1801108815.355766
0.193000	1.933635	2318043024.289245
0.195000	1.797224	2915475080.226822
0.197000	1.708380	3385091650.065727
0.199000	1.586647	4153769666.439425
0.201000	1.458177	5155052430.257292
0.203000	1.310108	6611988733.123462
0.205000	1.182057	8200042281.907531
0.207000	1.064703	9988293528.865311
0.209000	0.952385	12063970663.526400
0.211000	0.817415	15136531650.984167
0.213000	0.709413	18149881041.597870
0.215000	0.615177	21265284835.567291
0.217000	0.497420	25920368257.478603
0.219000	0.399307	30568156264.749287
0.221000	0.306202	35747123844.076950
0.223000	0.229876	40640904017.371155
0.225000	0.143568	46986498467.286049
0.227000	0.077191	52533032577.971504
0.229000	0.031656	56712053279.263214
0.231000	0.015423	58280942770.465431
0.233000	0.001249	59686252120.241646
0.235000	0.000000	59811679785.162315
0.237000	0.030011	56869047645.222038
0.239000	0.064546	53661624140.489258
0.241000	0.117748	49070830613.427238
0.243000	0.190551	43418281831.954536
0.245000	0.299235	36168209599.478256
0.247000	0.400765	30493282560.550392
0.249000	0.527113	24658312277.325439
0.251000	0.644201	20252681944.021366
0.253000	0.805914	15432006360.245596
0.255000	0.912855	12892852933.221178
0.257000	1.038700	10434581618.674732
0.259000	1.184715	8163491259.028905
0.261000	1.300185	6723200936.775404
0.263000	1.408607	5603012248.573465
0.265000	1.505321	4762285351.394862
0.267000	1.660107	3671235623.588880
0.269000	1.727823	3276240382.348731
0.271000	1.864703	2602828092.496206
0.273000	1.938046	2300918400.545745
0.275000	2.080241	1811718086.940900
0.277000	2.218917	1434991202.648103
0.279000	2.308585	1234201362.238597
0.281000	2.507193	883874586.284110
0.283000	2.651230	693802202.373744
0.285000	2.777164	561430876.719242
0.287000	2.865690	483802288.346229
0.289000	2.989399	392964053.859986
0.291000	3.193758	278714075.609894
0.293000	3.220647	266396631.648146
0.295000	3.350416	214185226.641844
0.297000	3.438304	184768020.646229
0.299000	3.386201	201680791.730406
0.301000	3.194859	278198747.995845
0.303000	3.177542	286416264.724355
0.305000	3.054473	352245529.474536
0.307000	2.910493	448702780.491683
0.309000	2.840816	504460390.450672
0.311000	2.747429	590207604.758948
0.313000	2.663408	679743758.479659
0.315000	2.580811	780990420.305259
0.317000	2.540446	835822882.588569
0.319000	2.510466	879025280.109180
0.321000	2.516264	870499123.564858
0.323000	2.503883	888807291.484776
0.325000	2.499683	895105020.559516
0.327000	2.569408	796105518.638436
0.329000	2.631698	716960196.810051
0.331000	2.740184	597439519.088879
0.333000	2.876268	475275374.754639
0.335000	3.019043	373861626.740800
0.337000	3.176172	287076639.398436
0.339000	3.370271	207154543.032389
0.341000	3.518878	161362436.541740
0.343000	3.678899	123304231.875318
0.345000	3.844704	93310568.985462
0.347000	4.014585	70130653.763352
0.349000	4.146984	56137011.878342
0.351000	4.305181	43028538.668498
0.353000	4.470747	32574930.359016
0.355000	4.608620	25836191.028327
0.357000	4.801928	18668206.464863
0.359000	4.903582	15735820.612480
0.361000	5.048544	12332720.031346
0.363000	5.166921	10107335.457314
0.365000	5.266039	8556084.198546
0.367000	5.348532	7448186.575978
0.369000	5.336825	7596216.186275
0.371000	5.357633	7335101.379329
0.373000	5.385040	7004822.008111
0.375000	5.446692	6315213.602981
0.377000	5.429529	6500067.608753
0.379000	5.442723	6357488.243150
0.381000	5.484807	5923268.453437
0.383000	5.517819	5603525.259271
0.385000	5.559119	5227690.534341
0.387000	5.622174	4701923.042051
0.389000	5.646938	4510210.601266
0.391000	5.692046	4180857.118870
0.393000	5.769873	3668147.813597
0.395000	5.793114	3527604.213211
0.397000	5.877228	3062468.815658
0.399000	5.932386	2791280.912259

# Dumping simulation biases, in the metadata file order 
# Window  F (free energy units)
# 0	0.000000
# 1	-7.532723
# 2	-11.796483
# 3	-13.513938
# 4	-14.171083
# 5	-15.421829
# 6	-16.180855
# 7	-14.641959
# 8	-13.711944
# 9	-12.360795
# 10	-10.420356
#Iteration 810:  0.000013
#Iteration 820:  0.000012
#Iteration 830:  0.000011
#Iteration 840:  0.000010
#Iteration 850:  0.000010
#Iteration 860:  0.000009
#Iteration 870:  0.000008
#Iteration 880:  0.000008
#Iteration 890:  0.000007
#Iteration 900:  0.000007
0.001000	inf	0.000000
0.003000	inf	0.000000
0.005000	inf	0.000000
0.007000	inf	0.000000
0.009000	inf	0.000000
0.011000	inf	0.000000
0.013000	inf	0.000000
0.015000	inf	0.000000
0.017000	inf	0.000000
0.019000	inf	0.000000
0.021000	inf	0.000000
0.023000	inf	0.000000
0.025000	inf	0.000000
0.027000	inf	0.000000
0.029000	inf	0.000000
0.031000	inf	0.000000
0.033000	inf	0.000000
0.035000	inf	0.000000
0.037000	inf	0.000000
0.039000	inf	0.000000
0.041000	inf	0.000000
0.043000	inf	0.000000
0.045000	inf	0.000000
0.047000	inf	0.000000
0.049000	inf	0.000000
0.051000	inf	0.000000
0.053000	inf	0.000000
0.055000	inf	0.000000
0.057000	15.225809	0.459166
0.059000	14.467804	1.641937
0.061000	13.338367	10.962522
0.063000	12.327081	60.007716
0.065000	11.411186	279.810032
0.067000	10.429788	1456.600823
0.069000	9.551634	6374.453984
0.071000	8.842385	21000.778439
0.073000	8.193160	62547.125406
0.075000	7.613166	165819.823138
0.077000	7.069659	413454.428227
0.079000	6.583914	935511.387349
0.081000	6.173165	1866033.899270
0.083000	5.817468	3393116.275933
0.085000	5.516155	5630861.040981
0.087000	5.264450	8596743.826312
0.089000	5.005168	13293044.009294
0.091000	4.828269	17896632.308978
0.093000	4.632422	24874304.551940
0.095000	4.421176	35479078.524420
0.097000	4.233275	48657583.804650
0.099000	4.019224	69730122.800704
0.101000	3.854135	92033341.520245
0.103000	3.691017	121068211.172013
0.105000	3.525966	159781621.674594
0.107000	3.385239	202425839.073001
0.109000	3.237517	259484431.149951
0.111000	3.113836	319452132.721016
0.113000	2.997751	388288388.767049
0.115000	2.935961	430789423.072636
0.117000	2.874764	477465737.906616
0.119000	2.844317	502539504.957220
0.121000	2.844578	502318939.699140
0.123000	2.810572	531870866.221847
0.125000	2.820468	523095369.677048
0.127000	2.823995	520003726.450374
0.129000	2.811864	530716968.084563
0.131000	2.817008	526147492.670319
0.133000	2.812409	530230914.639711
0.135000	2.818110	525172938.660380
0.137000	2.784188	555990717.804650
0.139000	2.806609	535425598.862497
0.141000	2.811746	530821586.440327
0.143000	2.820522	523048038.790100
0.145000	2.804390	537426051.964506
0.147000	2.804080	537706513.028676
0.149000	2.712101	627617885.888762
0.151000	2.606080	750061290.920727
0.153000	2.502913	892102774.581942
0.155000	2.417387	1030038009.601732
0.157000	2.337682	1177721918.215303
0.159000	2.234357	1401122109.908617
0.161000	2.158514	1591643968.410703
0.163000	2.118543	1702262770.194301
0.165000	2.092908	1777222911.078644
0.167000	2.089542	1787306387.063187
0.169000	2.098412	1760853694.738438
0.171000	2.101493	1751760034.694571
0.173000	2.118428	1702592865.920595
0.175000	2.169177	1563367706.651660
0.177000	2.205423	1470956151.222033
0.179000	2.272015	1315174443.075346
0.181000	2.266823	1326703542.992715
0.183000	2.246709	1372328793.295104
0.185000	2.239880	1388173117.911001
0.187000	2.183462	1526274035.343233
0.189000	2.120128	1697733756.421353
0.191000	2.084157	1803558513.701940
0.193000	1.933994	2321445374.110621
0.195000	1.797526	2920030336.229073
0.197000	1.708636	3390644404.076035
0.199000	1.586867	4160835748.001074
0.201000	1.458370	5164056615.435547
0.203000	1.310281	6623757859.727295
0.205000	1.182217	8214836126.476009
0.207000	1.064852	10006491204.566628
0.209000	0.952525	12086115684.303625
0.211000	0.817548	15164492136.399494
0.213000	0.709540	18183608051.021442
0.215000	0.615297	21305052860.701889
0.217000	0.497531	25969199667.709553
0.219000	0.399408	30626252204.750679
0.221000	0.306292	35815771567.304962
0.223000	0.229953	40719872041.660759
0.225000	0.143630	47078946569.782372
0.227000	0.077238	52637690672.902176
0.229000	0.031689	56826362159.291916
0.231000	0.015444	58399642522.584015
0.233000	0.001259	59808926353.378006
0.235000	0.000000	59935613857.956703
0.237000	0.030002	56987787505.110779
0.239000	0.064527	53774533634.795959
0.241000	0.117718	49174933468.078949
0.243000	0.190511	43511222490.340263
0.245000	0.299182	36246377455.249168
0.247000	0.400700	30559834466.956398
0.249000	0.527035	24712636617.663731
0.251000	0.644112	20297676071.499115
0.253000	0.805816	15466532400.406687
0.255000	0.912750	12921859289.747503
0.257000	1.038589	10458157133.779922
0.259000	1.184600	8181993763.519949
0.261000	1.300067	6738474635.383312
0.263000	1.408487	5615763744.603781
0.265000	1.505198	4773139228.585583
0.267000	1.659983	3679614022.425314
0.269000	1.727697	3283727968.267942
0.271000	1.864574	2608786957.936243
0.273000	1.937914	2306198274.705852
0.275000	2.080104	1815888919.732602
0.277000	2.218774	1438310172.548656
0.279000	2.308433	1237075132.965283
0.281000	2.507028	885952474.256940
0.283000	2.651046	695455429.795661
0.285000	2.776954	562793737.569827
0.287000	2.865443	485005980.936021
0.289000	2.989105	393972718.221465
0.291000	3.193407	279456654.633601
0.293000	3.220228	267136525.620290
0.295000	3.349925	214806214.997476
0.297000	3.437741	185326139.176140
0.299000	3.385572	202312513.292807
0.301000	3.194173	279096726.004771
0.303000	3.176811	287362790.909105
0.305000	3.053706	353430375.705407
0.307000	2.909701	450231700.399905
0.309000	2.840005	506195366.435078
0.311000	2.746604	592251196.115340
0.313000	2.662573	682109196.781252
0.315000	2.579968	783719006.385556
0.317000	2.539596	838753160.136976
0.319000	2.509609	882117343.644217
0.321000	2.515400	873571941.952958
0.323000	2.503010	891956667.897656
0.325000	2.498801	898289623.296954
0.327000	2.568518	798949699.034294
0.329000	2.630800	719531869.721943
0.331000	2.739278	599590171.720518
0.333000	2.875355	476991426.111746
0.335000	3.018125	375214757.031134
0.337000	3.175250	288117585.886354
0.339000	3.369346	207906738.458017
0.341000	3.517951	161948981.755567
0.343000	3.677970	123752821.638069
0.345000	3.843774	93650298.301929
0.347000	4.013653	70386186.452720
0.349000	4.146050	56341740.421991
0.351000	4.304244	43185641.567076
0.353000	4.469807	32694048.932320
0.355000	4.607675	25930865.413958
0.357000	4.800977	18736806.667126
0.359000	4.902623	15793856.735542
0.361000	5.047575	12378411.794361
0.363000	5.165941	10144981.408425
0.365000	5.265046	8588136.628211
0.367000	5.347526	7476250.883641
0.369000	5.335807	7624992.804211
0.371000	5.356604	7363018.200432
0.373000	5.384003	7031582.194855
0.375000	5.445648	6339409.037296
0.377000	5.428481	6525024.335061
0.379000	5.441671	6381934.757690
0.381000	5.483753	5946069.580137
0.383000	5.516763	5625111.452607
0.385000	5.558062	5247839.047403
0.387000	5.621117	4720051.327090
0.389000	5.645880	4527603.738838
0.391000	5.690987	4196982.634951
0.393000	5.768814	3682297.284739
0.395000	5.792055	3541212.499551
0.397000	5.876169	3074283.319293
0.399000	5.931326	2802049.552679

# Dumping simulation biases, in the metadata file order 
# Window  F (free energy units)
# 0	0.000000
# 1	-7.532736
# 2	-11.796535
# 3	-13.514063
# 4	-14.171508
# 5	-15.422919
# 6	-16.182083
# 7	-14.643305
# 8	-13.714007
# 9	-12.362940
# 10	-10.422630
#Iteration 910:  0.000006
#Iteration 920:  0.000006
#Iteration 930:  0.000005
#Iteration 940:  0.000005
#Iteration 950:  0.000004
#Iteration 960:  0.000004
#Iteration 970:  0.000004
#Iteration 980:  0.000004
#Iteration 990:  0.000003
#Iteration 1000:  0.000003
0.001000	inf	0.000000
0.003000	inf	0.000000
0.005000	inf	0.000000
0.007000	inf	0.000000
0.009000	inf	0.000000
0.011000	inf	0.000000
0.013000	inf	0.000000
0.015000	inf	0.000000
0.017000	inf	0.000000
0.019000	inf	0.000000
0.021000	inf	0.000000
0.023000	inf	0.000000
0.025000	inf	0.000000
0.027000	inf	0.000000
0.029000	inf	0.000000
0.031000	inf	0.000000
0.033000	inf	0.000000
0.035000	inf	0.000000
0.037000	inf	0.000000
0.039000	inf	0.000000
0.041000	inf	0.000000
0.043000	inf	0.000000
0.045000	inf	0.000000
0.047000	inf	0.000000
0.049000	inf	0.000000
0.051000	inf	0.000000
0.053000	inf	0.000000
0.055000	inf	0.000000
0.057000	15.226386	0.459166
0.059000	14.468382	1.641938
0.061000	13.338945	10.962524
0.063000	12.327659	60.007732
0.065000	11.411764	279.810145
0.067000	10.430365	1456.601687
0.069000	9.552211	6374.459528
0.071000	8.842962	21000.804969
0.073000	8.193736	62547.238740
0.075000	7.613742	165820.247032
0.077000	7.070234	413455.889008
0.079000	6.584489	935515.848165
0.081000	6.173739	1866045.609831
0.083000	5.818041	3393143.640641
0.085000	5.516727	5630918.233330
0.087000	5.265020	8596852.094187
0.089000	5.005737	13293249.073226
0.091000	4.828835	17896966.571291
0.093000	4.632986	24874859.332835
0.095000	4.421738	35480007.384364
0.097000	4.233835	48659050.385279
0.099000	4.019781	69732496.890933
0.101000	3.854690	92036825.972501
0.103000	3.691570	121073256.092736
0.105000	3.526517	159788917.428717
0.107000	3.385787	202435971.278265
0.109000	3.238062	259498708.514484
0.111000	3.114378	319471492.753707
0.113000	2.998289	388314267.370356
0.115000	2.936495	430820796.227272
0.117000	2.875295	477503333.131200
0.119000	2.844845	502581741.508430
0.121000	2.845103	502363434.065353
0.123000	2.811094	531919985.648992
0.125000	2.820989	523145344.185633
0.127000	2.824514	520054890.831093
0.129000	2.812381	530770699.618298
0.131000	2.817523	526202455.724336
0.133000	2.812922	530288439.419686
0.135000	2.818620	525232726.868440
0.137000	2.784694	556058069.978592
0.139000	2.807109	535495763.277309
0.141000	2.812238	530898124.900587
0.143000	2.821004	523132227.825700
0.145000	2.804860	537523449.390116
0.147000	2.804536	537816287.655166
0.149000	2.712543	627761101.168719
0.151000	2.606508	750249908.062116
0.153000	2.503328	892345746.945779
0.155000	2.417793	1030336595.518222
0.157000	2.338079	1178079702.669447
0.159000	2.234748	1401562675.416908
0.161000	2.158900	1592157183.375415
0.163000	2.118926	1702822019.036547
0.165000	2.093287	1777815446.844036
0.167000	2.089919	1787909982.112549
0.169000	2.098787	1761456044.533444
0.171000	2.101864	1752368171.163373
0.173000	2.118795	1703195068.182196
0.175000	2.169539	1563934594.789453
0.177000	2.205777	1471507774.948458
0.179000	2.272360	1315690314.987004
0.181000	2.267153	1327255137.175612
0.183000	2.247021	1372941996.370469
0.185000	2.240169	1388847848.166569
0.187000	2.183722	1527087156.596172
0.189000	2.120358	1698726212.551175
0.191000	2.084356	1804708836.275681
0.193000	1.934162	2323043204.966126
0.195000	1.797668	2922169808.734563
0.197000	1.708757	3393252589.908583
0.199000	1.586971	4164154981.180178
0.201000	1.458461	5168286472.107290
0.203000	1.310362	6629286798.068254
0.205000	1.182291	8221786214.730493
0.207000	1.064922	10015040565.856016
0.209000	0.952591	12096519678.568151
0.211000	0.817611	15177628453.323450
0.213000	0.709599	18199453734.185181
0.215000	0.615353	21323736921.521004
0.217000	0.497584	25992142180.824524
0.219000	0.399456	30653547808.552631
0.221000	0.306334	35848025242.101250
0.223000	0.229988	40756975245.783775
0.225000	0.143659	47122384177.160309
0.227000	0.077260	52686866160.478241
0.229000	0.031705	56880073187.781898
0.231000	0.015454	58455417613.309059
0.233000	0.001263	59866569809.139015
0.235000	0.000000	59993850041.589157
0.237000	0.029998	57043583611.263878
0.239000	0.064518	53827590674.536369
0.241000	0.117705	49223852825.019424
0.243000	0.190491	43554897192.406998
0.245000	0.299158	36283110680.121483
0.247000	0.400669	30591109537.993992
0.249000	0.526999	24738165927.734684
0.251000	0.644070	20318821022.278088
0.253000	0.805770	15482758081.318382
0.255000	0.912700	12935491102.561186
0.257000	1.038537	10469236754.643396
0.259000	1.184545	8190689305.470898
0.261000	1.300011	6745652778.601190
0.263000	1.408430	5621756552.128748
0.265000	1.505140	4778240225.472283
0.267000	1.659924	3683551625.758260
0.269000	1.727637	3287246921.224795
0.271000	1.864514	2611587460.477474
0.273000	1.937852	2308679675.291670
0.275000	2.080040	1817849105.919549
0.277000	2.218707	1439870011.023789
0.279000	2.308362	1238425746.330440
0.281000	2.506950	886929047.834025
0.283000	2.650959	696232430.366029
0.285000	2.776855	563434281.783123
0.287000	2.865327	485571733.205908
0.289000	2.988968	394446825.122645
0.291000	3.193242	279805713.105592
0.293000	3.220032	267484348.558020
0.295000	3.349695	215098166.934372
0.297000	3.437477	185588558.858496
0.299000	3.385277	202609568.213120
0.301000	3.193852	279519018.668924
0.303000	3.176468	287807945.702644
0.305000	3.053347	353987644.081835
0.307000	2.909329	450950826.702823
0.309000	2.839624	507011435.868905
0.311000	2.746217	593212448.196515
0.313000	2.662181	683221855.377693
0.315000	2.579572	785002499.085413
0.317000	2.539197	840131540.341054
0.319000	2.509206	883571840.662477
0.321000	2.514994	875017400.003354
0.323000	2.502601	893438153.976121
0.325000	2.498388	899787696.140189
0.327000	2.568100	800287648.074191
0.329000	2.630378	720741639.590061
0.331000	2.738853	600601894.331272
0.333000	2.874927	477798707.583127
0.335000	3.017695	375851313.800416
0.337000	3.174818	288607283.631667
0.339000	3.368912	208260598.914193
0.341000	3.517516	162224915.042264
0.343000	3.677535	123963855.894115
0.345000	3.843337	93810120.648371
0.347000	4.013216	70506399.559812
0.349000	4.145612	56438053.389061
0.351000	4.303805	43259549.633758
0.353000	4.469366	32750087.734004
0.355000	4.607232	25975404.795868
0.357000	4.800531	18769079.734069
0.359000	4.902173	15821160.176126
0.361000	5.047121	12399908.014840
0.363000	5.165481	10162692.635238
0.365000	5.264580	8603216.517721
0.367000	5.347054	7489454.671114
0.369000	5.335329	7638531.927466
0.371000	5.356122	7376152.972178
0.373000	5.383517	7044172.911072
0.375000	5.445159	6350793.128950
0.377000	5.427989	6536766.692613
0.379000	5.441178	6393437.108031
0.381000	5.483259	5956797.791667
0.383000	5.516267	5635268.045276
0.385000	5.557566	5257319.206499
0.387000	5.620620	4728580.949144
0.389000	5.645383	4535787.468933
0.391000	5.690491	4204569.933779
0.393000	5.768318	3688954.826651
0.395000	5.791558	3547615.407095
0.397000	5.875672	3079842.225324
0.399000	5.930829	2807116.364422

# Dumping simulation biases, in the metadata file order 
# Window  F (free energy units)
# 0	0.000000
# 1	-7.532742
# 2	-11.796560
# 3	-13.514122
# 4	-14.171708
# 5	-15.423431
# 6	-16.182659
# 7	-14.643936
# 8	-13.714975
# 9	-12.363947
# 10	-10.423696
#Iteration 1010:  0.000003
#Iteration 1020:  0.000003
#Iteration 1030:  0.000002
#Iteration 1040:  0.000002
#Iteration 1050:  0.000002
#Iteration 1060:  0.000002
#Iteration 1070:  0.000002
#Iteration 1080:  0.000002
#Iteration 1090:  0.000002
#Iteration 1100:  0.000001
0.001000	inf	0.000000
0.003000	inf	0.000000
0.005000	inf	0.000000
0.007000	inf	0.000000
0.009000	inf	0.000000
0.011000	inf	0.000000
0.013000	inf	0.000000
0.015000	inf	0.000000
0.017000	inf	0.000000
0.019000	inf	0.000000
0.021000	inf	0.000000
0.023000	inf	0.000000
0.025000	inf	0.000000
0.027000	inf	0.000000
0.029000	inf	0.000000
0.031000	inf	0.000000
0.033000	inf	0.000000
0.035000	inf	0.000000
0.037000	inf	0.000000
0.039000	inf	0.000000
0.041000	inf	0.000000
0.043000	inf	0.000000
0.045000	inf	0.000000
0.047000	inf	0.000000
0.049000	inf	0.000000
0.051000	inf	0.000000
0.053000	inf	0.000000
0.055000	inf	0.000000
0.057000	15.226657	0.459166
0.059000	14.468653	1.641938
0.061000	13.339216	10.962525
0.063000	12.327930	60.007740
0.065000	11.412034	279.810198
0.067000	10.430636	1456.602093
0.069000	9.552482	6374.462129
0.071000	8.843233	21000.817416
0.073000	8.194007	62547.291915
0.075000	7.614012	165820.445916
0.077000	7.070505	413456.574384
0.079000	6.584759	935517.941113
0.081000	6.174009	1866051.104254
0.083000	5.818310	3393156.479770
0.085000	5.516995	5630945.067190
0.087000	5.265288	8596902.892042
0.089000	5.006004	13293345.286672
0.091000	4.829101	17897123.403368
0.093000	4.633251	24875119.630485
0.095000	4.422002	35480443.197653
0.097000	4.234098	48659738.495079
0.099000	4.020043	69733610.802008
0.101000	3.854950	92038460.864856
0.103000	3.691830	121075623.157612
0.105000	3.526775	159792340.587739
0.107000	3.386044	202440725.308902
0.109000	3.238318	259505407.474218
0.111000	3.114632	319480576.543448
0.113000	2.998542	388326409.751547
0.115000	2.936746	430835516.759982
0.117000	2.875544	477520973.204168
0.119000	2.845092	502601559.439607
0.121000	2.845349	502384311.479440
0.123000	2.811340	531943033.282464
0.125000	2.821234	523168793.085793
0.127000	2.824758	520078898.064858
0.129000	2.812624	530795911.408051
0.131000	2.817765	526228245.345213
0.133000	2.813163	530315431.006194
0.135000	2.818860	525260780.438670
0.137000	2.784931	556089672.625388
0.139000	2.807343	535528685.453750
0.141000	2.812469	530934037.957842
0.143000	2.821230	523171730.927447
0.145000	2.805081	537569150.699686
0.147000	2.804751	537867797.603585
0.149000	2.712750	627828304.109965
0.151000	2.606709	750338417.694619
0.153000	2.503523	892459765.685553
0.155000	2.417983	1030476714.623077
0.157000	2.338265	1178247604.914401
0.159000	2.234931	1401769427.957165
0.161000	2.159081	1592398031.643661
0.163000	2.119105	1703084472.299443
0.165000	2.093465	1778093522.641213
0.167000	2.090096	1788193248.673783
0.169000	2.098962	1761738726.990680
0.171000	2.102038	1752653569.291559
0.173000	2.118968	1703477681.129031
0.175000	2.169709	1564200634.446311
0.177000	2.205944	1471766650.638554
0.179000	2.272521	1315932412.321651
0.181000	2.267308	1327513999.543276
0.183000	2.247167	1373229774.125440
0.185000	2.240304	1389164506.272073
0.187000	2.183845	1527468773.879565
0.189000	2.120466	1699192014.122504
0.191000	2.084449	1805248756.206457
0.193000	1.934241	2323793205.446119
0.195000	1.797735	2923174094.238608
0.197000	1.708813	3394476941.059547
0.199000	1.587019	4165713165.559043
0.201000	1.458503	5170272188.020157
0.203000	1.310401	6631882416.518803
0.205000	1.182326	8225049048.466135
0.207000	1.064954	10019054241.529991
0.209000	0.952622	12101404083.373316
0.211000	0.817640	15183795645.228279
0.213000	0.709627	18206892943.779381
0.215000	0.615380	21332508727.749199
0.217000	0.497608	26002913300.340199
0.219000	0.399479	30666362702.062008
0.221000	0.306354	35863167979.111740
0.223000	0.230005	40774394915.368622
0.225000	0.143673	47142777971.191322
0.227000	0.077271	52709954066.181946
0.229000	0.031713	56905290739.625114
0.231000	0.015458	58481604448.259659
0.233000	0.001266	59893634036.651779
0.235000	0.000000	60021192724.505058
0.237000	0.029995	57069780790.919243
0.239000	0.064514	53852501957.655540
0.241000	0.117698	49246821525.447037
0.243000	0.190483	43575403548.673042
0.245000	0.299146	36300357964.502419
0.247000	0.400655	30605794175.453754
0.249000	0.526981	24750152836.428421
0.251000	0.644051	20328749386.896713
0.253000	0.805748	15490376703.973297
0.255000	0.912677	12941891827.302137
0.257000	1.038513	10474439133.463926
0.259000	1.184520	8194772263.040266
0.261000	1.299985	6749023253.984136
0.263000	1.408403	5624570460.641027
0.265000	1.505113	4780635388.918918
0.267000	1.659897	3685400521.514257
0.269000	1.727609	3288899241.585298
0.271000	1.864485	2612902434.325982
0.273000	1.937823	2309844816.208848
0.275000	2.080010	1818769511.994767
0.277000	2.218675	1440602435.094238
0.279000	2.308328	1239059930.278259
0.281000	2.506914	887387602.379816
0.283000	2.650918	696597276.821342
0.285000	2.776808	563735057.002743
0.287000	2.865273	485837392.729732
0.289000	2.988903	394669455.388910
0.291000	3.193165	279969627.936069
0.293000	3.219940	267647689.048343
0.295000	3.349587	215235275.744484
0.297000	3.437353	185711804.091292
0.299000	3.385139	202749086.053543
0.301000	3.193701	279717364.825849
0.303000	3.176307	288017036.856148
0.305000	3.053178	354249402.259611
0.307000	2.909155	451288618.808720
0.309000	2.839446	507394770.125391
0.311000	2.746036	593663984.127587
0.313000	2.661997	683744516.583976
0.315000	2.579386	785605411.595076
0.317000	2.539009	840779028.817146
0.319000	2.509018	884255087.769503
0.321000	2.514803	875696404.133888
0.323000	2.502408	894134085.589377
0.325000	2.498194	900491422.969966
0.327000	2.567904	800916159.222834
0.329000	2.630180	721309940.477386
0.331000	2.738653	601077162.770183
0.333000	2.874726	478177938.864755
0.335000	3.017493	376150345.778242
0.337000	3.174615	288837326.946645
0.339000	3.368709	208426830.794536
0.341000	3.517312	162354539.504115
0.343000	3.677330	124062993.014420
0.345000	3.843132	93885200.128381
0.347000	4.013011	70562871.926433
0.349000	4.145406	56483298.264951
0.351000	4.303598	43294269.423049
0.353000	4.469159	32776413.128137
0.355000	4.607024	25996328.150806
0.357000	4.800322	18784240.769187
0.359000	4.901962	15833986.669303
0.361000	5.046908	12410006.473869
0.363000	5.165265	10171013.041700
0.365000	5.264361	8610300.822911
0.367000	5.346832	7495657.658617
0.369000	5.335105	7644892.497196
0.371000	5.355895	7382323.619359
0.373000	5.383289	7050087.994020
0.375000	5.444929	6356141.364260
0.377000	5.427758	6542283.257122
0.379000	5.440946	6398840.928486
0.381000	5.483026	5961837.928112
0.383000	5.516035	5640039.638882
0.385000	5.557333	5261773.012992
0.387000	5.620387	4732588.192467
0.389000	5.645150	4539632.212364
0.391000	5.690257	4208134.472605
0.393000	5.768085	3692082.562967
0.395000	5.791325	3550623.515594
0.397000	5.875439	3082453.819112
0.399000	5.930596	2809496.770672

# Dumping simulation biases, in the metadata file order 
# Window  F (free energy units)
# 0	0.000000
# 1	-7.532745
# 2	-11.796572
# 3	-13.514149
# 4	-14.171801
# 5	-15.423671
# 6	-16.182929
# 7	-14.644232
# 8	-13.715429
# 9	-12.364419
# 10	-10.424197
#Iteration 1110:  0.000001
#Iteration 1120:  0.000001
#Iteration 1130:  0.000001
#Iteration 1140:  0.000001
#Iteration 1150:  0.000001
#Iteration 1160:  0.000001
#Iteration 1170:  0.000001
#Iteration 1180:  0.000001
#Iteration 1190:  0.000001
#Iteration 1200:  0.000001
0.001000	inf	0.000000
0.003000	inf	0.000000
0.005000	inf	0.000000
0.007000	inf	0.000000
0.009000	inf	0.000000
0.011000	inf	0.000000
0.013000	inf	0.000000
0.015000	inf	0.000000
0.017000	inf	0.000000
0.019000	inf	0.000000
0.021000	inf	0.000000
0.023000	inf	0.000000
0.025000	inf	0.000000
0.027000	inf	0.000000
0.029000	inf	0.000000
0.031000	inf	0.000000
0.033000	inf	0.000000
0.035000	inf	0.000000
0.037000	inf	0.000000
0.039000	inf	0.000000
0.041000	inf	0.000000
0.043000	inf	0.000000
0.045000	inf	0.000000
0.047000	inf	0.000000
0.049000	inf	0.000000
0.051000	inf	0.000000
0.053000	inf	0.000000
0.055000	inf	0.000000
0.057000	15.226785	0.459166
0.059000	14.468780	1.641938
0.061000	13.339343	10.962525
0.063000	12.328057	60.007744
0.065000	11.412162	279.810222
0.067000	10.430763	1456.602283
0.069000	9.552609	6374.463349
0.071000	8.843360	21000.823256
0.073000	8.194134	62547.316863
0.075000	7.614139	165820.539229
0.077000	7.070631	413456.895948
0.079000	6.584885	935518.923081
0.081000	6.174135	1866053.682127
0.083000	5.818436	3393162.503635
0.085000	5.517121	5630957.657110
0.087000	5.265413	8596926.725413
0.089000	5.006129	13293390.428195
0.091000	4.829226	17897196.986082
0.093000	4.633375	24875241.757501
0.095000	4.422126	35480647.673804
0.097000	4.234221	48660061.344991
0.099000	4.020166	69734133.431792
0.101000	3.855072	92039227.932082
0.103000	3.691951	121076733.750720
0.105000	3.526896	159793946.687028
0.107000	3.386165	202442955.837586
0.109000	3.238438	259508550.542558
0.111000	3.114751	319484838.551956
0.113000	2.998660	388332106.828161
0.115000	2.936863	430842423.495190
0.117000	2.875661	477529249.781222
0.119000	2.845208	502610857.871637
0.121000	2.845465	502394107.032488
0.123000	2.811455	531953847.104921
0.125000	2.821348	523179795.191060
0.127000	2.824872	520090162.142952
0.129000	2.812738	530807740.658504
0.131000	2.817879	526240345.706832
0.133000	2.813276	530328095.315125
0.135000	2.818972	525273943.012718
0.137000	2.785042	556104500.393545
0.139000	2.807453	535544132.333634
0.141000	2.812577	530950888.159007
0.143000	2.821337	523190265.617127
0.145000	2.805184	537590593.689962
0.147000	2.804851	537891966.207373
0.149000	2.712848	627859836.240472
0.151000	2.606803	750379947.555532
0.153000	2.503615	892513265.325291
0.155000	2.418072	1030542461.639057
0.157000	2.338353	1178326388.996720
0.159000	2.235017	1401866442.162413
0.161000	2.159166	1592511045.010473
0.163000	2.119189	1703207623.744660
0.165000	2.093549	1778224004.923120
0.167000	2.090179	1788326166.778860
0.169000	2.099045	1761871371.079141
0.171000	2.102120	1752787487.661220
0.173000	2.119049	1703610292.540759
0.175000	2.169789	1564325469.028844
0.177000	2.206022	1471888123.562524
0.179000	2.272597	1316046012.268157
0.181000	2.267381	1327635466.334811
0.183000	2.247236	1373364809.506399
0.185000	2.240368	1389313094.530667
0.187000	2.183902	1527647845.880902
0.189000	2.120517	1699410593.171373
0.191000	2.084493	1805502121.057093
0.193000	1.934278	2324145161.475203
0.195000	1.797766	2923645389.775653
0.197000	1.708840	3395051520.515376
0.199000	1.587042	4166444421.382582
0.201000	1.458523	5171204094.817510
0.203000	1.310419	6633100563.805099
0.205000	1.182343	8226580335.070414
0.207000	1.064970	10020937915.272848
0.209000	0.952637	12103696409.673807
0.211000	0.817654	15186690010.435644
0.213000	0.709641	18210384295.412251
0.215000	0.615392	21336625498.956676
0.217000	0.497620	26007968397.784714
0.219000	0.399489	30672376998.539734
0.221000	0.306363	35870274803.156715
0.223000	0.230013	40782570383.953026
0.225000	0.143679	47152349305.277931
0.227000	0.077276	52720789860.122139
0.229000	0.031716	56917126081.393578
0.231000	0.015460	58493894746.654251
0.233000	0.001267	59906336162.547417
0.235000	0.000000	60034025574.559410
0.237000	0.029994	57082076049.613152
0.239000	0.064512	53864193730.595856
0.241000	0.117695	49257601603.837784
0.243000	0.190478	43585027985.738724
0.245000	0.299140	36308452818.618446
0.247000	0.400648	30612686299.083443
0.249000	0.526973	24755778820.862862
0.251000	0.644041	20333409220.591209
0.253000	0.805738	15493952480.198750
0.255000	0.912666	12944895993.533617
0.257000	1.038501	10476880862.697298
0.259000	1.184508	8196688595.829670
0.261000	1.299973	6750605185.258730
0.263000	1.408391	5625891168.338072
0.265000	1.505100	4781759559.208375
0.267000	1.659884	3686268301.330801
0.269000	1.727596	3289674758.954724
0.271000	1.864472	2613519618.179093
0.273000	1.937809	2310391676.128742
0.275000	2.079996	1819201505.669890
0.277000	2.218661	1440946199.501248
0.279000	2.308313	1239357585.919406
0.281000	2.506897	887602826.397364
0.283000	2.650899	696768519.162165
0.285000	2.776786	563876227.849989
0.287000	2.865247	485962082.618924
0.289000	2.988873	394773950.073988
0.291000	3.193128	280046564.703644
0.293000	3.219897	267724357.526748
0.295000	3.349537	215299632.918405
0.297000	3.437295	185769655.106480
0.299000	3.385074	202814576.754853
0.301000	3.193630	279810471.707888
0.303000	3.176231	288115189.134577
0.305000	3.053099	354372279.165572
0.307000	2.909073	451447189.703044
0.309000	2.839362	507574721.231117
0.311000	2.745951	593875952.622368
0.313000	2.661911	683989874.923391
0.315000	2.579299	785888443.927545
0.317000	2.538921	841082987.668956
0.319000	2.508929	884575833.931627
0.321000	2.514714	876015159.130901
0.323000	2.502318	894460787.835399
0.325000	2.498103	900821785.429071
0.327000	2.567812	801211212.617632
0.329000	2.630087	721576728.898281
0.331000	2.738560	601300277.648238
0.333000	2.874632	478355969.394541
0.335000	3.017398	376290726.859981
0.337000	3.174520	288945321.299746
0.339000	3.368613	208504868.790762
0.341000	3.517217	162415392.089490
0.343000	3.677234	124109533.251117
0.345000	3.843036	93920446.444939
0.347000	4.012914	70589383.082308
0.349000	4.145309	56504538.645723
0.351000	4.303502	43310568.772051
0.353000	4.469062	32788771.704258
0.355000	4.606927	26006150.726647
0.357000	4.800224	18791358.205924
0.359000	4.901863	15840008.154287
0.361000	5.046808	12414747.277064
0.363000	5.165164	10174919.135976
0.365000	5.264259	8613626.629155
0.367000	5.346728	7498569.730736
0.369000	5.335000	7647878.558299
0.371000	5.355789	7385220.527062
0.373000	5.383181	7052864.929717
0.375000	5.444821	6358652.188414
0.377000	5.427650	6544873.109984
0.379000	5.440837	6401377.854093
0.381000	5.482918	5964204.117041
0.383000	5.515926	5642279.756295
0.385000	5.557224	5263863.939756
0.387000	5.620278	4734469.471819
0.389000	5.645041	4541437.203213
0.391000	5.690148	4209807.916029
0.393000	5.767975	3693550.940894
0.395000	5.791215	3552035.731931
0.397000	5.875329	3083679.883773
0.399000	5.930487	2810614.299766

# Dumping simulation biases, in the metadata file order 
# Window  F (free energy units)
# 0	0.000000
# 1	-7.532747
# 2	-11.796577
# 3	-13.514162
# 4	-14.171845
# 5	-15.423784
# 6	-16.183056
# 7	-14.644371
# 8	-13.715642
# 9	-12.364641
# 10	-10.424432
#Iteration 1210:  0.000001
#Iteration 1220:  0.000001
#Iteration 1230:  0.000001
#Iteration 1240:  0.000001
#Iteration 1250:  0.000000
#Iteration 1260:  0.000000
# Dumping simulation biases, in the metadata file order 
# Window  F (free energy units)
# 0	0.000000
# 1	-7.532747
# 2	-11.796579
# 3	-13.514166
# 4	-14.171859
# 5	-15.423820
# 6	-16.183097
# 7	-14.644416
# 8	-13.715712
# 9	-12.364713
# 10	-10.424508
# No MC error analysis requested
