# /home/btan/Software/WHAM/wham/wham/wham 0.0 0.4 200 1e-06 300 0 /home/btan/Documents/BD2_DCAF16_8ov6/umbrella_sampling/RMSD/results/backbone_RMSD/BD2_only/run3/RED/metafile.txt /home/btan/Documents/BD2_DCAF16_8ov6/umbrella_sampling/RMSD/results/backbone_RMSD/BD2_only/run3/RED/pmf.txt
#Number of windows = 11
#Iteration 10:  0.073631
#Iteration 20:  0.034224
#Iteration 30:  0.024158
#Iteration 40:  0.022057
#Iteration 50:  0.021637
#Iteration 60:  0.020692
#Iteration 70:  0.019293
#Iteration 80:  0.017766
#Iteration 90:  0.016259
#Iteration 100:  0.014838
0.001000	inf	0.000000
0.003000	inf	0.000000
0.005000	inf	0.000000
0.007000	inf	0.000000
0.009000	inf	0.000000
0.011000	inf	0.000000
0.013000	inf	0.000000
0.015000	inf	0.000000
0.017000	inf	0.000000
0.019000	inf	0.000000
0.021000	inf	0.000000
0.023000	inf	0.000000
0.025000	inf	0.000000
0.027000	inf	0.000000
0.029000	inf	0.000000
0.031000	inf	0.000000
0.033000	inf	0.000000
0.035000	inf	0.000000
0.037000	inf	0.000000
0.039000	inf	0.000000
0.041000	inf	0.000000
0.043000	inf	0.000000
0.045000	inf	0.000000
0.047000	11.539688	0.006539
0.049000	10.186964	0.063548
0.051000	9.064012	0.419685
0.053000	7.797164	3.530159
0.055000	6.862730	16.981848
0.057000	5.924740	82.181093
0.059000	5.200820	277.507505
0.061000	4.511021	884.845678
0.063000	3.971871	2190.172028
0.065000	3.469314	5097.697651
0.067000	3.043955	10421.017513
0.069000	2.669536	19554.998800
0.071000	2.349420	33493.541450
0.073000	2.053546	55076.425955
0.075000	1.748884	91914.983759
0.077000	1.427647	157727.844212
0.079000	1.106500	270622.544030
0.081000	0.825675	433892.950776
0.083000	0.573534	662917.652121
0.085000	0.373038	928610.177619
0.087000	0.226360	1188273.563835
0.089000	0.102219	1464019.922244
0.091000	0.029591	1654127.980763
0.093000	0.000000	1738491.116074
0.095000	0.029297	1654947.338457
0.097000	0.022531	1673875.861728
0.099000	0.040422	1624283.234608
0.101000	0.078589	1523345.114280
0.103000	0.089378	1495965.779423
0.105000	0.115450	1431816.142532
0.107000	0.134420	1386877.915745
0.109000	0.177539	1289907.192032
0.111000	0.240122	1161099.649745
0.113000	0.313145	1026972.805591
0.115000	0.392578	898603.340991
0.117000	0.502073	747533.116602
0.119000	0.635259	597581.088649
0.121000	0.739894	501195.621099
0.123000	0.892250	387952.385718
0.125000	0.968070	341527.443872
0.127000	1.026777	309432.630231
0.129000	1.055053	295068.463765
0.131000	1.029433	308054.105172
0.133000	1.053147	296015.633765
0.135000	1.098884	274109.569812
0.137000	1.094497	276138.545849
0.139000	1.131531	259471.411196
0.141000	1.218567	224154.920723
0.143000	1.307300	193093.900206
0.145000	1.398312	165700.682556
0.147000	1.485946	143003.492790
0.149000	1.614708	115170.866663
0.151000	1.773110	88247.062833
0.153000	1.899234	71387.551803
0.155000	2.060023	54480.022910
0.157000	2.260902	38867.270866
0.159000	2.399372	30795.917289
0.161000	2.517428	25252.563572
0.163000	2.600323	21967.822464
0.165000	2.624202	21103.491477
0.167000	2.722685	17883.625843
0.169000	2.599503	21998.139692
0.171000	2.558349	23573.855613
0.173000	2.427189	29389.016035
0.175000	2.377687	31939.218974
0.177000	2.333140	34422.777229
0.179000	2.316488	35400.011608
0.181000	2.336621	34221.931040
0.183000	2.382823	31664.646919
0.185000	2.443271	28605.165121
0.187000	2.515648	25328.249965
0.189000	2.559205	23539.956856
0.191000	2.613266	21495.043632
0.193000	2.730117	17661.616627
0.195000	2.767472	16586.648211
0.197000	2.797334	15774.571573
0.199000	2.840481	14670.949645
0.201000	2.848388	14477.231793
0.203000	2.825131	15054.436269
0.205000	2.828674	14965.039437
0.207000	2.749247	17102.677613
0.209000	2.723616	17855.682281
0.211000	2.698385	18629.277820
0.213000	2.606255	21749.854910
0.215000	2.525274	24921.673377
0.217000	2.481579	26821.134765
0.219000	2.459402	27839.890686
0.221000	2.442455	28644.399191
0.223000	2.506206	25733.451023
0.225000	2.503971	25830.320764
0.227000	2.562764	23399.559463
0.229000	2.613155	21499.029357
0.231000	2.705065	18421.275734
0.233000	2.807101	15517.697596
0.235000	2.942673	12355.260524
0.237000	3.073988	9907.958919
0.239000	3.206936	7923.642460
0.241000	3.396891	5757.669526
0.243000	3.543017	4503.670057
0.245000	3.695065	3487.887817
0.247000	3.796588	2940.661309
0.249000	3.871755	2591.603353
0.251000	3.800310	2922.320405
0.253000	3.711939	3390.343862
0.255000	3.559512	4380.501268
0.257000	3.508097	4775.951766
0.259000	3.367780	6046.434931
0.261000	3.297732	6802.029856
0.263000	3.195468	8077.872332
0.265000	3.121313	9150.290968
0.267000	3.057042	10194.265438
0.269000	3.037372	10536.979801
0.271000	3.039988	10490.752052
0.273000	3.077119	9855.957512
0.275000	3.135573	8933.552021
0.277000	3.219117	7763.039327
0.279000	3.360683	6119.004825
0.281000	3.521458	4669.880955
0.283000	3.723411	3325.590179
0.285000	3.948579	2277.628799
0.287000	4.202064	1487.387653
0.289000	4.438505	999.559129
0.291000	4.706608	636.910431
0.293000	5.007339	384.173031
0.295000	5.321498	226.554552
0.297000	5.553454	153.402191
0.299000	5.849430	93.272294
0.301000	6.057297	65.765387
0.303000	6.302317	43.563078
0.305000	6.493114	31.610105
0.307000	6.637957	24.778929
0.309000	6.764938	20.016082
0.311000	6.770697	19.823220
0.313000	6.867244	16.853495
0.315000	6.832493	17.867335
0.317000	6.826918	18.035587
0.319000	6.881098	16.465510
0.321000	6.915869	15.530675
0.323000	7.033412	12.746106
0.325000	7.119554	11.027793
0.327000	7.258367	8.732681
0.329000	7.412890	6.734985
0.331000	7.574013	5.136980
0.333000	7.746277	3.845429
0.335000	7.902465	2.957462
0.337000	8.087906	2.165391
0.339000	8.295136	1.528432
0.341000	8.472229	1.134902
0.343000	8.681648	0.798124
0.345000	8.930700	0.525107
0.347000	9.147570	0.364687
0.349000	9.306026	0.279408
0.351000	9.552139	0.184740
0.353000	9.666961	0.152312
0.355000	9.813146	0.119127
0.357000	9.973517	0.090977
0.359000	10.144949	0.068199
0.361000	10.287463	0.053670
0.363000	10.424096	0.042656
0.365000	10.624347	0.030464
0.367000	10.814846	0.022116
0.369000	11.063711	0.014556
0.371000	11.242008	0.010786
0.373000	11.468779	0.007367
0.375000	11.671206	0.005242
0.377000	11.889758	0.003630
0.379000	12.067642	0.002692
0.381000	12.271075	0.001912
0.383000	12.406652	0.001523
0.385000	12.485167	0.001334
0.387000	12.569735	0.001158
0.389000	12.570415	0.001156
0.391000	12.633720	0.001040
0.393000	12.680723	0.000961
0.395000	12.690996	0.000944
0.397000	12.764652	0.000834
0.399000	12.817073	0.000764

# Dumping simulation biases, in the metadata file order 
# Window  F (free energy units)
# 0	0.000000
# 1	-6.524736
# 2	-9.652413
# 3	-9.723888
# 4	-8.383579
# 5	-7.615227
# 6	-7.250306
# 7	-6.739630
# 8	-4.251859
# 9	-1.251031
# 10	2.198706
#Iteration 110:  0.013528
#Iteration 120:  0.012333
#Iteration 130:  0.011249
#Iteration 140:  0.010267
#Iteration 150:  0.009379
#Iteration 160:  0.008574
#Iteration 170:  0.007844
#Iteration 180:  0.007182
#Iteration 190:  0.006580
#Iteration 200:  0.006031
0.001000	inf	0.000000
0.003000	inf	0.000000
0.005000	inf	0.000000
0.007000	inf	0.000000
0.009000	inf	0.000000
0.011000	inf	0.000000
0.013000	inf	0.000000
0.015000	inf	0.000000
0.017000	inf	0.000000
0.019000	inf	0.000000
0.021000	inf	0.000000
0.023000	inf	0.000000
0.025000	inf	0.000000
0.027000	inf	0.000000
0.029000	inf	0.000000
0.031000	inf	0.000000
0.033000	inf	0.000000
0.035000	inf	0.000000
0.037000	inf	0.000000
0.039000	inf	0.000000
0.041000	inf	0.000000
0.043000	inf	0.000000
0.045000	inf	0.000000
0.047000	11.469933	0.006539
0.049000	10.117249	0.063535
0.051000	8.994356	0.419558
0.053000	7.727597	3.528573
0.055000	6.793294	16.970483
0.057000	5.855497	82.099380
0.059000	5.131862	277.099035
0.061000	4.442478	882.927711
0.063000	3.903924	2183.233147
0.065000	3.402211	5074.337440
0.067000	2.978021	10352.918946
0.069000	2.605168	19376.105609
0.071000	2.287080	33074.208417
0.073000	1.993728	54156.837223
0.075000	1.692086	89922.700627
0.077000	1.374363	153400.001304
0.079000	1.057250	261418.184729
0.081000	0.781050	415889.481728
0.083000	0.534229	629754.390871
0.085000	0.339843	873140.459281
0.087000	0.200123	1104301.471775
0.089000	0.083812	1342769.860379
0.091000	0.019917	1495024.752723
0.093000	0.000000	1545927.432107
0.095000	0.039892	1445657.404609
0.097000	0.044448	1434629.288851
0.099000	0.073942	1365233.225963
0.101000	0.123377	1256366.768696
0.103000	0.144505	1212528.446900
0.105000	0.179621	1143024.820796
0.107000	0.206301	1092892.309539
0.109000	0.256066	1005186.081104
0.111000	0.324710	895637.552793
0.113000	0.403830	784097.605137
0.115000	0.490109	678237.008076
0.117000	0.607977	556328.263517
0.119000	0.751869	436799.099455
0.121000	0.870271	357965.280286
0.123000	1.039917	269147.256480
0.125000	1.136476	228821.246512
0.127000	1.218562	199328.318395
0.129000	1.271337	182406.410733
0.131000	1.269471	182979.561645
0.133000	1.314535	169630.229457
0.135000	1.378198	152414.264625
0.137000	1.388038	149913.867440
0.139000	1.435900	138324.607363
0.141000	1.530971	117894.226391
0.143000	1.625638	100549.559176
0.145000	1.721143	85635.942629
0.147000	1.812410	73455.769618
0.149000	1.944467	58832.426662
0.151000	2.106322	44818.060028
0.153000	2.236588	36004.039711
0.155000	2.402830	27226.060697
0.157000	2.611254	19178.894007
0.159000	2.760356	14926.931368
0.161000	2.893373	11936.051514
0.163000	2.996998	10027.859030
0.165000	3.048832	9191.072952
0.167000	3.183590	7327.996022
0.169000	3.105174	8360.525416
0.171000	3.115997	8209.794131
0.173000	3.041121	9311.000236
0.175000	3.048178	9201.188099
0.177000	3.056362	9075.469198
0.179000	3.085528	8641.248080
0.181000	3.143086	7844.328423
0.183000	3.218344	6912.143008
0.185000	3.300508	6020.446369
0.187000	3.388721	5190.727995
0.189000	3.443728	4732.274644
0.191000	3.506177	4260.676202
0.193000	3.629461	3463.169718
0.195000	3.672215	3223.008297
0.197000	3.707237	3038.733803
0.199000	3.756063	2799.284816
0.201000	3.770946	2730.120756
0.203000	3.756801	2795.814465
0.205000	3.772484	2723.071901
0.207000	3.709062	3029.429658
0.209000	3.703864	3056.017166
0.211000	3.703466	3058.058978
0.213000	3.639671	3404.237526
0.215000	3.588746	3708.499544
0.217000	3.574551	3798.056774
0.219000	3.579207	3768.443835
0.221000	3.585048	3731.626496
0.223000	3.667085	3250.919313
0.225000	3.678936	3186.795564
0.227000	3.748350	2835.816613
0.229000	3.806788	2570.486343
0.231000	3.905051	2179.102538
0.233000	4.012569	1818.791095
0.235000	4.153529	1435.073901
0.237000	4.290922	1139.119596
0.239000	4.431499	899.373989
0.241000	4.631629	642.441727
0.243000	4.791628	490.936509
0.245000	4.962500	368.365547
0.247000	5.088956	297.823260
0.249000	5.195870	248.831465
0.251000	5.162756	263.075665
0.253000	5.117773	283.739900
0.255000	5.011025	339.510121
0.257000	5.004205	343.425097
0.259000	4.904389	406.165547
0.261000	4.868884	431.145704
0.263000	4.794717	488.393831
0.265000	4.742835	532.901559
0.267000	4.696272	576.289324
0.269000	4.691206	581.217932
0.271000	4.706699	566.276549
0.273000	4.756082	521.165370
0.275000	4.826861	462.703859
0.277000	4.923007	393.651031
0.279000	5.077177	303.779267
0.281000	5.249979	227.196862
0.283000	5.462768	158.874555
0.285000	5.697183	107.131656
0.287000	5.958253	69.075171
0.289000	6.200830	45.943782
0.291000	6.474019	29.025712
0.293000	6.779285	17.374855
0.295000	7.097974	10.168569
0.297000	7.335054	6.826185
0.299000	7.637410	4.106210
0.301000	7.853653	2.854769
0.303000	8.109830	1.855869
0.305000	8.315285	1.313872
0.307000	8.478734	0.998220
0.309000	8.628150	0.776504
0.311000	8.659261	0.736938
0.313000	8.782401	0.599145
0.315000	8.773443	0.608235
0.317000	8.791042	0.590505
0.319000	8.864654	0.521773
0.321000	8.914798	0.479594
0.323000	9.043958	0.385993
0.325000	9.138591	0.329224
0.327000	9.283479	0.258057
0.329000	9.442313	0.197587
0.331000	9.606522	0.149926
0.333000	9.781076	0.111800
0.335000	9.939090	0.085720
0.337000	10.126171	0.062590
0.339000	10.335098	0.044053
0.341000	10.514177	0.032601
0.343000	10.726112	0.022830
0.345000	10.978453	0.014938
0.347000	11.199600	0.010300
0.349000	11.363448	0.007820
0.351000	11.616029	0.005115
0.353000	11.738119	0.004166
0.355000	11.891882	0.003217
0.357000	12.059553	0.002427
0.359000	12.237495	0.001799
0.361000	12.385430	0.001403
0.363000	12.526323	0.001107
0.365000	12.729771	0.000787
0.367000	12.922588	0.000569
0.369000	13.173092	0.000373
0.371000	13.352528	0.000276
0.373000	13.580080	0.000188
0.375000	13.783038	0.000134
0.377000	14.001948	0.000093
0.379000	14.180075	0.000069
0.381000	14.383670	0.000049
0.383000	14.519356	0.000039
0.385000	14.597944	0.000034
0.387000	14.682561	0.000030
0.389000	14.683273	0.000029
0.391000	14.746600	0.000027
0.393000	14.793617	0.000024
0.395000	14.803900	0.000024
0.397000	14.877563	0.000021
0.399000	14.929988	0.000019

# Dumping simulation biases, in the metadata file order 
# Window  F (free energy units)
# 0	0.000000
# 1	-6.504716
# 2	-9.591744
# 3	-9.569543
# 4	-7.988716
# 5	-6.648220
# 6	-5.985708
# 7	-5.024372
# 8	-2.425663
# 9	0.837609
# 10	4.361708
#Iteration 210:  0.005532
#Iteration 220:  0.005076
#Iteration 230:  0.004659
#Iteration 240:  0.004279
#Iteration 250:  0.003930
#Iteration 260:  0.003611
#Iteration 270:  0.003319
#Iteration 280:  0.003051
#Iteration 290:  0.002805
#Iteration 300:  0.002579
0.001000	inf	0.000000
0.003000	inf	0.000000
0.005000	inf	0.000000
0.007000	inf	0.000000
0.009000	inf	0.000000
0.011000	inf	0.000000
0.013000	inf	0.000000
0.015000	inf	0.000000
0.017000	inf	0.000000
0.019000	inf	0.000000
0.021000	inf	0.000000
0.023000	inf	0.000000
0.025000	inf	0.000000
0.027000	inf	0.000000
0.029000	inf	0.000000
0.031000	inf	0.000000
0.033000	inf	0.000000
0.035000	inf	0.000000
0.037000	inf	0.000000
0.039000	inf	0.000000
0.041000	inf	0.000000
0.043000	inf	0.000000
0.045000	inf	0.000000
0.047000	11.441955	0.006538
0.049000	10.089287	0.063530
0.051000	8.966418	0.419508
0.053000	7.699694	3.527937
0.055000	6.765444	16.965924
0.057000	5.827724	82.066618
0.059000	5.104203	276.935352
0.061000	4.414985	882.159720
0.063000	3.876671	2180.457682
0.065000	3.375296	5065.007722
0.067000	2.951572	10325.776925
0.069000	2.579346	19304.993940
0.071000	2.262065	32908.070063
0.073000	1.969718	53793.909669
0.075000	1.669278	89139.792622
0.077000	1.352954	151707.023787
0.079000	1.037451	257834.723312
0.081000	0.763099	408915.954638
0.083000	0.518409	616981.370831
0.085000	0.326474	851913.439288
0.087000	0.189550	1072402.313353
0.089000	0.076392	1297088.446125
0.091000	0.016019	1435638.514436
0.093000	0.000000	1474823.872234
0.095000	0.044138	1369358.515360
0.097000	0.053180	1348702.106691
0.099000	0.087205	1273723.633381
0.101000	0.140973	1163649.128105
0.103000	0.166027	1115658.183027
0.105000	0.204564	1045675.622905
0.107000	0.234194	994867.627473
0.109000	0.286581	911002.966193
0.111000	0.357743	808290.508549
0.113000	0.439548	704440.858961
0.115000	0.528988	606105.781719
0.117000	0.650817	493862.820759
0.119000	0.799781	384462.251505
0.121000	0.924600	311694.613101
0.123000	1.102055	231300.412043
0.125000	1.207595	193698.623050
0.127000	1.299305	166024.745194
0.129000	1.361628	149511.217863
0.131000	1.368528	147786.984954
0.133000	1.421091	135288.812407
0.135000	1.490800	120328.961937
0.137000	1.505304	117430.694272
0.139000	1.556671	107716.088212
0.141000	1.654369	91402.016113
0.143000	1.751066	77689.351847
0.145000	1.848262	65978.530895
0.147000	1.941122	56442.926599
0.149000	2.074912	45074.901882
0.151000	2.238904	34214.582665
0.153000	2.372025	27354.313552
0.155000	2.542233	20547.727523
0.157000	2.756232	14339.448521
0.159000	2.913115	11015.361934
0.161000	3.056768	8652.151582
0.163000	3.174454	7099.147975
0.165000	3.244043	6315.422413
0.167000	3.399946	4859.420717
0.169000	3.345022	5329.447558
0.171000	3.380012	5025.009572
0.173000	3.328110	5483.130723
0.175000	3.355424	5237.065657
0.177000	3.380318	5022.427661
0.179000	3.422534	4678.359378
0.181000	3.489866	4177.703009
0.183000	3.572235	3637.499667
0.185000	3.659495	3141.222855
0.187000	3.751364	2691.711207
0.189000	3.809065	2442.889914
0.191000	3.873625	2191.649536
0.193000	3.998754	1775.905446
0.195000	4.043364	1647.600034
0.197000	4.080531	1547.810682
0.199000	4.132083	1419.325928
0.201000	4.150605	1375.813607
0.203000	4.141379	1397.319446
0.205000	4.163614	1346.054267
0.207000	4.108638	1476.379679
0.209000	4.113805	1463.612726
0.211000	4.125351	1435.477820
0.213000	4.074349	1563.980787
0.215000	4.036090	1667.870156
0.217000	4.033504	1675.137228
0.219000	4.048080	1634.591043
0.221000	4.061923	1596.992971
0.223000	4.150157	1376.851354
0.225000	4.166712	1339.062721
0.227000	4.239727	1184.392620
0.229000	4.301058	1068.367702
0.231000	4.401880	901.809658
0.233000	4.511985	749.430720
0.235000	4.655934	588.357108
0.237000	4.797133	464.041725
0.239000	4.942816	363.245339
0.241000	5.149904	256.456924
0.243000	5.319288	192.909677
0.245000	5.502466	141.782887
0.247000	5.644359	111.694989
0.249000	5.769544	90.498449
0.251000	5.756605	92.488544
0.253000	5.732254	96.353010
0.255000	5.645024	111.570279
0.257000	5.655373	109.645976
0.259000	5.569762	126.617445
0.261000	5.545488	131.890944
0.263000	5.479989	147.242439
0.265000	5.434816	158.859002
0.267000	5.393640	170.244311
0.269000	5.393218	170.365248
0.271000	5.413085	164.769642
0.273000	5.466910	150.515731
0.275000	5.542362	132.585995
0.277000	5.643387	111.877620
0.279000	5.802453	85.628079
0.281000	5.979892	63.544100
0.283000	6.196817	44.127306
0.285000	6.434742	29.580711
0.287000	6.698706	18.980166
0.289000	6.943682	12.573420
0.291000	7.218963	7.915564
0.293000	7.526243	4.722267
0.295000	7.847119	2.753545
0.297000	8.086844	1.840260
0.299000	8.392619	1.100642
0.301000	8.613398	0.759389
0.303000	8.875556	0.488736
0.305000	9.088672	0.341576
0.307000	9.261478	0.255464
0.309000	9.421631	0.195168
0.311000	9.464195	0.181691
0.313000	9.598624	0.144942
0.315000	9.599958	0.144617
0.317000	9.626292	0.138355
0.319000	9.706881	0.120826
0.321000	9.762332	0.110072
0.323000	9.895385	0.088012
0.325000	9.992805	0.074717
0.327000	10.139660	0.058372
0.329000	10.299884	0.044590
0.331000	10.465094	0.033777
0.333000	10.640404	0.025156
0.335000	10.799046	0.019267
0.337000	10.986721	0.014054
0.339000	11.196296	0.009881
0.341000	11.376164	0.007303
0.343000	11.589120	0.005105
0.345000	11.842804	0.003333
0.347000	12.065693	0.002291
0.349000	12.231722	0.001733
0.351000	12.486888	0.001129
0.353000	12.611838	0.000915
0.355000	12.768533	0.000703
0.357000	12.938980	0.000528
0.359000	13.119360	0.000390
0.361000	13.269297	0.000303
0.363000	13.411746	0.000238
0.365000	13.616352	0.000169
0.367000	13.810004	0.000122
0.369000	14.061095	0.000080
0.371000	14.240937	0.000059
0.373000	14.468767	0.000040
0.375000	14.671914	0.000029
0.377000	14.890952	0.000020
0.379000	15.069164	0.000015
0.381000	15.272818	0.000010
0.383000	15.408542	0.000008
0.385000	15.487156	0.000007
0.387000	15.571790	0.000006
0.389000	15.572513	0.000006
0.391000	15.635848	0.000006
0.393000	15.682871	0.000005
0.395000	15.693157	0.000005
0.397000	15.766822	0.000005
0.399000	15.819249	0.000004

# Dumping simulation biases, in the metadata file order 
# Window  F (free energy units)
# 0	0.000000
# 1	-6.496863
# 2	-9.568084
# 3	-9.509704
# 4	-7.834196
# 5	-6.254532
# 6	-5.465427
# 7	-4.301451
# 8	-1.658160
# 9	1.718289
# 10	5.271285
#Iteration 310:  0.002372
#Iteration 320:  0.002181
#Iteration 330:  0.002007
#Iteration 340:  0.001846
#Iteration 350:  0.001698
#Iteration 360:  0.001563
#Iteration 370:  0.001438
#Iteration 380:  0.001323
#Iteration 390:  0.001217
#Iteration 400:  0.001120
0.001000	inf	0.000000
0.003000	inf	0.000000
0.005000	inf	0.000000
0.007000	inf	0.000000
0.009000	inf	0.000000
0.011000	inf	0.000000
0.013000	inf	0.000000
0.015000	inf	0.000000
0.017000	inf	0.000000
0.019000	inf	0.000000
0.021000	inf	0.000000
0.023000	inf	0.000000
0.025000	inf	0.000000
0.027000	inf	0.000000
0.029000	inf	0.000000
0.031000	inf	0.000000
0.033000	inf	0.000000
0.035000	inf	0.000000
0.037000	inf	0.000000
0.039000	inf	0.000000
0.041000	inf	0.000000
0.043000	inf	0.000000
0.045000	inf	0.000000
0.047000	11.430020	0.006538
0.049000	10.077359	0.063528
0.051000	8.954500	0.419486
0.053000	7.687791	3.527665
0.055000	6.753563	16.963981
0.057000	5.815877	82.052648
0.059000	5.092404	276.865571
0.061000	4.403257	881.832409
0.063000	3.865045	2179.275321
0.065000	3.363814	5061.035644
0.067000	2.940289	10314.230896
0.069000	2.568329	19274.776013
0.071000	2.251392	32837.565694
0.073000	1.959472	53640.132951
0.075000	1.659543	88808.634763
0.077000	1.343815	150992.222169
0.079000	1.028996	256324.603761
0.081000	0.755432	405983.187672
0.083000	0.511650	611621.742564
0.085000	0.320761	843029.481204
0.087000	0.185031	1059091.208992
0.089000	0.073221	1278089.842328
0.091000	0.014354	1411034.226594
0.093000	0.000000	1445495.871655
0.095000	0.045947	1338052.810373
0.097000	0.056891	1313659.774405
0.099000	0.092828	1236651.438324
0.101000	0.148411	1126336.978996
0.103000	0.175104	1076912.827296
0.105000	0.215070	1006938.864091
0.107000	0.245941	956017.484890
0.109000	0.299448	873781.477501
0.111000	0.371708	773835.011457
0.113000	0.454712	673055.330268
0.115000	0.545583	577709.708878
0.117000	0.669216	469300.126156
0.119000	0.820484	363928.973250
0.121000	0.948186	293620.478020
0.123000	1.129101	216624.698171
0.125000	1.238543	180222.513280
0.127000	1.334347	153414.744820
0.129000	1.400640	137236.237842
0.131000	1.411112	134841.628834
0.133000	1.466677	122816.997070
0.135000	1.538774	108798.548257
0.137000	1.555108	105851.935862
0.139000	1.607853	96870.591861
0.141000	1.706599	82054.330962
0.143000	1.804136	69645.680430
0.145000	1.902074	59073.569983
0.147000	1.995688	50471.950315
0.149000	2.130356	40247.108648
0.151000	2.295480	30491.901474
0.153000	2.430148	24314.723414
0.155000	2.602520	18198.161391
0.157000	2.819545	12635.336902
0.159000	2.980594	9638.553367
0.161000	3.129817	7500.162122
0.163000	3.254645	6080.493927
0.165000	3.332901	5330.984098
0.167000	3.498642	4034.659769
0.169000	3.454071	4348.572775
0.171000	3.499121	4031.416227
0.173000	3.456264	4332.568455
0.175000	3.491164	4085.700584
0.177000	3.522059	3878.924289
0.179000	3.568810	3585.753463
0.181000	3.639459	3184.218663
0.183000	3.724207	2761.415147
0.185000	3.813164	2377.870581
0.187000	3.906264	2033.385774
0.189000	3.964898	1842.524451
0.191000	4.030235	1650.873698
0.193000	4.156100	1336.057145
0.195000	4.201518	1237.847770
0.197000	4.239681	1160.930605
0.199000	4.292547	1062.210393
0.201000	4.312853	1026.563767
0.203000	4.306039	1038.390681
0.205000	4.331462	994.949269
0.207000	4.280529	1083.888191
0.209000	4.290551	1065.781923
0.211000	4.307545	1035.765269
0.213000	4.262208	1117.789878
0.215000	4.229394	1181.181052
0.217000	4.231659	1176.691011
0.219000	4.250285	1140.419859
0.221000	4.267339	1108.189964
0.223000	4.358038	951.477344
0.225000	4.376471	922.447513
0.227000	4.450953	813.889273
0.229000	4.513515	732.641905
0.231000	4.615498	617.217394
0.233000	4.726861	511.842600
0.235000	4.872343	400.798889
0.237000	5.015555	315.045669
0.239000	5.163963	245.486062
0.241000	5.374746	172.243828
0.243000	5.549037	128.499356
0.245000	5.738489	93.452330
0.247000	5.887992	72.684888
0.249000	6.021822	58.041821
0.251000	6.017991	58.416791
0.253000	6.002512	59.956751
0.255000	5.923289	68.497636
0.257000	5.940395	66.555956
0.259000	5.860190	76.162536
0.261000	5.840091	78.779772
0.263000	5.777778	87.479612
0.265000	5.735079	93.989516
0.267000	5.695930	100.383090
0.269000	5.697315	100.149618
0.271000	5.718951	96.572582
0.273000	5.774629	87.943947
0.275000	5.852066	77.209746
0.277000	5.955180	64.922189
0.279000	6.116340	49.515020
0.281000	6.295757	36.622869
0.283000	6.514440	25.357189
0.285000	6.753856	16.955629
0.287000	7.019056	10.856824
0.289000	7.265072	7.179539
0.291000	7.541287	4.512780
0.293000	7.849495	2.688031
0.295000	8.171416	1.564636
0.297000	8.412433	1.043416
0.299000	8.719894	0.622291
0.301000	8.942908	0.427740
0.303000	9.207988	0.273941
0.305000	9.424792	0.190273
0.307000	9.602014	0.141252
0.309000	9.767115	0.107019
0.311000	9.814815	0.098773
0.313000	9.954170	0.078145
0.315000	9.959881	0.077398
0.317000	9.989847	0.073596
0.319000	10.073284	0.063965
0.321000	10.130870	0.058063
0.323000	10.265473	0.046305
0.325000	10.363994	0.039238
0.327000	10.511624	0.030614
0.329000	10.672395	0.023364
0.331000	10.838001	0.017687
0.333000	11.013614	0.013166
0.335000	11.172513	0.010080
0.337000	11.360437	0.007349
0.339000	11.570289	0.005165
0.341000	11.750501	0.003815
0.343000	11.963904	0.002665
0.345000	12.218178	0.001738
0.347000	12.441833	0.001193
0.349000	12.608817	0.000901
0.351000	12.865108	0.000586
0.353000	12.991297	0.000474
0.355000	13.149252	0.000363
0.357000	13.320884	0.000272
0.359000	13.502299	0.000201
0.361000	13.653081	0.000156
0.363000	13.796183	0.000122
0.365000	14.001275	0.000087
0.367000	14.195275	0.000063
0.369000	14.446611	0.000041
0.371000	14.626623	0.000030
0.373000	14.854569	0.000021
0.375000	15.057794	0.000015
0.377000	15.276886	0.000010
0.379000	15.455133	0.000008
0.381000	15.658811	0.000005
0.383000	15.794551	0.000004
0.385000	15.873176	0.000004
0.387000	15.957817	0.000003
0.389000	15.958545	0.000003
0.391000	16.021883	0.000003
0.393000	16.068908	0.000003
0.395000	16.079196	0.000003
0.397000	16.152862	0.000002
0.399000	16.205290	0.000002

# Dumping simulation biases, in the metadata file order 
# Window  F (free energy units)
# 0	0.000000
# 1	-6.493543
# 2	-9.558103
# 3	-9.484517
# 4	-7.769005
# 5	-6.087160
# 6	-5.242342
# 7	-3.989036
# 8	-1.326422
# 9	2.100543
# 10	5.665984
#Iteration 410:  0.001031
#Iteration 420:  0.000949
#Iteration 430:  0.000873
#Iteration 440:  0.000804
#Iteration 450:  0.000740
#Iteration 460:  0.000681
#Iteration 470:  0.000627
#Iteration 480:  0.000577
#Iteration 490:  0.000531
#Iteration 500:  0.000489
0.001000	inf	0.000000
0.003000	inf	0.000000
0.005000	inf	0.000000
0.007000	inf	0.000000
0.009000	inf	0.000000
0.011000	inf	0.000000
0.013000	inf	0.000000
0.015000	inf	0.000000
0.017000	inf	0.000000
0.019000	inf	0.000000
0.021000	inf	0.000000
0.023000	inf	0.000000
0.025000	inf	0.000000
0.027000	inf	0.000000
0.029000	inf	0.000000
0.031000	inf	0.000000
0.033000	inf	0.000000
0.035000	inf	0.000000
0.037000	inf	0.000000
0.039000	inf	0.000000
0.041000	inf	0.000000
0.043000	inf	0.000000
0.045000	inf	0.000000
0.047000	11.424831	0.006538
0.049000	10.072173	0.063527
0.051000	8.949318	0.419476
0.053000	7.682616	3.527547
0.055000	6.748397	16.963135
0.057000	5.810725	82.046575
0.059000	5.087274	276.835235
0.061000	4.398158	881.690137
0.063000	3.859990	2178.761480
0.065000	3.358821	5059.309875
0.067000	2.935383	10309.216210
0.069000	2.563538	19261.657768
0.071000	2.246752	32806.975690
0.073000	1.955016	53573.457704
0.075000	1.655309	88665.155475
0.077000	1.339840	150682.764896
0.079000	1.025319	255671.365630
0.081000	0.752097	404715.660839
0.083000	0.508710	609307.601645
0.085000	0.318276	839197.913473
0.087000	0.183065	1053357.579976
0.089000	0.071841	1269918.234449
0.091000	0.013630	1400469.066741
0.093000	0.000000	1432926.726403
0.095000	0.046732	1324666.705259
0.097000	0.058502	1298715.192043
0.099000	0.095265	1220885.944156
0.101000	0.151632	1110514.142507
0.103000	0.179032	1060524.359502
0.105000	0.219613	990589.130187
0.107000	0.251020	939646.921169
0.109000	0.305015	858115.553990
0.111000	0.377758	759344.437028
0.113000	0.461293	659862.456996
0.115000	0.552803	565778.423807
0.117000	0.677241	458985.805119
0.119000	0.829535	355316.776304
0.121000	0.958518	286056.007878
0.123000	1.140957	210503.732303
0.125000	1.252104	174628.808398
0.127000	1.349680	148210.934098
0.129000	1.417677	132202.134189
0.131000	1.429667	129564.191395
0.133000	1.486499	117759.044839
0.135000	1.559600	104142.084994
0.137000	1.576701	101190.983065
0.139000	1.630025	92515.002794
0.141000	1.729216	78306.344379
0.143000	1.827115	66423.957469
0.145000	1.925384	56309.661349
0.147000	2.019343	48082.568330
0.149000	2.154423	38315.192981
0.151000	2.320088	29001.882025
0.153000	2.455500	23097.669996
0.155000	2.628912	17257.070739
0.157000	2.847385	11952.779920
0.159000	3.010413	9087.608694
0.161000	3.162251	7040.431685
0.163000	3.290380	5676.192743
0.165000	3.372567	4943.745948
0.167000	3.542671	3714.246868
0.169000	3.502579	3973.194972
0.171000	3.551877	3657.205968
0.173000	3.512755	3905.807907
0.175000	3.550726	3664.290024
0.177000	3.584013	3464.883942
0.179000	3.632550	3193.403573
0.181000	3.704495	2829.632331
0.183000	3.790169	2450.094797
0.185000	3.879787	2107.446535
0.187000	3.973370	1800.675131
0.189000	4.032378	1630.631976
0.191000	4.098035	1460.234606
0.193000	4.224216	1181.144810
0.195000	4.269994	1093.662195
0.197000	4.308610	1024.923132
0.199000	4.362082	936.813806
0.201000	4.383213	904.120720
0.203000	4.377513	912.825489
0.205000	4.404400	872.486287
0.207000	4.355312	947.537134
0.209000	4.367523	928.283887
0.211000	4.386946	898.464482
0.213000	4.344101	965.562184
0.215000	4.313651	1016.274023
0.217000	4.317999	1008.873766
0.219000	4.338345	974.950701
0.221000	4.356755	945.240075
0.223000	4.448493	810.155129
0.225000	4.467719	784.389949
0.227000	4.542829	691.349342
0.229000	4.605929	621.771963
0.231000	4.708435	523.354565
0.233000	4.820380	433.580132
0.235000	4.966585	339.102936
0.237000	5.110754	266.121236
0.239000	5.260461	206.911659
0.241000	5.472996	144.751273
0.243000	5.649594	107.571133
0.245000	5.841957	77.850140
0.247000	5.994934	60.197396
0.249000	6.132632	47.758455
0.251000	6.132792	47.745595
0.253000	6.121118	48.691816
0.255000	6.045262	55.314051
0.257000	6.065162	53.494246
0.259000	5.987164	60.988845
0.261000	5.968756	62.905598
0.263000	5.907730	69.701443
0.265000	5.866035	74.762075
0.267000	5.827718	79.736063
0.269000	5.829859	79.449641
0.271000	5.852248	76.515055
0.273000	5.908724	69.585029
0.275000	5.987024	61.003173
0.277000	6.091047	51.216477
0.279000	6.253119	39.002101
0.281000	6.433395	28.805547
0.283000	6.652841	19.919020
0.285000	6.892903	13.304802
0.287000	7.158641	8.511467
0.289000	7.405114	5.624253
0.291000	7.681743	3.532725
0.293000	7.990371	2.102779
0.295000	8.312770	1.222993
0.297000	8.554383	0.814766
0.299000	8.862625	0.485287
0.301000	9.086673	0.332989
0.303000	9.353099	0.212777
0.305000	9.571590	0.147371
0.307000	9.750811	0.109036
0.309000	9.918127	0.082304
0.311000	9.968100	0.075673
0.313000	10.109609	0.059652
0.315000	10.117212	0.058895
0.317000	10.148733	0.055855
0.319000	10.233379	0.048447
0.321000	10.291867	0.043911
0.323000	10.427122	0.034980
0.325000	10.526106	0.029618
0.327000	10.674060	0.023097
0.329000	10.835061	0.017620
0.331000	11.000832	0.013335
0.333000	11.176574	0.009924
0.335000	11.335582	0.007596
0.337000	11.523613	0.005538
0.339000	11.733587	0.003891
0.341000	11.913949	0.002873
0.343000	12.127549	0.002006
0.345000	12.382084	0.001308
0.347000	12.606076	0.000898
0.349000	12.773479	0.000677
0.351000	13.030264	0.000440
0.353000	13.156994	0.000356
0.355000	13.315499	0.000272
0.357000	13.487647	0.000204
0.359000	13.669511	0.000150
0.361000	13.820658	0.000117
0.363000	13.964043	0.000092
0.365000	14.169344	0.000065
0.367000	14.363495	0.000047
0.369000	14.614936	0.000031
0.371000	14.795021	0.000023
0.373000	15.023017	0.000015
0.375000	15.226276	0.000011
0.377000	15.445391	0.000008
0.379000	15.623654	0.000006
0.381000	15.827341	0.000004
0.383000	15.963089	0.000003
0.385000	16.041718	0.000003
0.387000	16.126362	0.000002
0.389000	16.127093	0.000002
0.391000	16.190432	0.000002
0.393000	16.237458	0.000002
0.395000	16.247746	0.000002
0.397000	16.321412	0.000002
0.399000	16.373840	0.000002

# Dumping simulation biases, in the metadata file order 
# Window  F (free energy units)
# 0	0.000000
# 1	-6.492105
# 2	-9.553784
# 3	-9.473629
# 4	-7.740813
# 5	-6.014753
# 6	-5.145403
# 7	-3.852980
# 8	-1.181915
# 9	2.267422
# 10	5.838298
#Iteration 510:  0.000450
#Iteration 520:  0.000414
#Iteration 530:  0.000381
#Iteration 540:  0.000351
#Iteration 550:  0.000323
#Iteration 560:  0.000297
#Iteration 570:  0.000274
#Iteration 580:  0.000252
#Iteration 590:  0.000232
#Iteration 600:  0.000214
0.001000	inf	0.000000
0.003000	inf	0.000000
0.005000	inf	0.000000
0.007000	inf	0.000000
0.009000	inf	0.000000
0.011000	inf	0.000000
0.013000	inf	0.000000
0.015000	inf	0.000000
0.017000	inf	0.000000
0.019000	inf	0.000000
0.021000	inf	0.000000
0.023000	inf	0.000000
0.025000	inf	0.000000
0.027000	inf	0.000000
0.029000	inf	0.000000
0.031000	inf	0.000000
0.033000	inf	0.000000
0.035000	inf	0.000000
0.037000	inf	0.000000
0.039000	inf	0.000000
0.041000	inf	0.000000
0.043000	inf	0.000000
0.045000	inf	0.000000
0.047000	11.422565	0.006538
0.049000	10.069908	0.063527
0.051000	8.947055	0.419472
0.053000	7.680356	3.527496
0.055000	6.746142	16.962766
0.057000	5.808476	82.043923
0.059000	5.085034	276.821990
0.061000	4.395931	881.628024
0.063000	3.857782	2178.537167
0.065000	3.356642	5058.556590
0.067000	2.933241	10307.027675
0.069000	2.561447	19255.933786
0.071000	2.244725	32793.631438
0.073000	1.953071	53544.380454
0.075000	1.653461	88602.603850
0.077000	1.338105	150547.898925
0.079000	1.023713	255386.776438
0.081000	0.750640	404163.662350
0.083000	0.507426	608300.240720
0.085000	0.317190	837530.820574
0.087000	0.182207	1050864.303568
0.089000	0.071239	1266367.053937
0.091000	0.013313	1395881.044269
0.093000	0.000000	1427473.090720
0.095000	0.047075	1318864.405746
0.097000	0.059205	1292244.775931
0.099000	0.096328	1214068.514134
0.101000	0.153035	1103680.267593
0.103000	0.180742	1053454.024026
0.105000	0.221592	983542.003759
0.107000	0.253233	932595.804976
0.109000	0.307440	851371.324810
0.111000	0.380395	753108.270642
0.113000	0.464164	654186.019130
0.115000	0.555955	560645.795452
0.117000	0.680749	454550.050790
0.119000	0.833497	351615.070486
0.121000	0.963043	282807.854226
0.123000	1.146151	207879.511893
0.125000	1.258044	172235.754916
0.127000	1.356391	145990.359763
0.129000	1.425127	130059.767531
0.131000	1.437774	127324.011509
0.133000	1.495152	115616.787678
0.135000	1.568685	102173.390310
0.137000	1.586115	99223.055074
0.139000	1.639689	90677.801582
0.141000	1.739072	76726.497722
0.143000	1.837130	65066.535886
0.145000	1.935544	55145.430085
0.147000	2.029657	47076.209789
0.149000	2.164924	37501.506417
0.151000	2.330835	28374.255766
0.153000	2.466585	22584.951901
0.155000	2.640471	16860.571184
0.157000	2.859603	11665.236774
0.159000	3.023526	8855.647868
0.161000	3.176541	6847.157541
0.163000	3.306147	5506.687734
0.165000	3.390076	4782.088433
0.167000	3.562094	3581.250001
0.169000	3.523947	3818.420236
0.171000	3.575071	3503.973429
0.173000	3.537538	3732.175418
0.175000	3.576805	3493.771631
0.177000	3.611095	3298.078850
0.179000	3.660378	3035.859911
0.181000	3.732862	2687.596466
0.183000	3.818921	2325.604954
0.185000	3.908814	1999.441509
0.187000	4.002600	1707.812041
0.189000	4.061766	1546.128367
0.191000	4.127560	1384.242281
0.193000	4.253878	1119.417705
0.195000	4.299814	1036.230519
0.197000	4.338632	970.771136
0.199000	4.392376	886.912237
0.201000	4.413878	855.428249
0.203000	4.408677	862.939349
0.205000	4.436219	823.897116
0.207000	4.387952	893.533802
0.209000	4.401135	873.949615
0.211000	4.421629	844.354153
0.213000	4.379877	905.745620
0.215000	4.350457	951.665876
0.217000	4.355707	943.303055
0.219000	4.376797	910.446179
0.221000	4.395792	881.834789
0.223000	4.487977	755.243308
0.225000	4.507545	730.803836
0.227000	4.582927	643.824684
0.229000	4.646263	578.800739
0.231000	4.749000	486.995178
0.233000	4.861207	403.280558
0.235000	5.007739	315.232310
0.237000	5.152343	247.207455
0.239000	5.302639	192.015792
0.241000	5.515967	134.151427
0.243000	5.693604	99.519857
0.245000	5.887272	71.865627
0.247000	6.041792	55.425829
0.249000	6.181195	43.847020
0.251000	6.183098	43.707010
0.253000	6.173070	44.450051
0.255000	6.098657	50.372958
0.257000	6.119748	48.618354
0.259000	6.042685	55.342769
0.261000	6.024991	57.013579
0.263000	5.964508	63.115213
0.265000	5.923239	67.649310
0.267000	5.885276	72.107106
0.269000	5.887741	71.808928
0.271000	5.910456	69.118708
0.273000	5.967280	62.821857
0.275000	6.045956	55.039265
0.277000	6.150376	46.178514
0.279000	6.312846	35.142092
0.281000	6.493497	25.938329
0.283000	6.713276	17.926311
0.285000	6.953620	11.968103
0.287000	7.219594	7.653316
0.289000	7.466267	5.055498
0.291000	7.743079	3.174501
0.293000	8.051893	1.888962
0.295000	8.374505	1.098241
0.297000	8.616386	0.731326
0.299000	8.924978	0.435333
0.301000	9.149490	0.298480
0.303000	9.416518	0.190532
0.305000	9.635761	0.131798
0.307000	9.815871	0.097368
0.309000	9.984166	0.073376
0.311000	10.035137	0.067351
0.313000	10.177588	0.053008
0.315000	10.186014	0.052263
0.317000	10.218209	0.049509
0.319000	10.303377	0.042905
0.321000	10.362254	0.038862
0.323000	10.497789	0.030944
0.325000	10.596971	0.026192
0.327000	10.745065	0.020420
0.329000	10.906164	0.015575
0.331000	11.072007	0.011786
0.333000	11.247804	0.008771
0.335000	11.406859	0.006713
0.337000	11.594937	0.004893
0.339000	11.804964	0.003438
0.341000	11.985391	0.002538
0.343000	12.199078	0.001772
0.345000	12.453727	0.001155
0.347000	12.677868	0.000792
0.349000	12.845455	0.000598
0.351000	13.102456	0.000388
0.353000	13.229423	0.000314
0.355000	13.388169	0.000240
0.357000	13.560542	0.000180
0.359000	13.742601	0.000132
0.361000	13.893908	0.000103
0.363000	14.037416	0.000081
0.365000	14.242808	0.000057
0.367000	14.437024	0.000041
0.369000	14.688512	0.000027
0.371000	14.868628	0.000020
0.373000	15.096646	0.000014
0.375000	15.299920	0.000010
0.377000	15.519044	0.000007
0.379000	15.697314	0.000005
0.381000	15.901006	0.000004
0.383000	16.036756	0.000003
0.385000	16.115387	0.000002
0.387000	16.200033	0.000002
0.389000	16.200764	0.000002
0.391000	16.264105	0.000002
0.393000	16.311131	0.000002
0.395000	16.321419	0.000002
0.397000	16.395086	0.000002
0.399000	16.447514	0.000001

# Dumping simulation biases, in the metadata file order 
# Window  F (free energy units)
# 0	0.000000
# 1	-6.491478
# 2	-9.551902
# 3	-9.468888
# 4	-7.728535
# 5	-5.983231
# 6	-5.103112
# 7	-3.793584
# 8	-1.118820
# 9	2.340361
# 10	5.913615
#Iteration 610:  0.000197
#Iteration 620:  0.000181
#Iteration 630:  0.000167
#Iteration 640:  0.000153
#Iteration 650:  0.000141
#Iteration 660:  0.000130
#Iteration 670:  0.000120
#Iteration 680:  0.000110
#Iteration 690:  0.000101
#Iteration 700:  0.000093
0.001000	inf	0.000000
0.003000	inf	0.000000
0.005000	inf	0.000000
0.007000	inf	0.000000
0.009000	inf	0.000000
0.011000	inf	0.000000
0.013000	inf	0.000000
0.015000	inf	0.000000
0.017000	inf	0.000000
0.019000	inf	0.000000
0.021000	inf	0.000000
0.023000	inf	0.000000
0.025000	inf	0.000000
0.027000	inf	0.000000
0.029000	inf	0.000000
0.031000	inf	0.000000
0.033000	inf	0.000000
0.035000	inf	0.000000
0.037000	inf	0.000000
0.039000	inf	0.000000
0.041000	inf	0.000000
0.043000	inf	0.000000
0.045000	inf	0.000000
0.047000	11.421575	0.006538
0.049000	10.068918	0.063527
0.051000	8.946066	0.419471
0.053000	7.679369	3.527473
0.055000	6.745156	16.962605
0.057000	5.807493	82.042764
0.059000	5.084055	276.816202
0.061000	4.394958	881.600878
0.063000	3.856818	2178.439138
0.065000	3.355689	5058.227409
0.067000	2.932305	10306.071365
0.069000	2.560533	19253.432832
0.071000	2.243840	32787.801624
0.073000	1.952221	53531.678845
0.075000	1.652653	88575.283694
0.077000	1.337346	150489.003383
0.079000	1.023011	255262.516605
0.081000	0.750004	403922.684241
0.083000	0.506864	607860.553653
0.085000	0.316716	836803.332903
0.087000	0.181831	1049776.550893
0.089000	0.070975	1264818.195177
0.091000	0.013175	1393880.600766
0.093000	0.000000	1425096.112552
0.095000	0.047225	1316336.569045
0.097000	0.059512	1289427.278123
0.099000	0.096792	1211101.508145
0.101000	0.153648	1100707.686771
0.103000	0.181489	1050380.069448
0.105000	0.222456	980479.366076
0.107000	0.254199	929532.373533
0.109000	0.308499	848441.861365
0.111000	0.381547	750399.883492
0.113000	0.465419	651720.962351
0.115000	0.557333	558417.087468
0.117000	0.682284	452624.194858
0.119000	0.835230	350008.312300
0.121000	0.965023	281398.587961
0.123000	1.148425	206741.737248
0.125000	1.260644	171199.182185
0.127000	1.359328	145029.572929
0.129000	1.428386	129133.908491
0.131000	1.441318	126356.955335
0.133000	1.498934	114692.889240
0.135000	1.572654	101324.997228
0.137000	1.590227	98375.485742
0.139000	1.643909	89886.867159
0.141000	1.743376	76046.553638
0.143000	1.841503	64482.429890
0.145000	1.939981	54644.509430
0.147000	2.034162	46643.235593
0.149000	2.169512	37151.426345
0.151000	2.335532	28104.215716
0.153000	2.471433	22364.339698
0.155000	2.645530	16689.960253
0.157000	2.864954	11541.517700
0.159000	3.029275	8755.873461
0.161000	3.182811	6764.081462
0.163000	3.313069	5433.920889
0.165000	3.397764	4712.824899
0.167000	3.570620	3524.411489
0.169000	3.533321	3752.468191
0.171000	3.585235	3438.873544
0.173000	3.548389	3658.611659
0.175000	3.588214	3421.695518
0.177000	3.622935	3227.702489
0.179000	3.672537	2969.483600
0.181000	3.745252	2627.814595
0.183000	3.831476	2273.245890
0.185000	3.921487	1954.038837
0.187000	4.015359	1668.788634
0.189000	4.074593	1510.626973
0.191000	4.140446	1352.322873
0.193000	4.266825	1093.494441
0.195000	4.312831	1012.115015
0.197000	4.351738	948.036818
0.199000	4.405602	865.967067
0.201000	4.427267	834.996803
0.203000	4.422287	842.015899
0.205000	4.450119	803.529561
0.207000	4.402213	870.914472
0.209000	4.415824	851.214323
0.211000	4.436788	821.739245
0.213000	4.395514	880.777900
0.215000	4.366544	924.732553
0.217000	4.372188	916.000360
0.219000	4.393601	883.614013
0.221000	4.412850	855.480745
0.223000	4.505229	732.433378
0.225000	4.524946	708.554759
0.227000	4.600447	624.099173
0.229000	4.663885	560.970084
0.231000	4.766725	471.911712
0.233000	4.879048	390.714025
0.235000	5.025724	305.334935
0.237000	5.170521	239.368181
0.239000	5.321079	185.844938
0.241000	5.534759	129.763364
0.243000	5.712857	96.190104
0.245000	5.907101	69.393895
0.247000	6.062301	53.458398
0.249000	6.202452	42.237478
0.251000	6.205115	42.048786
0.253000	6.195803	42.712205
0.255000	6.122016	48.352646
0.257000	6.143621	46.628089
0.259000	6.066961	53.041267
0.261000	6.049575	54.614348
0.263000	5.989326	60.435439
0.265000	5.948240	64.757078
0.267000	5.910431	69.006515
0.269000	5.913036	68.704906
0.271000	5.935893	66.115213
0.273000	5.992868	60.076665
0.275000	6.071709	52.619608
0.277000	6.176303	44.135514
0.279000	6.338947	33.577535
0.281000	6.519761	24.776707
0.283000	6.739685	17.119316
0.285000	6.980154	11.426962
0.287000	7.246230	7.306006
0.289000	7.492991	4.825368
0.291000	7.769882	3.029587
0.293000	8.078779	1.802483
0.295000	8.401486	1.047796
0.297000	8.643484	0.697596
0.299000	8.952231	0.415146
0.301000	9.176948	0.284541
0.303000	9.444242	0.181554
0.305000	9.663817	0.125517
0.307000	9.844318	0.092667
0.309000	10.013043	0.069783
0.311000	10.064452	0.064005
0.313000	10.207314	0.050341
0.315000	10.216100	0.049603
0.317000	10.248588	0.046966
0.319000	10.333984	0.040686
0.321000	10.393029	0.036841
0.323000	10.528686	0.029329
0.325000	10.627954	0.024821
0.327000	10.776108	0.019349
0.329000	10.937250	0.014758
0.331000	11.103124	0.011167
0.333000	11.278945	0.008309
0.335000	11.438021	0.006360
0.337000	11.626120	0.004636
0.339000	11.836169	0.003257
0.341000	12.016626	0.002404
0.343000	12.230350	0.001679
0.345000	12.485049	0.001094
0.347000	12.709255	0.000751
0.349000	12.876923	0.000566
0.351000	13.134019	0.000367
0.353000	13.261090	0.000297
0.355000	13.419941	0.000227
0.357000	13.592412	0.000170
0.359000	13.774556	0.000125
0.361000	13.925933	0.000097
0.363000	14.069495	0.000076
0.365000	14.274927	0.000054
0.367000	14.469171	0.000039
0.369000	14.720679	0.000026
0.371000	14.900809	0.000019
0.373000	15.128836	0.000013
0.375000	15.332116	0.000009
0.377000	15.551245	0.000006
0.379000	15.729518	0.000005
0.381000	15.933212	0.000003
0.383000	16.068964	0.000003
0.385000	16.147595	0.000002
0.387000	16.232242	0.000002
0.389000	16.232973	0.000002
0.391000	16.296314	0.000002
0.393000	16.343340	0.000002
0.395000	16.353629	0.000002
0.397000	16.427295	0.000001
0.399000	16.479723	0.000001

# Dumping simulation biases, in the metadata file order 
# Window  F (free energy units)
# 0	0.000000
# 1	-6.491204
# 2	-9.551081
# 3	-9.466818
# 4	-7.723175
# 5	-5.969474
# 6	-5.084638
# 7	-3.767630
# 8	-1.091248
# 9	2.372249
# 10	5.946542
#Iteration 710:  0.000086
#Iteration 720:  0.000079
#Iteration 730:  0.000073
#Iteration 740:  0.000067
#Iteration 750:  0.000062
#Iteration 760:  0.000057
#Iteration 770:  0.000052
#Iteration 780:  0.000048
#Iteration 790:  0.000044
#Iteration 800:  0.000041
0.001000	inf	0.000000
0.003000	inf	0.000000
0.005000	inf	0.000000
0.007000	inf	0.000000
0.009000	inf	0.000000
0.011000	inf	0.000000
0.013000	inf	0.000000
0.015000	inf	0.000000
0.017000	inf	0.000000
0.019000	inf	0.000000
0.021000	inf	0.000000
0.023000	inf	0.000000
0.025000	inf	0.000000
0.027000	inf	0.000000
0.029000	inf	0.000000
0.031000	inf	0.000000
0.033000	inf	0.000000
0.035000	inf	0.000000
0.037000	inf	0.000000
0.039000	inf	0.000000
0.041000	inf	0.000000
0.043000	inf	0.000000
0.045000	inf	0.000000
0.047000	11.421142	0.006538
0.049000	10.068486	0.063526
0.051000	8.945634	0.419470
0.053000	7.678937	3.527463
0.055000	6.744725	16.962534
0.057000	5.807064	82.042257
0.059000	5.083627	276.813671
0.061000	4.394533	881.589012
0.063000	3.856396	2178.396285
0.065000	3.355272	5058.083512
0.067000	2.931895	10305.653336
0.069000	2.560133	19252.339642
0.071000	2.243452	32785.253480
0.073000	1.951849	53526.127426
0.075000	1.652300	88563.343763
0.077000	1.337014	150463.265500
0.079000	1.022705	255208.217636
0.081000	0.749726	403817.389512
0.083000	0.506619	607668.449280
0.085000	0.316508	836485.514804
0.087000	0.181667	1049301.394330
0.089000	0.070860	1264141.698617
0.091000	0.013115	1393006.986867
0.093000	0.000000	1424058.231278
0.095000	0.047291	1315233.028531
0.097000	0.059646	1288197.553838
0.099000	0.096995	1209806.833934
0.101000	0.153916	1099410.881248
0.103000	0.181816	1049039.320875
0.105000	0.222834	979143.786686
0.107000	0.254621	928196.626646
0.109000	0.308962	847164.649657
0.111000	0.382051	749219.132846
0.113000	0.465967	650646.339782
0.115000	0.557936	557445.536651
0.117000	0.682955	451784.713981
0.119000	0.835988	349308.003122
0.121000	0.965889	280784.476016
0.123000	1.149419	206246.083362
0.125000	1.261781	170747.801657
0.127000	1.360612	144611.398380
0.129000	1.429811	128731.142775
0.131000	1.442868	125936.471613
0.133000	1.500587	114291.338294
0.135000	1.574388	100956.386087
0.137000	1.592024	98007.325521
0.139000	1.645753	89543.370087
0.141000	1.745257	75751.295845
0.143000	1.843414	64228.809241
0.145000	1.941920	54427.018341
0.147000	2.036131	46455.249487
0.149000	2.171518	36999.430554
0.151000	2.337586	27986.969311
0.153000	2.473553	22268.551765
0.155000	2.647743	16615.881637
0.157000	2.867296	11487.801246
0.159000	3.031791	8712.559281
0.161000	3.185557	6728.027742
0.163000	3.316101	5402.359147
0.165000	3.401131	4682.808514
0.167000	3.574354	3499.807325
0.169000	3.537425	3723.955589
0.171000	3.589684	3410.765978
0.173000	3.553136	3626.887628
0.175000	3.593204	3390.644320
0.177000	3.628111	3197.407688
0.179000	3.677852	2940.927807
0.181000	3.750667	2602.107001
0.183000	3.836962	2250.737245
0.185000	3.927024	1934.524924
0.187000	4.020934	1652.019080
0.189000	4.080197	1495.372624
0.191000	4.146076	1338.608798
0.193000	4.272482	1082.357382
0.195000	4.318518	1001.755313
0.197000	4.357464	938.271213
0.199000	4.411381	856.970884
0.201000	4.433118	826.222443
0.203000	4.428235	833.031917
0.205000	4.456193	794.786509
0.207000	4.408447	861.208151
0.209000	4.422245	841.462497
0.211000	4.443415	812.044055
0.213000	4.402350	870.080035
0.215000	4.373577	913.198910
0.217000	4.379393	904.314474
0.219000	4.400947	872.134455
0.221000	4.420306	844.209609
0.223000	4.512770	722.680560
0.225000	4.532552	699.043627
0.227000	4.608104	615.668092
0.229000	4.671588	553.349817
0.231000	4.774473	465.466189
0.233000	4.886846	385.344620
0.235000	5.033587	301.106529
0.237000	5.178469	236.019587
0.239000	5.329141	183.209606
0.241000	5.542976	127.889976
0.243000	5.721277	94.769155
0.245000	5.915773	68.339715
0.247000	6.071272	52.619923
0.249000	6.211750	41.552130
0.251000	6.214746	41.343384
0.253000	6.205746	41.973635
0.255000	6.132232	47.494775
0.257000	6.154060	45.783597
0.259000	6.077576	52.065287
0.261000	6.060323	53.597385
0.263000	6.000176	59.299953
0.265000	5.959169	63.531893
0.267000	5.921427	67.693346
0.269000	5.924094	67.390531
0.271000	5.947012	64.843635
0.273000	6.004054	58.914661
0.275000	6.082966	51.595603
0.277000	6.187636	43.271093
0.279000	6.350356	32.915689
0.281000	6.531242	24.285410
0.283000	6.751230	16.778065
0.285000	6.991752	11.198166
0.287000	7.257873	7.159181
0.289000	7.504672	4.728090
0.291000	7.781599	2.968336
0.293000	8.090532	1.765935
0.295000	8.413280	1.026479
0.297000	8.655330	0.683344
0.299000	8.964145	0.406618
0.301000	9.188952	0.278653
0.303000	9.456363	0.177762
0.305000	9.676084	0.122866
0.307000	9.856756	0.090684
0.309000	10.025670	0.068267
0.311000	10.077270	0.062595
0.313000	10.220313	0.049217
0.315000	10.229255	0.048482
0.317000	10.261872	0.045896
0.319000	10.347366	0.039752
0.321000	10.406485	0.035991
0.323000	10.542195	0.028650
0.325000	10.641500	0.024245
0.327000	10.789681	0.018899
0.329000	10.950841	0.014414
0.331000	11.116729	0.010906
0.333000	11.292560	0.008115
0.335000	11.451645	0.006211
0.337000	11.639753	0.004527
0.339000	11.849812	0.003180
0.341000	12.030282	0.002348
0.343000	12.244023	0.001639
0.345000	12.498744	0.001068
0.347000	12.722978	0.000733
0.349000	12.890681	0.000553
0.351000	13.147818	0.000359
0.353000	13.274935	0.000290
0.355000	13.433832	0.000222
0.357000	13.606346	0.000166
0.359000	13.788528	0.000122
0.361000	13.939935	0.000095
0.363000	14.083520	0.000074
0.365000	14.288969	0.000053
0.367000	14.483226	0.000038
0.369000	14.734742	0.000025
0.371000	14.914879	0.000018
0.373000	15.142910	0.000013
0.375000	15.346193	0.000009
0.377000	15.565324	0.000006
0.379000	15.743598	0.000005
0.381000	15.947293	0.000003
0.383000	16.083045	0.000003
0.385000	16.161677	0.000002
0.387000	16.246324	0.000002
0.389000	16.247056	0.000002
0.391000	16.310396	0.000002
0.393000	16.357423	0.000002
0.395000	16.367711	0.000002
0.397000	16.441378	0.000001
0.399000	16.493806	0.000001

# Dumping simulation biases, in the metadata file order 
# Window  F (free energy units)
# 0	0.000000
# 1	-6.491084
# 2	-9.550721
# 3	-9.465914
# 4	-7.720833
# 5	-5.963464
# 6	-5.076563
# 7	-3.756286
# 8	-1.079196
# 9	2.386190
# 10	5.960938
#Iteration 810:  0.000038
#Iteration 820:  0.000035
#Iteration 830:  0.000032
#Iteration 840:  0.000029
#Iteration 850:  0.000027
#Iteration 860:  0.000025
#Iteration 870:  0.000023
#Iteration 880:  0.000021
#Iteration 890:  0.000019
#Iteration 900:  0.000018
0.001000	inf	0.000000
0.003000	inf	0.000000
0.005000	inf	0.000000
0.007000	inf	0.000000
0.009000	inf	0.000000
0.011000	inf	0.000000
0.013000	inf	0.000000
0.015000	inf	0.000000
0.017000	inf	0.000000
0.019000	inf	0.000000
0.021000	inf	0.000000
0.023000	inf	0.000000
0.025000	inf	0.000000
0.027000	inf	0.000000
0.029000	inf	0.000000
0.031000	inf	0.000000
0.033000	inf	0.000000
0.035000	inf	0.000000
0.037000	inf	0.000000
0.039000	inf	0.000000
0.041000	inf	0.000000
0.043000	inf	0.000000
0.045000	inf	0.000000
0.047000	11.420953	0.006538
0.049000	10.068297	0.063526
0.051000	8.945445	0.419469
0.053000	7.678748	3.527459
0.055000	6.744537	16.962504
0.057000	5.806876	82.042036
0.059000	5.083440	276.812565
0.061000	4.394347	881.583824
0.063000	3.856212	2178.377550
0.065000	3.355090	5058.020602
0.067000	2.931717	10305.470582
0.069000	2.559958	19251.861726
0.071000	2.243283	32784.139517
0.073000	1.951686	53523.700593
0.075000	1.652145	88558.124296
0.077000	1.336869	150452.014662
0.079000	1.022570	255184.482555
0.081000	0.749604	403771.364717
0.083000	0.506512	607584.482603
0.085000	0.316418	836346.605736
0.087000	0.181595	1049093.726893
0.089000	0.070810	1263846.051145
0.091000	0.013088	1392625.217010
0.093000	0.000000	1423604.708792
0.095000	0.047319	1314750.855369
0.097000	0.059705	1287660.298280
0.099000	0.097083	1209241.260449
0.101000	0.154033	1098844.434214
0.103000	0.181958	1048453.733203
0.105000	0.222999	978560.501183
0.107000	0.254805	927613.302057
0.109000	0.309164	846606.910653
0.111000	0.382271	748703.531117
0.113000	0.466207	650177.090011
0.115000	0.558199	557021.301840
0.117000	0.683248	451418.157898
0.119000	0.836319	349002.230597
0.121000	0.966268	280516.362351
0.123000	1.149854	206029.715899
0.125000	1.262278	170550.796413
0.127000	1.361174	144428.924953
0.129000	1.430434	128555.432516
0.131000	1.443545	125753.070456
0.133000	1.501309	114116.226844
0.135000	1.575147	100795.662698
0.137000	1.592810	97846.816418
0.139000	1.646559	89393.625410
0.141000	1.746079	75622.587699
0.143000	1.844249	64118.255375
0.145000	1.942768	54332.215379
0.147000	2.036992	46373.308277
0.149000	2.172394	36933.177123
0.151000	2.338483	27935.862422
0.153000	2.474480	22226.798066
0.155000	2.648710	16583.590832
0.157000	2.868320	11464.386671
0.159000	3.032892	8693.680138
0.161000	3.186759	6712.315378
0.163000	3.317428	5388.607855
0.165000	3.402605	4669.735476
0.167000	3.575987	3489.096750
0.169000	3.539220	3711.550575
0.171000	3.591630	3398.544132
0.173000	3.555212	3613.100429
0.175000	3.595386	3377.155443
0.177000	3.630374	3184.251944
0.179000	3.680176	2928.530465
0.181000	3.753034	2590.948297
0.183000	3.839360	2240.968397
0.185000	3.929445	1926.056601
0.187000	4.023370	1644.742192
0.189000	4.082647	1488.753553
0.191000	4.148537	1332.658291
0.193000	4.274954	1077.525185
0.195000	4.321003	997.260534
0.197000	4.359967	934.034341
0.199000	4.413907	853.067999
0.201000	4.435675	822.416016
0.203000	4.430835	829.134869
0.205000	4.458849	790.994399
0.207000	4.411172	856.998877
0.209000	4.425052	837.234296
0.211000	4.446312	807.841358
0.213000	4.405339	865.443831
0.215000	4.376651	908.201712
0.217000	4.382542	899.252435
0.219000	4.404158	867.162723
0.221000	4.423566	839.328873
0.223000	4.516067	718.457785
0.225000	4.535877	694.925852
0.227000	4.611452	612.018157
0.229000	4.674956	550.051067
0.231000	4.777860	462.676104
0.233000	4.890255	383.020465
0.235000	5.037024	299.276357
0.237000	5.181943	234.570326
0.239000	5.332666	182.069153
0.241000	5.546569	127.079369
0.243000	5.724958	94.154434
0.245000	5.919566	67.883779
0.247000	6.075195	52.257398
0.249000	6.215816	41.255927
0.251000	6.218958	41.038641
0.253000	6.210094	41.654695
0.255000	6.136699	47.124455
0.257000	6.158625	45.419169
0.259000	6.082217	51.644225
0.261000	6.065022	53.158729
0.263000	6.004920	58.810246
0.265000	5.963947	63.003561
0.267000	5.926234	67.127126
0.269000	5.928928	66.823836
0.271000	5.951873	64.295435
0.273000	6.008944	58.413742
0.275000	6.087888	51.154211
0.277000	6.192591	42.898523
0.279000	6.355344	32.630456
0.281000	6.536262	24.073696
0.283000	6.756277	16.631022
0.285000	6.996823	11.099586
0.287000	7.262963	7.095923
0.289000	7.509779	4.686180
0.291000	7.786722	2.941949
0.293000	8.095670	1.750190
0.295000	8.418436	1.017296
0.297000	8.660509	0.677205
0.299000	8.969354	0.402944
0.301000	9.194201	0.276118
0.303000	9.461663	0.176129
0.305000	9.681447	0.121724
0.307000	9.862194	0.089830
0.309000	10.031190	0.067615
0.311000	10.082875	0.061988
0.313000	10.225996	0.048733
0.315000	10.235007	0.048001
0.317000	10.267679	0.045435
0.319000	10.353217	0.039350
0.321000	10.412368	0.035626
0.323000	10.548102	0.028358
0.325000	10.647423	0.023997
0.327000	10.795616	0.018706
0.329000	10.956784	0.014266
0.331000	11.122677	0.010794
0.333000	11.298513	0.008032
0.335000	11.457602	0.006147
0.337000	11.645714	0.004481
0.339000	11.855777	0.003148
0.341000	12.036252	0.002324
0.343000	12.250001	0.001622
0.345000	12.504732	0.001057
0.347000	12.728978	0.000725
0.349000	12.896697	0.000547
0.351000	13.153852	0.000355
0.353000	13.280988	0.000287
0.355000	13.439905	0.000220
0.357000	13.612438	0.000164
0.359000	13.794636	0.000121
0.361000	13.946057	0.000094
0.363000	14.089652	0.000074
0.365000	14.295109	0.000052
0.367000	14.489371	0.000038
0.369000	14.740891	0.000025
0.371000	14.921030	0.000018
0.373000	15.149063	0.000012
0.375000	15.352348	0.000009
0.377000	15.571479	0.000006
0.379000	15.749754	0.000005
0.381000	15.953449	0.000003
0.383000	16.089202	0.000003
0.385000	16.167834	0.000002
0.387000	16.252481	0.000002
0.389000	16.253213	0.000002
0.391000	16.316553	0.000002
0.393000	16.363580	0.000002
0.395000	16.373868	0.000002
0.397000	16.447535	0.000001
0.399000	16.499963	0.000001

# Dumping simulation biases, in the metadata file order 
# Window  F (free energy units)
# 0	0.000000
# 1	-6.491032
# 2	-9.550565
# 3	-9.465518
# 4	-7.719809
# 5	-5.960837
# 6	-5.073034
# 7	-3.751327
# 8	-1.073927
# 9	2.392286
# 10	5.967233
#Iteration 910:  0.000016
#Iteration 920:  0.000015
#Iteration 930:  0.000014
#Iteration 940:  0.000013
#Iteration 950:  0.000012
#Iteration 960:  0.000011
#Iteration 970:  0.000010
#Iteration 980:  0.000009
#Iteration 990:  0.000008
#Iteration 1000:  0.000008
0.001000	inf	0.000000
0.003000	inf	0.000000
0.005000	inf	0.000000
0.007000	inf	0.000000
0.009000	inf	0.000000
0.011000	inf	0.000000
0.013000	inf	0.000000
0.015000	inf	0.000000
0.017000	inf	0.000000
0.019000	inf	0.000000
0.021000	inf	0.000000
0.023000	inf	0.000000
0.025000	inf	0.000000
0.027000	inf	0.000000
0.029000	inf	0.000000
0.031000	inf	0.000000
0.033000	inf	0.000000
0.035000	inf	0.000000
0.037000	inf	0.000000
0.039000	inf	0.000000
0.041000	inf	0.000000
0.043000	inf	0.000000
0.045000	inf	0.000000
0.047000	11.420870	0.006538
0.049000	10.068214	0.063526
0.051000	8.945362	0.419469
0.053000	7.678666	3.527457
0.055000	6.744454	16.962490
0.057000	5.806794	82.041939
0.059000	5.083359	276.812081
0.061000	4.394266	881.581555
0.063000	3.856131	2178.369359
0.065000	3.355011	5057.993097
0.067000	2.931638	10305.390681
0.069000	2.559882	19251.652781
0.071000	2.243209	32783.652496
0.073000	1.951615	53522.639598
0.075000	1.652078	88555.842409
0.077000	1.336806	150447.095995
0.079000	1.022512	255174.106134
0.081000	0.749551	403751.244035
0.083000	0.506465	607547.775423
0.085000	0.316378	836285.880825
0.087000	0.181564	1049002.945713
0.089000	0.070788	1263716.812769
0.091000	0.013077	1392458.335824
0.093000	0.000000	1423406.468910
0.095000	0.047332	1314540.099671
0.097000	0.059731	1287425.476149
0.099000	0.097122	1208994.072303
0.101000	0.154085	1098596.875261
0.103000	0.182021	1048197.819332
0.105000	0.223071	978305.601899
0.107000	0.254886	927358.392196
0.109000	0.309253	846363.185973
0.111000	0.382367	748478.222587
0.113000	0.466312	649972.038105
0.115000	0.558315	556835.921860
0.117000	0.683376	451257.983881
0.119000	0.836464	348868.620002
0.121000	0.966434	280399.211599
0.123000	1.150044	205935.180882
0.125000	1.262496	170464.727918
0.127000	1.361420	144349.212639
0.129000	1.430706	128478.682172
0.131000	1.443841	125672.968118
0.133000	1.501625	114039.751197
0.135000	1.575478	100725.475150
0.137000	1.593153	97776.725818
0.139000	1.646912	89328.237650
0.141000	1.746438	75566.387124
0.143000	1.844614	64069.982633
0.145000	1.943138	54290.820552
0.147000	2.037368	46337.529551
0.149000	2.172778	36904.248288
0.151000	2.338876	27913.547088
0.153000	2.474885	22208.566636
0.155000	2.649134	16569.491277
0.157000	2.868768	11454.162935
0.159000	3.033374	8685.436977
0.161000	3.187284	6705.455343
0.163000	3.318008	5382.604688
0.165000	3.403249	4664.029350
0.167000	3.576702	3484.422801
0.169000	3.540005	3706.138525
0.171000	3.592481	3393.213318
0.173000	3.556120	3607.088217
0.175000	3.596340	3371.274444
0.177000	3.631364	3178.517053
0.179000	3.681191	2923.126791
0.181000	3.754069	2586.084913
0.183000	3.840409	2236.711013
0.185000	3.930503	1922.366154
0.187000	4.024436	1641.571058
0.189000	4.083717	1485.869143
0.191000	4.149613	1330.065265
0.193000	4.276035	1075.419509
0.195000	4.322090	995.301916
0.197000	4.361061	932.188134
0.199000	4.415011	851.367358
0.201000	4.436793	820.757448
0.203000	4.431972	827.436876
0.205000	4.460010	789.342210
0.207000	4.412364	855.165054
0.209000	4.426279	835.392381
0.211000	4.447579	806.010733
0.213000	4.406646	863.424593
0.215000	4.377996	906.025480
0.217000	4.383919	897.048178
0.219000	4.405563	864.997968
0.221000	4.424991	837.203878
0.223000	4.517508	716.619347
0.225000	4.537331	693.133195
0.227000	4.612916	610.429217
0.229000	4.676428	548.615042
0.231000	4.779341	461.461538
0.233000	4.891746	382.008746
0.235000	5.038527	298.479691
0.237000	5.183462	233.939488
0.239000	5.334208	181.572755
0.241000	5.548140	126.726563
0.243000	5.726568	93.886907
0.245000	5.921224	67.685378
0.247000	6.076911	52.099667
0.249000	6.217594	41.127073
0.251000	6.220799	40.906096
0.253000	6.211995	41.516000
0.255000	6.138652	46.963444
0.257000	6.160621	45.260743
0.259000	6.084246	51.461199
0.261000	6.067077	52.968070
0.263000	6.006993	58.597413
0.265000	5.966036	62.773952
0.267000	5.928336	66.881061
0.269000	5.931041	66.577575
0.271000	5.953998	64.057219
0.273000	6.011082	58.196078
0.275000	6.090040	50.962422
0.277000	6.194757	42.736643
0.279000	6.357525	32.506529
0.281000	6.538456	23.981715
0.283000	6.758483	16.567140
0.285000	6.999039	11.056759
0.287000	7.265189	7.068442
0.289000	7.512012	4.667974
0.291000	7.788961	2.930486
0.293000	8.097916	1.743350
0.295000	8.420690	1.013307
0.297000	8.662773	0.674538
0.299000	8.971632	0.401349
0.301000	9.196495	0.275017
0.303000	9.463980	0.175420
0.305000	9.683792	0.121228
0.307000	9.864572	0.089459
0.309000	10.033604	0.067332
0.311000	10.085326	0.061725
0.313000	10.228481	0.048523
0.315000	10.237522	0.047791
0.317000	10.270219	0.045235
0.319000	10.355775	0.039176
0.321000	10.414940	0.035467
0.323000	10.550684	0.028231
0.325000	10.650013	0.023890
0.327000	10.798210	0.018622
0.329000	10.959382	0.014202
0.331000	11.125278	0.010746
0.333000	11.301116	0.007996
0.335000	11.460206	0.006120
0.337000	11.648320	0.004461
0.339000	11.858386	0.003133
0.341000	12.038863	0.002313
0.343000	12.252615	0.001615
0.345000	12.507349	0.001053
0.347000	12.731601	0.000722
0.349000	12.899327	0.000545
0.351000	13.156490	0.000353
0.353000	13.283635	0.000285
0.355000	13.442560	0.000219
0.357000	13.615102	0.000164
0.359000	13.797307	0.000120
0.361000	13.948733	0.000093
0.363000	14.092333	0.000073
0.365000	14.297793	0.000052
0.367000	14.492058	0.000037
0.369000	14.743580	0.000025
0.371000	14.923720	0.000018
0.373000	15.151754	0.000012
0.375000	15.355039	0.000009
0.377000	15.574170	0.000006
0.379000	15.752445	0.000004
0.381000	15.956141	0.000003
0.383000	16.091893	0.000003
0.385000	16.170526	0.000002
0.387000	16.255172	0.000002
0.389000	16.255905	0.000002
0.391000	16.319245	0.000002
0.393000	16.366272	0.000002
0.395000	16.376560	0.000002
0.397000	16.450227	0.000001
0.399000	16.502655	0.000001

# Dumping simulation biases, in the metadata file order 
# Window  F (free energy units)
# 0	0.000000
# 1	-6.491009
# 2	-9.550496
# 3	-9.465346
# 4	-7.719361
# 5	-5.959688
# 6	-5.071491
# 7	-3.749158
# 8	-1.071624
# 9	2.394951
# 10	5.969985
#Iteration 1010:  0.000007
#Iteration 1020:  0.000007
#Iteration 1030:  0.000006
#Iteration 1040:  0.000006
#Iteration 1050:  0.000005
#Iteration 1060:  0.000005
#Iteration 1070:  0.000004
#Iteration 1080:  0.000004
#Iteration 1090:  0.000004
#Iteration 1100:  0.000003
0.001000	inf	0.000000
0.003000	inf	0.000000
0.005000	inf	0.000000
0.007000	inf	0.000000
0.009000	inf	0.000000
0.011000	inf	0.000000
0.013000	inf	0.000000
0.015000	inf	0.000000
0.017000	inf	0.000000
0.019000	inf	0.000000
0.021000	inf	0.000000
0.023000	inf	0.000000
0.025000	inf	0.000000
0.027000	inf	0.000000
0.029000	inf	0.000000
0.031000	inf	0.000000
0.033000	inf	0.000000
0.035000	inf	0.000000
0.037000	inf	0.000000
0.039000	inf	0.000000
0.041000	inf	0.000000
0.043000	inf	0.000000
0.045000	inf	0.000000
0.047000	11.420834	0.006538
0.049000	10.068178	0.063526
0.051000	8.945326	0.419469
0.053000	7.678629	3.527456
0.055000	6.744418	16.962484
0.057000	5.806758	82.041896
0.059000	5.083323	276.811869
0.061000	4.394230	881.580564
0.063000	3.856096	2178.365778
0.065000	3.354976	5057.981071
0.067000	2.931604	10305.355747
0.069000	2.559848	19251.561427
0.071000	2.243177	32783.439565
0.073000	1.951584	53522.175723
0.075000	1.652048	88554.844753
0.077000	1.336778	150444.945533
0.079000	1.022486	255169.569546
0.081000	0.749527	403742.447296
0.083000	0.506444	607531.727195
0.085000	0.316361	836259.332352
0.087000	0.181550	1048963.257222
0.089000	0.070778	1263660.311806
0.091000	0.013072	1392385.378873
0.093000	0.000000	1423319.803777
0.095000	0.047337	1314447.964438
0.097000	0.059742	1287322.821767
0.099000	0.097139	1208886.014140
0.101000	0.154107	1098488.657100
0.103000	0.182048	1048085.950856
0.105000	0.223102	978194.178555
0.107000	0.254921	927246.965471
0.109000	0.309291	846256.649380
0.111000	0.382409	748379.736555
0.113000	0.466357	649882.406891
0.115000	0.558365	556754.889798
0.117000	0.683432	451187.970027
0.119000	0.836528	348810.217858
0.121000	0.966506	280348.005012
0.123000	1.150127	205893.860687
0.125000	1.262591	170427.109645
0.127000	1.361527	144314.373912
0.129000	1.430825	128445.139428
0.131000	1.443971	125637.961840
0.133000	1.501763	114006.331015
0.135000	1.575623	100694.803746
0.137000	1.593303	97746.097424
0.139000	1.647066	89299.664748
0.141000	1.746595	75541.829060
0.143000	1.844774	64048.888950
0.145000	1.943300	54272.732374
0.147000	2.037533	46321.895451
0.149000	2.172945	36891.607358
0.151000	2.339048	27903.796024
0.153000	2.475062	22200.600089
0.155000	2.649319	16563.330221
0.157000	2.868964	11449.695503
0.159000	3.033584	8681.835032
0.161000	3.187514	6702.457853
0.163000	3.318262	5379.981732
0.165000	3.403531	4661.536361
0.167000	3.577015	3482.380960
0.169000	3.540349	3703.774494
0.171000	3.592853	3390.885024
0.173000	3.556517	3604.462575
0.175000	3.596757	3368.706320
0.177000	3.631797	3176.012897
0.179000	3.681635	2920.767378
0.181000	3.754521	2583.961484
0.183000	3.840867	2234.852221
0.185000	3.930965	1920.754918
0.187000	4.024901	1640.186569
0.189000	4.084185	1484.609847
0.191000	4.150083	1328.933191
0.193000	4.276507	1074.500209
0.195000	4.322565	994.446825
0.197000	4.361540	931.382124
0.199000	4.415494	850.624905
0.201000	4.437282	820.033371
0.203000	4.432469	826.695599
0.205000	4.460518	788.620944
0.207000	4.412884	854.364518
0.209000	4.426816	834.588342
0.211000	4.448133	805.211658
0.213000	4.407217	862.543229
0.215000	4.378583	905.075634
0.217000	4.384522	896.086141
0.219000	4.406176	864.053205
0.221000	4.425614	836.276493
0.223000	4.518138	715.817039
0.225000	4.537966	692.350878
0.227000	4.613556	609.735812
0.229000	4.677072	547.988375
0.231000	4.779988	460.931517
0.233000	4.892398	381.567250
0.235000	5.039184	298.132044
0.237000	5.184126	233.664208
0.239000	5.334882	181.356145
0.241000	5.548827	126.572615
0.243000	5.727272	93.770174
0.245000	5.921949	67.598812
0.247000	6.077661	52.030851
0.249000	6.218372	41.070859
0.251000	6.221604	40.848277
0.253000	6.212826	41.455504
0.255000	6.139506	46.893219
0.257000	6.161493	45.191648
0.259000	6.085133	51.381379
0.261000	6.067975	52.884926
0.263000	6.007900	58.504601
0.265000	5.966950	62.673827
0.267000	5.929255	66.773762
0.269000	5.931965	66.470191
0.271000	5.954927	63.953345
0.273000	6.012017	58.101168
0.275000	6.090980	50.878795
0.277000	6.195704	42.666059
0.279000	6.358478	32.452494
0.281000	6.539415	23.941610
0.283000	6.759448	16.539287
0.285000	7.000009	11.038087
0.287000	7.266162	7.056460
0.289000	7.512988	4.660036
0.291000	7.789940	2.925488
0.293000	8.098898	1.740368
0.295000	8.421676	1.011568
0.297000	8.663763	0.673376
0.299000	8.972627	0.400653
0.301000	9.197498	0.274536
0.303000	9.464993	0.175111
0.305000	9.684817	0.121012
0.307000	9.865612	0.089297
0.309000	10.034660	0.067208
0.311000	10.086397	0.061610
0.313000	10.229567	0.048432
0.315000	10.238621	0.047700
0.317000	10.271329	0.045148
0.319000	10.356894	0.039100
0.321000	10.416065	0.035398
0.323000	10.551813	0.028176
0.325000	10.651145	0.023843
0.327000	10.799345	0.018585
0.329000	10.960518	0.014174
0.331000	11.126415	0.010725
0.333000	11.302254	0.007980
0.335000	11.461345	0.006107
0.337000	11.649459	0.004452
0.339000	11.859526	0.003127
0.341000	12.040004	0.002309
0.343000	12.253757	0.001612
0.345000	12.508494	0.001050
0.347000	12.732748	0.000721
0.349000	12.900477	0.000544
0.351000	13.157643	0.000353
0.353000	13.284792	0.000285
0.355000	13.443721	0.000218
0.357000	13.616266	0.000163
0.359000	13.798475	0.000120
0.361000	13.949904	0.000093
0.363000	14.093506	0.000073
0.365000	14.298967	0.000052
0.367000	14.493233	0.000037
0.369000	14.744755	0.000024
0.371000	14.924896	0.000018
0.373000	15.152930	0.000012
0.375000	15.356215	0.000009
0.377000	15.575347	0.000006
0.379000	15.753622	0.000004
0.381000	15.957317	0.000003
0.383000	16.093070	0.000003
0.385000	16.171703	0.000002
0.387000	16.256349	0.000002
0.389000	16.257082	0.000002
0.391000	16.320422	0.000002
0.393000	16.367449	0.000002
0.395000	16.377737	0.000002
0.397000	16.451404	0.000001
0.399000	16.503832	0.000001

# Dumping simulation biases, in the metadata file order 
# Window  F (free energy units)
# 0	0.000000
# 1	-6.490999
# 2	-9.550466
# 3	-9.465270
# 4	-7.719166
# 5	-5.959186
# 6	-5.070816
# 7	-3.748210
# 8	-1.070616
# 9	2.396116
# 10	5.971188
#Iteration 1110:  0.000003
#Iteration 1120:  0.000003
#Iteration 1130:  0.000003
#Iteration 1140:  0.000002
#Iteration 1150:  0.000002
#Iteration 1160:  0.000002
#Iteration 1170:  0.000002
#Iteration 1180:  0.000002
#Iteration 1190:  0.000002
#Iteration 1200:  0.000001
0.001000	inf	0.000000
0.003000	inf	0.000000
0.005000	inf	0.000000
0.007000	inf	0.000000
0.009000	inf	0.000000
0.011000	inf	0.000000
0.013000	inf	0.000000
0.015000	inf	0.000000
0.017000	inf	0.000000
0.019000	inf	0.000000
0.021000	inf	0.000000
0.023000	inf	0.000000
0.025000	inf	0.000000
0.027000	inf	0.000000
0.029000	inf	0.000000
0.031000	inf	0.000000
0.033000	inf	0.000000
0.035000	inf	0.000000
0.037000	inf	0.000000
0.039000	inf	0.000000
0.041000	inf	0.000000
0.043000	inf	0.000000
0.045000	inf	0.000000
0.047000	11.420818	0.006538
0.049000	10.068162	0.063526
0.051000	8.945311	0.419469
0.053000	7.678614	3.527456
0.055000	6.744403	16.962482
0.057000	5.806742	82.041878
0.059000	5.083307	276.811777
0.061000	4.394214	881.580130
0.063000	3.856081	2178.364212
0.065000	3.354961	5057.975813
0.067000	2.931589	10305.340473
0.069000	2.559834	19251.521486
0.071000	2.243163	32783.346468
0.073000	1.951571	53521.972909
0.075000	1.652035	88554.408563
0.077000	1.336766	150444.005323
0.079000	1.022475	255167.586094
0.081000	0.749517	403738.601263
0.083000	0.506435	607524.710752
0.085000	0.316353	836247.725137
0.087000	0.181544	1048945.905149
0.089000	0.070774	1263635.609319
0.091000	0.013069	1392353.481914
0.093000	0.000000	1423281.913792
0.095000	0.047340	1314407.683208
0.097000	0.059747	1287277.941958
0.099000	0.097147	1208838.772240
0.101000	0.154117	1098441.345652
0.103000	0.182060	1048037.043917
0.105000	0.223116	978145.466530
0.107000	0.254937	927198.252206
0.109000	0.309308	846210.074132
0.111000	0.382427	748336.680917
0.113000	0.466377	649843.222420
0.115000	0.558387	556719.464706
0.117000	0.683457	451157.361873
0.119000	0.836555	348784.686131
0.121000	0.966538	280325.619135
0.123000	1.150164	205875.797026
0.125000	1.262632	170410.664576
0.127000	1.361574	144299.144211
0.129000	1.430878	128430.476540
0.131000	1.444027	125622.659452
0.133000	1.501824	113991.722183
0.135000	1.575686	100681.396640
0.137000	1.593369	97732.709240
0.139000	1.647133	89287.175138
0.141000	1.746664	75531.094439
0.143000	1.844844	64039.668678
0.145000	1.943371	54264.825854
0.147000	2.037605	46315.061637
0.149000	2.173019	36886.081888
0.151000	2.339123	27899.533738
0.153000	2.475140	22197.117830
0.155000	2.649399	16560.637160
0.157000	2.869050	11447.742745
0.159000	3.033676	8680.260596
0.161000	3.187614	6701.147643
0.163000	3.318373	5378.835256
0.165000	3.403654	4660.446727
0.167000	3.577151	3481.488550
0.169000	3.540499	3702.741316
0.171000	3.593016	3389.867513
0.173000	3.556691	3603.315168
0.175000	3.596939	3367.584089
0.177000	3.631986	3174.918649
0.179000	3.681830	2919.736402
0.181000	3.754719	2583.033638
0.183000	3.841067	2234.040019
0.185000	3.931167	1920.050891
0.187000	4.025105	1639.581622
0.189000	4.084390	1484.059606
0.191000	4.150289	1328.438540
0.193000	4.276714	1074.098529
0.195000	4.322773	994.073201
0.197000	4.361749	931.029947
0.199000	4.415705	850.300500
0.201000	4.437496	819.716996
0.203000	4.432686	826.371711
0.205000	4.460739	788.305803
0.207000	4.413112	854.014746
0.209000	4.427051	834.237045
0.211000	4.448375	804.862536
0.213000	4.407467	862.158163
0.215000	4.378840	904.660657
0.217000	4.384785	895.665845
0.219000	4.406445	863.640462
0.221000	4.425886	835.871348
0.223000	4.518414	715.466539
0.225000	4.538244	692.009114
0.227000	4.613835	609.432891
0.229000	4.677353	547.714611
0.231000	4.780271	460.699975
0.233000	4.892682	381.374380
0.235000	5.039471	297.980173
0.237000	5.184417	233.543952
0.239000	5.335176	181.261520
0.241000	5.549127	126.505364
0.243000	5.727580	93.719182
0.245000	5.922266	67.560998
0.247000	6.077989	52.000791
0.249000	6.218712	41.046306
0.251000	6.221956	40.823023
0.253000	6.213190	41.429081
0.255000	6.139880	46.862548
0.257000	6.161875	45.161472
0.259000	6.085521	51.346520
0.261000	6.068368	52.848615
0.263000	6.008297	58.464068
0.265000	5.967349	62.630101
0.267000	5.929656	66.726903
0.269000	5.932369	66.423295
0.271000	5.955334	63.907983
0.273000	6.012425	58.059720
0.275000	6.091392	50.842275
0.277000	6.196118	42.635236
0.279000	6.358895	32.428898
0.281000	6.539835	23.924096
0.283000	6.759870	16.527124
0.285000	7.000432	11.029933
0.287000	7.266587	7.051228
0.289000	7.513415	4.656570
0.291000	7.790368	2.923306
0.293000	8.099328	1.739066
0.295000	8.422107	1.010808
0.297000	8.664196	0.672868
0.299000	8.973063	0.400350
0.301000	9.197937	0.274327
0.303000	9.465436	0.174976
0.305000	9.685265	0.120918
0.307000	9.866066	0.089227
0.309000	10.035121	0.067155
0.311000	10.086865	0.061560
0.313000	10.230042	0.048392
0.315000	10.239102	0.047660
0.317000	10.271814	0.045110
0.319000	10.357383	0.039067
0.321000	10.416557	0.035368
0.323000	10.552307	0.028151
0.325000	10.651640	0.023822
0.327000	10.799841	0.018569
0.329000	10.961015	0.014162
0.331000	11.126912	0.010715
0.333000	11.302752	0.007973
0.335000	11.461843	0.006102
0.337000	11.649957	0.004448
0.339000	11.860024	0.003125
0.341000	12.040503	0.002307
0.343000	12.254257	0.001611
0.345000	12.508994	0.001050
0.347000	12.733249	0.000720
0.349000	12.900979	0.000543
0.351000	13.158147	0.000352
0.353000	13.285298	0.000285
0.355000	13.444229	0.000218
0.357000	13.616775	0.000163
0.359000	13.798985	0.000120
0.361000	13.950415	0.000093
0.363000	14.094018	0.000073
0.365000	14.299480	0.000052
0.367000	14.493746	0.000037
0.369000	14.745269	0.000024
0.371000	14.925410	0.000018
0.373000	15.153444	0.000012
0.375000	15.356730	0.000009
0.377000	15.575861	0.000006
0.379000	15.754136	0.000004
0.381000	15.957832	0.000003
0.383000	16.093585	0.000003
0.385000	16.172217	0.000002
0.387000	16.256864	0.000002
0.389000	16.257596	0.000002
0.391000	16.320937	0.000002
0.393000	16.367963	0.000002
0.395000	16.378252	0.000002
0.397000	16.451918	0.000001
0.399000	16.504347	0.000001

# Dumping simulation biases, in the metadata file order 
# Window  F (free energy units)
# 0	0.000000
# 1	-6.490995
# 2	-9.550453
# 3	-9.465237
# 4	-7.719080
# 5	-5.958967
# 6	-5.070521
# 7	-3.747796
# 8	-1.070176
# 9	2.396626
# 10	5.971714
#Iteration 1210:  0.000001
#Iteration 1220:  0.000001
#Iteration 1230:  0.000001
#Iteration 1240:  0.000001
#Iteration 1250:  0.000001
#Iteration 1260:  0.000001
#Iteration 1270:  0.000001
#Iteration 1280:  0.000001
#Iteration 1290:  0.000001
#Iteration 1300:  0.000001
0.001000	inf	0.000000
0.003000	inf	0.000000
0.005000	inf	0.000000
0.007000	inf	0.000000
0.009000	inf	0.000000
0.011000	inf	0.000000
0.013000	inf	0.000000
0.015000	inf	0.000000
0.017000	inf	0.000000
0.019000	inf	0.000000
0.021000	inf	0.000000
0.023000	inf	0.000000
0.025000	inf	0.000000
0.027000	inf	0.000000
0.029000	inf	0.000000
0.031000	inf	0.000000
0.033000	inf	0.000000
0.035000	inf	0.000000
0.037000	inf	0.000000
0.039000	inf	0.000000
0.041000	inf	0.000000
0.043000	inf	0.000000
0.045000	inf	0.000000
0.047000	11.420811	0.006538
0.049000	10.068155	0.063526
0.051000	8.945304	0.419469
0.053000	7.678607	3.527456
0.055000	6.744396	16.962481
0.057000	5.806735	82.041870
0.059000	5.083300	276.811737
0.061000	4.394208	881.579941
0.063000	3.856074	2178.363528
0.065000	3.354954	5057.973515
0.067000	2.931583	10305.333795
0.069000	2.559828	19251.504023
0.071000	2.243156	32783.305764
0.073000	1.951565	53521.884235
0.075000	1.652030	88554.217854
0.077000	1.336761	150443.594246
0.079000	1.022470	255166.718895
0.081000	0.749513	403736.919714
0.083000	0.506432	607521.643052
0.085000	0.316350	836242.650286
0.087000	0.181542	1048938.318571
0.089000	0.070772	1263624.809054
0.091000	0.013068	1392339.536158
0.093000	0.000000	1423265.347852
0.095000	0.047341	1314390.071841
0.097000	0.059749	1287258.320114
0.099000	0.097150	1208818.117748
0.101000	0.154121	1098420.660829
0.103000	0.182065	1048015.661608
0.105000	0.223122	978124.169498
0.107000	0.254943	927176.954677
0.109000	0.309316	846189.711379
0.111000	0.382435	748317.856961
0.113000	0.466386	649826.090953
0.115000	0.558397	556703.976850
0.117000	0.683468	451143.979996
0.119000	0.836568	348773.523686
0.121000	0.966552	280315.832083
0.123000	1.150180	205867.899675
0.125000	1.262650	170403.474914
0.127000	1.361594	144292.485951
0.129000	1.430900	128424.066136
0.131000	1.444052	125615.969520
0.133000	1.501850	113985.335503
0.135000	1.575714	100675.535361
0.137000	1.593398	97726.856258
0.139000	1.647163	89281.715005
0.141000	1.746694	75526.401552
0.143000	1.844874	64035.637828
0.145000	1.943402	54261.369344
0.147000	2.037636	46312.074085
0.149000	2.173051	36883.666306
0.151000	2.339155	27897.670385
0.153000	2.475174	22195.595483
0.155000	2.649435	16559.459828
0.157000	2.869087	11446.889053
0.159000	3.033717	8679.572298
0.161000	3.187658	6700.574860
0.163000	3.318421	5378.334057
0.165000	3.403708	4659.970385
0.167000	3.577211	3481.098433
0.169000	3.540564	3702.289671
0.171000	3.593087	3389.422726
0.173000	3.556767	3602.813608
0.175000	3.597019	3367.093542
0.177000	3.632068	3174.440341
0.179000	3.681915	2919.285754
0.181000	3.754806	2582.628072
0.183000	3.841155	2233.685003
0.185000	3.931256	1919.743161
0.187000	4.025194	1639.317200
0.189000	4.084480	1483.819096
0.191000	4.150379	1328.222328
0.193000	4.276804	1073.922956
0.195000	4.322864	993.909891
0.197000	4.361840	930.876011
0.199000	4.415797	850.158703
0.201000	4.437589	819.578710
0.203000	4.432781	826.230142
0.205000	4.460837	788.168057
0.207000	4.413212	853.861865
0.209000	4.427153	834.083498
0.211000	4.448481	804.709941
0.213000	4.407576	861.989858
0.215000	4.378953	904.479280
0.217000	4.384900	895.482145
0.219000	4.406562	863.460065
0.221000	4.426006	835.694272
0.223000	4.518534	715.313347
0.225000	4.538366	691.859741
0.227000	4.613958	609.300496
0.229000	4.677476	547.594959
0.231000	4.780395	460.598777
0.233000	4.892807	381.290084
0.235000	5.039597	297.913796
0.237000	5.184544	233.491393
0.239000	5.335305	181.220163
0.241000	5.549259	126.475972
0.243000	5.727714	93.696896
0.245000	5.922405	67.544472
0.247000	6.078132	51.987654
0.249000	6.218860	41.035575
0.251000	6.222110	40.811986
0.253000	6.213349	41.417533
0.255000	6.140043	46.849144
0.257000	6.162042	45.148285
0.259000	6.085690	51.331286
0.261000	6.068540	52.832747
0.263000	6.008470	58.446355
0.265000	5.967524	62.610992
0.267000	5.929832	66.706426
0.269000	5.932546	66.402802
0.271000	5.955511	63.888159
0.273000	6.012604	58.041608
0.275000	6.091571	50.826316
0.277000	6.196299	42.621766
0.279000	6.359077	32.418586
0.281000	6.540018	23.916443
0.283000	6.760054	16.521809
0.285000	7.000618	11.026369
0.287000	7.266773	7.048942
0.289000	7.513602	4.655056
0.291000	7.790556	2.922352
0.293000	8.099516	1.738497
0.295000	8.422295	1.010476
0.297000	8.664385	0.672646
0.299000	8.973253	0.400217
0.301000	9.198129	0.274235
0.303000	9.465629	0.174917
0.305000	9.685461	0.120877
0.307000	9.866265	0.089196
0.309000	10.035323	0.067131
0.311000	10.087070	0.061538
0.313000	10.230250	0.048374
0.315000	10.239312	0.047643
0.317000	10.272027	0.045094
0.319000	10.357597	0.039052
0.321000	10.416772	0.035354
0.323000	10.552523	0.028141
0.325000	10.651857	0.023813
0.327000	10.800057	0.018562
0.329000	10.961232	0.014157
0.331000	11.127130	0.010711
0.333000	11.302969	0.007970
0.335000	11.462061	0.006100
0.337000	11.650175	0.004446
0.339000	11.860242	0.003123
0.341000	12.040722	0.002306
0.343000	12.254475	0.001610
0.345000	12.509213	0.001049
0.347000	12.733468	0.000720
0.349000	12.901199	0.000543
0.351000	13.158368	0.000352
0.353000	13.285519	0.000285
0.355000	13.444451	0.000218
0.357000	13.616998	0.000163
0.359000	13.799209	0.000120
0.361000	13.950639	0.000093
0.363000	14.094242	0.000073
0.365000	14.299705	0.000052
0.367000	14.493971	0.000037
0.369000	14.745494	0.000024
0.371000	14.925635	0.000018
0.373000	15.153669	0.000012
0.375000	15.356955	0.000009
0.377000	15.576086	0.000006
0.379000	15.754361	0.000004
0.381000	15.958057	0.000003
0.383000	16.093810	0.000003
0.385000	16.172442	0.000002
0.387000	16.257089	0.000002
0.389000	16.257821	0.000002
0.391000	16.321162	0.000002
0.393000	16.368188	0.000002
0.395000	16.378477	0.000002
0.397000	16.452143	0.000001
0.399000	16.504572	0.000001

# Dumping simulation biases, in the metadata file order 
# Window  F (free energy units)
# 0	0.000000
# 1	-6.490993
# 2	-9.550447
# 3	-9.465223
# 4	-7.719043
# 5	-5.958871
# 6	-5.070392
# 7	-3.747615
# 8	-1.069984
# 9	2.396848
# 10	5.971944
#Iteration 1310:  0.000001
#Iteration 1320:  0.000001
#Iteration 1330:  0.000001
#Iteration 1340:  0.000000
# Dumping simulation biases, in the metadata file order 
# Window  F (free energy units)
# 0	0.000000
# 1	-6.490992
# 2	-9.550446
# 3	-9.465219
# 4	-7.719033
# 5	-5.958847
# 6	-5.070359
# 7	-3.747569
# 8	-1.069935
# 9	2.396905
# 10	5.972003
# No MC error analysis requested
