# /home/btan/Software/WHAM/wham/wham/wham 0.0 0.4 200 1e-06 300 0 /home/btan/Documents/BD2_DCAF16_8ov6/umbrella_sampling/RMSD/results/backbone_RMSD/BD2withDCAF16/run1/RED/metafile.txt /home/btan/Documents/BD2_DCAF16_8ov6/umbrella_sampling/RMSD/results/backbone_RMSD/BD2withDCAF16/run1/RED/pmf.txt
#Number of windows = 11
#Iteration 10:  0.027044
#Iteration 20:  0.019539
#Iteration 30:  0.018675
#Iteration 40:  0.018344
#Iteration 50:  0.017453
#Iteration 60:  0.016300
#Iteration 70:  0.015051
#Iteration 80:  0.013797
#Iteration 90:  0.012589
#Iteration 100:  0.011453
0.001000	inf	0.000000
0.003000	inf	0.000000
0.005000	inf	0.000000
0.007000	inf	0.000000
0.009000	inf	0.000000
0.011000	inf	0.000000
0.013000	inf	0.000000
0.015000	inf	0.000000
0.017000	inf	0.000000
0.019000	inf	0.000000
0.021000	inf	0.000000
0.023000	inf	0.000000
0.025000	inf	0.000000
0.027000	inf	0.000000
0.029000	inf	0.000000
0.031000	inf	0.000000
0.033000	inf	0.000000
0.035000	inf	0.000000
0.037000	inf	0.000000
0.039000	inf	0.000000
0.041000	inf	0.000000
0.043000	inf	0.000000
0.045000	inf	0.000000
0.047000	inf	0.000000
0.049000	8.769886	0.105538
0.051000	7.543237	0.829723
0.053000	6.574087	4.231247
0.055000	5.494545	25.977415
0.057000	4.705435	97.879546
0.059000	3.957758	343.984464
0.061000	3.301374	1036.900629
0.063000	2.748395	2626.900038
0.065000	2.262357	5946.739592
0.067000	1.852012	11853.722302
0.069000	1.513394	20944.275124
0.071000	1.232277	33596.736075
0.073000	0.973298	51923.814358
0.075000	0.756195	74793.517735
0.077000	0.580029	100571.521270
0.079000	0.423032	130946.003993
0.081000	0.270299	169276.136541
0.083000	0.151738	206610.419326
0.085000	0.083327	231790.996304
0.087000	0.008171	263005.287984
0.089000	0.000000	266642.791060
0.091000	0.004819	264491.303429
0.093000	0.020185	257747.109890
0.095000	0.022023	256951.940048
0.097000	0.054396	243342.163748
0.099000	0.071195	236566.488928
0.101000	0.081533	232490.890378
0.103000	0.091993	228438.600915
0.105000	0.155139	205432.546085
0.107000	0.160214	203687.389616
0.109000	0.196261	191711.561470
0.111000	0.234680	179721.581852
0.113000	0.304521	159812.926436
0.115000	0.397027	136797.300092
0.117000	0.516724	111864.237110
0.119000	0.581912	100253.765177
0.121000	0.713859	80310.397065
0.123000	0.855149	63331.816801
0.125000	0.998672	49755.604167
0.127000	1.140098	39227.663652
0.129000	1.286872	30650.625660
0.131000	1.491669	21723.306436
0.133000	1.641866	16876.140853
0.135000	1.831857	12262.207744
0.137000	1.991443	9376.951835
0.139000	2.166579	6985.583973
0.141000	2.274837	5823.287016
0.143000	2.339636	5222.292903
0.145000	2.422021	4546.896313
0.147000	2.494660	4024.243962
0.149000	2.516752	3877.540477
0.151000	2.505581	3951.040470
0.153000	2.473365	4170.916115
0.155000	2.486938	4076.826268
0.157000	2.404455	4683.167072
0.159000	2.373021	4937.280677
0.161000	2.369792	4964.156401
0.163000	2.359275	5052.696886
0.165000	2.322987	5370.517009
0.167000	2.348045	5148.993014
0.169000	2.305979	5526.273785
0.171000	2.284765	5726.910356
0.173000	2.264844	5921.932440
0.175000	2.242730	6146.217179
0.177000	2.225874	6322.868025
0.179000	2.235150	6225.034058
0.181000	2.259122	5979.172291
0.183000	2.297479	5605.808183
0.185000	2.300579	5576.673892
0.187000	2.357194	5070.406469
0.189000	2.373591	4932.551752
0.191000	2.394019	4766.050437
0.193000	2.444508	4378.227594
0.195000	2.509292	3926.468760
0.197000	2.537451	3744.936851
0.199000	2.605683	3339.114362
0.201000	2.593785	3406.570514
0.203000	2.614799	3288.336764
0.205000	2.656768	3064.338078
0.207000	2.704584	2827.665521
0.209000	2.748714	2625.490027
0.211000	2.790074	2449.149994
0.213000	2.833875	2275.298039
0.215000	2.904884	2019.285948
0.217000	2.986880	1759.282649
0.219000	3.058821	1558.887006
0.221000	3.131176	1380.355937
0.223000	3.223903	1181.123369
0.225000	3.323990	998.219682
0.227000	3.370826	922.641954
0.229000	3.424073	843.644500
0.231000	3.472174	778.113457
0.233000	3.525250	711.696535
0.235000	3.528942	707.292975
0.237000	3.516848	721.820139
0.239000	3.538456	696.071322
0.241000	3.568063	662.275948
0.243000	3.590649	637.601606
0.245000	3.614352	612.696000
0.247000	3.666303	561.458435
0.249000	3.706054	525.166790
0.251000	3.724931	508.763986
0.253000	3.768057	473.185701
0.255000	3.751141	486.834604
0.257000	3.801983	446.955241
0.259000	3.767395	473.712325
0.261000	3.807729	442.658499
0.263000	3.848037	413.658333
0.265000	3.904586	376.146918
0.267000	3.920866	365.992812
0.269000	4.002356	319.139273
0.271000	4.094762	273.223442
0.273000	4.196260	230.366316
0.275000	4.277262	201.040105
0.277000	4.395546	164.789172
0.279000	4.467059	146.123476
0.281000	4.534232	130.520881
0.283000	4.634061	110.356784
0.285000	4.709598	97.196972
0.287000	4.809547	82.164492
0.289000	4.801717	83.253073
0.291000	4.791567	84.685750
0.293000	4.737727	92.707916
0.295000	4.684136	101.447516
0.297000	4.592309	118.380618
0.299000	4.519194	133.862335
0.301000	4.473925	144.446556
0.303000	4.432866	154.768531
0.305000	4.459922	147.887136
0.307000	4.433364	154.639018
0.309000	4.469702	145.475667
0.311000	4.474624	144.277078
0.313000	4.508058	136.391807
0.315000	4.544882	128.205044
0.317000	4.584923	119.859558
0.319000	4.627941	111.497932
0.321000	4.645130	108.322245
0.323000	4.643270	108.661622
0.325000	4.677266	102.625891
0.327000	4.761875	89.020008
0.329000	4.767289	88.213450
0.331000	4.825944	79.930596
0.333000	4.866444	74.669936
0.335000	4.907394	69.702751
0.337000	4.982068	61.479989
0.339000	5.068810	53.138202
0.341000	5.149087	46.430187
0.343000	5.234288	40.234530
0.345000	5.316254	35.055698
0.347000	5.407941	30.048455
0.349000	5.536915	24.191528
0.351000	5.656298	19.792785
0.353000	5.776865	16.161664
0.355000	5.882246	13.537918
0.357000	6.022969	10.686032
0.359000	6.172473	8.311322
0.361000	6.242890	7.383487
0.363000	6.341753	6.252958
0.365000	6.417006	5.509936
0.367000	6.485253	4.912724
0.369000	6.556318	4.359543
0.371000	6.644392	3.759603
0.373000	6.711924	3.356137
0.375000	6.783008	2.978135
0.377000	6.862617	2.605105
0.379000	6.949266	2.251989
0.381000	7.015821	2.013619
0.383000	7.121380	1.686214
0.385000	7.208168	1.457313
0.387000	7.316644	1.214393
0.389000	7.389404	1.074583
0.391000	7.497274	0.896374
0.393000	7.600089	0.754099
0.395000	7.653438	0.689415
0.397000	7.741357	0.594695
0.399000	7.821847	0.519436

# Dumping simulation biases, in the metadata file order 
# Window  F (free energy units)
# 0	0.000000
# 1	-6.139057
# 2	-8.737339
# 3	-8.573448
# 4	-6.896653
# 5	-6.565508
# 6	-5.660574
# 7	-4.865690
# 8	-4.470330
# 9	-3.368231
# 10	-1.469142
#Iteration 110:  0.010399
#Iteration 120:  0.009433
#Iteration 130:  0.008551
#Iteration 140:  0.007750
#Iteration 150:  0.007023
#Iteration 160:  0.006366
#Iteration 170:  0.005771
#Iteration 180:  0.005233
#Iteration 190:  0.004747
#Iteration 200:  0.004307
0.001000	inf	0.000000
0.003000	inf	0.000000
0.005000	inf	0.000000
0.007000	inf	0.000000
0.009000	inf	0.000000
0.011000	inf	0.000000
0.013000	inf	0.000000
0.015000	inf	0.000000
0.017000	inf	0.000000
0.019000	inf	0.000000
0.021000	inf	0.000000
0.023000	inf	0.000000
0.025000	inf	0.000000
0.027000	inf	0.000000
0.029000	inf	0.000000
0.031000	inf	0.000000
0.033000	inf	0.000000
0.035000	inf	0.000000
0.037000	inf	0.000000
0.039000	inf	0.000000
0.041000	inf	0.000000
0.043000	inf	0.000000
0.045000	inf	0.000000
0.047000	inf	0.000000
0.049000	8.719884	0.105510
0.051000	7.493314	0.829391
0.053000	6.524280	4.228729
0.055000	5.444910	25.954471
0.057000	4.656051	97.751743
0.059000	3.908740	343.324243
0.061000	3.252880	1033.998549
0.063000	2.700640	2616.295167
0.065000	2.215621	5912.600754
0.067000	1.806641	11758.645009
0.069000	1.469801	20714.308416
0.071000	1.190927	33102.739461
0.073000	0.934706	50923.728586
0.075000	0.720912	72946.106022
0.077000	0.548621	97450.548969
0.079000	0.396033	125945.367339
0.081000	0.248152	161489.507656
0.083000	0.134752	195403.539575
0.085000	0.071718	217245.722770
0.087000	0.002171	244188.046552
0.089000	0.000000	245080.806887
0.091000	0.011472	240399.802109
0.093000	0.034400	231310.546370
0.095000	0.044828	227291.038152
0.097000	0.086681	211849.337451
0.099000	0.113433	202533.446272
0.101000	0.133619	195776.262352
0.103000	0.153295	189406.526037
0.105000	0.224749	167969.145260
0.107000	0.237276	164468.939283
0.109000	0.280272	153001.077687
0.111000	0.325710	141749.768031
0.113000	0.403351	124405.607853
0.115000	0.505218	104826.514813
0.117000	0.636599	84053.496513
0.119000	0.716375	73504.605664
0.121000	0.866005	57157.896946
0.123000	1.027639	43558.621712
0.125000	1.193041	32985.321227
0.127000	1.356281	25069.519246
0.129000	1.523188	18936.285169
0.131000	1.745273	13036.467443
0.133000	1.909415	9892.961510
0.135000	2.110099	7060.185546
0.137000	2.277571	5327.844114
0.139000	2.458366	3931.520260
0.141000	2.570618	3255.443383
0.143000	2.638220	2905.740928
0.145000	2.722592	2521.510295
0.147000	2.796687	2226.216254
0.149000	2.819924	2140.932335
0.151000	2.809768	2177.794592
0.153000	2.778598	2294.950356
0.155000	2.793413	2238.500041
0.157000	2.712561	2564.387003
0.159000	2.683392	2693.262681
0.161000	2.683379	2693.321167
0.163000	2.677447	2720.313674
0.165000	2.647629	2860.142407
0.167000	2.681637	2701.222776
0.169000	2.651570	2841.259608
0.171000	2.645771	2869.091098
0.173000	2.644602	2874.736032
0.175000	2.643834	2878.448248
0.177000	2.649526	2851.036390
0.179000	2.680826	2704.908497
0.181000	2.724737	2512.435827
0.183000	2.779978	2289.632222
0.185000	2.796639	2226.396151
0.187000	2.863783	1988.763125
0.189000	2.888286	1908.509045
0.191000	2.915121	1824.329581
0.193000	2.971053	1660.618196
0.195000	3.041025	1476.339126
0.197000	3.074823	1394.800205
0.199000	3.149873	1229.478289
0.201000	3.146740	1235.970322
0.203000	3.179230	1170.276927
0.205000	3.236025	1063.714620
0.207000	3.302307	951.558784
0.209000	3.368219	851.757587
0.211000	3.433590	763.116586
0.213000	3.501925	680.303219
0.215000	3.596117	580.680662
0.217000	3.698454	488.905891
0.219000	3.787120	421.205686
0.221000	3.872524	364.875199
0.223000	3.975050	307.110222
0.225000	4.082336	256.430468
0.227000	4.134449	234.922267
0.229000	4.191667	213.378994
0.231000	4.242962	195.750737
0.233000	4.298917	178.177619
0.235000	4.305607	176.184948
0.237000	4.297078	178.729071
0.239000	4.323330	171.013223
0.241000	4.359269	160.987592
0.243000	4.390601	152.727938
0.245000	4.426269	143.839705
0.247000	4.494173	128.323024
0.249000	4.554356	115.975812
0.251000	4.598037	107.765143
0.253000	4.669364	95.588326
0.255000	4.682217	93.545200
0.257000	4.762123	81.787335
0.259000	4.753837	82.934522
0.261000	4.816409	74.654197
0.263000	4.874507	67.707896
0.265000	4.944741	60.167801
0.267000	4.971352	57.535588
0.269000	5.060711	49.510756
0.271000	5.159403	41.941979
0.273000	5.266422	35.036344
0.275000	5.352966	30.292588
0.277000	5.477614	24.566091
0.279000	5.557197	21.489975
0.281000	5.635161	18.850278
0.283000	5.749655	15.550013
0.285000	5.844930	13.248745
0.287000	5.970700	10.723951
0.289000	5.995202	10.291222
0.291000	6.023282	9.816746
0.293000	6.011665	10.010331
0.295000	6.001333	10.185708
0.297000	5.950545	11.093513
0.299000	5.913620	11.803942
0.301000	5.898268	12.112532
0.303000	5.880673	12.476135
0.305000	5.925436	11.571784
0.307000	5.911945	11.837212
0.309000	5.957904	10.957126
0.311000	5.970096	10.734853
0.313000	6.009390	10.048688
0.315000	6.051464	9.362524
0.317000	6.096848	8.674807
0.319000	6.145929	7.987814
0.321000	6.170444	7.665324
0.323000	6.177566	7.574102
0.325000	6.222327	7.025113
0.327000	6.319215	5.969243
0.329000	6.337738	5.786236
0.331000	6.409375	5.129764
0.333000	6.461787	4.697141
0.335000	6.512927	4.310206
0.337000	6.595821	3.749565
0.339000	6.688909	3.206425
0.341000	6.773962	2.779250
0.343000	6.862752	2.393899
0.345000	6.947501	2.076032
0.347000	7.041513	1.772558
0.349000	7.172671	1.421828
0.351000	7.294395	1.158728
0.353000	7.417755	0.941720
0.355000	7.526672	0.784163
0.357000	7.671941	0.614259
0.359000	7.827184	0.473167
0.361000	7.904548	0.415465
0.363000	8.011327	0.347200
0.365000	8.094971	0.301658
0.367000	8.171443	0.265269
0.369000	8.249968	0.232465
0.371000	8.344345	0.198362
0.373000	8.416889	0.175589
0.375000	8.491771	0.154820
0.377000	8.574153	0.134798
0.379000	8.662773	0.116141
0.381000	8.730701	0.103609
0.383000	8.837205	0.086625
0.385000	8.924636	0.074785
0.387000	9.033547	0.062273
0.389000	9.106601	0.055077
0.391000	9.214668	0.045927
0.393000	9.317615	0.038629
0.395000	9.371052	0.035310
0.397000	9.459031	0.030456
0.399000	9.539560	0.026600

# Dumping simulation biases, in the metadata file order 
# Window  F (free energy units)
# 0	0.000000
# 1	-6.126706
# 2	-8.690686
# 3	-8.438192
# 4	-6.546086
# 5	-5.992570
# 6	-4.845668
# 7	-3.756459
# 8	-2.930341
# 9	-1.699799
# 10	0.281799
#Iteration 210:  0.003908
#Iteration 220:  0.003548
#Iteration 230:  0.003221
#Iteration 240:  0.002925
#Iteration 250:  0.002657
#Iteration 260:  0.002413
#Iteration 270:  0.002193
#Iteration 280:  0.001993
#Iteration 290:  0.001811
#Iteration 300:  0.001646
0.001000	inf	0.000000
0.003000	inf	0.000000
0.005000	inf	0.000000
0.007000	inf	0.000000
0.009000	inf	0.000000
0.011000	inf	0.000000
0.013000	inf	0.000000
0.015000	inf	0.000000
0.017000	inf	0.000000
0.019000	inf	0.000000
0.021000	inf	0.000000
0.023000	inf	0.000000
0.025000	inf	0.000000
0.027000	inf	0.000000
0.029000	inf	0.000000
0.031000	inf	0.000000
0.033000	inf	0.000000
0.035000	inf	0.000000
0.037000	inf	0.000000
0.039000	inf	0.000000
0.041000	inf	0.000000
0.043000	inf	0.000000
0.045000	inf	0.000000
0.047000	inf	0.000000
0.049000	8.701071	0.105499
0.051000	7.474531	0.829266
0.053000	6.505541	4.227778
0.055000	5.426235	25.945804
0.057000	4.637472	97.703481
0.059000	3.890299	343.075036
0.061000	3.234637	1032.903809
0.063000	2.682677	2612.298161
0.065000	2.198043	5899.748549
0.067000	1.789579	11722.905135
0.069000	1.453410	20628.027777
0.071000	1.175386	32917.838245
0.073000	0.920209	50550.506976
0.075000	0.707667	72259.223804
0.077000	0.536841	96295.481410
0.079000	0.385918	124104.813341
0.081000	0.239865	158641.165446
0.083000	0.128411	191330.083777
0.085000	0.067411	211990.844706
0.087000	0.000000	237427.434245
0.089000	0.000132	237374.659462
0.091000	0.014171	231838.234264
0.093000	0.040016	221981.732537
0.095000	0.053733	216921.738578
0.097000	0.099170	200969.817613
0.099000	0.129630	190938.464360
0.101000	0.153434	183449.024511
0.103000	0.176466	176481.927366
0.105000	0.250948	155712.855687
0.107000	0.266232	151763.184959
0.109000	0.311875	140554.340372
0.111000	0.360086	129612.738538
0.113000	0.440902	113148.093587
0.115000	0.546633	94723.493670
0.117000	0.682815	75341.967335
0.119000	0.768471	65238.372790
0.121000	0.925005	50144.625517
0.123000	1.094263	37727.303038
0.125000	1.267492	28196.085560
0.127000	1.438165	21163.514787
0.129000	1.611620	15810.855953
0.131000	1.839103	10786.484156
0.133000	2.007455	8127.808431
0.135000	2.211282	5769.897241
0.137000	2.381030	4337.525076
0.139000	2.563440	3192.071156
0.141000	2.676826	2638.117437
0.143000	2.745228	2351.561765
0.145000	2.830180	2038.623403
0.147000	2.904720	1798.532834
0.149000	2.928337	1728.527332
0.151000	2.918558	1757.179183
0.153000	2.887817	1850.368522
0.155000	2.903186	1803.178067
0.157000	2.823092	2063.056700
0.159000	2.794998	2162.827272
0.161000	2.796519	2157.301959
0.163000	2.792766	2170.957327
0.165000	2.765990	2270.908187
0.167000	2.804129	2129.881631
0.169000	2.779466	2220.040604
0.171000	2.780386	2216.609910
0.173000	2.787064	2191.866522
0.175000	2.794819	2163.478502
0.177000	2.809069	2112.266810
0.179000	2.848318	1977.402369
0.181000	2.899106	1815.587292
0.183000	2.959957	1639.050565
0.185000	2.981009	1582.059935
0.187000	3.051529	1405.203963
0.189000	3.078660	1342.555381
0.191000	3.107656	1278.685203
0.193000	3.165555	1160.095719
0.195000	3.237568	1027.828106
0.197000	3.273750	967.175355
0.199000	3.351814	848.230253
0.201000	3.352616	847.088499
0.203000	3.390223	795.194526
0.205000	3.453480	714.976323
0.207000	3.527532	631.291138
0.209000	3.602204	556.820556
0.211000	3.676740	491.246038
0.213000	3.753938	431.459764
0.215000	3.856069	363.395115
0.217000	3.965047	302.564886
0.219000	4.058963	258.377237
0.221000	4.148347	222.330535
0.223000	4.253811	186.210612
0.225000	4.363249	154.920256
0.227000	4.416970	141.543233
0.229000	4.475459	128.288782
0.231000	4.527869	117.469760
0.233000	4.584951	106.721832
0.235000	4.592948	105.296641
0.237000	4.586097	106.516370
0.239000	4.614622	101.529406
0.241000	4.653697	95.074636
0.243000	4.689334	89.546250
0.245000	4.730779	83.520036
0.247000	4.806145	73.581487
0.249000	4.875484	65.485809
0.251000	4.929699	59.781542
0.253000	5.012285	52.032547
0.255000	5.036256	49.977506
0.257000	5.126326	42.955467
0.259000	5.126708	42.927903
0.261000	5.196264	38.190875
0.263000	5.259771	34.323821
0.265000	5.334122	30.291127
0.267000	5.363904	28.811975
0.269000	5.455839	24.686233
0.271000	5.556849	20.831067
0.273000	5.666257	17.331561
0.275000	5.755603	14.914553
0.277000	5.883848	12.022189
0.279000	5.968267	10.431642
0.281000	6.052804	9.049744
0.283000	6.176109	7.355567
0.285000	6.282828	6.147601
0.287000	6.422771	4.858913
0.289000	6.463783	4.535214
0.291000	6.509760	4.197898
0.293000	6.516085	4.153499
0.295000	6.522382	4.109770
0.297000	6.485922	4.369536
0.299000	6.460592	4.559607
0.301000	6.454170	4.609099
0.303000	6.443210	4.694805
0.305000	6.492801	4.319297
0.307000	6.482814	4.392422
0.309000	6.531374	4.048113
0.311000	6.545612	3.952372
0.313000	6.586688	3.688670
0.315000	6.630531	3.426590
0.317000	6.677896	3.164336
0.319000	6.729380	2.901997
0.321000	6.756895	2.770827
0.323000	6.767722	2.720850
0.325000	6.816883	2.505041
0.327000	6.918691	2.111002
0.329000	6.942334	2.028748
0.331000	7.018900	1.783737
0.333000	7.075714	1.621262
0.335000	7.130531	1.478540
0.337000	7.216335	1.279946
0.339000	7.311640	1.090468
0.341000	7.398352	0.942559
0.343000	7.488392	0.810167
0.345000	7.574126	0.701429
0.347000	7.668984	0.598042
0.349000	7.800970	0.479043
0.351000	7.923612	0.389797
0.353000	8.048094	0.316198
0.355000	8.158447	0.262661
0.357000	8.305561	0.205113
0.359000	8.463118	0.157387
0.361000	8.543246	0.137553
0.363000	8.653124	0.114354
0.365000	8.739994	0.098817
0.367000	8.819569	0.086445
0.369000	8.900858	0.075404
0.371000	8.997533	0.064094
0.373000	9.071883	0.056563
0.375000	9.148119	0.049760
0.377000	9.231482	0.043253
0.379000	9.320795	0.037223
0.381000	9.389205	0.033180
0.383000	9.496039	0.027725
0.385000	9.583694	0.023927
0.387000	9.692758	0.019919
0.389000	9.765913	0.017614
0.391000	9.874049	0.014686
0.393000	9.977042	0.012351
0.395000	10.030510	0.011290
0.397000	10.118510	0.009737
0.399000	10.199053	0.008504

# Dumping simulation biases, in the metadata file order 
# Window  F (free energy units)
# 0	0.000000
# 1	-6.122106
# 2	-8.673416
# 3	-8.388290
# 4	-6.420033
# 5	-5.781794
# 6	-4.544905
# 7	-3.344527
# 8	-2.340057
# 9	-1.059496
# 10	0.953763
#Iteration 310:  0.001496
#Iteration 320:  0.001360
#Iteration 330:  0.001236
#Iteration 340:  0.001124
#Iteration 350:  0.001022
#Iteration 360:  0.000929
#Iteration 370:  0.000845
#Iteration 380:  0.000768
#Iteration 390:  0.000698
#Iteration 400:  0.000635
0.001000	inf	0.000000
0.003000	inf	0.000000
0.005000	inf	0.000000
0.007000	inf	0.000000
0.009000	inf	0.000000
0.011000	inf	0.000000
0.013000	inf	0.000000
0.015000	inf	0.000000
0.017000	inf	0.000000
0.019000	inf	0.000000
0.021000	inf	0.000000
0.023000	inf	0.000000
0.025000	inf	0.000000
0.027000	inf	0.000000
0.029000	inf	0.000000
0.031000	inf	0.000000
0.033000	inf	0.000000
0.035000	inf	0.000000
0.037000	inf	0.000000
0.039000	inf	0.000000
0.041000	inf	0.000000
0.043000	inf	0.000000
0.045000	inf	0.000000
0.047000	inf	0.000000
0.049000	8.694710	0.105495
0.051000	7.468181	0.829218
0.053000	6.499208	4.227415
0.055000	5.419927	25.942495
0.057000	4.631200	97.685055
0.059000	3.884080	342.979903
0.061000	3.228494	1032.485995
0.063000	2.676640	2610.773161
0.065000	2.192153	5894.847055
0.067000	1.783887	11709.282421
0.069000	1.447975	20595.163887
0.071000	1.170275	32847.472046
0.073000	0.915497	50408.629110
0.075000	0.703434	71998.469234
0.077000	0.533168	95857.743756
0.079000	0.382880	123408.718073
0.081000	0.237525	157566.371127
0.083000	0.126814	189796.579578
0.085000	0.066592	210016.949828
0.087000	0.000000	234893.083298
0.089000	0.001018	234491.487584
0.091000	0.016046	228641.920425
0.093000	0.043013	218508.491652
0.095000	0.057992	213075.012826
0.097000	0.104800	196952.054445
0.099000	0.136668	186678.619581
0.101000	0.161840	178944.285679
0.103000	0.186138	171782.369191
0.105000	0.261763	151275.257676
0.107000	0.278096	147178.516448
0.109000	0.324758	136074.994941
0.111000	0.374050	125254.176198
0.113000	0.456116	109113.654816
0.115000	0.563373	91112.014154
0.117000	0.701445	72239.614962
0.119000	0.789394	62311.356275
0.121000	0.948586	47681.261494
0.123000	1.120735	35700.103921
0.125000	1.296879	26550.599487
0.127000	1.470273	19837.485059
0.129000	1.646088	14761.522183
0.131000	1.875490	10038.169489
0.133000	2.045323	7545.136642
0.135000	2.250247	5346.391303
0.137000	2.420785	4013.820508
0.139000	2.603753	2951.077554
0.141000	2.717532	2437.336567
0.143000	2.786213	2171.573081
0.145000	2.871369	1881.940992
0.147000	2.946070	1659.854630
0.149000	2.969829	1594.865443
0.151000	2.960196	1620.902504
0.153000	2.929630	1706.365644
0.155000	2.945226	1662.209345
0.157000	2.865451	1900.757242
0.159000	2.837807	1991.167948
0.161000	2.839973	1983.930871
0.163000	2.837132	1993.429984
0.165000	2.811622	2080.773430
0.167000	2.851468	1945.964150
0.169000	2.829012	2020.826990
0.171000	2.832637	2008.549278
0.173000	2.842421	1975.784262
0.175000	2.853486	1939.372536
0.177000	2.870997	1883.117962
0.179000	2.913218	1754.097983
0.181000	2.966536	1603.720203
0.183000	3.029426	1442.829428
0.185000	3.052064	1388.955441
0.187000	3.123802	1231.163086
0.189000	3.151889	1174.383517
0.191000	3.181688	1117.004455
0.193000	3.240342	1012.125986
0.195000	3.313162	895.512817
0.197000	3.350310	841.300737
0.199000	3.429610	736.305572
0.201000	3.432026	733.320962
0.203000	3.471722	685.983533
0.205000	3.537588	614.083388
0.207000	3.614729	539.399645
0.209000	3.692817	473.043817
0.211000	3.770857	414.884881
0.213000	3.851374	362.364779
0.215000	3.956421	303.707315
0.217000	4.067801	251.849962
0.219000	4.163592	214.392256
0.221000	4.254384	184.045582
0.223000	4.360884	153.877128
0.225000	4.471084	127.856149
0.227000	4.525381	116.702902
0.229000	4.584339	105.691354
0.231000	4.637177	96.708497
0.233000	4.694710	87.793469
0.235000	4.703250	86.542071
0.237000	4.697110	87.439992
0.239000	4.726606	83.210165
0.241000	4.767022	77.744581
0.243000	4.804490	72.998927
0.245000	4.848364	67.808728
0.247000	4.926824	59.429973
0.249000	4.999885	52.561361
0.251000	5.058287	47.646416
0.253000	5.145235	41.167383
0.255000	5.173407	39.263232
0.257000	5.267227	33.534476
0.259000	5.270746	33.336725
0.261000	5.342794	29.534070
0.263000	5.408220	26.458103
0.265000	5.484038	23.292033
0.267000	5.514974	22.111701
0.269000	5.607889	18.914257
0.271000	5.709835	15.935394
0.273000	5.820269	13.235480
0.275000	5.910876	11.365570
0.277000	6.040783	9.135901
0.279000	6.127453	7.897276
0.281000	6.215033	6.816149
0.283000	6.342360	5.502789
0.285000	6.454185	4.559786
0.287000	6.600265	3.566951
0.289000	6.648174	3.290950
0.291000	6.701330	3.009637
0.293000	6.714558	2.943451
0.295000	6.727002	2.882518
0.297000	6.695656	3.038479
0.299000	6.674348	3.149290
0.301000	6.670955	3.167305
0.303000	6.662211	3.214202
0.305000	6.713403	2.949174
0.307000	6.704578	2.993250
0.309000	6.754011	2.754572
0.311000	6.768955	2.686234
0.313000	6.810672	2.504309
0.315000	6.855180	2.323780
0.317000	6.903317	2.143148
0.319000	6.955755	1.962317
0.321000	6.984473	1.869837
0.323000	6.996785	1.831533
0.325000	7.047699	1.681299
0.327000	7.151451	1.412211
0.329000	7.177095	1.352628
0.331000	7.255566	1.185469
0.333000	7.314064	1.074442
0.335000	7.370276	0.977563
0.337000	7.457176	0.844701
0.339000	7.553313	0.718651
0.341000	7.640645	0.620526
0.343000	7.731154	0.532946
0.345000	7.817260	0.461127
0.347000	7.912443	0.392945
0.349000	8.044750	0.314587
0.351000	8.167755	0.255823
0.353000	8.292682	0.207365
0.355000	8.403607	0.172089
0.357000	8.551456	0.134220
0.359000	8.709931	0.102830
0.361000	8.791150	0.089707
0.363000	8.902245	0.074425
0.365000	8.990371	0.064177
0.367000	9.071146	0.056029
0.369000	9.153496	0.048786
0.371000	9.251050	0.041407
0.373000	9.326086	0.036500
0.375000	9.402834	0.032082
0.377000	9.486568	0.027870
0.379000	9.576142	0.023974
0.381000	9.644734	0.021363
0.383000	9.751692	0.017847
0.385000	9.839431	0.015400
0.387000	9.948552	0.012819
0.389000	10.021746	0.011335
0.391000	10.129907	0.009451
0.393000	10.232918	0.007948
0.395000	10.286398	0.007265
0.397000	10.374405	0.006266
0.399000	10.454953	0.005472

# Dumping simulation biases, in the metadata file order 
# Window  F (free energy units)
# 0	0.000000
# 1	-6.120358
# 2	-8.666867
# 3	-8.369381
# 4	-6.372642
# 5	-5.701779
# 6	-4.430466
# 7	-3.187242
# 8	-2.112153
# 9	-0.812016
# 10	1.213580
#Iteration 410:  0.000578
#Iteration 420:  0.000525
#Iteration 430:  0.000478
#Iteration 440:  0.000434
#Iteration 450:  0.000395
#Iteration 460:  0.000359
#Iteration 470:  0.000327
#Iteration 480:  0.000297
#Iteration 490:  0.000270
#Iteration 500:  0.000246
0.001000	inf	0.000000
0.003000	inf	0.000000
0.005000	inf	0.000000
0.007000	inf	0.000000
0.009000	inf	0.000000
0.011000	inf	0.000000
0.013000	inf	0.000000
0.015000	inf	0.000000
0.017000	inf	0.000000
0.019000	inf	0.000000
0.021000	inf	0.000000
0.023000	inf	0.000000
0.025000	inf	0.000000
0.027000	inf	0.000000
0.029000	inf	0.000000
0.031000	inf	0.000000
0.033000	inf	0.000000
0.035000	inf	0.000000
0.037000	inf	0.000000
0.039000	inf	0.000000
0.041000	inf	0.000000
0.043000	inf	0.000000
0.045000	inf	0.000000
0.047000	inf	0.000000
0.049000	8.692254	0.105493
0.051000	7.465729	0.829200
0.053000	6.496762	4.227275
0.055000	5.417491	25.941217
0.057000	4.628778	97.677942
0.059000	3.881678	342.943182
0.061000	3.226121	1032.324737
0.063000	2.674309	2610.184652
0.065000	2.189879	5892.955839
0.067000	1.781689	11704.027283
0.069000	1.445876	20582.489641
0.071000	1.168302	32820.343880
0.073000	0.913677	50353.954285
0.075000	0.701799	71898.036734
0.077000	0.531749	95689.255151
0.079000	0.381707	123140.995238
0.081000	0.236621	157153.357164
0.083000	0.126197	189207.819285
0.085000	0.066275	209259.748982
0.087000	0.000000	233921.642143
0.089000	0.001361	233387.173253
0.091000	0.016772	227418.696475
0.093000	0.044173	217180.709194
0.095000	0.059641	211606.515149
0.097000	0.106977	195420.943678
0.099000	0.139388	185058.472581
0.101000	0.165086	177234.468558
0.103000	0.189871	170001.953052
0.105000	0.265935	149596.769065
0.107000	0.282672	145446.612285
0.109000	0.329729	134384.560524
0.111000	0.379442	123610.670443
0.113000	0.461996	107593.601279
0.115000	0.569849	89752.723024
0.117000	0.708658	71073.734405
0.119000	0.797500	61213.880080
0.121000	0.957720	46760.559537
0.123000	1.130980	34945.424995
0.125000	1.308237	25940.733610
0.127000	1.482664	19348.197965
0.129000	1.659370	14375.894780
0.131000	1.889493	9764.098189
0.133000	2.059879	7332.302549
0.135000	2.265212	5192.006565
0.137000	2.436045	3895.988955
0.139000	2.619221	2863.443769
0.141000	2.733146	2364.377724
0.143000	2.801931	2106.201766
0.145000	2.887163	1825.053621
0.147000	2.961925	1609.515816
0.149000	2.985739	1546.355416
0.151000	2.976163	1571.449430
0.153000	2.945665	1654.113914
0.155000	2.961353	1611.063276
0.157000	2.881704	1841.878229
0.159000	2.854241	1928.902409
0.161000	2.856665	1921.058496
0.163000	2.854188	1929.073902
0.165000	2.829183	2011.888920
0.167000	2.869708	1879.398543
0.169000	2.848125	1948.837990
0.171000	2.852814	1933.535461
0.173000	2.863812	1898.117217
0.175000	2.876161	1859.119793
0.177000	2.894927	1801.388972
0.179000	2.938284	1674.766695
0.181000	2.992563	1528.716846
0.183000	3.056225	1373.567882
0.185000	3.079461	1320.950682
0.187000	3.151659	1169.979072
0.189000	3.180110	1115.340765
0.191000	3.210216	1060.298605
0.193000	3.269161	960.272991
0.195000	3.342298	849.182456
0.197000	3.379828	797.263523
0.199000	3.459617	697.190105
0.201000	3.462673	693.617070
0.203000	3.503196	647.942272
0.205000	3.570089	579.028970
0.207000	3.648437	507.576635
0.209000	3.727853	444.143776
0.211000	3.807243	388.655254
0.213000	3.889028	338.732438
0.215000	3.995182	283.372579
0.217000	4.107467	234.629773
0.219000	4.203962	199.496961
0.221000	4.295282	171.106828
0.223000	4.402171	142.966031
0.225000	4.512656	118.733114
0.227000	4.567171	108.336089
0.229000	4.626307	98.084542
0.231000	4.679311	89.723187
0.233000	4.737022	81.427734
0.235000	4.745778	80.237860
0.237000	4.739924	81.031454
0.239000	4.769811	77.060934
0.241000	4.810767	71.933946
0.243000	4.848970	67.459594
0.245000	4.893816	62.561013
0.247000	4.973504	54.717579
0.249000	5.048032	48.274410
0.251000	5.108068	43.640235
0.253000	5.196703	37.599188
0.255000	5.226484	35.763233
0.257000	5.321729	30.472118
0.259000	5.326429	30.232274
0.261000	5.399413	26.741661
0.263000	5.465558	23.927583
0.265000	5.541928	21.044792
0.267000	5.573303	19.963605
0.269000	5.666597	17.065902
0.271000	5.768914	14.369166
0.273000	5.879765	11.926258
0.275000	5.970892	10.232363
0.277000	6.101490	8.215468
0.279000	6.189095	7.090473
0.281000	6.277936	6.106841
0.283000	6.406917	4.916463
0.285000	6.520821	4.059725
0.287000	6.669368	3.162630
0.289000	6.720006	2.904555
0.291000	6.775959	2.643816
0.293000	6.791831	2.574205
0.295000	6.806595	2.511103
0.297000	6.777155	2.638504
0.299000	6.757329	2.727920
0.301000	6.755045	2.738416
0.303000	6.747108	2.775194
0.305000	6.798882	2.543877
0.307000	6.790480	2.580061
0.309000	6.840233	2.373053
0.311000	6.855439	2.313162
0.313000	6.897398	2.155627
0.315000	6.942160	1.999375
0.317000	6.990598	1.843029
0.319000	7.043410	1.686460
0.321000	7.072600	1.605705
0.323000	7.085496	1.571270
0.325000	7.137097	1.440720
0.327000	7.241608	1.208595
0.329000	7.268029	1.156090
0.331000	7.347237	1.011964
0.333000	7.406385	0.916187
0.335000	7.463132	0.832827
0.337000	7.550452	0.719129
0.339000	7.646907	0.611490
0.341000	7.734476	0.527786
0.343000	7.825165	0.453158
0.345000	7.911414	0.391998
0.347000	8.006722	0.333967
0.349000	8.139153	0.267313
0.351000	8.262299	0.217329
0.353000	8.387401	0.176110
0.355000	8.498550	0.146097
0.357000	8.646687	0.113892
0.359000	8.805521	0.087204
0.361000	8.887166	0.076020
0.363000	8.998734	0.063020
0.365000	9.087348	0.054298
0.367000	9.168587	0.047367
0.369000	9.251348	0.041215
0.371000	9.349240	0.034961
0.373000	9.424539	0.030805
0.375000	9.501485	0.027067
0.377000	9.585361	0.023507
0.379000	9.675036	0.020218
0.381000	9.743696	0.018014
0.383000	9.850702	0.015048
0.385000	9.938474	0.012984
0.387000	10.047616	0.010808
0.389000	10.120825	0.009556
0.391000	10.228996	0.007967
0.393000	10.332013	0.006700
0.395000	10.385498	0.006124
0.397000	10.473508	0.005282
0.399000	10.554058	0.004613

# Dumping simulation biases, in the metadata file order 
# Window  F (free energy units)
# 0	0.000000
# 1	-6.119684
# 2	-8.664345
# 3	-8.362103
# 4	-6.354457
# 5	-5.670965
# 6	-4.386366
# 7	-3.126570
# 8	-2.023944
# 9	-0.716192
# 10	1.314195
#Iteration 510:  0.000224
#Iteration 520:  0.000203
#Iteration 530:  0.000185
#Iteration 540:  0.000168
#Iteration 550:  0.000153
#Iteration 560:  0.000139
#Iteration 570:  0.000127
#Iteration 580:  0.000115
#Iteration 590:  0.000105
#Iteration 600:  0.000095
0.001000	inf	0.000000
0.003000	inf	0.000000
0.005000	inf	0.000000
0.007000	inf	0.000000
0.009000	inf	0.000000
0.011000	inf	0.000000
0.013000	inf	0.000000
0.015000	inf	0.000000
0.017000	inf	0.000000
0.019000	inf	0.000000
0.021000	inf	0.000000
0.023000	inf	0.000000
0.025000	inf	0.000000
0.027000	inf	0.000000
0.029000	inf	0.000000
0.031000	inf	0.000000
0.033000	inf	0.000000
0.035000	inf	0.000000
0.037000	inf	0.000000
0.039000	inf	0.000000
0.041000	inf	0.000000
0.043000	inf	0.000000
0.045000	inf	0.000000
0.047000	inf	0.000000
0.049000	8.691303	0.105493
0.051000	7.464780	0.829193
0.053000	6.495816	4.227220
0.055000	5.416548	25.940723
0.057000	4.627840	97.675189
0.059000	3.880749	342.928970
0.061000	3.225203	1032.262326
0.063000	2.673406	2609.956890
0.065000	2.188998	5892.223955
0.067000	1.780838	11701.993760
0.069000	1.445063	20577.585741
0.071000	1.167537	32809.848867
0.073000	0.912973	50332.805829
0.075000	0.701166	71859.197007
0.077000	0.531200	95624.113057
0.079000	0.381252	123037.517948
0.081000	0.236271	156993.777156
0.083000	0.125958	188980.412603
0.085000	0.066153	208967.378044
0.087000	0.000000	233546.661351
0.089000	0.001494	232961.027715
0.091000	0.017053	226946.819636
0.093000	0.044623	216668.711014
0.095000	0.060280	211040.566052
0.097000	0.107820	194831.264134
0.099000	0.140442	184434.980551
0.101000	0.166342	176576.981880
0.103000	0.191315	169317.812203
0.105000	0.267550	148952.189923
0.107000	0.284443	144781.845811
0.109000	0.331653	133735.959795
0.111000	0.381529	122980.275937
0.113000	0.464273	107010.744497
0.115000	0.572358	89231.722616
0.117000	0.711454	70627.136175
0.119000	0.800641	60793.862207
0.121000	0.961260	46408.631655
0.123000	1.134949	34657.400465
0.125000	1.312635	25708.373204
0.127000	1.487459	19162.093969
0.129000	1.664507	14229.443205
0.131000	1.894906	9660.146086
0.133000	2.065504	7251.658164
0.135000	2.270993	5133.553090
0.137000	2.441938	3851.399606
0.139000	2.625193	2830.294480
0.141000	2.739174	2336.786896
0.143000	2.807999	2081.484846
0.145000	2.893260	1803.547189
0.147000	2.968045	1590.486734
0.149000	2.991881	1528.018772
0.151000	2.982327	1552.757163
0.153000	2.951856	1634.364541
0.155000	2.967579	1591.732492
0.157000	2.887980	1819.625681
0.159000	2.860589	1905.371321
0.161000	2.863114	1897.300193
0.163000	2.860780	1904.758489
0.165000	2.835973	1985.868884
0.167000	2.876763	1854.264446
0.169000	2.855521	1921.673023
0.171000	2.860625	1905.254734
0.173000	2.872095	1868.871483
0.175000	2.884942	1828.944038
0.177000	2.904192	1770.705882
0.179000	2.947987	1645.028728
0.181000	3.002637	1500.638960
0.183000	3.066595	1347.668226
0.185000	3.090061	1295.543094
0.187000	3.162435	1147.134908
0.189000	3.191025	1093.307066
0.191000	3.221250	1039.145184
0.193000	3.280308	940.936134
0.195000	3.353568	831.910380
0.197000	3.391247	780.851846
0.199000	3.471227	682.618698
0.201000	3.474534	678.834611
0.203000	3.515379	633.789438
0.205000	3.582673	566.000388
0.207000	3.661491	495.764102
0.209000	3.741421	433.432414
0.211000	3.821332	378.949611
0.213000	3.903606	330.002146
0.215000	4.010186	275.871687
0.217000	4.122819	228.285745
0.219000	4.219584	194.014928
0.221000	4.311106	166.348487
0.223000	4.418142	138.955616
0.225000	4.528737	115.381265
0.227000	4.583335	105.262988
0.229000	4.642540	95.291213
0.231000	4.695608	87.158558
0.233000	4.753388	79.090987
0.235000	4.762230	77.924137
0.237000	4.756488	78.679998
0.239000	4.786529	74.805344
0.241000	4.827697	69.803510
0.243000	4.866188	65.429916
0.245000	4.911415	60.639890
0.247000	4.991584	52.994494
0.249000	5.066684	46.709291
0.251000	5.127355	42.180302
0.253000	5.216643	36.301484
0.255000	5.247044	34.492908
0.257000	5.342836	29.362709
0.259000	5.347990	29.109411
0.261000	5.421332	25.732955
0.263000	5.487752	23.014381
0.265000	5.564333	20.234418
0.267000	5.595877	19.189415
0.269000	5.689318	16.400029
0.271000	5.791781	13.805138
0.273000	5.902796	11.454951
0.275000	5.994130	9.824584
0.277000	6.125002	7.884425
0.279000	6.212980	6.800503
0.281000	6.302321	5.852168
0.283000	6.431958	4.706244
0.285000	6.546682	3.880783
0.287000	6.696198	3.018313
0.289000	6.747901	2.767055
0.291000	6.804938	2.514074
0.293000	6.821829	2.443691
0.295000	6.837482	2.380229
0.297000	6.808768	2.497939
0.299000	6.789505	2.580147
0.301000	6.787641	2.588248
0.303000	6.780010	2.621664
0.305000	6.832002	2.402256
0.307000	6.823760	2.435771
0.309000	6.873634	2.239884
0.311000	6.888940	2.182987
0.313000	6.930992	2.034000
0.315000	6.975854	1.886252
0.317000	7.024407	1.738411
0.319000	7.077366	1.590340
0.321000	7.106740	1.513719
0.323000	7.119863	1.480692
0.325000	7.171730	1.357058
0.327000	7.276536	1.137848
0.329000	7.303259	1.087865
0.331000	7.382753	0.951787
0.333000	7.442151	0.861342
0.335000	7.499105	0.782701
0.337000	7.586587	0.675662
0.339000	7.683164	0.574410
0.341000	7.770826	0.495706
0.343000	7.861584	0.425565
0.345000	7.947888	0.368094
0.347000	8.043244	0.313576
0.349000	8.175724	0.250972
0.351000	8.298925	0.204024
0.353000	8.424095	0.165310
0.355000	8.535331	0.137117
0.357000	8.683579	0.106871
0.359000	8.842553	0.081809
0.361000	8.924363	0.071298
0.363000	9.036115	0.059087
0.365000	9.124919	0.050893
0.367000	9.206338	0.044383
0.369000	9.289257	0.038608
0.371000	9.387280	0.032743
0.373000	9.462681	0.028845
0.375000	9.539702	0.025342
0.377000	9.623633	0.022007
0.379000	9.713347	0.018927
0.381000	9.782034	0.016863
0.383000	9.889058	0.014086
0.385000	9.976843	0.012154
0.387000	10.085994	0.010116
0.389000	10.159208	0.008945
0.391000	10.267383	0.007458
0.393000	10.370403	0.006272
0.395000	10.423888	0.005732
0.397000	10.511900	0.004944
0.399000	10.592451	0.004318

# Dumping simulation biases, in the metadata file order 
# Window  F (free energy units)
# 0	0.000000
# 1	-6.119424
# 2	-8.663370
# 3	-8.359290
# 4	-6.347434
# 5	-5.659050
# 6	-4.369310
# 7	-3.103098
# 8	-1.989779
# 9	-0.679072
# 10	1.353173
#Iteration 610:  0.000087
#Iteration 620:  0.000079
#Iteration 630:  0.000072
#Iteration 640:  0.000065
#Iteration 650:  0.000059
#Iteration 660:  0.000054
#Iteration 670:  0.000049
#Iteration 680:  0.000045
#Iteration 690:  0.000041
#Iteration 700:  0.000037
0.001000	inf	0.000000
0.003000	inf	0.000000
0.005000	inf	0.000000
0.007000	inf	0.000000
0.009000	inf	0.000000
0.011000	inf	0.000000
0.013000	inf	0.000000
0.015000	inf	0.000000
0.017000	inf	0.000000
0.019000	inf	0.000000
0.021000	inf	0.000000
0.023000	inf	0.000000
0.025000	inf	0.000000
0.027000	inf	0.000000
0.029000	inf	0.000000
0.031000	inf	0.000000
0.033000	inf	0.000000
0.035000	inf	0.000000
0.037000	inf	0.000000
0.039000	inf	0.000000
0.041000	inf	0.000000
0.043000	inf	0.000000
0.045000	inf	0.000000
0.047000	inf	0.000000
0.049000	8.690935	0.105493
0.051000	7.464412	0.829190
0.053000	6.495449	4.227199
0.055000	5.416183	25.940531
0.057000	4.627477	97.674122
0.059000	3.880388	342.923465
0.061000	3.224847	1032.238153
0.063000	2.673057	2609.868676
0.065000	2.188657	5891.940500
0.067000	1.780508	11701.206211
0.069000	1.444749	20575.686619
0.071000	1.167241	32805.784697
0.073000	0.912700	50324.616657
0.075000	0.700921	71844.158565
0.077000	0.530987	95598.893034
0.079000	0.381076	122997.461002
0.081000	0.236135	156932.010401
0.083000	0.125866	188892.404673
0.085000	0.066105	208854.242790
0.087000	0.000000	233401.576466
0.089000	0.001545	232796.165287
0.091000	0.017162	226764.288478
0.093000	0.044797	216470.692250
0.095000	0.060527	210821.727853
0.097000	0.108147	194603.309948
0.099000	0.140850	184194.026912
0.101000	0.166829	176322.967460
0.103000	0.191875	169053.573817
0.105000	0.268175	148703.290505
0.107000	0.285129	144525.199712
0.109000	0.332398	133485.591822
0.111000	0.382338	122736.965759
0.113000	0.465155	106785.810109
0.115000	0.573330	89030.691749
0.117000	0.712537	70454.854498
0.119000	0.801858	60631.891015
0.121000	0.962631	46272.983269
0.123000	1.136486	34546.449282
0.125000	1.314339	25618.923478
0.127000	1.489316	19090.497904
0.129000	1.666496	14173.135006
0.131000	1.897001	9620.197868
0.133000	2.067681	7220.678910
0.135000	2.273231	5111.104863
0.137000	2.444219	3834.279264
0.139000	2.627504	2817.568485
0.141000	2.741507	2326.195872
0.143000	2.810347	2071.997666
0.145000	2.895619	1795.292698
0.147000	2.970413	1583.183330
0.149000	2.994257	1520.981291
0.151000	2.984712	1545.583319
0.153000	2.954252	1626.785103
0.155000	2.969989	1584.313802
0.157000	2.890409	1811.085826
0.159000	2.863045	1896.341004
0.161000	2.865610	1888.182999
0.163000	2.863331	1895.428041
0.165000	2.838601	1975.885282
0.167000	2.879494	1844.622276
0.169000	2.858385	1911.254291
0.171000	2.863650	1894.411909
0.173000	2.875303	1857.663938
0.175000	2.888343	1817.386576
0.177000	2.907781	1758.961179
0.179000	2.951746	1633.652431
0.181000	3.006538	1489.903280
0.183000	3.070611	1337.769622
0.185000	3.094165	1285.835796
0.187000	3.166607	1138.409209
0.189000	3.195251	1084.892547
0.191000	3.225522	1031.068039
0.193000	3.284624	933.553540
0.195000	3.357932	825.316879
0.197000	3.395669	774.587614
0.199000	3.475724	677.057784
0.201000	3.479128	673.194365
0.203000	3.520098	628.391002
0.205000	3.587547	561.032718
0.207000	3.666547	491.262327
0.209000	3.746677	429.352685
0.211000	3.826790	375.255285
0.213000	3.909253	326.681169
0.215000	4.015998	273.020004
0.217000	4.128765	225.875044
0.219000	4.225633	191.932578
0.221000	4.317233	164.541556
0.223000	4.424327	137.433028
0.225000	4.534964	114.108902
0.227000	4.589594	104.096570
0.229000	4.648825	94.231077
0.231000	4.701918	86.185288
0.233000	4.759726	78.204257
0.235000	4.768601	77.046209
0.237000	4.762902	77.787835
0.239000	4.793003	73.949660
0.241000	4.834254	68.995447
0.243000	4.872858	64.660261
0.245000	4.918233	59.911650
0.247000	4.998588	52.341629
0.249000	5.073910	46.116633
0.251000	5.134828	41.627867
0.253000	5.224369	35.810818
0.255000	5.255010	34.012968
0.257000	5.351013	28.943866
0.259000	5.356342	28.685747
0.261000	5.429822	25.352551
0.263000	5.496348	22.670123
0.265000	5.573011	19.929009
0.267000	5.604620	18.897705
0.269000	5.698118	16.149174
0.271000	5.800637	13.592682
0.273000	5.911717	11.277445
0.275000	6.003132	9.671029
0.277000	6.134111	7.759791
0.279000	6.222235	6.691363
0.281000	6.311772	5.756350
0.283000	6.441665	4.627196
0.285000	6.556709	3.813548
0.287000	6.706602	2.964141
0.289000	6.758719	2.715504
0.291000	6.816175	2.465495
0.293000	6.833461	2.394885
0.295000	6.849456	2.331348
0.297000	6.821022	2.445490
0.299000	6.801976	2.525053
0.301000	6.800272	2.532295
0.303000	6.792758	2.564484
0.305000	6.844835	2.349528
0.307000	6.836655	2.382062
0.309000	6.886575	2.190323
0.311000	6.901920	2.134547
0.313000	6.944007	1.988746
0.315000	6.988907	1.844167
0.317000	7.037506	1.699496
0.319000	7.090521	1.554591
0.321000	7.119966	1.479515
0.323000	7.133177	1.447019
0.325000	7.185149	1.325966
0.327000	7.290069	1.111565
0.329000	7.316908	1.062528
0.331000	7.396513	0.929446
0.333000	7.456008	0.840987
0.335000	7.513043	0.764101
0.337000	7.600587	0.659536
0.339000	7.697212	0.560656
0.341000	7.784909	0.483808
0.343000	7.875693	0.415332
0.345000	7.962018	0.359230
0.347000	8.057393	0.306016
0.349000	8.189892	0.244913
0.351000	8.313114	0.199091
0.353000	8.438311	0.161307
0.355000	8.549580	0.133788
0.357000	8.697873	0.104269
0.359000	8.856900	0.079810
0.361000	8.938775	0.069548
0.363000	9.050598	0.057630
0.365000	9.139475	0.049632
0.367000	9.220963	0.043278
0.369000	9.303944	0.037643
0.371000	9.402017	0.031922
0.373000	9.477458	0.028120
0.375000	9.554509	0.024704
0.377000	9.638461	0.021452
0.379000	9.728190	0.018449
0.381000	9.796887	0.016437
0.383000	9.903919	0.013730
0.385000	9.991708	0.011846
0.387000	10.100862	0.009860
0.389000	10.174079	0.008718
0.391000	10.282255	0.007269
0.393000	10.385276	0.006113
0.395000	10.438762	0.005587
0.397000	10.526774	0.004819
0.399000	10.607325	0.004209

# Dumping simulation biases, in the metadata file order 
# Window  F (free energy units)
# 0	0.000000
# 1	-6.119323
# 2	-8.662993
# 3	-8.358201
# 4	-6.344717
# 5	-5.654437
# 6	-4.362706
# 7	-3.094008
# 8	-1.976544
# 9	-0.664691
# 10	1.368274
#Iteration 710:  0.000034
#Iteration 720:  0.000030
#Iteration 730:  0.000028
#Iteration 740:  0.000025
#Iteration 750:  0.000023
#Iteration 760:  0.000021
#Iteration 770:  0.000019
#Iteration 780:  0.000017
#Iteration 790:  0.000016
#Iteration 800:  0.000014
0.001000	inf	0.000000
0.003000	inf	0.000000
0.005000	inf	0.000000
0.007000	inf	0.000000
0.009000	inf	0.000000
0.011000	inf	0.000000
0.013000	inf	0.000000
0.015000	inf	0.000000
0.017000	inf	0.000000
0.019000	inf	0.000000
0.021000	inf	0.000000
0.023000	inf	0.000000
0.025000	inf	0.000000
0.027000	inf	0.000000
0.029000	inf	0.000000
0.031000	inf	0.000000
0.033000	inf	0.000000
0.035000	inf	0.000000
0.037000	inf	0.000000
0.039000	inf	0.000000
0.041000	inf	0.000000
0.043000	inf	0.000000
0.045000	inf	0.000000
0.047000	inf	0.000000
0.049000	8.690792	0.105493
0.051000	7.464270	0.829189
0.053000	6.495307	4.227191
0.055000	5.416042	25.940457
0.057000	4.627336	97.673709
0.059000	3.880249	342.921333
0.061000	3.224709	1032.228788
0.063000	2.672921	2609.834503
0.065000	2.188525	5891.830692
0.067000	1.780380	11700.901125
0.069000	1.444627	20574.950939
0.071000	1.167127	32804.210351
0.073000	0.912594	50321.444480
0.075000	0.700826	71838.333418
0.077000	0.530904	95589.124423
0.079000	0.381008	122981.946228
0.081000	0.236083	156908.088236
0.083000	0.125830	188858.321096
0.085000	0.066087	208810.430084
0.087000	0.000000	233345.393499
0.089000	0.001565	232732.326439
0.091000	0.017204	226693.611353
0.093000	0.044865	216394.023058
0.095000	0.060623	210737.004735
0.097000	0.108274	194515.066577
0.099000	0.141008	184100.762047
0.101000	0.167018	176224.658712
0.103000	0.192091	168951.319218
0.105000	0.268417	148606.980575
0.107000	0.285394	144425.899518
0.109000	0.332686	133388.726273
0.111000	0.382651	122642.835312
0.113000	0.465497	106698.792974
0.115000	0.573707	88952.926651
0.117000	0.712957	70388.216614
0.119000	0.802330	60569.249707
0.121000	0.963163	46220.531930
0.123000	1.137082	34503.557533
0.125000	1.314999	25584.352608
0.127000	1.490036	19062.834165
0.129000	1.667266	14151.383238
0.131000	1.897813	9604.768862
0.133000	2.068524	7208.715722
0.135000	2.274097	5102.437045
0.137000	2.445102	3827.669206
0.139000	2.628400	2812.655334
0.141000	2.742410	2322.107134
0.143000	2.811256	2068.335174
0.145000	2.896533	1792.106140
0.147000	2.971331	1580.363965
0.149000	2.995178	1518.264606
0.151000	2.985636	1542.814013
0.153000	2.955179	1623.859241
0.155000	2.970922	1581.450009
0.157000	2.891350	1807.789257
0.159000	2.863996	1892.855137
0.161000	2.866576	1884.663644
0.163000	2.864320	1891.826447
0.165000	2.839619	1972.031711
0.167000	2.880552	1840.900720
0.169000	2.859495	1907.233390
0.171000	2.864822	1890.227914
0.173000	2.876546	1853.339995
0.175000	2.889661	1812.928602
0.177000	2.909172	1754.432038
0.179000	2.953202	1629.266349
0.181000	3.008050	1485.765012
0.183000	3.072167	1333.954649
0.185000	3.095755	1282.095035
0.187000	3.168224	1135.047042
0.189000	3.196888	1081.650523
0.191000	3.227177	1027.956180
0.193000	3.286296	930.709406
0.195000	3.359622	822.776859
0.197000	3.397381	772.174560
0.199000	3.477465	674.915791
0.201000	3.480907	671.021995
0.203000	3.521926	626.312002
0.205000	3.589436	559.119901
0.207000	3.668506	489.529236
0.209000	3.748713	427.782429
0.211000	3.828905	373.833718
0.213000	3.911441	325.403577
0.215000	4.018249	271.923194
0.217000	4.131068	224.948016
0.219000	4.227977	191.131935
0.221000	4.319607	163.846887
0.223000	4.426722	136.847721
0.225000	4.537376	113.619816
0.227000	4.592018	103.648227
0.229000	4.651260	93.823599
0.231000	4.704363	85.811209
0.233000	4.762181	77.863449
0.235000	4.771068	76.708794
0.237000	4.765387	77.444961
0.239000	4.795511	73.620822
0.241000	4.836794	68.684930
0.243000	4.875442	64.364532
0.245000	4.920874	59.631872
0.247000	5.001302	52.090855
0.249000	5.076710	45.889037
0.251000	5.137723	41.415776
0.253000	5.227362	35.622498
0.255000	5.258096	33.828821
0.257000	5.354181	28.783206
0.259000	5.359578	28.523275
0.261000	5.433111	25.206696
0.263000	5.499678	22.538146
0.265000	5.576372	19.811940
0.267000	5.608007	18.785895
0.269000	5.701527	16.053030
0.271000	5.804068	13.511259
0.273000	5.915173	11.209420
0.275000	6.006619	9.612186
0.277000	6.137640	7.712035
0.279000	6.225821	6.649548
0.281000	6.315434	5.719646
0.283000	6.445427	4.596922
0.285000	6.560595	3.787805
0.287000	6.710634	2.943408
0.289000	6.762912	2.695783
0.291000	6.820531	2.446920
0.293000	6.837969	2.376234
0.295000	6.854097	2.312675
0.297000	6.825770	2.425463
0.299000	6.806808	2.504023
0.301000	6.805166	2.510942
0.303000	6.797698	2.542666
0.305000	6.849807	2.329412
0.307000	6.841650	2.361572
0.309000	6.891589	2.171417
0.311000	6.906948	2.116070
0.313000	6.949050	1.971485
0.315000	6.993964	1.828115
0.317000	7.042581	1.684654
0.319000	7.095617	1.540958
0.321000	7.125091	1.466471
0.323000	7.138336	1.434180
0.325000	7.190347	1.314112
0.327000	7.295312	1.101546
0.329000	7.322196	1.052870
0.331000	7.401844	0.920932
0.333000	7.461377	0.833230
0.335000	7.518442	0.757014
0.337000	7.606011	0.653393
0.339000	7.702654	0.555417
0.341000	7.790365	0.479276
0.343000	7.881160	0.411433
0.345000	7.967493	0.355854
0.347000	8.062876	0.303135
0.349000	8.195382	0.242605
0.351000	8.318612	0.197212
0.353000	8.443818	0.159782
0.355000	8.555101	0.132521
0.357000	8.703410	0.103278
0.359000	8.862459	0.079049
0.361000	8.944359	0.068882
0.363000	9.056209	0.057075
0.365000	9.145115	0.049152
0.367000	9.226630	0.042858
0.369000	9.309635	0.037276
0.371000	9.407727	0.031609
0.373000	9.483184	0.027844
0.375000	9.560246	0.024461
0.377000	9.644206	0.021241
0.379000	9.733940	0.018267
0.381000	9.802642	0.016274
0.383000	9.909676	0.013595
0.385000	9.997467	0.011729
0.387000	10.106622	0.009763
0.389000	10.179840	0.008632
0.391000	10.288017	0.007197
0.393000	10.391038	0.006053
0.395000	10.444525	0.005532
0.397000	10.532537	0.004771
0.399000	10.613088	0.004167

# Dumping simulation biases, in the metadata file order 
# Window  F (free energy units)
# 0	0.000000
# 1	-6.119284
# 2	-8.662847
# 3	-8.357779
# 4	-6.343665
# 5	-5.652650
# 6	-4.360148
# 7	-3.090487
# 8	-1.971416
# 9	-0.659120
# 10	1.374124
#Iteration 810:  0.000013
#Iteration 820:  0.000012
#Iteration 830:  0.000011
#Iteration 840:  0.000010
#Iteration 850:  0.000009
#Iteration 860:  0.000008
#Iteration 870:  0.000007
#Iteration 880:  0.000007
#Iteration 890:  0.000006
#Iteration 900:  0.000006
0.001000	inf	0.000000
0.003000	inf	0.000000
0.005000	inf	0.000000
0.007000	inf	0.000000
0.009000	inf	0.000000
0.011000	inf	0.000000
0.013000	inf	0.000000
0.015000	inf	0.000000
0.017000	inf	0.000000
0.019000	inf	0.000000
0.021000	inf	0.000000
0.023000	inf	0.000000
0.025000	inf	0.000000
0.027000	inf	0.000000
0.029000	inf	0.000000
0.031000	inf	0.000000
0.033000	inf	0.000000
0.035000	inf	0.000000
0.037000	inf	0.000000
0.039000	inf	0.000000
0.041000	inf	0.000000
0.043000	inf	0.000000
0.045000	inf	0.000000
0.047000	inf	0.000000
0.049000	8.690737	0.105492
0.051000	7.464214	0.829188
0.053000	6.495252	4.227188
0.055000	5.415987	25.940428
0.057000	4.627282	97.673549
0.059000	3.880195	342.920506
0.061000	3.224656	1032.225160
0.063000	2.672869	2609.821263
0.065000	2.188474	5891.788150
0.067000	1.780331	11700.782929
0.069000	1.444579	20574.665922
0.071000	1.167082	32803.600424
0.073000	0.912553	50320.215538
0.075000	0.700789	71836.076709
0.077000	0.530872	95585.340040
0.079000	0.380982	122975.935875
0.081000	0.236062	156898.821077
0.083000	0.125816	188845.117793
0.085000	0.066080	208793.458231
0.087000	0.000000	233323.630123
0.089000	0.001573	232707.597857
0.091000	0.017220	226666.234425
0.093000	0.044891	216364.325815
0.095000	0.060660	210704.188910
0.097000	0.108323	194480.888602
0.099000	0.141069	184064.640782
0.101000	0.167091	176186.585687
0.103000	0.192175	168911.719697
0.105000	0.268511	148569.684532
0.107000	0.285497	144387.446584
0.109000	0.332798	133351.216961
0.111000	0.382772	122606.385790
0.113000	0.465630	106665.098522
0.115000	0.573853	88922.815464
0.117000	0.713119	70362.414881
0.119000	0.802513	60544.996699
0.121000	0.963369	46200.225670
0.123000	1.137313	34486.953702
0.125000	1.315255	25570.971192
0.127000	1.490315	19052.127351
0.129000	1.667565	14142.965302
0.131000	1.898127	9598.798273
0.133000	2.068851	7204.086572
0.135000	2.274433	5099.083181
0.137000	2.445444	3825.111636
0.139000	2.628746	2810.754376
0.141000	2.742760	2320.525175
0.143000	2.811608	2066.918147
0.145000	2.896887	1790.873262
0.147000	2.971686	1579.273159
0.149000	2.995534	1517.213530
0.151000	2.985993	1541.742581
0.153000	2.955539	1622.727241
0.155000	2.971283	1580.342025
0.157000	2.891714	1806.513838
0.159000	2.864365	1891.506484
0.161000	2.866951	1883.302042
0.163000	2.864702	1890.433040
0.165000	2.840014	1970.540839
0.167000	2.880962	1839.460956
0.169000	2.859924	1905.677876
0.171000	2.865277	1888.609392
0.173000	2.877028	1851.667453
0.175000	2.890171	1811.204362
0.177000	2.909711	1752.680431
0.179000	2.953766	1627.570217
0.181000	3.008635	1484.164835
0.183000	3.072769	1332.479577
0.185000	3.096371	1280.648729
0.187000	3.168850	1133.747163
0.189000	3.197523	1080.397129
0.191000	3.227818	1026.753136
0.193000	3.286944	929.609885
0.195000	3.360277	821.794923
0.197000	3.398045	771.241726
0.199000	3.478140	674.087763
0.201000	3.481597	670.182253
0.203000	3.522634	625.508388
0.205000	3.590167	558.380566
0.207000	3.669266	488.859418
0.209000	3.749502	427.175597
0.211000	3.829724	373.284401
0.213000	3.912289	324.909940
0.215000	4.019122	271.499445
0.217000	4.131960	224.589887
0.219000	4.228885	190.822649
0.221000	4.320526	163.578549
0.223000	4.427650	136.621635
0.225000	4.538310	113.430901
0.227000	4.592958	103.475053
0.229000	4.652203	93.666212
0.231000	4.705310	85.666724
0.233000	4.763132	77.731815
0.235000	4.772024	76.578472
0.237000	4.766349	77.312533
0.239000	4.796483	73.493817
0.241000	4.837778	68.565004
0.243000	4.876443	64.250322
0.245000	4.921897	59.523828
0.247000	5.002353	51.994018
0.249000	5.077795	45.801158
0.251000	5.138845	41.333893
0.253000	5.228522	35.549801
0.255000	5.259292	33.757743
0.257000	5.355409	28.721200
0.259000	5.360831	28.460576
0.261000	5.434385	25.150414
0.263000	5.500968	22.487222
0.265000	5.577675	19.766769
0.267000	5.609319	18.742755
0.269000	5.702847	16.015936
0.271000	5.805397	13.479845
0.273000	5.916512	11.183176
0.275000	6.007970	9.589485
0.277000	6.139008	7.693611
0.279000	6.227210	6.633417
0.281000	6.316853	5.705487
0.283000	6.446884	4.585245
0.285000	6.562101	3.777877
0.287000	6.712197	2.935413
0.289000	6.764537	2.688179
0.291000	6.822218	2.439760
0.293000	6.839715	2.369045
0.295000	6.855895	2.305480
0.297000	6.827610	2.417747
0.299000	6.808680	2.495921
0.301000	6.807063	2.502716
0.303000	6.799611	2.534262
0.305000	6.851734	2.321664
0.307000	6.843586	2.353681
0.309000	6.893532	2.164136
0.311000	6.908897	2.108954
0.313000	6.951003	1.964838
0.315000	6.995923	1.821934
0.317000	7.044547	1.678938
0.319000	7.097592	1.535708
0.321000	7.127076	1.461449
0.323000	7.140335	1.429237
0.325000	7.192362	1.309548
0.327000	7.297343	1.097688
0.329000	7.324245	1.049152
0.331000	7.403909	0.917655
0.333000	7.463457	0.830245
0.335000	7.520535	0.754286
0.337000	7.608112	0.651028
0.339000	7.704763	0.553400
0.341000	7.792479	0.477531
0.343000	7.883278	0.409933
0.345000	7.969614	0.354554
0.347000	8.064999	0.302027
0.349000	8.197508	0.241717
0.351000	8.320742	0.196489
0.353000	8.445952	0.159195
0.355000	8.557240	0.132033
0.357000	8.705556	0.102897
0.359000	8.864612	0.078756
0.361000	8.946522	0.068625
0.363000	9.058384	0.056861
0.365000	9.147300	0.048967
0.367000	9.228826	0.042696
0.369000	9.311839	0.037135
0.371000	9.409940	0.031489
0.373000	9.485402	0.027738
0.375000	9.562468	0.024367
0.377000	9.646432	0.021160
0.379000	9.736168	0.018197
0.381000	9.804872	0.016212
0.383000	9.911907	0.013542
0.385000	9.999699	0.011684
0.387000	10.108854	0.009726
0.389000	10.182072	0.008599
0.391000	10.290249	0.007169
0.393000	10.393271	0.006029
0.395000	10.446757	0.005511
0.397000	10.534770	0.004753
0.399000	10.615321	0.004151

# Dumping simulation biases, in the metadata file order 
# Window  F (free energy units)
# 0	0.000000
# 1	-6.119269
# 2	-8.662790
# 3	-8.357615
# 4	-6.343257
# 5	-5.651958
# 6	-4.359157
# 7	-3.089123
# 8	-1.969430
# 9	-0.656961
# 10	1.376391
#Iteration 910:  0.000005
#Iteration 920:  0.000005
#Iteration 930:  0.000004
#Iteration 940:  0.000004
#Iteration 950:  0.000003
#Iteration 960:  0.000003
#Iteration 970:  0.000003
#Iteration 980:  0.000003
#Iteration 990:  0.000002
#Iteration 1000:  0.000002
0.001000	inf	0.000000
0.003000	inf	0.000000
0.005000	inf	0.000000
0.007000	inf	0.000000
0.009000	inf	0.000000
0.011000	inf	0.000000
0.013000	inf	0.000000
0.015000	inf	0.000000
0.017000	inf	0.000000
0.019000	inf	0.000000
0.021000	inf	0.000000
0.023000	inf	0.000000
0.025000	inf	0.000000
0.027000	inf	0.000000
0.029000	inf	0.000000
0.031000	inf	0.000000
0.033000	inf	0.000000
0.035000	inf	0.000000
0.037000	inf	0.000000
0.039000	inf	0.000000
0.041000	inf	0.000000
0.043000	inf	0.000000
0.045000	inf	0.000000
0.047000	inf	0.000000
0.049000	8.690715	0.105492
0.051000	7.464193	0.829188
0.053000	6.495230	4.227187
0.055000	5.415965	25.940417
0.057000	4.627261	97.673487
0.059000	3.880174	342.920186
0.061000	3.224635	1032.223754
0.063000	2.672849	2609.816134
0.065000	2.188454	5891.771667
0.067000	1.780312	11700.737135
0.069000	1.444561	20574.555496
0.071000	1.167065	32803.364118
0.073000	0.912537	50319.739407
0.075000	0.700775	71835.202393
0.077000	0.530860	95583.873865
0.079000	0.380972	122973.607314
0.081000	0.236054	156895.230776
0.083000	0.125811	188840.002581
0.085000	0.066077	208786.883060
0.087000	0.000000	233315.198694
0.089000	0.001576	232698.017731
0.091000	0.017227	226655.628380
0.093000	0.044901	216352.820969
0.095000	0.060675	210691.476068
0.097000	0.108342	194467.648267
0.099000	0.141093	184050.647869
0.101000	0.167119	176171.836947
0.103000	0.192208	168896.379870
0.105000	0.268547	148555.237212
0.107000	0.285537	144372.551283
0.109000	0.332841	133336.687311
0.111000	0.382819	122592.266763
0.113000	0.465681	106652.046789
0.115000	0.573909	88911.151837
0.117000	0.713182	70352.420667
0.119000	0.802584	60535.602571
0.121000	0.963449	46192.360490
0.123000	1.137402	34480.522798
0.125000	1.315354	25565.788574
0.127000	1.490422	19047.980763
0.129000	1.667681	14139.705273
0.131000	1.898249	9596.486098
0.133000	2.068977	7202.293924
0.135000	2.274563	5097.784412
0.137000	2.445576	3824.121240
0.139000	2.628881	2810.018253
0.141000	2.742896	2319.912584
0.143000	2.811744	2066.369426
0.145000	2.897024	1790.395851
0.147000	2.971823	1578.850763
0.149000	2.995672	1516.806521
0.151000	2.986132	1541.327689
0.153000	2.955678	1622.288896
0.155000	2.971423	1579.912980
0.157000	2.891855	1806.019958
0.159000	2.864508	1890.984246
0.161000	2.867096	1882.774790
0.163000	2.864851	1889.893475
0.165000	2.840167	1969.963535
0.167000	2.881121	1838.903448
0.169000	2.860091	1905.075555
0.171000	2.865453	1887.982687
0.173000	2.877214	1851.019849
0.175000	2.890369	1810.536762
0.177000	2.909919	1752.002258
0.179000	2.953985	1626.913545
0.181000	3.008862	1483.545332
0.183000	3.073003	1331.908521
0.185000	3.096610	1280.088821
0.187000	3.169092	1133.243949
0.189000	3.197768	1079.911915
0.191000	3.228066	1026.287418
0.193000	3.287195	929.184245
0.195000	3.360531	821.414805
0.197000	3.398302	770.880618
0.199000	3.478402	673.767230
0.201000	3.481864	669.857189
0.203000	3.522909	625.197314
0.205000	3.590451	558.094380
0.207000	3.669560	488.600149
0.209000	3.749808	426.940717
0.211000	3.830042	373.071790
0.213000	3.912617	324.718887
0.215000	4.019460	271.335446
0.217000	4.132306	224.451289
0.219000	4.229236	190.702956
0.221000	4.320882	163.474705
0.223000	4.428010	136.534143
0.225000	4.538672	113.357794
0.227000	4.593322	103.408038
0.229000	4.652569	93.605306
0.231000	4.705677	85.610811
0.233000	4.763500	77.680876
0.235000	4.772395	76.528041
0.237000	4.766722	77.261287
0.239000	4.796859	73.444669
0.241000	4.838160	68.518597
0.243000	4.876830	64.206127
0.245000	4.922294	59.482020
0.247000	5.002761	51.956547
0.249000	5.078215	45.767155
0.251000	5.139280	41.302211
0.253000	5.228971	35.521675
0.255000	5.259755	33.730245
0.257000	5.355884	28.697212
0.259000	5.361317	28.436321
0.261000	5.434879	25.128642
0.263000	5.501468	22.467523
0.265000	5.578179	19.749296
0.267000	5.609827	18.726068
0.269000	5.703359	16.001587
0.271000	5.805912	13.467693
0.273000	5.917030	11.173024
0.275000	6.008493	9.580704
0.277000	6.139537	7.686485
0.279000	6.227749	6.627178
0.281000	6.317403	5.700011
0.283000	6.447449	4.580729
0.285000	6.562684	3.774037
0.287000	6.712802	2.932322
0.289000	6.765166	2.685239
0.291000	6.822872	2.436992
0.293000	6.840392	2.366266
0.295000	6.856592	2.302699
0.297000	6.828323	2.414764
0.299000	6.809406	2.492790
0.301000	6.807798	2.499537
0.303000	6.800353	2.531014
0.305000	6.852480	2.318669
0.307000	6.844336	2.350631
0.309000	6.894284	2.161321
0.311000	6.909651	2.106204
0.313000	6.951760	1.962269
0.315000	6.996683	1.819544
0.317000	7.045309	1.676729
0.319000	7.098357	1.533679
0.321000	7.127845	1.459508
0.323000	7.141109	1.427326
0.325000	7.193142	1.307784
0.327000	7.298130	1.096197
0.329000	7.325039	1.047715
0.331000	7.404710	0.916388
0.333000	7.464263	0.829091
0.335000	7.521345	0.753232
0.337000	7.608927	0.650114
0.339000	7.705580	0.552620
0.341000	7.793298	0.476857
0.343000	7.884098	0.409353
0.345000	7.970436	0.354052
0.347000	8.065822	0.301598
0.349000	8.198332	0.241373
0.351000	8.321567	0.196210
0.353000	8.446779	0.158968
0.355000	8.558069	0.131844
0.357000	8.706387	0.102750
0.359000	8.865447	0.078643
0.361000	8.947360	0.068526
0.363000	9.059226	0.056779
0.365000	9.148146	0.048896
0.367000	9.229676	0.042633
0.369000	9.312694	0.037080
0.371000	9.410797	0.031443
0.373000	9.486261	0.027697
0.375000	9.563329	0.024331
0.377000	9.647294	0.021128
0.379000	9.737032	0.018170
0.381000	9.805736	0.016188
0.383000	9.912771	0.013522
0.385000	10.000563	0.011667
0.387000	10.109719	0.009711
0.389000	10.182937	0.008586
0.391000	10.291114	0.007159
0.393000	10.394136	0.006020
0.395000	10.447622	0.005503
0.397000	10.535635	0.004746
0.399000	10.616186	0.004145

# Dumping simulation biases, in the metadata file order 
# Window  F (free energy units)
# 0	0.000000
# 1	-6.119263
# 2	-8.662768
# 3	-8.357552
# 4	-6.343099
# 5	-5.651690
# 6	-4.358773
# 7	-3.088595
# 8	-1.968660
# 9	-0.656125
# 10	1.377269
#Iteration 1010:  0.000002
#Iteration 1020:  0.000002
#Iteration 1030:  0.000002
#Iteration 1040:  0.000001
#Iteration 1050:  0.000001
#Iteration 1060:  0.000001
#Iteration 1070:  0.000001
#Iteration 1080:  0.000001
#Iteration 1090:  0.000001
#Iteration 1100:  0.000001
0.001000	inf	0.000000
0.003000	inf	0.000000
0.005000	inf	0.000000
0.007000	inf	0.000000
0.009000	inf	0.000000
0.011000	inf	0.000000
0.013000	inf	0.000000
0.015000	inf	0.000000
0.017000	inf	0.000000
0.019000	inf	0.000000
0.021000	inf	0.000000
0.023000	inf	0.000000
0.025000	inf	0.000000
0.027000	inf	0.000000
0.029000	inf	0.000000
0.031000	inf	0.000000
0.033000	inf	0.000000
0.035000	inf	0.000000
0.037000	inf	0.000000
0.039000	inf	0.000000
0.041000	inf	0.000000
0.043000	inf	0.000000
0.045000	inf	0.000000
0.047000	inf	0.000000
0.049000	8.690707	0.105492
0.051000	7.464185	0.829188
0.053000	6.495222	4.227186
0.055000	5.415957	25.940413
0.057000	4.627253	97.673463
0.059000	3.880166	342.920062
0.061000	3.224627	1032.223210
0.063000	2.672841	2609.814147
0.065000	2.188446	5891.765281
0.067000	1.780304	11700.719393
0.069000	1.444554	20574.512713
0.071000	1.167058	32803.272564
0.073000	0.912531	50319.554935
0.075000	0.700769	71834.863649
0.077000	0.530855	95583.305814
0.079000	0.380968	122972.705144
0.081000	0.236051	156893.839766
0.083000	0.125809	188838.020774
0.085000	0.066076	208784.335621
0.087000	0.000000	233311.932090
0.089000	0.001577	232694.306094
0.091000	0.017229	226651.519281
0.093000	0.044905	216348.363664
0.095000	0.060680	210686.550776
0.097000	0.108349	194462.518639
0.099000	0.141102	184045.226712
0.101000	0.167130	176166.123005
0.103000	0.192220	168890.436967
0.105000	0.268562	148549.640110
0.107000	0.285552	144366.780652
0.109000	0.332858	133331.058356
0.111000	0.382837	122586.796903
0.113000	0.465701	106646.990424
0.115000	0.573931	88906.633253
0.117000	0.713207	70348.548849
0.119000	0.802611	60531.963258
0.121000	0.963480	46189.313530
0.123000	1.137437	34478.031508
0.125000	1.315392	25563.780891
0.127000	1.490464	19046.374449
0.129000	1.667725	14138.442412
0.131000	1.898296	9595.590425
0.133000	2.069026	7201.599507
0.135000	2.274613	5097.281312
0.137000	2.445628	3823.737596
0.139000	2.628933	2809.733105
0.141000	2.742948	2319.675289
0.143000	2.811797	2066.156872
0.145000	2.897077	1790.210920
0.147000	2.971877	1578.687144
0.149000	2.995726	1516.648861
0.151000	2.986186	1541.166976
0.153000	2.955732	1622.119098
0.155000	2.971478	1579.746784
0.157000	2.891910	1805.828647
0.159000	2.864563	1890.781951
0.161000	2.867152	1882.570554
0.163000	2.864908	1889.684469
0.165000	2.840226	1969.739912
0.167000	2.881183	1838.687493
0.169000	2.860156	1904.842243
0.171000	2.865521	1887.739931
0.173000	2.877287	1850.769001
0.175000	2.890446	1810.278172
0.177000	2.910000	1751.739576
0.179000	2.954069	1626.659194
0.181000	3.008950	1483.305380
0.183000	3.073093	1331.687337
0.185000	3.096702	1279.871957
0.187000	3.169186	1133.049044
0.189000	3.197864	1079.723983
0.191000	3.228163	1026.107037
0.193000	3.287292	929.019388
0.195000	3.360629	821.267580
0.197000	3.398402	770.740756
0.199000	3.478503	673.643084
0.201000	3.481967	669.731288
0.203000	3.523015	625.076833
0.205000	3.590561	557.983540
0.207000	3.669674	488.499734
0.209000	3.749927	426.849749
0.211000	3.830165	372.989448
0.213000	3.912744	324.644895
0.215000	4.019590	271.271932
0.217000	4.132440	224.397613
0.219000	4.229373	190.656602
0.221000	4.321020	163.434489
0.223000	4.428149	136.500260
0.225000	4.538813	113.329483
0.227000	4.593463	103.382086
0.229000	4.652710	93.581719
0.231000	4.705819	85.589158
0.233000	4.763643	77.661149
0.235000	4.772538	76.508511
0.237000	4.766867	77.241441
0.239000	4.797005	73.425637
0.241000	4.838307	68.500625
0.243000	4.876981	64.189012
0.245000	4.922447	59.465830
0.247000	5.002918	51.942037
0.249000	5.078378	45.753988
0.251000	5.139448	41.289943
0.253000	5.229145	35.510784
0.255000	5.259935	33.719596
0.257000	5.356068	28.687923
0.259000	5.361505	28.426929
0.261000	5.435070	25.120211
0.263000	5.501662	22.459896
0.265000	5.578375	19.742531
0.267000	5.610024	18.719607
0.269000	5.703557	15.996031
0.271000	5.806112	13.462988
0.273000	5.917231	11.169094
0.275000	6.008696	9.577304
0.277000	6.139743	7.683726
0.279000	6.227957	6.624762
0.281000	6.317616	5.697890
0.283000	6.447668	4.578980
0.285000	6.562910	3.772551
0.287000	6.713037	2.931125
0.289000	6.765410	2.684101
0.291000	6.823126	2.435920
0.293000	6.840654	2.365190
0.295000	6.856861	2.301622
0.297000	6.828599	2.413610
0.299000	6.809687	2.491577
0.301000	6.808082	2.498306
0.303000	6.800640	2.529756
0.305000	6.852769	2.317510
0.307000	6.844626	2.349450
0.309000	6.894576	2.160232
0.311000	6.909944	2.105139
0.313000	6.952054	1.961274
0.315000	6.996977	1.818619
0.317000	7.045604	1.675874
0.319000	7.098654	1.532893
0.321000	7.128143	1.458756
0.323000	7.141409	1.426586
0.325000	7.193444	1.307101
0.327000	7.298435	1.095620
0.329000	7.325347	1.047159
0.331000	7.405020	0.915897
0.333000	7.464575	0.828644
0.335000	7.521659	0.752824
0.337000	7.609242	0.649760
0.339000	7.705896	0.552319
0.341000	7.793615	0.476596
0.343000	7.884416	0.409129
0.345000	7.970754	0.353857
0.347000	8.066141	0.301433
0.349000	8.198652	0.241240
0.351000	8.321887	0.196102
0.353000	8.447099	0.158880
0.355000	8.558390	0.131771
0.357000	8.706709	0.102693
0.359000	8.865770	0.078599
0.361000	8.947685	0.068488
0.363000	9.059552	0.056747
0.365000	9.148474	0.048868
0.367000	9.230006	0.042609
0.369000	9.313025	0.037059
0.371000	9.411129	0.031425
0.373000	9.486594	0.027681
0.375000	9.563663	0.024317
0.377000	9.647628	0.021116
0.379000	9.737366	0.018159
0.381000	9.806070	0.016179
0.383000	9.913106	0.013514
0.385000	10.000898	0.011660
0.387000	10.110054	0.009705
0.389000	10.183272	0.008581
0.391000	10.291449	0.007155
0.393000	10.394471	0.006017
0.395000	10.447958	0.005500
0.397000	10.535970	0.004743
0.399000	10.616521	0.004143

# Dumping simulation biases, in the metadata file order 
# Window  F (free energy units)
# 0	0.000000
# 1	-6.119261
# 2	-8.662760
# 3	-8.357527
# 4	-6.343038
# 5	-5.651586
# 6	-4.358624
# 7	-3.088390
# 8	-1.968362
# 9	-0.655801
# 10	1.377610
#Iteration 1110:  0.000001
#Iteration 1120:  0.000001
#Iteration 1130:  0.000001
#Iteration 1140:  0.000001
#Iteration 1150:  0.000001
#Iteration 1160:  0.000000
#Iteration 1170:  0.000000
# Dumping simulation biases, in the metadata file order 
# Window  F (free energy units)
# 0	0.000000
# 1	-6.119260
# 2	-8.662757
# 3	-8.357519
# 4	-6.343018
# 5	-5.651552
# 6	-4.358576
# 7	-3.088323
# 8	-1.968265
# 9	-0.655696
# 10	1.377720
# No MC error analysis requested
