# /home/btan/Software/WHAM/wham/wham/wham 0.0 0.4 200 1e-06 300 0 /home/btan/Documents/BD2_DCAF16_8ov6/umbrella_sampling/RMSD/results/backbone_RMSD/DCAF16withBD2/run2/RED/metafile.txt /home/btan/Documents/BD2_DCAF16_8ov6/umbrella_sampling/RMSD/results/backbone_RMSD/DCAF16withBD2/run2/RED/pmf.txt
#Number of windows = 11
#Iteration 10:  0.145219
#Iteration 20:  0.070804
#Iteration 30:  0.038778
#Iteration 40:  0.022941
#Iteration 50:  0.014000
#Iteration 60:  0.008807
#Iteration 70:  0.005537
#Iteration 80:  0.003563
#Iteration 90:  0.002286
#Iteration 100:  0.001459
0.001000	inf	0.000000
0.003000	inf	0.000000
0.005000	inf	0.000000
0.007000	inf	0.000000
0.009000	inf	0.000000
0.011000	inf	0.000000
0.013000	inf	0.000000
0.015000	inf	0.000000
0.017000	inf	0.000000
0.019000	inf	0.000000
0.021000	inf	0.000000
0.023000	inf	0.000000
0.025000	inf	0.000000
0.027000	inf	0.000000
0.029000	inf	0.000000
0.031000	inf	0.000000
0.033000	inf	0.000000
0.035000	inf	0.000000
0.037000	inf	0.000000
0.039000	inf	0.000000
0.041000	inf	0.000000
0.043000	inf	0.000000
0.045000	inf	0.000000
0.047000	16.785895	0.006587
0.049000	16.498207	0.010684
0.051000	14.961662	0.141419
0.053000	13.723456	1.133628
0.055000	12.603872	7.444423
0.057000	11.758982	30.807007
0.059000	10.973774	115.317943
0.061000	10.277730	371.577191
0.063000	9.631643	1100.853181
0.065000	9.076342	2799.826598
0.067000	8.535374	6951.339388
0.069000	8.026376	16355.589283
0.071000	7.584567	34372.605963
0.073000	7.145525	71901.544232
0.075000	6.716028	148011.715773
0.077000	6.351423	273198.548677
0.079000	5.991026	500713.501514
0.081000	5.699509	817359.719831
0.083000	5.366302	1431110.658830
0.085000	5.099585	2240743.063882
0.087000	4.844147	3442523.070511
0.089000	4.591758	5261811.324439
0.091000	4.403096	7225527.797497
0.093000	4.230637	9655483.065942
0.095000	4.033614	13446596.822165
0.097000	3.862730	17921212.892727
0.099000	3.675260	24560147.714398
0.101000	3.457170	35436412.884207
0.103000	3.222080	52611252.281451
0.105000	2.964077	81177504.342424
0.107000	2.701316	126260200.235063
0.109000	2.362391	223203586.573772
0.111000	2.026894	392313387.038353
0.113000	1.671105	713477001.981869
0.115000	1.370256	1183087240.987479
0.117000	1.088504	1899817891.691570
0.119000	0.850343	2835197873.313978
0.121000	0.619827	4177079209.116250
0.123000	0.460596	5459099565.546110
0.125000	0.290512	7265936954.109620
0.127000	0.152111	9169228709.288109
0.129000	0.076561	10410898752.782219
0.131000	0.026367	11327477931.813091
0.133000	0.000000	11840836042.557888
0.135000	0.007833	11685953300.453407
0.137000	0.028804	11281167657.984924
0.139000	0.068564	10551806494.378386
0.141000	0.166647	8947885550.894464
0.143000	0.232664	8008010405.071189
0.145000	0.356105	6507362918.805193
0.147000	0.470977	5364655431.873887
0.149000	0.573626	4514424878.194537
0.151000	0.703296	3630241914.410338
0.153000	0.785858	3159811526.427691
0.155000	0.898394	2615190037.822136
0.157000	1.048645	2031474219.928939
0.159000	1.201730	1570545478.920836
0.161000	1.313015	1302584824.786324
0.163000	1.521749	917103298.645525
0.165000	1.621278	775811726.847440
0.167000	1.796961	577427375.566175
0.169000	1.868036	512399710.470787
0.171000	1.993228	415155805.924090
0.173000	2.077921	360064847.927889
0.175000	2.093557	350723732.500322
0.177000	2.161389	312927775.537469
0.179000	2.158242	314587448.713964
0.181000	2.195241	295617619.342581
0.183000	2.277998	257224956.735530
0.185000	2.315361	241566076.303026
0.187000	2.380089	216660746.287778
0.189000	2.437475	196736697.344265
0.191000	2.508400	174624928.128942
0.193000	2.559973	160123439.795361
0.195000	2.599667	149787537.771812
0.197000	2.616668	145567372.953428
0.199000	2.639206	140155557.143047
0.201000	2.652387	137084300.874051
0.203000	2.665393	134119597.334340
0.205000	2.673106	132391876.082085
0.207000	2.670988	132864164.133201
0.209000	2.696707	127242136.771713
0.211000	2.716731	123030349.258268
0.213000	2.703431	125812143.018266
0.215000	2.710593	124306389.394987
0.217000	2.658123	135768820.712461
0.219000	2.639799	140015793.220435
0.221000	2.612949	146480247.406296
0.223000	2.602123	149170448.250501
0.225000	2.614774	146031662.588008
0.227000	2.609947	147221471.643700
0.229000	2.624735	143606784.603306
0.231000	2.628950	142592817.270674
0.233000	2.657413	135930913.690698
0.235000	2.682868	130237073.686476
0.237000	2.695794	127437702.557466
0.239000	2.740165	118278151.628317
0.241000	2.741080	118096407.609328
0.243000	2.809032	105348260.475527
0.245000	2.816646	104008544.424321
0.247000	2.863524	96126927.791461
0.249000	2.890549	91857686.746412
0.251000	2.906730	89392738.114627
0.253000	2.925615	86599522.710141
0.255000	2.930690	85863814.853110
0.257000	2.942198	84218722.597029
0.259000	2.943042	84099396.876875
0.261000	2.956013	82285501.528800
0.263000	2.991167	77563664.212124
0.265000	2.992810	77349712.470538
0.267000	3.016079	74382576.758445
0.269000	3.046086	70723664.848645
0.271000	3.087593	65957160.520185
0.273000	3.111920	63314275.124522
0.275000	3.186896	55816846.389282
0.277000	3.222611	52564348.214564
0.279000	3.308732	45479752.406736
0.281000	3.355958	42008755.090378
0.283000	3.469053	34735587.005138
0.285000	3.489680	33551787.625882
0.287000	3.523737	31684847.490700
0.289000	3.555566	30034102.424216
0.291000	3.547185	30460255.818895
0.293000	3.515904	32104842.345471
0.295000	3.467982	34798169.796555
0.297000	3.492551	33390256.120806
0.299000	3.440158	36464427.594024
0.301000	3.496447	33172242.804302
0.303000	3.496440	33172666.042082
0.305000	3.535364	31071575.052318
0.307000	3.579422	28853522.424995
0.309000	3.639085	26100044.238933
0.311000	3.723761	22637205.222992
0.313000	3.804210	19773805.685312
0.315000	3.834318	18797918.244111
0.317000	3.903496	16734248.828586
0.319000	4.015276	13867556.436767
0.321000	4.038493	13336751.657133
0.323000	4.069932	12650230.172516
0.325000	4.121354	11602640.099184
0.327000	4.211691	9967951.123501
0.329000	4.245398	9418851.111880
0.331000	4.308328	8473353.423204
0.333000	4.382348	7481978.266243
0.335000	4.436600	6829819.209765
0.337000	4.549460	5649563.301080
0.339000	4.614179	5067184.924006
0.341000	4.712616	4294394.650451
0.343000	4.789058	3776545.382575
0.345000	4.860228	3350709.280612
0.347000	4.970915	2781817.553864
0.349000	5.057215	2406161.176740
0.351000	5.115649	2181043.880273
0.353000	5.221308	1826111.374977
0.355000	5.291922	1621717.454496
0.357000	5.437232	1270254.785962
0.359000	5.465883	1210524.182379
0.361000	5.551311	1048590.814124
0.363000	5.652188	885034.643229
0.365000	5.756371	742849.377379
0.367000	5.844267	640813.654652
0.369000	5.989399	502084.527629
0.371000	6.085682	427055.774010
0.373000	6.216410	342803.878299
0.375000	6.337710	279569.449670
0.377000	6.457084	228738.898103
0.379000	6.593567	181844.093824
0.381000	6.749115	140003.936139
0.383000	6.881153	112135.952608
0.385000	7.065053	82316.614045
0.387000	7.198477	65777.945565
0.389000	7.364068	49795.450974
0.391000	7.508270	39076.317330
0.393000	7.617398	32527.012924
0.395000	7.773473	25020.732246
0.397000	7.889453	20588.663034
0.399000	8.063509	15365.869373

# Dumping simulation biases, in the metadata file order 
# Window  F (free energy units)
# 0	0.000000
# 1	-7.094247
# 2	-12.071161
# 3	-14.942788
# 4	-14.646466
# 5	-13.018161
# 6	-12.747772
# 7	-12.258808
# 8	-11.598647
# 9	-10.265149
# 10	-8.137765
#Iteration 110:  0.000991
#Iteration 120:  0.000681
#Iteration 130:  0.000501
#Iteration 140:  0.000396
#Iteration 150:  0.000351
#Iteration 160:  0.000330
#Iteration 170:  0.000324
#Iteration 180:  0.000314
#Iteration 190:  0.000296
#Iteration 200:  0.000275
0.001000	inf	0.000000
0.003000	inf	0.000000
0.005000	inf	0.000000
0.007000	inf	0.000000
0.009000	inf	0.000000
0.011000	inf	0.000000
0.013000	inf	0.000000
0.015000	inf	0.000000
0.017000	inf	0.000000
0.019000	inf	0.000000
0.021000	inf	0.000000
0.023000	inf	0.000000
0.025000	inf	0.000000
0.027000	inf	0.000000
0.029000	inf	0.000000
0.031000	inf	0.000000
0.033000	inf	0.000000
0.035000	inf	0.000000
0.037000	inf	0.000000
0.039000	inf	0.000000
0.041000	inf	0.000000
0.043000	inf	0.000000
0.045000	inf	0.000000
0.047000	16.821851	0.006587
0.049000	16.534161	0.010684
0.051000	14.997612	0.141422
0.053000	13.759401	1.133660
0.055000	12.639809	7.444738
0.057000	11.794906	30.808953
0.059000	11.009679	115.328807
0.061000	10.313608	371.629313
0.063000	9.667480	1101.082508
0.065000	9.112120	2800.689469
0.067000	8.571066	6954.491123
0.069000	8.061944	16366.411934
0.071000	7.619961	34405.427443
0.073000	7.180680	71999.093537
0.075000	6.750867	148291.233820
0.077000	6.385863	273898.404441
0.079000	6.024985	502401.328344
0.081000	5.732923	820867.560112
0.083000	5.399125	1438682.180908
0.085000	5.131785	2254958.774140
0.087000	4.875688	3468199.929551
0.089000	4.622577	5307494.513353
0.091000	4.433078	7298519.971598
0.093000	4.259600	9769754.329133
0.095000	4.061303	13634895.480032
0.097000	3.888837	18220557.034576
0.099000	3.699466	25050336.324277
0.101000	3.479208	36275616.143141
0.103000	3.241807	54066794.565906
0.105000	2.981513	83745241.306360
0.107000	2.716633	130718868.954893
0.109000	2.375854	231806976.857918
0.111000	2.038788	408510732.555413
0.113000	1.681675	744589469.721484
0.115000	1.379671	1237078243.265069
0.117000	1.096848	1990095670.700824
0.119000	0.857631	2975202174.007116
0.121000	0.626032	4391340829.585846
0.123000	0.465682	5749919366.458163
0.125000	0.294470	7667540813.593409
0.127000	0.154968	9693941499.425098
0.129000	0.078381	11025884596.959051
0.131000	0.027231	12015891196.683245
0.133000	0.000000	12578714250.446732
0.135000	0.007065	12430213873.918400
0.137000	0.027372	12013050541.896019
0.139000	0.066578	11246839367.224686
0.141000	0.164218	9544383884.273350
0.143000	0.229893	8546753343.205469
0.145000	0.353081	6948109456.048419
0.147000	0.467770	5729773360.941656
0.149000	0.570288	4822736087.480937
0.151000	0.699865	3878773264.257929
0.153000	0.782360	3376515606.249383
0.155000	0.894846	2794777708.675206
0.157000	1.045057	2171123221.088578
0.159000	1.198107	1678607678.474303
0.161000	1.309359	1392288241.761429
0.163000	1.518059	980316182.526710
0.165000	1.617553	829334276.083934
0.167000	1.793202	617299385.451877
0.169000	1.864244	547811387.410979
0.171000	1.989408	443868331.975843
0.173000	2.074077	384982431.309068
0.175000	2.089695	375006230.964470
0.177000	2.157514	334600650.850434
0.179000	2.154359	336379866.732196
0.181000	2.191354	316098048.844642
0.183000	2.274111	275045555.062934
0.185000	2.311478	258300048.850706
0.187000	2.376216	231665958.375685
0.189000	2.433617	210356597.107640
0.191000	2.504566	186706426.473966
0.193000	2.556176	171190963.490192
0.195000	2.595926	160125619.955609
0.197000	2.613011	155592388.443390
0.199000	2.635672	149776774.261054
0.201000	2.649034	146449953.510065
0.203000	2.662305	143218932.601143
0.205000	2.670399	141283480.168200
0.207000	2.668819	141659282.073092
0.209000	2.695279	135496274.718110
0.211000	2.716288	130794693.547088
0.213000	2.704235	133471699.239538
0.215000	2.712890	131543790.275898
0.217000	2.662085	143272069.903471
0.219000	2.645480	147327478.311265
0.221000	2.620269	153705419.985363
0.223000	2.610893	156147183.563934
0.225000	2.624747	152552881.909885
0.227000	2.620868	153550833.439709
0.229000	2.636380	149598451.135558
0.231000	2.641144	148405157.914901
0.233000	2.670034	141370283.871154
0.235000	2.695844	135367669.010247
0.237000	2.709104	132383838.994339
0.239000	2.753834	122794519.787369
0.241000	2.755188	122515364.133630
0.243000	2.823721	109183566.798633
0.245000	2.832133	107650618.319879
0.247000	2.880116	99308390.624291
0.249000	2.908653	94656984.175976
0.251000	2.926846	91805890.092323
0.253000	2.948298	88554212.027558
0.255000	2.956474	87345465.359162
0.257000	2.971482	85169400.624348
0.259000	2.975988	84526714.997772
0.261000	2.992501	82212661.042068
0.263000	3.030832	77082274.041652
0.265000	3.035144	76525526.779023
0.267000	3.060547	73326564.914752
0.269000	3.092209	69525747.991845
0.271000	3.135002	64700099.901761
0.273000	3.160364	61999629.447928
0.275000	3.236247	54574496.686450
0.277000	3.272865	51316427.962273
0.279000	3.360009	44323749.003964
0.281000	3.408513	40853176.797660
0.283000	3.523286	33684869.495298
0.285000	3.546149	32414818.971804
0.287000	3.583139	30460631.187148
0.289000	3.618677	28694206.216585
0.291000	3.614745	28884493.283101
0.293000	3.588458	30189459.517630
0.295000	3.545735	32437383.831391
0.297000	3.575305	30864402.330314
0.299000	3.527375	33454112.059085
0.301000	3.587394	30243538.936022
0.303000	3.590346	30093795.620786
0.305000	3.631546	28080121.455026
0.307000	3.677338	25999706.778871
0.309000	3.738357	23465023.937586
0.311000	3.824168	20312979.172343
0.313000	3.905680	17711895.671969
0.315000	3.936920	16805781.163991
0.317000	4.007434	14927229.484082
0.319000	4.120889	12335309.818943
0.321000	4.146234	11820800.870997
0.323000	4.180320	11162520.097759
0.325000	4.234893	10184062.085785
0.327000	4.328749	8697618.300059
0.329000	4.366110	8168169.650698
0.331000	4.432549	7305004.884095
0.333000	4.509695	6416521.006093
0.335000	4.566554	5831620.523130
0.337000	4.681477	4807160.304353
0.339000	4.747773	4300204.813423
0.341000	4.847400	3637104.122327
0.343000	4.924755	3193613.585517
0.345000	4.996664	2829985.613997
0.347000	5.108014	2346888.771699
0.349000	5.194985	2027676.153115
0.351000	5.254178	1835625.906900
0.353000	5.360754	1534537.379092
0.355000	5.432497	1360195.696508
0.357000	5.579168	1062974.996220
0.359000	5.609386	1010326.691850
0.361000	5.696504	872692.349138
0.363000	5.799070	734483.529367
0.365000	5.904816	614866.764197
0.367000	5.994058	529211.976965
0.369000	6.140277	413886.576991
0.371000	6.237393	351544.740286
0.373000	6.368735	281898.876293
0.375000	6.490475	229729.399896
0.377000	6.610156	187863.446131
0.379000	6.746852	149295.431599
0.381000	6.902545	114916.339216
0.383000	7.034681	92026.881268
0.385000	7.218647	67547.448283
0.387000	7.352116	53972.088305
0.389000	7.517736	40856.085947
0.391000	7.661959	32060.189944
0.393000	7.771100	26686.207355
0.395000	7.927184	20527.503805
0.397000	8.043170	16891.176249
0.399000	8.217230	12606.251240

# Dumping simulation biases, in the metadata file order 
# Window  F (free energy units)
# 0	0.000000
# 1	-7.098760
# 2	-12.096348
# 3	-14.975769
# 4	-14.683620
# 5	-13.054945
# 6	-12.767654
# 7	-12.243336
# 8	-11.533205
# 9	-10.164753
# 10	-8.021077
#Iteration 210:  0.000253
#Iteration 220:  0.000231
#Iteration 230:  0.000210
#Iteration 240:  0.000190
#Iteration 250:  0.000171
#Iteration 260:  0.000154
#Iteration 270:  0.000138
#Iteration 280:  0.000124
#Iteration 290:  0.000112
#Iteration 300:  0.000100
0.001000	inf	0.000000
0.003000	inf	0.000000
0.005000	inf	0.000000
0.007000	inf	0.000000
0.009000	inf	0.000000
0.011000	inf	0.000000
0.013000	inf	0.000000
0.015000	inf	0.000000
0.017000	inf	0.000000
0.019000	inf	0.000000
0.021000	inf	0.000000
0.023000	inf	0.000000
0.025000	inf	0.000000
0.027000	inf	0.000000
0.029000	inf	0.000000
0.031000	inf	0.000000
0.033000	inf	0.000000
0.035000	inf	0.000000
0.037000	inf	0.000000
0.039000	inf	0.000000
0.041000	inf	0.000000
0.043000	inf	0.000000
0.045000	inf	0.000000
0.047000	16.815577	0.006587
0.049000	16.527887	0.010684
0.051000	14.991339	0.141422
0.053000	13.753128	1.133655
0.055000	12.633537	7.444693
0.057000	11.788636	30.808679
0.059000	11.003411	115.327277
0.061000	10.307344	371.621972
0.063000	9.661222	1101.050208
0.065000	9.105870	2800.567917
0.067000	8.564829	6954.047054
0.069000	8.055724	16364.886616
0.071000	7.613765	34400.799725
0.073000	7.174518	71985.331266
0.075000	6.744750	148251.766926
0.077000	6.379802	273799.477128
0.079000	6.018993	502162.394470
0.081000	5.727008	820370.025367
0.083000	5.393295	1437605.632602
0.085000	5.126044	2252931.228903
0.087000	4.870043	3464523.388132
0.089000	4.617038	5300921.819230
0.091000	4.427664	7287957.604156
0.093000	4.254339	9753109.293733
0.095000	4.056234	13607269.444847
0.097000	3.884008	18176309.500848
0.099000	3.694926	24977337.054000
0.101000	3.475000	36149739.413869
0.103000	3.237955	53846986.790442
0.105000	2.978016	83355035.880627
0.107000	2.713467	130037360.384789
0.109000	2.372981	230484674.251031
0.111000	2.036170	406007473.748670
0.113000	1.679277	739752377.889344
0.115000	1.377474	1228626407.272652
0.117000	1.094847	1975846960.373833
0.119000	0.855834	2952885441.642270
0.121000	0.624456	4356784768.373174
0.123000	0.464345	5702377068.467656
0.125000	0.293389	7600880778.412777
0.127000	0.154153	9605371117.346926
0.129000	0.077837	10920160229.720463
0.131000	0.026961	11895208848.383436
0.133000	0.000000	12446716744.574730
0.135000	0.007326	12294380636.851135
0.137000	0.027875	11876939052.158157
0.139000	0.067296	11115388323.340471
0.141000	0.165120	9429915052.780790
0.143000	0.230949	8442060479.685826
0.145000	0.354269	6861484383.155022
0.147000	0.469076	5657207341.952900
0.149000	0.571714	4760701945.005950
0.151000	0.701426	3828012782.047192
0.153000	0.784088	3331388589.964344
0.155000	0.896795	2756405371.585407
0.157000	1.047300	2140256455.240075
0.159000	1.200737	1653665456.108881
0.161000	1.312483	1370460595.202392
0.163000	1.521784	963973994.183953
0.165000	1.621961	814572891.037781
0.167000	1.798332	605576819.972533
0.169000	1.870078	536772483.130753
0.171000	1.995878	434459302.861157
0.173000	2.081082	376482900.366084
0.175000	2.097125	366465601.715599
0.177000	2.165264	326804045.448043
0.179000	2.162343	328412584.288099
0.181000	2.199505	308524700.947730
0.183000	2.282378	268402988.936302
0.185000	2.319827	252027227.290178
0.187000	2.384623	226017941.721133
0.189000	2.442067	205213446.168447
0.191000	2.513049	182131236.935355
0.193000	2.564689	166987573.317325
0.195000	2.604471	156185771.403439
0.197000	2.621592	151754617.391388
0.199000	2.644302	146070458.263792
0.201000	2.657732	142809690.869107
0.203000	2.671099	139636428.344269
0.205000	2.679330	137717810.040327
0.207000	2.677941	138039722.973391
0.209000	2.704664	131975991.748507
0.211000	2.726019	127322201.006773
0.213000	2.714406	129832274.786515
0.215000	2.723584	127844444.071068
0.217000	2.673360	139106908.271723
0.219000	2.657353	142900816.218664
0.221000	2.632709	148945031.628238
0.223000	2.623832	151184180.922736
0.225000	2.638098	147601889.702389
0.227000	2.634541	148486974.885821
0.229000	2.650297	144605815.553693
0.231000	2.655241	143408924.371893
0.233000	2.684265	136580089.173769
0.235000	2.710179	130758019.710763
0.237000	2.723526	127856949.215668
0.239000	2.768341	118578772.082648
0.241000	2.769788	118290723.303652
0.243000	2.838436	105398270.981493
0.245000	2.846999	103891913.946325
0.247000	2.895189	95807731.096344
0.249000	2.924004	91277467.739524
0.251000	2.942566	88473357.868760
0.253000	2.964485	85272741.670041
0.255000	2.973221	84029622.310373
0.257000	2.988857	81849734.108073
0.259000	2.994015	81143105.490921
0.261000	3.011154	78838696.804069
0.263000	3.050043	73849642.131723
0.265000	3.054820	73258948.290007
0.267000	3.080591	70152979.446489
0.269000	3.112539	66484857.872012
0.271000	3.155549	61847560.796376
0.273000	3.181085	59248894.005500
0.275000	3.257117	52140156.873635
0.277000	3.293879	49015545.124329
0.279000	3.381182	42325062.288145
0.281000	3.429881	38998176.428906
0.283000	3.544908	32141638.664376
0.285000	3.568106	30912353.440943
0.287000	3.605532	29027447.495034
0.289000	3.641618	27318969.709136
0.291000	3.638338	27470035.085287
0.293000	3.612776	28676152.094864
0.295000	3.570799	30772749.480347
0.297000	3.601080	29245508.688290
0.299000	3.553779	31665899.384756
0.301000	3.614319	28601875.131391
0.303000	3.617682	28440611.587573
0.305000	3.659195	26523559.930991
0.307000	3.705225	24548649.197895
0.309000	3.766429	22148545.999871
0.311000	3.852394	19168393.940232
0.313000	3.934049	16709872.974081
0.315000	3.965438	15851017.348971
0.317000	4.036128	14075020.757643
0.319000	4.149803	11626788.081326
0.321000	4.175425	11136642.893590
0.323000	4.209854	10510400.521005
0.325000	4.264832	9582569.222927
0.327000	4.359139	8177726.320218
0.329000	4.396964	7673935.083100
0.331000	4.463846	6857893.216862
0.333000	4.541384	6019823.532882
0.335000	4.598568	5468095.998208
0.337000	4.713747	4505557.455195
0.339000	4.780237	4029087.474915
0.341000	4.880011	3406953.458332
0.343000	4.957478	2990962.238949
0.345000	5.029478	2650004.156887
0.347000	5.140909	2197332.157214
0.349000	5.227962	1898200.478747
0.351000	5.287247	1718147.006222
0.353000	5.393935	1436059.530924
0.355000	5.465814	1272614.082568
0.357000	5.612649	994256.627027
0.359000	5.643056	944712.619996
0.361000	5.730376	815738.989101
0.363000	5.833144	686316.973534
0.365000	5.939076	574364.662554
0.367000	6.028478	494219.251231
0.369000	6.174825	386435.750677
0.371000	6.272041	328174.301285
0.373000	6.403455	263126.344824
0.375000	6.525247	214412.305876
0.377000	6.644964	175327.048545
0.379000	6.781685	139326.872879
0.381000	6.937395	107240.217755
0.383000	7.069543	85878.047080
0.385000	7.253517	63033.395676
0.387000	7.386991	50364.803787
0.389000	7.552615	38125.198318
0.391000	7.696839	29917.115732
0.393000	7.805982	24902.292713
0.395000	7.962068	19155.251022
0.397000	8.078054	15761.991327
0.399000	8.252115	11763.506704

# Dumping simulation biases, in the metadata file order 
# Window  F (free energy units)
# 0	0.000000
# 1	-7.098088
# 2	-12.092334
# 3	-14.970058
# 4	-14.676058
# 5	-13.040285
# 6	-12.747118
# 7	-12.216420
# 8	-11.498995
# 9	-10.126025
# 10	-7.980366
#Iteration 310:  0.000090
#Iteration 320:  0.000080
#Iteration 330:  0.000072
#Iteration 340:  0.000064
#Iteration 350:  0.000058
#Iteration 360:  0.000052
#Iteration 370:  0.000046
#Iteration 380:  0.000041
#Iteration 390:  0.000037
#Iteration 400:  0.000033
0.001000	inf	0.000000
0.003000	inf	0.000000
0.005000	inf	0.000000
0.007000	inf	0.000000
0.009000	inf	0.000000
0.011000	inf	0.000000
0.013000	inf	0.000000
0.015000	inf	0.000000
0.017000	inf	0.000000
0.019000	inf	0.000000
0.021000	inf	0.000000
0.023000	inf	0.000000
0.025000	inf	0.000000
0.027000	inf	0.000000
0.029000	inf	0.000000
0.031000	inf	0.000000
0.033000	inf	0.000000
0.035000	inf	0.000000
0.037000	inf	0.000000
0.039000	inf	0.000000
0.041000	inf	0.000000
0.043000	inf	0.000000
0.045000	inf	0.000000
0.047000	16.813220	0.006587
0.049000	16.525531	0.010684
0.051000	14.988983	0.141422
0.053000	13.750772	1.133654
0.055000	12.631182	7.444676
0.057000	11.786281	30.808574
0.059000	11.001058	115.326692
0.061000	10.304992	371.619165
0.063000	9.658873	1101.037854
0.065000	9.103524	2800.521431
0.067000	8.562487	6953.877230
0.069000	8.053389	16364.303316
0.071000	7.611439	34399.030145
0.073000	7.172205	71980.069214
0.075000	6.742454	148236.678420
0.077000	6.377528	273761.662258
0.079000	6.016744	502071.079682
0.081000	5.724789	820179.922881
0.083000	5.391108	1437194.403963
0.085000	5.123892	2252156.964028
0.087000	4.867928	3463119.901676
0.089000	4.614964	5298413.765430
0.091000	4.425636	7283929.068720
0.093000	4.252369	9746764.402214
0.095000	4.054338	13596745.761132
0.097000	3.882203	18159467.156750
0.099000	3.693232	24949574.851855
0.101000	3.473431	36101912.701045
0.103000	3.236521	53763552.824460
0.105000	2.976717	83207065.825871
0.107000	2.712293	129779160.648324
0.109000	2.371918	229984121.852337
0.111000	2.035202	405060619.538583
0.113000	1.678392	737924159.169974
0.115000	1.376665	1225434529.141773
0.117000	1.094112	1970470658.607958
0.119000	0.855175	2944473546.142463
0.121000	0.623879	4343774857.663912
0.123000	0.463857	5684502017.096807
0.125000	0.292994	7575855148.819675
0.127000	0.153856	9572173821.523884
0.129000	0.077640	10880602267.006008
0.131000	0.026862	11850136618.123974
0.133000	0.000000	12397510330.852077
0.135000	0.007420	12243836486.943220
0.137000	0.028056	11826377034.673433
0.139000	0.067555	11066630639.387737
0.141000	0.165445	9387510690.035030
0.143000	0.231329	8403319618.734733
0.145000	0.354696	6829459846.356265
0.147000	0.469545	5630404526.112776
0.149000	0.572224	4737811087.412436
0.151000	0.701984	3809303067.210120
0.153000	0.784705	3314778992.308032
0.155000	0.897489	2742308074.032518
0.157000	1.048096	2128943729.770208
0.159000	1.201668	1644551581.074574
0.161000	1.313587	1362513495.379997
0.163000	1.523095	958048172.306318
0.165000	1.623510	809243049.439520
0.167000	1.800130	601361754.440358
0.169000	1.872120	532818185.941018
0.171000	1.998140	431099627.376132
0.173000	2.083528	373455755.281950
0.175000	2.099717	363429774.717140
0.177000	2.167967	324036681.880394
0.179000	2.165126	325587560.736269
0.181000	2.202345	305841310.062600
0.183000	2.285259	266050586.880145
0.185000	2.322736	249806555.660713
0.187000	2.387551	224018967.954545
0.189000	2.445009	203393504.667135
0.191000	2.516003	180512528.400766
0.193000	2.567654	165500630.848035
0.195000	2.607446	154792287.273288
0.197000	2.624579	150397518.500453
0.199000	2.647306	144760211.471129
0.201000	2.660758	141523301.364027
0.203000	2.674158	138371156.166005
0.205000	2.682434	136459475.726930
0.207000	2.681109	136763767.255648
0.209000	2.707919	130736860.869239
0.211000	2.729390	126102224.211716
0.213000	2.717923	128556648.666345
0.215000	2.727275	126551321.317118
0.217000	2.677244	137655178.375728
0.219000	2.661435	141362379.473110
0.221000	2.636979	147294982.435561
0.223000	2.628268	149467791.923474
0.225000	2.642670	145892777.369767
0.227000	2.639220	146741356.136102
0.229000	2.655055	142886555.868721
0.231000	2.660059	141689761.557350
0.233000	2.689127	134932784.421300
0.235000	2.715075	129173536.894738
0.237000	2.728451	126301546.262365
0.239000	2.773293	117130868.545088
0.241000	2.774770	116840451.248578
0.243000	2.843455	104099602.284646
0.245000	2.852067	102603405.540156
0.247000	2.900322	94608992.004002
0.249000	2.929227	90121906.421674
0.251000	2.947906	87336033.021753
0.253000	2.969974	84155494.625743
0.255000	2.978889	82903800.893843
0.257000	2.994724	80726021.233444
0.259000	3.000089	80001243.910496
0.261000	3.017427	77703338.634701
0.263000	3.056492	72764543.100800
0.265000	3.061416	72164682.820705
0.267000	3.087304	69091556.268903
0.269000	3.119341	65469049.042823
0.271000	3.162421	60895552.641814
0.273000	3.188011	58331534.743796
0.275000	3.264090	51328826.201898
0.277000	3.300897	48249164.308564
0.279000	3.388250	41659790.600003
0.281000	3.437011	38381247.065715
0.283000	3.552117	31628951.072195
0.285000	3.575420	30413915.086511
0.287000	3.612982	28552858.633960
0.289000	3.649239	26864594.310316
0.291000	3.646162	27003928.922527
0.293000	3.620825	28178900.073100
0.295000	3.579080	30227354.516048
0.297000	3.609582	28716532.314007
0.299000	3.562476	31082969.183574
0.301000	3.623176	28067744.434786
0.303000	3.626667	27903537.691685
0.305000	3.668277	26018449.692293
0.307000	3.714380	24078178.146595
0.309000	3.775641	21721991.938093
0.311000	3.861653	18797738.946697
0.313000	3.943352	16385549.923316
0.315000	3.974787	15542156.609319
0.317000	4.045532	13799509.571259
0.319000	4.159274	11397908.615137
0.321000	4.184981	10915851.082365
0.323000	4.219515	10300202.580830
0.325000	4.274618	9388964.868445
0.327000	4.369063	8010648.383557
0.329000	4.407030	7515356.065981
0.331000	4.474046	6714650.334128
0.333000	4.551704	5892900.428766
0.335000	4.608987	5351913.554760
0.337000	4.724244	4409247.692527
0.339000	4.790794	3942568.768839
0.341000	4.890613	3333543.783169
0.343000	4.968114	2926347.891602
0.345000	5.040142	2592635.239910
0.347000	5.151597	2149673.919834
0.349000	5.238675	1856952.485959
0.351000	5.297988	1680732.345059
0.353000	5.404709	1404707.858527
0.355000	5.476630	1244743.933751
0.357000	5.623515	972400.956247
0.359000	5.653979	923857.180195
0.361000	5.741360	797648.363107
0.363000	5.844189	671027.463524
0.365000	5.950179	561515.873064
0.367000	6.039628	483124.001638
0.369000	6.186015	377735.464219
0.371000	6.283260	320769.616916
0.373000	6.414697	257179.853669
0.375000	6.536504	209561.189700
0.377000	6.656233	171357.078228
0.379000	6.792961	136170.328731
0.381000	6.948676	104809.707539
0.383000	7.080827	83931.198336
0.385000	7.264804	61604.188689
0.387000	7.398279	49222.710511
0.389000	7.563904	37260.588657
0.391000	7.708130	29238.615242
0.393000	7.817273	24337.505549
0.395000	7.973359	18720.797430
0.397000	8.089345	15404.493543
0.399000	8.263406	11496.695802

# Dumping simulation biases, in the metadata file order 
# Window  F (free energy units)
# 0	0.000000
# 1	-7.097833
# 2	-12.090816
# 3	-14.967912
# 4	-14.673251
# 5	-13.035025
# 6	-12.739907
# 7	-12.207181
# 8	-11.487485
# 9	-10.113131
# 10	-7.966868
#Iteration 410:  0.000030
#Iteration 420:  0.000027
#Iteration 430:  0.000024
#Iteration 440:  0.000021
#Iteration 450:  0.000019
#Iteration 460:  0.000017
#Iteration 470:  0.000015
#Iteration 480:  0.000014
#Iteration 490:  0.000012
#Iteration 500:  0.000011
0.001000	inf	0.000000
0.003000	inf	0.000000
0.005000	inf	0.000000
0.007000	inf	0.000000
0.009000	inf	0.000000
0.011000	inf	0.000000
0.013000	inf	0.000000
0.015000	inf	0.000000
0.017000	inf	0.000000
0.019000	inf	0.000000
0.021000	inf	0.000000
0.023000	inf	0.000000
0.025000	inf	0.000000
0.027000	inf	0.000000
0.029000	inf	0.000000
0.031000	inf	0.000000
0.033000	inf	0.000000
0.035000	inf	0.000000
0.037000	inf	0.000000
0.039000	inf	0.000000
0.041000	inf	0.000000
0.043000	inf	0.000000
0.045000	inf	0.000000
0.047000	16.812437	0.006587
0.049000	16.524747	0.010684
0.051000	14.988199	0.141422
0.053000	13.749989	1.133653
0.055000	12.630398	7.444671
0.057000	11.785498	30.808539
0.059000	11.000275	115.326497
0.061000	10.304210	371.618231
0.063000	9.658091	1101.033743
0.065000	9.102743	2800.505959
0.067000	8.561708	6953.820707
0.069000	8.052613	16364.109179
0.071000	7.610666	34398.441196
0.073000	7.171436	71978.317944
0.075000	6.741690	148231.656944
0.077000	6.376771	273749.077857
0.079000	6.015997	502040.692236
0.081000	5.724052	820116.663607
0.083000	5.390381	1437057.566327
0.085000	5.123177	2251899.330617
0.087000	4.867224	3462652.901624
0.089000	4.614274	5297579.226916
0.091000	4.424962	7282588.593284
0.093000	4.251715	9744653.183402
0.095000	4.053707	13593244.200319
0.097000	3.881603	18153863.631643
0.099000	3.692668	24940339.501914
0.101000	3.472909	36086005.734086
0.103000	3.236045	53735809.374020
0.105000	2.976285	83157874.827775
0.107000	2.711902	129693345.204545
0.109000	2.371565	229817792.922486
0.111000	2.034881	404746045.107711
0.113000	1.678098	737316859.664813
0.115000	1.376396	1224374385.992205
0.117000	1.093867	1968685199.902834
0.119000	0.854956	2941680306.437041
0.121000	0.623687	4339455356.138457
0.123000	0.463694	5678568031.221708
0.125000	0.292863	7567548636.477062
0.127000	0.153758	9561156747.539354
0.129000	0.077574	10867476526.918770
0.131000	0.026830	11835183806.314617
0.133000	0.000000	12381188886.499310
0.135000	0.007451	12227074236.885883
0.137000	0.028117	11809611594.841003
0.139000	0.067641	11050465840.216600
0.141000	0.165552	9373453977.355759
0.143000	0.231455	8390478650.423432
0.145000	0.354837	6818845961.617518
0.147000	0.469701	5621521928.282711
0.149000	0.572394	4730225461.228596
0.151000	0.702170	3803103459.275393
0.153000	0.784910	3309275766.739971
0.155000	0.897719	2737637787.889720
0.157000	1.048360	2125196532.246648
0.159000	1.201977	1641533366.767885
0.161000	1.313953	1359882416.046073
0.163000	1.523531	956086977.168891
0.165000	1.624024	807479830.399034
0.167000	1.800727	599967955.645004
0.169000	1.872798	531511206.193636
0.171000	1.998890	429989644.175128
0.173000	2.084339	372455989.222860
0.175000	2.100576	362427425.644481
0.177000	2.168862	323123169.446797
0.179000	2.166049	324655162.080923
0.181000	2.203286	304955757.160011
0.183000	2.286213	265274325.895889
0.185000	2.323700	249073804.297376
0.187000	2.388522	223359395.255634
0.189000	2.445985	202793021.188015
0.191000	2.516982	179978452.102341
0.193000	2.568636	165010037.817756
0.195000	2.608431	154332536.830930
0.197000	2.625569	149949780.684743
0.199000	2.648301	144327941.032909
0.201000	2.661761	141098914.855791
0.203000	2.675171	137953754.426513
0.205000	2.683462	136044388.279326
0.207000	2.682158	136342903.718613
0.209000	2.708998	130328193.290209
0.211000	2.730507	125699939.648280
0.213000	2.719088	128136103.182626
0.215000	2.728499	126125118.395239
0.217000	2.678531	137176841.814809
0.219000	2.662788	140855632.191855
0.221000	2.638394	146751636.192450
0.223000	2.629738	148902754.593176
0.225000	2.644184	145330263.692182
0.227000	2.640769	146166930.622655
0.229000	2.656632	142320881.445540
0.231000	2.661655	141124176.179799
0.233000	2.690737	134390880.071805
0.235000	2.716697	128652328.418502
0.237000	2.730082	125789927.359412
0.239000	2.774933	116654629.946360
0.241000	2.776419	116363455.458404
0.243000	2.845117	103672492.561614
0.245000	2.853745	102179667.923771
0.247000	2.902022	94214814.339408
0.249000	2.930957	89741977.228773
0.251000	2.949675	86962165.924158
0.253000	2.971792	83788311.273242
0.255000	2.980765	82533902.388728
0.257000	2.996667	80356932.582265
0.259000	3.002100	79626319.929875
0.261000	3.019503	77330671.813962
0.263000	3.058626	72408478.144736
0.265000	3.063599	71805699.074667
0.267000	3.089526	68743415.648093
0.269000	3.121592	65135920.410113
0.271000	3.164694	60583383.224096
0.273000	3.190302	58030753.925798
0.275000	3.266397	51062829.425038
0.277000	3.303219	47997921.617627
0.279000	3.390589	41441710.223230
0.281000	3.439370	38179030.894789
0.283000	3.554502	31460921.482986
0.285000	3.577840	30250579.132090
0.287000	3.615447	28397367.479665
0.289000	3.651760	26715761.643184
0.291000	3.648750	26851298.379487
0.293000	3.623488	28016124.502394
0.295000	3.581819	30048881.531371
0.297000	3.612394	28543490.560348
0.299000	3.565352	30892335.551057
0.301000	3.626105	27893113.917167
0.303000	3.629638	27727980.351285
0.305000	3.671280	25853366.081110
0.307000	3.717407	23924433.526148
0.309000	3.778687	21582611.415186
0.311000	3.864715	18676632.819019
0.313000	3.946428	16279589.059918
0.315000	3.977878	15441254.295044
0.317000	4.048641	13709509.240286
0.319000	4.162405	11323148.425925
0.321000	4.188140	10843741.255077
0.323000	4.222709	10231562.898772
0.325000	4.277853	9325755.005410
0.327000	4.372343	7956109.979842
0.329000	4.410357	7463602.650180
0.331000	4.477418	6667911.311917
0.333000	4.555115	5851493.807082
0.335000	4.612431	5314016.547186
0.337000	4.727714	4377836.567750
0.339000	4.794283	3914353.508280
0.341000	4.894116	3309605.228335
0.343000	4.971629	2905278.539565
0.345000	5.043666	2573929.240452
0.347000	5.155129	2134134.798860
0.349000	5.242215	1843503.931999
0.351000	5.301538	1668534.106983
0.353000	5.408270	1394486.818549
0.355000	5.480204	1235658.449995
0.357000	5.627106	965276.658146
0.359000	5.657589	917059.482705
0.361000	5.744990	791752.358422
0.363000	5.847839	666044.823683
0.365000	5.953847	557328.972374
0.367000	6.043313	479508.763087
0.369000	6.189713	374900.753590
0.371000	6.286968	318357.142179
0.373000	6.418412	255242.526247
0.375000	6.540224	207980.764579
0.377000	6.659956	170063.738838
0.379000	6.796687	135141.999265
0.381000	6.952404	104017.909240
0.383000	7.084556	83296.967888
0.385000	7.268533	61138.593484
0.387000	7.402009	48850.649701
0.389000	7.567634	36978.924389
0.391000	7.711860	29017.580073
0.393000	7.821003	24153.514909
0.395000	7.977089	18579.265608
0.397000	8.093076	15288.031629
0.399000	8.267137	11409.776937

# Dumping simulation biases, in the metadata file order 
# Window  F (free energy units)
# 0	0.000000
# 1	-7.097748
# 2	-12.090311
# 3	-14.967199
# 4	-14.672318
# 5	-13.033279
# 6	-12.737516
# 7	-12.204121
# 8	-11.483675
# 9	-10.108865
# 10	-7.962403
#Iteration 510:  0.000010
#Iteration 520:  0.000009
#Iteration 530:  0.000008
#Iteration 540:  0.000007
#Iteration 550:  0.000006
#Iteration 560:  0.000006
#Iteration 570:  0.000005
#Iteration 580:  0.000005
#Iteration 590:  0.000004
#Iteration 600:  0.000004
0.001000	inf	0.000000
0.003000	inf	0.000000
0.005000	inf	0.000000
0.007000	inf	0.000000
0.009000	inf	0.000000
0.011000	inf	0.000000
0.013000	inf	0.000000
0.015000	inf	0.000000
0.017000	inf	0.000000
0.019000	inf	0.000000
0.021000	inf	0.000000
0.023000	inf	0.000000
0.025000	inf	0.000000
0.027000	inf	0.000000
0.029000	inf	0.000000
0.031000	inf	0.000000
0.033000	inf	0.000000
0.035000	inf	0.000000
0.037000	inf	0.000000
0.039000	inf	0.000000
0.041000	inf	0.000000
0.043000	inf	0.000000
0.045000	inf	0.000000
0.047000	16.812178	0.006587
0.049000	16.524488	0.010684
0.051000	14.987940	0.141421
0.053000	13.749730	1.133653
0.055000	12.630139	7.444669
0.057000	11.785239	30.808528
0.059000	11.000016	115.326432
0.061000	10.303951	371.617921
0.063000	9.657833	1101.032382
0.065000	9.102485	2800.500840
0.067000	8.561450	6953.802008
0.069000	8.052356	16364.044953
0.071000	7.610410	34398.246353
0.073000	7.171182	71977.738576
0.075000	6.741438	148229.995716
0.077000	6.376521	273744.914672
0.079000	6.015749	502030.639548
0.081000	5.723808	820095.736588
0.083000	5.390141	1437012.298984
0.085000	5.122940	2251814.103105
0.087000	4.866991	3462498.413507
0.089000	4.614045	5297303.151885
0.091000	4.424739	7282145.144881
0.093000	4.251498	9743954.758487
0.095000	4.053499	13592085.832867
0.097000	3.881404	18152009.940196
0.099000	3.692482	24937284.492408
0.101000	3.472737	36080744.089059
0.103000	3.235887	53726633.157147
0.105000	2.976142	83141606.032552
0.107000	2.711773	129664965.830154
0.109000	2.371448	229762791.196017
0.111000	2.034774	404642027.286994
0.113000	1.678001	737116057.899733
0.115000	1.376307	1224023865.936432
0.117000	1.093787	1968094884.515618
0.119000	0.854883	2940756822.675686
0.121000	0.623623	4338027313.499001
0.123000	0.463641	5676606299.632421
0.125000	0.292820	7564802663.923101
0.127000	0.153725	9557514854.384985
0.129000	0.077553	10863137747.616060
0.131000	0.026819	11830241278.932917
0.133000	0.000000	12375794188.274740
0.135000	0.007462	12221534061.039415
0.137000	0.028137	11804070573.601454
0.139000	0.067669	11045123513.131643
0.141000	0.165588	9368808488.733997
0.143000	0.231497	8386235043.099301
0.145000	0.354884	6815338413.397768
0.147000	0.469752	5618586558.968197
0.149000	0.572450	4727718725.086793
0.151000	0.702231	3801054770.108748
0.153000	0.784978	3307457225.508760
0.155000	0.897795	2736094519.336502
0.157000	1.048448	2123958324.705178
0.159000	1.202080	1640536078.971207
0.161000	1.314074	1359013094.203664
0.163000	1.523675	955439037.180807
0.165000	1.624194	806897353.465376
0.167000	1.800925	599507567.068863
0.169000	1.873022	531079544.957404
0.171000	1.999138	429623086.093740
0.173000	2.084607	372125860.702752
0.175000	2.100860	362096470.068278
0.177000	2.169159	322821564.085405
0.179000	2.166354	324347334.903159
0.181000	2.203597	304663405.189089
0.183000	2.286529	265018060.730353
0.185000	2.324018	248831906.610401
0.187000	2.388843	223141657.832491
0.189000	2.446307	202594791.730692
0.191000	2.517306	179802145.712308
0.193000	2.568961	164848086.581147
0.195000	2.608757	154180767.706779
0.197000	2.625897	149801977.635066
0.199000	2.648630	144185244.571424
0.201000	2.662093	140958821.778974
0.203000	2.675507	137815968.207206
0.205000	2.683802	135907367.636390
0.207000	2.682506	136203978.752479
0.209000	2.709354	130193297.438959
0.211000	2.730877	125567155.277537
0.213000	2.719474	127997297.703691
0.215000	2.728903	125984453.859637
0.217000	2.678957	137018982.005727
0.219000	2.663235	140688409.017690
0.221000	2.638862	146572349.197345
0.223000	2.630224	148716323.178280
0.225000	2.644685	145144675.894615
0.227000	2.641282	145977421.730727
0.229000	2.657153	142134266.334034
0.231000	2.662182	140937595.413489
0.233000	2.691269	134212114.930016
0.235000	2.717233	128480393.015246
0.237000	2.730621	125621157.305874
0.239000	2.775475	116497532.555509
0.241000	2.776965	116206109.913342
0.243000	2.845667	103531604.508525
0.245000	2.854300	102039894.351131
0.247000	2.902585	94084794.072831
0.249000	2.931529	89616660.416539
0.251000	2.950259	86838853.418192
0.253000	2.972393	83667209.430923
0.255000	2.981386	82411912.832853
0.257000	2.997309	80235219.210621
0.259000	3.002765	79502692.279910
0.261000	3.020189	77207798.369302
0.263000	3.059332	72291087.273210
0.265000	3.064321	71687353.398274
0.267000	3.090260	68628650.453277
0.269000	3.122337	65026108.264360
0.271000	3.165446	60480483.121168
0.273000	3.191060	57931610.106991
0.275000	3.267160	50975152.797882
0.277000	3.303987	47915109.535946
0.279000	3.391362	41369829.986226
0.281000	3.440150	38112380.880450
0.283000	3.555291	31405540.676695
0.285000	3.578640	30196747.081054
0.287000	3.616262	28346123.162274
0.289000	3.652594	26666714.523059
0.291000	3.649606	26801003.237211
0.293000	3.624368	27962490.739068
0.295000	3.582725	29990080.710184
0.297000	3.613324	28486484.088727
0.299000	3.566303	30829538.608298
0.301000	3.627074	27835592.434473
0.303000	3.630620	27670156.677927
0.305000	3.672273	25798994.400647
0.307000	3.718408	23873798.016045
0.309000	3.779694	21536707.790097
0.311000	3.865727	18636748.456887
0.313000	3.947445	16244693.144868
0.315000	3.978901	15408024.876941
0.317000	4.049669	13679870.672762
0.319000	4.163441	11298529.275171
0.321000	4.189185	10819995.609821
0.323000	4.223765	10208960.821257
0.325000	4.278923	9304941.835316
0.327000	4.373428	7938152.990809
0.329000	4.411457	7446563.548840
0.331000	4.478533	6652523.937204
0.333000	4.556243	5837862.602612
0.335000	4.613570	5301541.214029
0.337000	4.728861	4367496.650965
0.339000	4.795437	3905065.830327
0.341000	4.895275	3301725.465827
0.343000	4.972791	2898343.317328
0.345000	5.044831	2567772.011055
0.347000	5.156297	2129020.022143
0.349000	5.243386	1839077.317615
0.351000	5.302712	1664519.078473
0.353000	5.409448	1391122.623554
0.355000	5.481386	1232668.062589
0.357000	5.628293	962931.816945
0.359000	5.658782	914822.184322
0.361000	5.746191	789811.875366
0.363000	5.849047	664404.983789
0.365000	5.955061	555951.048454
0.367000	6.044532	478318.997388
0.369000	6.190936	373967.871707
0.371000	6.288194	317563.224158
0.373000	6.419640	254604.979271
0.375000	6.541454	207460.672280
0.377000	6.661187	169638.123632
0.379000	6.797919	134803.595160
0.381000	6.953636	103757.343672
0.383000	7.085789	83088.255152
0.385000	7.269766	60985.375424
0.387000	7.403243	48728.212014
0.389000	7.568868	36886.234414
0.391000	7.713094	28944.841920
0.393000	7.822237	24092.967365
0.395000	7.978323	18532.690395
0.397000	8.094310	15249.706410
0.399000	8.268371	11381.173729

# Dumping simulation biases, in the metadata file order 
# Window  F (free energy units)
# 0	0.000000
# 1	-7.097720
# 2	-12.090144
# 3	-14.966963
# 4	-14.672009
# 5	-13.032701
# 6	-12.736725
# 7	-12.203108
# 8	-11.482415
# 9	-10.107454
# 10	-7.960926
#Iteration 610:  0.000003
#Iteration 620:  0.000003
#Iteration 630:  0.000003
#Iteration 640:  0.000002
#Iteration 650:  0.000002
#Iteration 660:  0.000002
#Iteration 670:  0.000002
#Iteration 680:  0.000001
#Iteration 690:  0.000001
#Iteration 700:  0.000001
0.001000	inf	0.000000
0.003000	inf	0.000000
0.005000	inf	0.000000
0.007000	inf	0.000000
0.009000	inf	0.000000
0.011000	inf	0.000000
0.013000	inf	0.000000
0.015000	inf	0.000000
0.017000	inf	0.000000
0.019000	inf	0.000000
0.021000	inf	0.000000
0.023000	inf	0.000000
0.025000	inf	0.000000
0.027000	inf	0.000000
0.029000	inf	0.000000
0.031000	inf	0.000000
0.033000	inf	0.000000
0.035000	inf	0.000000
0.037000	inf	0.000000
0.039000	inf	0.000000
0.041000	inf	0.000000
0.043000	inf	0.000000
0.045000	inf	0.000000
0.047000	16.812092	0.006587
0.049000	16.524402	0.010684
0.051000	14.987854	0.141421
0.053000	13.749644	1.133653
0.055000	12.630054	7.444668
0.057000	11.785154	30.808524
0.059000	10.999931	115.326411
0.061000	10.303865	371.617819
0.063000	9.657747	1101.031932
0.065000	9.102400	2800.499147
0.067000	8.561365	6953.795823
0.069000	8.052271	16364.023710
0.071000	7.610325	34398.181911
0.073000	7.171098	71977.546955
0.075000	6.741354	148229.446279
0.077000	6.376439	273743.537740
0.079000	6.015668	502027.314733
0.081000	5.723727	820088.815234
0.083000	5.390061	1436997.327408
0.085000	5.122862	2251785.915264
0.087000	4.866914	3462447.318633
0.089000	4.613970	5297211.843564
0.091000	4.424665	7281998.479504
0.093000	4.251426	9743723.762138
0.095000	4.053430	13591702.715983
0.097000	3.881339	18151396.856584
0.099000	3.692420	24936274.101660
0.101000	3.472680	36079003.925114
0.103000	3.235835	53723598.412614
0.105000	2.976095	83136225.777311
0.107000	2.711731	129655580.713816
0.109000	2.371409	229744602.410641
0.111000	2.034739	404607629.761396
0.113000	1.677969	737049655.993613
0.115000	1.376278	1223907956.007221
0.117000	1.093760	1967899681.119479
0.119000	0.854859	2940451451.293013
0.121000	0.623602	4337555102.608021
0.123000	0.463623	5675957620.569857
0.125000	0.292806	7563894672.777632
0.127000	0.153714	9556310629.871218
0.129000	0.077545	10861703109.116482
0.131000	0.026816	11828607028.677084
0.133000	0.000000	12374010449.871042
0.135000	0.007465	12219702243.627222
0.137000	0.028143	11802238498.105089
0.139000	0.067679	11043357152.175806
0.141000	0.165600	9367272540.812372
0.143000	0.231511	8384831980.278825
0.145000	0.354899	6814178720.280847
0.147000	0.469769	5617616048.535778
0.149000	0.572469	4726889935.190161
0.151000	0.702251	3800377424.403955
0.153000	0.785000	3306855974.530018
0.155000	0.897820	2735584282.297514
0.157000	1.048477	2123548950.226406
0.159000	1.202114	1640206360.671122
0.161000	1.314114	1358725688.061967
0.163000	1.523722	955224826.919509
0.165000	1.624250	806704791.132484
0.167000	1.800990	599355371.481900
0.169000	1.873096	530936851.310614
0.171000	1.999220	429501917.759081
0.173000	2.084696	372016737.773154
0.175000	2.100954	361987076.504460
0.177000	2.169257	322721873.827023
0.179000	2.166455	324245589.589343
0.181000	2.203700	304566775.845448
0.183000	2.286633	264933359.552007
0.185000	2.324124	248751954.594198
0.187000	2.388949	223069691.515247
0.189000	2.446414	202529273.322165
0.191000	2.517413	179743873.374524
0.193000	2.569068	164794558.944025
0.195000	2.608865	154130605.488991
0.197000	2.626005	149753126.327314
0.199000	2.648739	144138081.137401
0.201000	2.662203	140912518.885773
0.203000	2.675617	137770427.876532
0.205000	2.683915	135862080.498425
0.207000	2.682620	136158062.443874
0.209000	2.709472	130148713.126089
0.211000	2.730999	125523269.282055
0.213000	2.719601	127951422.342380
0.215000	2.729037	125937964.919048
0.217000	2.679097	136966811.241048
0.219000	2.663383	140633145.089100
0.221000	2.639017	146513099.832468
0.223000	2.630384	148654714.136717
0.225000	2.644851	145083346.788434
0.227000	2.641451	145914797.803777
0.229000	2.657325	142072599.373769
0.231000	2.662357	140875940.325846
0.233000	2.691446	134153042.861334
0.235000	2.717410	128423578.064189
0.237000	2.730799	125565388.528079
0.239000	2.775654	116445621.085183
0.241000	2.777146	116154116.607965
0.243000	2.845848	103485049.591769
0.245000	2.854484	101993707.918158
0.247000	2.902771	94041830.769515
0.249000	2.931718	89575251.661168
0.251000	2.950453	86798107.434009
0.253000	2.972592	83627194.541223
0.255000	2.981591	82371605.418638
0.257000	2.997522	80195003.990026
0.259000	3.002985	79461845.602152
0.261000	3.020417	77167201.914390
0.263000	3.059566	72252303.127786
0.265000	3.064560	71648254.583693
0.267000	3.090503	68590735.163715
0.269000	3.122583	64989829.780159
0.271000	3.165695	60446488.480801
0.273000	3.191311	57898856.650812
0.275000	3.267412	50946187.847625
0.277000	3.304241	47887751.784601
0.279000	3.391618	41346083.798072
0.281000	3.440408	38090362.670956
0.283000	3.555552	31387245.455537
0.285000	3.578905	30178963.678536
0.287000	3.616532	28329194.848391
0.289000	3.652870	26650512.331230
0.291000	3.649889	26784389.142225
0.293000	3.624660	27944774.247252
0.295000	3.583025	29970657.956956
0.297000	3.613632	28467654.552603
0.299000	3.566617	30808796.969831
0.301000	3.627395	27816593.669262
0.303000	3.630945	27651058.428375
0.305000	3.672601	25781036.526250
0.307000	3.718739	23857074.290162
0.309000	3.780027	21521547.010779
0.311000	3.866062	18623575.765160
0.313000	3.947781	16233168.060677
0.315000	3.979239	15397050.247230
0.317000	4.050009	13670082.048510
0.319000	4.163783	11290398.457562
0.321000	4.189531	10812153.354700
0.323000	4.224115	10201496.331052
0.325000	4.279276	9298068.242878
0.327000	4.373787	7932222.754699
0.329000	4.411821	7440936.538631
0.331000	4.478902	6647442.479697
0.333000	4.556616	5833361.162552
0.335000	4.613946	5297421.530067
0.337000	4.729241	4364082.172155
0.339000	4.795819	3901998.848667
0.341000	4.895658	3299123.421808
0.343000	4.973175	2896053.188168
0.345000	5.045217	2565738.795612
0.347000	5.156684	2127331.046409
0.349000	5.243773	1837615.587801
0.351000	5.303100	1663193.264499
0.353000	5.409837	1390011.727603
0.355000	5.481777	1231680.607039
0.357000	5.628686	962157.531712
0.359000	5.659177	914083.415609
0.361000	5.746588	789171.121487
0.363000	5.849446	663863.507277
0.365000	5.955462	555496.059948
0.367000	6.044935	477926.140793
0.369000	6.191340	373659.838761
0.371000	6.288599	317301.077358
0.373000	6.420046	254394.465794
0.375000	6.541861	207288.941839
0.377000	6.661595	169497.588987
0.379000	6.798327	134691.857010
0.381000	6.954044	103671.307200
0.383000	7.086197	83019.340061
0.385000	7.270174	60934.784197
0.387000	7.403651	48687.784197
0.389000	7.569276	36855.629028
0.391000	7.713502	28920.824445
0.393000	7.822645	24072.975120
0.395000	7.978731	18517.311686
0.397000	8.094718	15237.051775
0.399000	8.268779	11371.729213

# Dumping simulation biases, in the metadata file order 
# Window  F (free energy units)
# 0	0.000000
# 1	-7.097711
# 2	-12.090089
# 3	-14.966885
# 4	-14.671907
# 5	-13.032510
# 6	-12.736464
# 7	-12.202774
# 8	-11.481999
# 9	-10.106987
# 10	-7.960438
#Iteration 710:  0.000001
#Iteration 720:  0.000001
#Iteration 730:  0.000001
#Iteration 740:  0.000001
#Iteration 750:  0.000001
#Iteration 760:  0.000001
#Iteration 770:  0.000001
#Iteration 780:  0.000000
#Iteration 790:  0.000000
# Dumping simulation biases, in the metadata file order 
# Window  F (free energy units)
# 0	0.000000
# 1	-7.097708
# 2	-12.090072
# 3	-14.966860
# 4	-14.671875
# 5	-13.032451
# 6	-12.736382
# 7	-12.202669
# 8	-11.481869
# 9	-10.106841
# 10	-7.960286
# No MC error analysis requested
