# /home/btan/Software/WHAM/wham/wham/wham 0.0 0.4 200 1e-06 300 0 /home/btan/Documents/BD2_DCAF16_8ov6/umbrella_sampling/RMSD/results/backbone_RMSD/DCAF16withBD2/run3/RED/metafile.txt /home/btan/Documents/BD2_DCAF16_8ov6/umbrella_sampling/RMSD/results/backbone_RMSD/DCAF16withBD2/run3/RED/pmf.txt
#Number of windows = 11
#Iteration 10:  0.122749
#Iteration 20:  0.059664
#Iteration 30:  0.036940
#Iteration 40:  0.025090
#Iteration 50:  0.017969
#Iteration 60:  0.013369
#Iteration 70:  0.010257
#Iteration 80:  0.008077
#Iteration 90:  0.006505
#Iteration 100:  0.005342
0.001000	inf	0.000000
0.003000	inf	0.000000
0.005000	inf	0.000000
0.007000	inf	0.000000
0.009000	inf	0.000000
0.011000	inf	0.000000
0.013000	inf	0.000000
0.015000	inf	0.000000
0.017000	inf	0.000000
0.019000	inf	0.000000
0.021000	inf	0.000000
0.023000	inf	0.000000
0.025000	inf	0.000000
0.027000	inf	0.000000
0.029000	inf	0.000000
0.031000	inf	0.000000
0.033000	inf	0.000000
0.035000	inf	0.000000
0.037000	inf	0.000000
0.039000	inf	0.000000
0.041000	inf	0.000000
0.043000	inf	0.000000
0.045000	inf	0.000000
0.047000	inf	0.000000
0.049000	inf	0.000000
0.051000	inf	0.000000
0.053000	inf	0.000000
0.055000	inf	0.000000
0.057000	16.701613	0.225462
0.059000	inf	0.000000
0.061000	14.798159	5.529733
0.063000	13.860576	26.741955
0.065000	12.885988	137.625527
0.067000	11.948932	664.971996
0.069000	11.090604	2814.700589
0.071000	10.220528	12151.712977
0.073000	9.460411	43608.082400
0.075000	8.790380	134501.748285
0.077000	8.177816	376647.465337
0.079000	7.623915	955684.385421
0.081000	7.152696	2110236.534757
0.083000	6.718277	4380080.456455
0.085000	6.399513	7485114.018257
0.087000	6.097900	12427758.956758
0.089000	5.846883	18951785.512319
0.091000	5.640683	26803258.650241
0.093000	5.476995	35293093.769357
0.095000	5.294838	47937388.499853
0.097000	5.115207	64835877.374550
0.099000	4.920935	89876346.033766
0.101000	4.723956	125155916.771104
0.103000	4.534311	172148460.578655
0.105000	4.365875	228491912.308467
0.107000	4.186392	308961176.314250
0.109000	4.050825	388039125.523887
0.111000	3.920583	483013852.840726
0.113000	3.757968	634859646.924094
0.115000	3.651270	759580333.560531
0.117000	3.527365	935473647.754102
0.119000	3.419171	1122067471.937949
0.121000	3.307250	1354341778.005154
0.123000	3.228377	1546357670.520696
0.125000	3.109222	1889294771.712642
0.127000	2.918221	2604603529.726433
0.129000	2.766701	3360157296.340918
0.131000	2.561364	4745345576.995157
0.133000	2.325899	7049703184.791819
0.135000	2.122499	9923489409.292646
0.137000	1.893999	14570764603.031689
0.139000	1.715692	19663313025.374744
0.141000	1.528893	26917245739.566399
0.143000	1.377546	34715437936.496330
0.145000	1.233989	44190406636.692154
0.147000	1.140573	51704343995.937698
0.149000	1.022716	63033151588.500893
0.151000	1.009273	64473811840.132385
0.153000	0.952652	70911973428.192322
0.155000	0.911178	76032271153.692963
0.157000	0.834752	86455705327.257935
0.159000	0.813118	89657678317.578857
0.161000	0.683776	111433152318.306000
0.163000	0.586013	131337127542.655655
0.165000	0.468465	160030909166.969299
0.167000	0.348157	195900723307.615906
0.169000	0.261448	226641003658.617828
0.171000	0.155431	270855036605.612091
0.173000	0.097866	298375326651.189453
0.175000	0.030399	334208508487.068665
0.177000	0.000793	351262577984.966003
0.179000	0.000000	351730923400.088501
0.181000	0.009733	346023132059.524658
0.183000	0.021973	338976221740.617126
0.185000	0.081372	306764196482.567139
0.187000	0.106837	293909581761.841675
0.189000	0.192650	254428184002.333099
0.191000	0.223629	241517378164.208618
0.193000	0.249933	231070898021.967285
0.195000	0.335395	200148673603.995911
0.197000	0.354944	193678351593.683594
0.199000	0.403502	178497033495.578491
0.201000	0.400670	179348674941.283295
0.203000	0.474056	158534014768.100128
0.205000	0.467971	160163962682.053436
0.207000	0.487815	154909400254.888062
0.209000	0.493057	153550387185.994507
0.211000	0.548057	139990037895.860413
0.213000	0.574970	133798021338.569016
0.215000	0.653969	117159035191.697632
0.217000	0.667758	114474461838.320557
0.219000	0.740114	101364206318.753113
0.221000	0.798888	91828205012.976318
0.223000	0.874655	80846693824.272522
0.225000	0.934691	73085741182.352310
0.227000	1.011101	64275990630.742645
0.229000	1.088963	56390367817.852119
0.231000	1.161308	49933171514.005066
0.233000	1.245415	43349727010.788292
0.235000	1.323794	37998327979.159752
0.237000	1.389271	34037926652.153469
0.239000	1.478148	29314166225.504894
0.241000	1.514099	27595055729.054089
0.243000	1.592908	24171099917.181179
0.245000	1.657459	21685538303.645966
0.247000	1.716310	19642905369.581108
0.249000	1.776261	17759780865.754078
0.251000	1.829069	16251172438.307306
0.253000	1.898120	14470170179.903795
0.255000	1.975155	12712579836.615641
0.257000	1.997717	12239455882.887880
0.259000	2.045291	11298751534.658176
0.261000	2.120231	9961400195.115860
0.263000	2.161374	9295717999.479218
0.265000	2.263531	7828937517.313392
0.267000	2.319127	7130416362.650342
0.269000	2.380543	6430983955.822919
0.271000	2.461073	5616756296.339299
0.273000	2.524153	5051659166.375483
0.275000	2.564664	4719088704.476158
0.277000	2.633168	4205783350.321588
0.279000	2.698663	3767313461.416173
0.281000	2.757980	3409783245.975205
0.283000	2.807070	3139699105.886412
0.285000	2.868611	2831130849.445896
0.287000	2.955698	2445576681.372001
0.289000	3.033496	2145773897.904523
0.291000	3.113315	1876341827.096606
0.293000	3.162244	1728186237.655122
0.295000	3.236095	1526425263.075448
0.297000	3.315419	1335869239.987337
0.299000	3.422952	1114958692.511930
0.301000	3.494783	988138315.727900
0.303000	3.592384	838617153.298990
0.305000	3.670168	735829495.551030
0.307000	3.752640	640571607.661178
0.309000	3.861195	533723836.456045
0.311000	3.939593	467822761.059176
0.313000	4.046165	391090832.042035
0.315000	4.111181	350599983.656693
0.317000	4.248051	278541169.016817
0.319000	4.341917	237881840.350970
0.321000	4.421719	208018188.348329
0.323000	4.550224	167604448.063748
0.325000	4.676211	135614968.684931
0.327000	4.766172	116581887.867058
0.329000	4.906699	92053126.934269
0.331000	4.930633	88422931.344342
0.333000	5.037808	73844992.206142
0.335000	4.977603	81709812.323080
0.337000	4.990324	79981011.457874
0.339000	4.939739	87079725.893209
0.341000	4.909452	91628018.290825
0.343000	4.940273	87001595.495268
0.345000	4.903915	92484837.114918
0.347000	4.936114	87612054.221559
0.349000	4.947432	85960919.211837
0.351000	4.980719	81282947.223379
0.353000	4.970509	82690101.372403
0.355000	5.027089	75187679.919742
0.357000	5.016441	76545607.652375
0.359000	4.997268	79052904.927516
0.361000	5.054249	71832074.682280
0.363000	5.059178	71239336.716946
0.365000	5.083693	68363224.389912
0.367000	5.134249	62793356.943622
0.369000	5.175882	58548982.116694
0.371000	5.199761	56245304.373355
0.373000	5.247135	51939780.257041
0.375000	5.300241	47503975.247983
0.377000	5.337520	44618442.346791
0.379000	5.361065	42886965.771777
0.381000	5.402520	40000050.025703
0.383000	5.423425	38618797.865979
0.385000	5.450993	36869957.077824
0.387000	5.464701	36030054.227595
0.389000	5.523901	32617084.682529
0.391000	5.538792	31810764.339299
0.393000	5.539853	31754063.986047
0.395000	5.620861	27711414.781734
0.397000	5.633838	27113479.272967
0.399000	5.667618	25616709.375903

# Dumping simulation biases, in the metadata file order 
# Window  F (free energy units)
# 0	0.000000
# 1	-7.690899
# 2	-12.098939
# 3	-15.131013
# 4	-17.000797
# 5	-17.172893
# 6	-16.234309
# 7	-14.959233
# 8	-13.489908
# 9	-12.464504
# 10	-11.627239
#Iteration 110:  0.004459
#Iteration 120:  0.003772
#Iteration 130:  0.003226
#Iteration 140:  0.002784
#Iteration 150:  0.002418
#Iteration 160:  0.002111
#Iteration 170:  0.001851
#Iteration 180:  0.001628
#Iteration 190:  0.001435
#Iteration 200:  0.001267
0.001000	inf	0.000000
0.003000	inf	0.000000
0.005000	inf	0.000000
0.007000	inf	0.000000
0.009000	inf	0.000000
0.011000	inf	0.000000
0.013000	inf	0.000000
0.015000	inf	0.000000
0.017000	inf	0.000000
0.019000	inf	0.000000
0.021000	inf	0.000000
0.023000	inf	0.000000
0.025000	inf	0.000000
0.027000	inf	0.000000
0.029000	inf	0.000000
0.031000	inf	0.000000
0.033000	inf	0.000000
0.035000	inf	0.000000
0.037000	inf	0.000000
0.039000	inf	0.000000
0.041000	inf	0.000000
0.043000	inf	0.000000
0.045000	inf	0.000000
0.047000	inf	0.000000
0.049000	inf	0.000000
0.051000	inf	0.000000
0.053000	inf	0.000000
0.055000	inf	0.000000
0.057000	16.953699	0.225475
0.059000	inf	0.000000
0.061000	15.050203	5.530434
0.063000	14.112584	26.747022
0.065000	13.137940	137.664409
0.067000	12.200802	665.251556
0.069000	11.342353	2816.456478
0.071000	10.472100	12162.915550
0.073000	9.711726	43667.147908
0.075000	9.041327	134767.253133
0.077000	8.428245	377719.346116
0.079000	7.873633	959551.151308
0.081000	7.401461	2122172.783953
0.083000	6.965800	4414063.101048
0.085000	6.645460	7563192.306796
0.087000	6.341897	12598623.184435
0.089000	6.088525	19288542.621939
0.091000	5.879566	27406353.623027
0.093000	5.712775	36275925.665253
0.095000	5.527314	49546799.588157
0.097000	5.344381	67385597.136964
0.099000	5.147020	93897137.472739
0.101000	4.947312	131356119.643123
0.103000	4.755348	181382550.232848
0.105000	4.584953	241542574.168601
0.107000	4.403750	327553252.474601
0.109000	4.266539	412528476.538576
0.111000	4.134532	515023480.090484
0.113000	3.969805	679339930.995003
0.115000	3.860392	816515962.272524
0.117000	3.732890	1011692567.713406
0.119000	3.619938	1223234939.429202
0.121000	3.501882	1491754472.182357
0.123000	3.415447	1725042654.292557
0.125000	3.287511	2138950543.722508
0.127000	3.087011	2996244350.023796
0.129000	2.925976	3927732322.067667
0.131000	2.711800	5629931468.321552
0.133000	2.468653	8472554139.500956
0.135000	2.258903	12054346147.354208
0.137000	2.025287	17852396576.451496
0.139000	1.842822	24260869300.216343
0.141000	1.652462	33410329274.908337
0.143000	1.497756	43333607759.640572
0.145000	1.350645	55491243090.150955
0.147000	1.253090	65379988592.555901
0.149000	1.130153	80388945929.741241
0.151000	1.110416	83100791172.842789
0.153000	1.046196	92574061063.313873
0.155000	0.995988	100726640439.004791
0.157000	0.910149	116362038778.669785
0.159000	0.879068	122603394758.924622
0.161000	0.740864	154667710749.977386
0.163000	0.635223	184724078108.465851
0.165000	0.510875	227669451971.122650
0.167000	0.384657	281481987534.536804
0.169000	0.292572	328608227668.079956
0.171000	0.181282	396211197953.921204
0.173000	0.118145	440575255531.837280
0.175000	0.044525	498616834919.729797
0.177000	0.008102	530100367335.675476
0.179000	0.000000	537369071722.452026
0.181000	0.002327	535271374890.865662
0.183000	0.007553	530589252922.981323
0.185000	0.060745	485205032356.374756
0.187000	0.081031	468937992066.104370
0.189000	0.162702	408780972428.192688
0.191000	0.190430	390164463283.117432
0.193000	0.214142	374918348652.694702
0.195000	0.297413	325944953283.255005
0.197000	0.314906	316499874802.748108
0.199000	0.361280	292763932723.265869
0.201000	0.355872	295437574339.738281
0.203000	0.426025	262572871205.116821
0.205000	0.415816	267118108974.731628
0.207000	0.430487	260610637304.731781
0.209000	0.429513	261037870063.867065
0.211000	0.477481	240815321609.569336
0.213000	0.496993	233044776479.230347
0.215000	0.568788	206549844390.896820
0.217000	0.576078	204033886241.259247
0.219000	0.642958	182337806107.128601
0.221000	0.697364	166401247747.097321
0.223000	0.769781	147329023133.492310
0.225000	0.827294	133751996427.238113
0.227000	0.901788	118009123062.667084
0.229000	0.978124	103797289637.791687
0.231000	1.049134	92118072554.123367
0.233000	1.131910	80151784764.807251
0.235000	1.208779	70435931328.584518
0.237000	1.272370	63295050382.704346
0.239000	1.358778	54737682106.889427
0.241000	1.391471	51810641835.255714
0.243000	1.466062	45704921041.305191
0.245000	1.525372	41367868795.543533
0.247000	1.578071	37860806860.792419
0.249000	1.631289	34620845365.827599
0.251000	1.677276	32045306956.021149
0.253000	1.739942	28841311268.261189
0.255000	1.811426	25575713699.352989
0.257000	1.829461	24811946085.319748
0.259000	1.873528	23040370051.137920
0.261000	1.945849	20402875161.651276
0.263000	1.985077	19100832839.677395
0.265000	2.085835	16124771129.800768
0.267000	2.140381	14711989419.450695
0.269000	2.200958	13287612561.815241
0.271000	2.280737	11619927610.963556
0.273000	2.343045	10464427103.158953
0.275000	2.382656	9790324188.603695
0.277000	2.450017	8742175515.473438
0.279000	2.514011	7850554797.943114
0.281000	2.571355	7129118825.301559
0.283000	2.617919	6592369357.506354
0.285000	2.676369	5975431416.880261
0.287000	2.759902	5192604684.148419
0.289000	2.833900	4585248424.334850
0.291000	2.909961	4034913441.997943
0.293000	2.955454	3737845036.154212
0.295000	3.026379	3317736662.255880
0.297000	3.103359	2915022747.828101
0.299000	3.209099	2440314080.298235
0.301000	3.279603	2167574331.551817
0.303000	3.376235	1842581542.506617
0.305000	3.453309	1618670476.069399
0.307000	3.535241	1410403359.346877
0.309000	3.643350	1176027623.788038
0.311000	3.721332	1031541110.995645
0.313000	3.827453	863002575.574606
0.315000	3.891917	774371615.253662
0.317000	4.028056	615970800.511767
0.319000	4.120922	526941666.126289
0.321000	4.199346	461858239.225031
0.323000	4.325981	373299768.111513
0.325000	4.449511	303301220.034012
0.327000	4.536384	262090547.697276
0.329000	4.673256	208222163.482379
0.331000	4.693159	201370931.008602
0.333000	4.796220	169338830.955809
0.335000	4.732138	188599316.521896
0.337000	4.741471	185663528.182194
0.339000	4.688113	203086378.591495
0.341000	4.655677	214467178.365937
0.343000	4.684900	204186040.052969
0.345000	4.647390	217475690.003338
0.347000	4.678773	206300050.932028
0.349000	4.689519	202606852.013854
0.351000	4.722403	191710964.663129
0.353000	4.711901	195125496.827846
0.355000	4.768258	177488611.706272
0.357000	4.757420	180751814.780041
0.359000	4.738062	186730410.121452
0.361000	4.794837	169732882.728610
0.363000	4.799513	168404023.349704
0.365000	4.823700	161694070.257329
0.367000	4.873831	148626432.019369
0.369000	4.914922	138706505.320129
0.371000	4.938143	133396427.518907
0.373000	4.984765	123341028.343544
0.375000	5.037070	112959249.930421
0.377000	5.073562	106238196.556246
0.379000	5.096392	102238366.211746
0.381000	5.137241	95453369.955440
0.383000	5.157664	92232010.166213
0.385000	5.184866	88109495.545616
0.387000	5.198306	86141064.887438
0.389000	5.257317	78006228.884328
0.391000	5.272075	76094810.665073
0.393000	5.273045	75970822.068901
0.395000	5.353991	66305807.387414
0.397000	5.366925	64879698.875020
0.399000	5.400678	61301007.407106

# Dumping simulation biases, in the metadata file order 
# Window  F (free energy units)
# 0	0.000000
# 1	-7.698642
# 2	-12.134120
# 3	-15.258613
# 4	-17.217589
# 5	-17.458555
# 6	-16.592162
# 7	-15.384574
# 8	-13.953304
# 9	-12.969876
# 10	-12.140849
#Iteration 210:  0.001120
#Iteration 220:  0.000991
#Iteration 230:  0.000877
#Iteration 240:  0.000777
#Iteration 250:  0.000689
#Iteration 260:  0.000611
#Iteration 270:  0.000541
#Iteration 280:  0.000480
#Iteration 290:  0.000426
#Iteration 300:  0.000378
0.001000	inf	0.000000
0.003000	inf	0.000000
0.005000	inf	0.000000
0.007000	inf	0.000000
0.009000	inf	0.000000
0.011000	inf	0.000000
0.013000	inf	0.000000
0.015000	inf	0.000000
0.017000	inf	0.000000
0.019000	inf	0.000000
0.021000	inf	0.000000
0.023000	inf	0.000000
0.025000	inf	0.000000
0.027000	inf	0.000000
0.029000	inf	0.000000
0.031000	inf	0.000000
0.033000	inf	0.000000
0.035000	inf	0.000000
0.037000	inf	0.000000
0.039000	inf	0.000000
0.041000	inf	0.000000
0.043000	inf	0.000000
0.045000	inf	0.000000
0.047000	inf	0.000000
0.049000	inf	0.000000
0.051000	inf	0.000000
0.053000	inf	0.000000
0.055000	inf	0.000000
0.057000	17.011449	0.225478
0.059000	inf	0.000000
0.061000	15.107945	5.530584
0.063000	14.170317	26.748101
0.065000	13.195661	137.672687
0.067000	12.258506	665.311085
0.069000	11.400032	2816.830426
0.071000	10.529741	12165.301793
0.073000	9.769312	43679.732851
0.075000	9.098835	134823.845854
0.077000	8.485643	377947.944091
0.079000	7.930879	960376.424299
0.081000	7.458504	2124722.839676
0.083000	7.022578	4421332.647850
0.085000	6.701903	7579923.471533
0.087000	6.397925	12635320.163910
0.089000	6.144049	19361084.732312
0.091000	5.934500	27536766.962823
0.093000	5.767041	36489448.253960
0.095000	5.580866	49898301.812106
0.097000	5.397216	67945531.551557
0.099000	5.199180	94784736.207691
0.101000	4.998876	132731032.334827
0.103000	4.806403	183437655.447647
0.105000	4.635581	244454821.126144
0.107000	4.454007	331709424.170719
0.109000	4.316446	418008505.905233
0.111000	4.184069	522189347.523900
0.113000	4.018905	689298098.142650
0.115000	3.908934	829263112.869409
0.117000	3.780691	1028766848.534455
0.119000	3.666754	1245941258.027421
0.121000	3.547416	1522723926.958721
0.123000	3.459380	1765602787.243531
0.125000	3.329553	2196210449.112182
0.127000	3.126971	3087241882.004436
0.129000	2.963810	4061508027.266219
0.131000	2.747623	5841392928.216159
0.133000	2.502701	8817048223.162092
0.135000	2.291468	12575802950.718504
0.137000	2.056649	18662362418.975834
0.139000	1.873208	25403260870.160648
0.141000	1.682018	35032363240.363602
0.143000	1.526541	45496308748.277641
0.145000	1.378627	58339406167.429131
0.147000	1.280146	68842796829.998459
0.149000	1.156074	84808332853.266022
0.151000	1.134924	87877740521.426315
0.153000	1.068980	98179777423.523651
0.155000	1.016760	107187864656.844009
0.157000	0.928716	124286098307.449661
0.159000	0.895381	131449557543.559372
0.161000	0.755027	166427853146.649414
0.163000	0.647448	199418044495.367432
0.165000	0.521412	246478047743.527222
0.167000	0.393723	305491138652.273315
0.169000	0.300301	357439222121.616699
0.171000	0.187706	431919585705.157410
0.173000	0.123195	481392334226.767517
0.175000	0.048056	546204526198.711670
0.177000	0.009938	582349389148.482178
0.179000	0.000000	592159830584.166748
0.181000	0.000441	591720778019.825317
0.183000	0.003857	588332722469.653564
0.185000	0.055426	539479592115.711609
0.187000	0.074341	522595193707.415466
0.189000	0.154907	456402504484.684998
0.191000	0.181761	436257897611.399414
0.193000	0.204772	419704312884.348145
0.195000	0.287449	365245177682.714172
0.197000	0.304384	354994039217.364441
0.199000	0.350165	328698993828.416443
0.201000	0.344055	332092644900.462952
0.203000	0.413323	295590006704.656799
0.205000	0.401975	301282480148.176270
0.207000	0.415207	294655347446.323547
0.209000	0.412480	296009077694.342407
0.211000	0.458437	274001989437.677277
0.213000	0.475799	266120334341.371704
0.215000	0.545469	236709379744.010620
0.217000	0.550813	234592455122.149017
0.219000	0.616029	210233551468.267975
0.221000	0.669096	192291606884.579651
0.223000	0.740475	170549054600.776642
0.225000	0.797202	155037152404.997803
0.227000	0.871094	136927465582.239075
0.229000	0.946947	120535092420.366531
0.231000	1.017531	107049136891.746719
0.233000	1.099879	93210310267.567459
0.235000	1.176258	81979023127.384247
0.237000	1.239233	73744220211.083481
0.239000	1.324829	63861237271.481445
0.241000	1.356442	60556117633.061676
0.243000	1.429624	53546507170.268059
0.245000	1.487163	48609854288.438225
0.247000	1.537756	44646609864.814606
0.249000	1.588635	40986796943.301376
0.251000	1.632216	38091452882.831871
0.253000	1.692594	34415001831.379814
0.255000	1.762062	30621916203.781509
0.257000	1.778434	29790647661.997746
0.259000	1.821199	27724192678.204857
0.261000	1.892539	24591022992.299896
0.263000	1.931045	23049702890.551834
0.265000	2.031269	19475826934.252460
0.267000	2.085410	17781559791.137451
0.269000	2.145655	16068954016.943125
0.271000	2.225129	14059406255.275972
0.273000	2.287113	12668203925.953644
0.275000	2.326338	11859837666.442163
0.277000	2.393201	10598996541.811518
0.279000	2.456533	9528590895.572027
0.281000	2.513000	8665712703.913055
0.283000	2.558433	8028522416.076104
0.285000	2.615490	7294257400.218881
0.287000	2.697406	6355910920.416813
0.289000	2.769657	5628983574.025442
0.291000	2.843975	4967906809.480144
0.293000	2.887861	4614603208.785504
0.295000	2.957406	4105467637.797829
0.297000	3.033272	3613900185.361366
0.299000	3.138154	3029745533.887460
0.301000	3.208018	2694023480.419780
0.303000	3.304180	2291910504.571619
0.305000	3.380904	2014582429.686782
0.307000	3.462562	1756181275.624259
0.309000	3.570437	1464921596.222762
0.311000	3.648189	1285437608.578287
0.313000	3.754051	1075886049.535009
0.315000	3.818186	965925462.546815
0.317000	3.953881	768914866.986693
0.319000	4.046132	658460621.625220
0.321000	4.123702	577962221.124708
0.323000	4.249171	468058205.105404
0.325000	4.371156	381279526.752612
0.327000	4.456075	330558244.029703
0.329000	4.590610	263651049.898847
0.331000	4.607908	256095301.392924
0.333000	4.708279	216333989.080670
0.335000	4.641634	241979865.996624
0.337000	4.648704	239120981.333650
0.339000	4.593479	262382758.710604
0.341000	4.559585	277766275.670963
0.343000	4.587719	264935497.305782
0.345000	4.549420	282553711.456211
0.347000	4.580242	268286405.136133
0.349000	4.590594	263658202.864027
0.351000	4.623199	249596101.954009
0.353000	4.612494	254128307.221125
0.355000	4.668694	231219346.293139
0.357000	4.657721	235523872.644372
0.359000	4.638230	243368698.547918
0.361000	4.694854	221271641.833146
0.363000	4.699342	219608429.083749
0.365000	4.723286	210944556.597207
0.367000	4.773099	194000230.606107
0.369000	4.813786	181175195.145603
0.371000	4.836513	174383962.285228
0.373000	4.882569	161392430.435103
0.375000	4.934270	147957828.485946
0.377000	4.970168	139293530.241189
0.379000	4.992455	134171339.094977
0.381000	5.032845	125363953.521845
0.383000	5.052901	121207867.760597
0.385000	5.079824	115844439.938264
0.387000	5.093061	113295186.018294
0.389000	5.151927	102621022.162341
0.391000	5.166584	100123476.868449
0.393000	5.167484	99972028.077145
0.395000	5.248383	87260532.767823
0.397000	5.261285	85388336.937089
0.399000	5.295016	80681346.895200

# Dumping simulation biases, in the metadata file order 
# Window  F (free energy units)
# 0	0.000000
# 1	-7.700318
# 2	-12.141818
# 3	-15.286966
# 4	-17.267183
# 5	-17.525740
# 6	-16.680420
# 7	-15.496432
# 8	-14.082439
# 9	-13.125459
# 10	-12.302378
#Iteration 310:  0.000335
#Iteration 320:  0.000297
#Iteration 330:  0.000264
#Iteration 340:  0.000234
#Iteration 350:  0.000208
#Iteration 360:  0.000184
#Iteration 370:  0.000163
#Iteration 380:  0.000145
#Iteration 390:  0.000129
#Iteration 400:  0.000114
0.001000	inf	0.000000
0.003000	inf	0.000000
0.005000	inf	0.000000
0.007000	inf	0.000000
0.009000	inf	0.000000
0.011000	inf	0.000000
0.013000	inf	0.000000
0.015000	inf	0.000000
0.017000	inf	0.000000
0.019000	inf	0.000000
0.021000	inf	0.000000
0.023000	inf	0.000000
0.025000	inf	0.000000
0.027000	inf	0.000000
0.029000	inf	0.000000
0.031000	inf	0.000000
0.033000	inf	0.000000
0.035000	inf	0.000000
0.037000	inf	0.000000
0.039000	inf	0.000000
0.041000	inf	0.000000
0.043000	inf	0.000000
0.045000	inf	0.000000
0.047000	inf	0.000000
0.049000	inf	0.000000
0.051000	inf	0.000000
0.053000	inf	0.000000
0.055000	inf	0.000000
0.057000	17.028745	0.225478
0.059000	inf	0.000000
0.061000	15.125238	5.530628
0.063000	14.187608	26.748420
0.065000	13.212949	137.675138
0.067000	12.275788	665.328705
0.069000	11.417306	2816.941117
0.071000	10.547004	12166.008156
0.073000	9.786559	43683.458337
0.075000	9.116059	134840.599835
0.077000	8.502834	378015.624860
0.079000	7.948025	960620.788894
0.081000	7.475591	2125478.025080
0.083000	7.039587	4423485.901564
0.085000	6.718812	7584880.576120
0.087000	6.414711	12646196.740072
0.089000	6.160687	19382596.651768
0.091000	5.950962	27575468.151251
0.093000	5.783306	36552871.821117
0.095000	5.596919	50002824.928500
0.097000	5.413056	68112229.854317
0.099000	5.214820	95049283.046402
0.101000	5.014338	133141228.388930
0.103000	4.821714	184051265.686062
0.105000	4.650765	245324844.797003
0.107000	4.469082	332951491.314012
0.109000	4.331418	419646437.291932
0.111000	4.198932	524331087.098037
0.113000	4.033641	692273893.205475
0.115000	3.923506	833071423.891488
0.117000	3.795047	1033866952.705432
0.119000	3.680823	1252723961.032634
0.121000	3.561109	1531979713.805030
0.123000	3.472602	1777739542.774382
0.125000	3.342219	2213378564.999190
0.127000	3.139020	3114599473.141870
0.129000	2.975228	4101853101.605854
0.131000	2.758440	5905372498.730474
0.133000	2.512987	8921587905.411623
0.135000	2.301308	12734443712.259504
0.137000	2.066128	18909274800.117702
0.139000	1.882394	25752057440.257599
0.141000	1.690955	35528203267.629227
0.143000	1.535249	46158063159.152466
0.145000	1.387097	59211637501.114372
0.147000	1.288343	69904162347.158432
0.149000	1.163936	86164242734.424271
0.151000	1.142370	89345234991.231354
0.153000	1.075917	99904798727.387451
0.155000	1.023101	109180488483.127396
0.157000	0.934401	126736263722.076553
0.159000	0.900393	134192744299.863541
0.161000	0.759393	170085276141.908478
0.163000	0.651232	204000262381.218353
0.165000	0.524687	252357304762.478302
0.167000	0.396554	313011179942.751404
0.169000	0.302731	366485292972.559448
0.171000	0.189746	443141353257.799011
0.173000	0.124825	494239848673.489807
0.175000	0.049233	561208631540.454956
0.177000	0.010610	598854633449.688354
0.179000	0.000124	609504863158.809448
0.181000	0.000000	609631509467.315552
0.183000	0.002872	606695623555.184448
0.185000	0.053951	556775652312.555420
0.187000	0.072452	539725610317.934570
0.189000	0.152683	471628601647.586487
0.191000	0.179272	451012720113.731750
0.193000	0.202072	434053817564.569153
0.195000	0.284569	377846454414.111633
0.197000	0.301337	367344974449.679321
0.199000	0.346941	340236356125.871887
0.201000	0.340622	343869816525.704285
0.203000	0.409627	306207951682.195374
0.205000	0.397941	312282280431.447754
0.207000	0.410744	305633376735.605774
0.209000	0.407494	307307658101.934631
0.211000	0.452848	284748873604.492188
0.213000	0.469564	276858998471.505737
0.215000	0.538591	246527459994.308716
0.217000	0.543343	244565646156.306549
0.219000	0.608054	219357944499.979248
0.221000	0.660710	200775542495.282013
0.223000	0.731772	178168840957.824432
0.225000	0.788257	162029581848.927460
0.227000	0.861965	143147461604.405640
0.229000	0.937670	126041667887.156860
0.231000	1.008125	111963919599.426361
0.233000	1.090345	97510860822.992783
0.235000	1.166577	85782540618.383499
0.237000	1.229368	77189528225.257843
0.239000	1.314722	66872018010.787842
0.241000	1.346013	63445417540.458954
0.243000	1.418774	56141117073.073044
0.245000	1.475782	51010782559.176544
0.247000	1.525741	46901757007.665642
0.249000	1.575912	43108338659.487747
0.251000	1.618761	40112443686.811234
0.253000	1.678440	36283549412.999825
0.255000	1.747289	32318138117.495846
0.257000	1.763148	31467944471.545006
0.259000	1.805510	29304968201.252735
0.261000	1.876546	26006432807.097069
0.263000	1.914827	24385591538.407284
0.265000	2.014886	20610316426.572510
0.267000	2.068902	18821330070.041519
0.269000	2.129044	17011506776.860878
0.271000	2.208425	14886429031.303673
0.273000	2.270310	13415614701.273304
0.275000	2.309417	12562033046.099243
0.277000	2.376130	11229388159.550406
0.279000	2.439261	10098720234.532841
0.281000	2.495463	9188317073.611057
0.283000	2.540553	8517615461.493524
0.285000	2.597185	7744142256.467458
0.287000	2.678607	6753527043.677800
0.289000	2.750323	5986507119.753046
0.291000	2.824105	5288206027.327633
0.293000	2.867494	4916225308.008317
0.295000	2.936612	4376956322.276020
0.297000	3.012131	3855124471.678111
0.299000	3.116747	3233428652.035136
0.301000	3.186411	2876099948.275765
0.303000	3.282427	2447413151.692406
0.305000	3.359041	2151662816.681380
0.307000	3.440615	1875946017.977025
0.309000	3.548418	1565013279.793472
0.311000	3.626100	1373428054.148473
0.313000	3.731882	1149684915.829410
0.315000	3.795918	1032354308.372761
0.317000	3.931480	821979930.185602
0.319000	4.023545	704122642.517501
0.321000	4.100857	618310025.209268
0.323000	4.225973	501030721.271095
0.325000	4.347490	408460495.390172
0.327000	4.431813	354478059.020101
0.329000	4.565633	283069428.419047
0.331000	4.582128	275328028.856201
0.333000	4.681667	232906304.454324
0.335000	4.614225	260866390.131204
0.337000	4.620587	258091423.432719
0.339000	4.564774	283478296.477068
0.341000	4.530421	300330761.808656
0.343000	4.558210	286623721.433308
0.345000	4.519660	305812805.805761
0.347000	4.550305	290457876.811536
0.349000	4.560532	285507288.609047
0.351000	4.593048	270320131.545261
0.353000	4.582279	275258424.573430
0.355000	4.638429	250465542.701594
0.357000	4.627413	255146585.537264
0.359000	4.607880	263663493.749280
0.361000	4.664458	239742646.598076
0.363000	4.668888	237963833.125598
0.365000	4.692757	228604770.244490
0.367000	4.742471	210276625.940655
0.369000	4.783032	196416981.496188
0.371000	4.805606	189103032.415436
0.373000	4.851487	175066587.240202
0.375000	4.903001	160544279.841094
0.377000	4.938713	151189902.970654
0.379000	4.960832	145671547.107280
0.381000	5.001079	136142029.391044
0.383000	5.021020	131653936.955268
0.385000	5.047857	125846661.199394
0.387000	5.061030	123090463.773273
0.389000	5.119850	111501920.695732
0.391000	5.134476	108794014.942419
0.393000	5.135354	108633421.819926
0.395000	5.216238	94822988.189967
0.397000	5.229130	92790103.385334
0.399000	5.262854	87676091.680204

# Dumping simulation biases, in the metadata file order 
# Window  F (free energy units)
# 0	0.000000
# 1	-7.700815
# 2	-12.144104
# 3	-15.295388
# 4	-17.281948
# 5	-17.545774
# 6	-16.706808
# 7	-15.529993
# 8	-14.121303
# 9	-13.172498
# 10	-12.351262
#Iteration 410:  0.000101
#Iteration 420:  0.000090
#Iteration 430:  0.000080
#Iteration 440:  0.000071
#Iteration 450:  0.000063
#Iteration 460:  0.000056
#Iteration 470:  0.000049
#Iteration 480:  0.000044
#Iteration 490:  0.000039
#Iteration 500:  0.000034
0.001000	inf	0.000000
0.003000	inf	0.000000
0.005000	inf	0.000000
0.007000	inf	0.000000
0.009000	inf	0.000000
0.011000	inf	0.000000
0.013000	inf	0.000000
0.015000	inf	0.000000
0.017000	inf	0.000000
0.019000	inf	0.000000
0.021000	inf	0.000000
0.023000	inf	0.000000
0.025000	inf	0.000000
0.027000	inf	0.000000
0.029000	inf	0.000000
0.031000	inf	0.000000
0.033000	inf	0.000000
0.035000	inf	0.000000
0.037000	inf	0.000000
0.039000	inf	0.000000
0.041000	inf	0.000000
0.043000	inf	0.000000
0.045000	inf	0.000000
0.047000	inf	0.000000
0.049000	inf	0.000000
0.051000	inf	0.000000
0.053000	inf	0.000000
0.055000	inf	0.000000
0.057000	17.034098	0.225479
0.059000	inf	0.000000
0.061000	15.130590	5.530641
0.063000	14.192959	26.748517
0.065000	13.218299	137.675877
0.067000	12.281137	665.334023
0.069000	11.422653	2816.974520
0.071000	10.552347	12166.221316
0.073000	9.791897	43684.582589
0.075000	9.121390	134845.655813
0.077000	8.508156	378036.049811
0.079000	7.953333	960694.536071
0.081000	7.480880	2125705.941545
0.083000	7.044853	4424135.787773
0.085000	6.724048	7586376.804868
0.087000	6.419910	12649479.980087
0.089000	6.165841	19389091.209301
0.091000	5.956064	27587154.543035
0.093000	5.788348	36572028.507505
0.095000	5.601897	50034405.388392
0.097000	5.417970	68162612.908808
0.099000	5.219674	95129266.262748
0.101000	5.019137	133265283.081561
0.103000	4.826468	184236880.997467
0.105000	4.655481	245588067.002197
0.107000	4.473764	333327309.490229
0.109000	4.336069	420142050.199014
0.111000	4.203551	524979129.687992
0.113000	4.038221	693174240.546223
0.115000	3.928038	834223544.612929
0.117000	3.799514	1035409741.303226
0.119000	3.685203	1254775686.349559
0.121000	3.565377	1534779837.392922
0.123000	3.476728	1781412385.185421
0.125000	3.346177	2218576875.952053
0.127000	3.142793	3122889428.912978
0.129000	2.978809	4114089686.689008
0.131000	2.761841	5924795671.714271
0.133000	2.516227	8953352289.254955
0.135000	2.304413	12782682792.821829
0.137000	2.069123	18984400382.198925
0.139000	1.885300	25858231449.686092
0.141000	1.693786	35679190642.129852
0.143000	1.538010	46359628307.484550
0.145000	1.389787	59477374247.861290
0.147000	1.290951	70227595066.246506
0.149000	1.166443	86577541241.240128
0.151000	1.144752	89792697965.047165
0.153000	1.078145	100431026505.815659
0.155000	1.025150	109788714244.675797
0.157000	0.936252	127484696791.193863
0.159000	0.902040	135031370805.341995
0.161000	0.760846	171204329265.907806
0.163000	0.652508	205403368892.865417
0.165000	0.525809	254158810387.092194
0.167000	0.397542	315316795069.211853
0.169000	0.303597	369260166161.876038
0.171000	0.190494	446585163311.947083
0.173000	0.125450	498184310494.689453
0.175000	0.049722	565817371922.814453
0.177000	0.010946	603927137513.550415
0.179000	0.000294	614838602791.337646
0.181000	0.000000	615142706766.032471
0.183000	0.002707	612349573459.796997
0.185000	0.053638	562104307383.593994
0.187000	0.072014	545005979474.572632
0.189000	0.152143	476323976926.866882
0.191000	0.178652	455564297959.395386
0.193000	0.201388	438481525531.679871
0.195000	0.283831	381735542872.827881
0.197000	0.300548	371157488945.636658
0.199000	0.346099	343798355769.907593
0.201000	0.339717	347506551640.681030
0.203000	0.408643	309487492462.051880
0.205000	0.396856	315680796564.011963
0.207000	0.409530	309026517739.130371
0.209000	0.406122	310801658176.215515
0.211000	0.451295	288074330354.008728
0.213000	0.467815	280184254786.060181
0.215000	0.536648	249569896361.394775
0.217000	0.541222	247658335651.913513
0.219000	0.605778	222189196052.329834
0.221000	0.658311	203409430098.189484
0.223000	0.729276	180535413080.961090
0.225000	0.785688	164201980739.350433
0.227000	0.859340	145080332001.372650
0.229000	0.935001	127753148047.426270
0.231000	1.005416	113491690042.432709
0.233000	1.087597	98847874604.097580
0.235000	1.163786	86965195998.954666
0.237000	1.226521	78260982118.415039
0.239000	1.311803	67808541286.005310
0.241000	1.342997	64344414700.760445
0.243000	1.415631	56948737930.997505
0.245000	1.472479	51758499484.545647
0.247000	1.522247	47604524053.031563
0.249000	1.572205	43769967842.422264
0.251000	1.614832	40743229073.685692
0.253000	1.674300	36867228992.384361
0.255000	1.742961	32848383463.352394
0.257000	1.758665	31992606740.036652
0.259000	1.800905	29799689737.146774
0.261000	1.871849	26449573342.428329
0.263000	1.910062	24803955868.067226
0.265000	2.010070	20965683107.829845
0.267000	2.064048	19147078300.751102
0.269000	2.124159	17306834380.027573
0.271000	2.203511	15145585657.692118
0.273000	2.265367	13649848863.395245
0.275000	2.304439	12782123436.249428
0.277000	2.371106	11427002743.148888
0.279000	2.434177	10277479382.658840
0.281000	2.490299	9352218650.918858
0.283000	2.535285	8671060489.334333
0.285000	2.591789	7885348476.660579
0.287000	2.673062	6878393242.735537
0.289000	2.744617	6098848622.071660
0.291000	2.818237	5388911673.896769
0.293000	2.861476	5011113083.239877
0.295000	2.930463	4462407478.580150
0.297000	3.005878	3931081410.880302
0.299000	3.110412	3297585346.667943
0.301000	3.180017	2933464845.623766
0.303000	3.275988	2496414456.298144
0.305000	3.352569	2194864634.585648
0.307000	3.434118	1913694423.066300
0.309000	3.541899	1596563499.428114
0.311000	3.619559	1401165828.014701
0.313000	3.725318	1172950781.467724
0.315000	3.789324	1053298640.804215
0.317000	3.924845	838712845.263702
0.319000	4.016855	718523599.249584
0.321000	4.094089	631037984.429873
0.323000	4.219099	511435523.473010
0.325000	4.340475	417041559.082643
0.327000	4.424619	362034009.297075
0.329000	4.558224	289207923.832163
0.331000	4.574478	281413023.692582
0.333000	4.673765	238154404.228539
0.335000	4.606081	266852815.200053
0.337000	4.612229	264109472.066242
0.339000	4.556238	290175243.086050
0.341000	4.521745	307498091.361895
0.343000	4.549429	293515677.622342
0.345000	4.510803	313206270.005303
0.347000	4.541394	297507199.146613
0.349000	4.551582	292455212.205622
0.351000	4.584071	276911030.028916
0.353000	4.573283	281979014.085189
0.355000	4.629417	256587311.426591
0.357000	4.618389	261388432.421819
0.359000	4.598843	270119436.040395
0.361000	4.655407	245618734.220662
0.363000	4.659819	243803516.537117
0.365000	4.683665	234223740.627979
0.367000	4.733350	215455854.833893
0.369000	4.773873	201267649.879371
0.371000	4.796401	193788124.801998
0.373000	4.842229	179419916.889068
0.375000	4.893686	164552150.944540
0.377000	4.929343	154978809.597574
0.379000	4.951411	149334967.066496
0.381000	4.991614	139575963.990062
0.383000	5.011521	134982522.123749
0.385000	5.038331	129034130.078070
0.387000	5.051485	126212210.072000
0.389000	5.110292	114332400.898911
0.391000	5.124907	111557549.440893
0.393000	5.125780	111394110.199025
0.395000	5.206659	97233447.332942
0.397000	5.219548	95149371.498127
0.399000	5.253270	89905641.326563

# Dumping simulation biases, in the metadata file order 
# Window  F (free energy units)
# 0	0.000000
# 1	-7.700965
# 2	-12.144794
# 3	-15.297931
# 4	-17.286406
# 5	-17.551823
# 6	-16.714777
# 7	-15.540127
# 8	-14.133039
# 9	-13.186705
# 10	-12.366027
#Iteration 510:  0.000031
#Iteration 520:  0.000027
#Iteration 530:  0.000024
#Iteration 540:  0.000021
#Iteration 550:  0.000019
#Iteration 560:  0.000017
#Iteration 570:  0.000015
#Iteration 580:  0.000013
#Iteration 590:  0.000012
#Iteration 600:  0.000010
0.001000	inf	0.000000
0.003000	inf	0.000000
0.005000	inf	0.000000
0.007000	inf	0.000000
0.009000	inf	0.000000
0.011000	inf	0.000000
0.013000	inf	0.000000
0.015000	inf	0.000000
0.017000	inf	0.000000
0.019000	inf	0.000000
0.021000	inf	0.000000
0.023000	inf	0.000000
0.025000	inf	0.000000
0.027000	inf	0.000000
0.029000	inf	0.000000
0.031000	inf	0.000000
0.033000	inf	0.000000
0.035000	inf	0.000000
0.037000	inf	0.000000
0.039000	inf	0.000000
0.041000	inf	0.000000
0.043000	inf	0.000000
0.045000	inf	0.000000
0.047000	inf	0.000000
0.049000	inf	0.000000
0.051000	inf	0.000000
0.053000	inf	0.000000
0.055000	inf	0.000000
0.057000	17.035715	0.225479
0.059000	inf	0.000000
0.061000	15.132206	5.530645
0.063000	14.194576	26.748546
0.065000	13.219915	137.676100
0.067000	12.282753	665.335629
0.069000	11.424267	2816.984607
0.071000	10.553961	12166.285690
0.073000	9.793509	43684.922115
0.075000	9.123000	134847.182730
0.077000	8.509763	378042.218225
0.079000	7.954936	960716.808173
0.081000	7.482478	2125774.774409
0.083000	7.046443	4424332.061982
0.085000	6.725629	7586828.694086
0.087000	6.421480	12650471.607379
0.089000	6.167398	19391052.821291
0.091000	5.957605	27590684.500391
0.093000	5.789871	36577815.372216
0.095000	5.603401	50043946.132683
0.097000	5.419454	68177835.637613
0.099000	5.221139	95153434.772787
0.101000	5.020587	133302771.917569
0.103000	4.827904	184292977.074602
0.105000	4.656905	245667621.057681
0.107000	4.475178	333440896.824417
0.109000	4.337474	420291845.724350
0.111000	4.204946	525174994.534948
0.113000	4.039604	693446356.281355
0.115000	3.929406	834571744.397676
0.117000	3.800863	1035875997.555835
0.119000	3.686526	1255395745.636532
0.121000	3.566665	1535626098.525650
0.123000	3.477974	1782522503.527703
0.125000	3.347372	2220148325.722436
0.127000	3.143932	3125396060.770315
0.129000	2.979891	4117790671.206549
0.131000	2.762868	5930671923.218812
0.133000	2.517205	8962964767.186110
0.135000	2.305351	12797284110.918453
0.137000	2.070028	19007144005.470100
0.139000	1.886177	25890379209.461887
0.141000	1.694641	35724912013.162704
0.143000	1.538844	46420670472.907318
0.145000	1.390599	59557855795.763351
0.147000	1.291738	70325557145.366959
0.149000	1.167200	86702731783.478714
0.151000	1.145472	89928250722.454391
0.153000	1.078818	100590461568.628998
0.155000	1.025769	109973025648.016037
0.157000	0.936811	127711544946.745010
0.159000	0.902538	135285618667.718796
0.161000	0.761285	171543679487.729095
0.163000	0.652893	205828957585.827637
0.165000	0.526148	254705353946.520233
0.167000	0.397841	316016398877.173401
0.169000	0.303859	370102285215.942017
0.171000	0.190720	447630431729.279907
0.173000	0.125639	499381694057.691223
0.175000	0.049869	567216599532.225586
0.177000	0.011048	605467406179.316650
0.179000	0.000346	616458480562.255615
0.181000	0.000000	616816796647.574463
0.183000	0.002658	614067355005.471191
0.185000	0.053544	563723548128.893555
0.187000	0.071882	546610797878.102112
0.189000	0.151980	477751185940.251709
0.191000	0.178465	456947938156.256104
0.193000	0.201181	439827616407.349121
0.195000	0.283608	382917959465.893372
0.197000	0.300310	372316686706.605896
0.199000	0.345845	344881440172.024841
0.201000	0.339444	348612423071.475159
0.203000	0.408346	310484815688.335815
0.205000	0.396528	316714392960.943115
0.207000	0.409163	310058600289.152222
0.209000	0.405708	311864578613.030334
0.211000	0.450826	289086163578.230225
0.213000	0.467287	281196238711.847961
0.215000	0.536061	250496012115.233673
0.217000	0.540581	248599947254.408539
0.219000	0.605091	223051370986.183807
0.221000	0.657586	204211628341.533813
0.223000	0.728522	181256283690.908539
0.225000	0.784912	164863766632.219574
0.227000	0.858547	145669190557.196259
0.229000	0.934194	128274586855.027069
0.231000	1.004598	113957178057.660049
0.233000	1.086767	99255258141.634827
0.235000	1.162942	87325561952.862228
0.237000	1.225661	78587479968.442078
0.239000	1.310921	68093940602.391640
0.241000	1.342086	64618401494.843002
0.243000	1.414682	57194904239.078835
0.245000	1.471482	51986441153.198265
0.247000	1.521192	47818803252.749176
0.249000	1.571085	43971748671.945740
0.251000	1.613646	40935649877.176651
0.253000	1.673050	37045323295.168510
0.255000	1.741655	33010209754.070950
0.257000	1.757311	32152759539.491177
0.259000	1.799514	29950726145.627903
0.261000	1.870430	26584878048.642197
0.263000	1.908623	24931706665.656521
0.265000	2.008616	21074203969.331585
0.267000	2.062582	19246559062.088272
0.269000	2.122684	17397028271.675117
0.271000	2.202027	15224735350.615667
0.273000	2.263874	13721389167.619286
0.275000	2.302935	12849346302.886448
0.277000	2.369589	11487363432.302685
0.279000	2.432642	10332083933.833261
0.281000	2.488739	9402288647.883863
0.283000	2.533694	8717940938.003096
0.285000	2.590160	7928495327.908876
0.287000	2.671388	6916553180.452828
0.289000	2.742894	6133186890.876482
0.291000	2.816465	5419698849.503421
0.293000	2.859658	5040126600.829554
0.295000	2.928607	4488539520.031558
0.297000	3.003990	3954312876.718108
0.299000	3.108499	3317209598.179480
0.301000	3.178086	2951012895.102726
0.303000	3.274043	2511404863.000184
0.305000	3.350614	2208081387.367378
0.307000	3.432155	1925243150.748589
0.309000	3.539930	1606216186.842388
0.311000	3.617584	1409652292.881519
0.313000	3.723335	1180069211.977679
0.315000	3.787333	1059706948.246725
0.317000	3.922842	843832774.040950
0.319000	4.014834	722930213.478123
0.321000	4.092045	634932939.144505
0.323000	4.217024	514619861.797386
0.325000	4.338357	419668095.479182
0.327000	4.422447	364347172.364768
0.329000	4.555987	291087554.905089
0.331000	4.572168	283276742.046655
0.333000	4.671379	239762235.826642
0.335000	4.603622	268687341.481096
0.337000	4.609705	265954148.566347
0.339000	4.553660	292228453.166204
0.341000	4.519125	309695887.818911
0.343000	4.546777	295629305.510997
0.345000	4.508128	315473914.641458
0.347000	4.538703	299669438.236694
0.349000	4.548879	294586450.813947
0.351000	4.581361	278932821.100078
0.353000	4.570566	284040638.458978
0.355000	4.626696	258465274.495133
0.357000	4.615664	263303260.736314
0.359000	4.596114	272099971.444883
0.361000	4.652673	247421411.638445
0.363000	4.657081	245595059.676937
0.365000	4.680920	235947613.521374
0.367000	4.730596	217044867.266304
0.369000	4.771107	202755918.276824
0.371000	4.793622	195225662.549846
0.373000	4.839433	180755735.229613
0.375000	4.890873	165782040.777713
0.377000	4.926513	156141576.978169
0.379000	4.948565	150459287.177847
0.381000	4.988756	140629904.485525
0.383000	5.008652	136004168.138791
0.385000	5.035454	130012491.839562
0.387000	5.048603	127170419.587847
0.389000	5.107405	115201220.620769
0.391000	5.122018	112405829.200004
0.393000	5.122888	112241522.599119
0.395000	5.203766	97973358.180069
0.397000	5.216654	95873571.301222
0.399000	5.250375	90590024.389720

# Dumping simulation biases, in the metadata file order 
# Window  F (free energy units)
# 0	0.000000
# 1	-7.701010
# 2	-12.145003
# 3	-15.298699
# 4	-17.287752
# 5	-17.553650
# 6	-16.717183
# 7	-15.543188
# 8	-14.136584
# 9	-13.190995
# 10	-12.370485
#Iteration 610:  0.000009
#Iteration 620:  0.000008
#Iteration 630:  0.000007
#Iteration 640:  0.000006
#Iteration 650:  0.000006
#Iteration 660:  0.000005
#Iteration 670:  0.000004
#Iteration 680:  0.000004
#Iteration 690:  0.000004
#Iteration 700:  0.000003
0.001000	inf	0.000000
0.003000	inf	0.000000
0.005000	inf	0.000000
0.007000	inf	0.000000
0.009000	inf	0.000000
0.011000	inf	0.000000
0.013000	inf	0.000000
0.015000	inf	0.000000
0.017000	inf	0.000000
0.019000	inf	0.000000
0.021000	inf	0.000000
0.023000	inf	0.000000
0.025000	inf	0.000000
0.027000	inf	0.000000
0.029000	inf	0.000000
0.031000	inf	0.000000
0.033000	inf	0.000000
0.035000	inf	0.000000
0.037000	inf	0.000000
0.039000	inf	0.000000
0.041000	inf	0.000000
0.043000	inf	0.000000
0.045000	inf	0.000000
0.047000	inf	0.000000
0.049000	inf	0.000000
0.051000	inf	0.000000
0.053000	inf	0.000000
0.055000	inf	0.000000
0.057000	17.036203	0.225479
0.059000	inf	0.000000
0.061000	15.132694	5.530647
0.063000	14.195064	26.748555
0.065000	13.220403	137.676168
0.067000	12.283240	665.336114
0.069000	11.424755	2816.987654
0.071000	10.554448	12166.305130
0.073000	9.793996	43685.024649
0.075000	9.123486	134847.643848
0.077000	8.510248	378044.081047
0.079000	7.955420	960723.534220
0.081000	7.482960	2125795.561601
0.083000	7.046923	4424391.336082
0.085000	6.726107	7586965.163753
0.087000	6.421954	12650771.079353
0.089000	6.167868	19391645.236426
0.091000	5.958070	27591750.581309
0.093000	5.790331	36579563.101915
0.095000	5.603855	50046827.678436
0.097000	5.419902	68182433.427443
0.099000	5.221582	95160734.715649
0.101000	5.021025	133314095.476261
0.103000	4.828338	184309921.330779
0.105000	4.657335	245691651.331158
0.107000	4.475605	333475207.558911
0.109000	4.337898	420337093.807087
0.111000	4.205367	525234158.440675
0.113000	4.040022	693528552.368604
0.115000	3.929820	834676921.697296
0.117000	3.801270	1036016833.802968
0.119000	3.686925	1255583038.682913
0.121000	3.567055	1535881719.654512
0.123000	3.478351	1782857834.425186
0.125000	3.347733	2220623033.387687
0.127000	3.144276	3126153323.292486
0.129000	2.980218	4118908844.164836
0.131000	2.763178	5932447458.367690
0.133000	2.517501	8965869451.270781
0.135000	2.305634	12801696616.398714
0.137000	2.070301	19014017485.096081
0.139000	1.886442	25900095176.924122
0.141000	1.694899	35738730755.314217
0.143000	1.539096	46439120203.545883
0.145000	1.390844	59582181506.018364
0.147000	1.291976	70355166983.607864
0.149000	1.167429	86740572528.724289
0.151000	1.145689	89969224841.123383
0.153000	1.079022	100638656659.252319
0.155000	1.025955	110028743511.874512
0.157000	0.936980	127780126308.417633
0.159000	0.902688	135362489266.746231
0.161000	0.761417	171646288120.166229
0.163000	0.653010	205957651094.375366
0.165000	0.526250	254870633235.032227
0.167000	0.397931	316227976058.810974
0.169000	0.303938	370356973976.614014
0.171000	0.190788	447946573367.941528
0.173000	0.125696	499743857257.478638
0.175000	0.049914	567639830708.644165
0.177000	0.011078	605933320697.880005
0.179000	0.000361	616948501936.248901
0.181000	0.000000	617323246429.338379
0.183000	0.002643	614587052515.766479
0.185000	0.053515	564213459609.300659
0.187000	0.071842	547096368669.741516
0.189000	0.151931	478183034071.305786
0.191000	0.178408	457366615922.158386
0.193000	0.201119	440234941755.567749
0.195000	0.283541	383275763971.058044
0.197000	0.300238	372667470771.942505
0.199000	0.345768	345209196714.135193
0.201000	0.339361	348947080975.630066
0.203000	0.408256	310786631076.156982
0.205000	0.396429	317027193922.620178
0.207000	0.409052	310370954111.121643
0.209000	0.405583	312186279897.381470
0.211000	0.450684	289392419847.546570
0.213000	0.467128	281502559896.068115
0.215000	0.535884	250776360080.099457
0.217000	0.540387	248885004179.686310
0.219000	0.604884	223312394579.856995
0.221000	0.657367	204454505382.770935
0.223000	0.728295	181474545680.941223
0.225000	0.784678	165064144837.356873
0.227000	0.858307	145847491287.119110
0.229000	0.933951	128432476079.218567
0.231000	1.004351	114098127495.897491
0.233000	1.086517	99378615056.145981
0.235000	1.162688	87434683163.539444
0.237000	1.225401	78686347148.667709
0.239000	1.310655	68180364334.247993
0.241000	1.341811	64701371443.122871
0.243000	1.414395	57269452026.319962
0.245000	1.471180	52055473007.084541
0.247000	1.520873	47883701135.889732
0.249000	1.570747	44032865316.836426
0.251000	1.613288	40993935749.657990
0.253000	1.672673	37099273487.327995
0.255000	1.741260	33059235161.695984
0.257000	1.756902	32201280742.706238
0.259000	1.799094	29996487476.080441
0.261000	1.870002	26625874396.791946
0.263000	1.908188	24970415244.783405
0.265000	2.008177	21107086494.742439
0.267000	2.062139	19276702808.264694
0.269000	2.122238	17424358300.735691
0.271000	2.201579	15248719061.026617
0.273000	2.263423	13743067308.045738
0.275000	2.302481	12869716390.884558
0.277000	2.369130	11505654365.144556
0.279000	2.432178	10348630890.683580
0.281000	2.488268	9417461842.936142
0.283000	2.533214	8732148011.281935
0.285000	2.589668	7941571448.551175
0.287000	2.670882	6928118503.840776
0.289000	2.742373	6143594506.072959
0.291000	2.815929	5429030664.862204
0.293000	2.859109	5048921259.901287
0.295000	2.928046	4496461096.968961
0.297000	3.003419	3961355446.150418
0.299000	3.107922	3323158821.703866
0.301000	3.177502	2956332820.522328
0.303000	3.273456	2515949477.957291
0.305000	3.350024	2212088334.063433
0.307000	3.431563	1928744430.373851
0.309000	3.539335	1609142656.386211
0.311000	3.616987	1412225207.656157
0.313000	3.722737	1182227382.643626
0.315000	3.786731	1061649839.144352
0.317000	3.922236	845385066.851890
0.319000	4.014224	724266258.750850
0.321000	4.091428	636113878.363369
0.323000	4.216397	515585372.003881
0.325000	4.337718	420464508.198290
0.327000	4.421791	365048601.033825
0.329000	4.555312	291657559.037663
0.331000	4.571470	283841963.440342
0.333000	4.670659	240249892.903777
0.335000	4.602880	269243800.836114
0.337000	4.608943	266513728.765979
0.339000	4.552882	292851331.582894
0.341000	4.518334	310362663.215121
0.343000	4.545976	296270570.482378
0.345000	4.507321	316161927.204534
0.347000	4.537890	300325483.711957
0.349000	4.548063	295233099.736029
0.351000	4.580542	279546268.276256
0.353000	4.569745	284666176.340755
0.355000	4.625874	259035089.034022
0.357000	4.614841	263884263.652521
0.359000	4.595290	272700914.007727
0.361000	4.651848	247968390.343294
0.363000	4.656254	246138663.053780
0.365000	4.680091	236470687.709918
0.367000	4.729764	217527025.370311
0.369000	4.770272	203207512.839856
0.371000	4.792782	195661870.080572
0.373000	4.838589	181161083.909883
0.375000	4.890024	166155252.776055
0.377000	4.925658	156494427.047592
0.379000	4.947706	150800475.913670
0.381000	4.987893	140949740.282962
0.383000	5.007786	136314207.234030
0.385000	5.034586	130309398.083140
0.387000	5.047732	127461212.061703
0.389000	5.106533	115464886.764246
0.391000	5.121145	112663262.787013
0.393000	5.122015	112498693.536529
0.395000	5.202892	98197905.113626
0.397000	5.215780	96093350.499553
0.399000	5.249501	90797720.200963

# Dumping simulation biases, in the metadata file order 
# Window  F (free energy units)
# 0	0.000000
# 1	-7.701024
# 2	-12.145066
# 3	-15.298931
# 4	-17.288159
# 5	-17.554202
# 6	-16.717910
# 7	-15.544112
# 8	-14.137654
# 9	-13.192291
# 10	-12.371832
#Iteration 710:  0.000003
#Iteration 720:  0.000002
#Iteration 730:  0.000002
#Iteration 740:  0.000002
#Iteration 750:  0.000002
#Iteration 760:  0.000002
#Iteration 770:  0.000001
#Iteration 780:  0.000001
#Iteration 790:  0.000001
#Iteration 800:  0.000001
0.001000	inf	0.000000
0.003000	inf	0.000000
0.005000	inf	0.000000
0.007000	inf	0.000000
0.009000	inf	0.000000
0.011000	inf	0.000000
0.013000	inf	0.000000
0.015000	inf	0.000000
0.017000	inf	0.000000
0.019000	inf	0.000000
0.021000	inf	0.000000
0.023000	inf	0.000000
0.025000	inf	0.000000
0.027000	inf	0.000000
0.029000	inf	0.000000
0.031000	inf	0.000000
0.033000	inf	0.000000
0.035000	inf	0.000000
0.037000	inf	0.000000
0.039000	inf	0.000000
0.041000	inf	0.000000
0.043000	inf	0.000000
0.045000	inf	0.000000
0.047000	inf	0.000000
0.049000	inf	0.000000
0.051000	inf	0.000000
0.053000	inf	0.000000
0.055000	inf	0.000000
0.057000	17.036350	0.225479
0.059000	inf	0.000000
0.061000	15.132842	5.530647
0.063000	14.195211	26.748557
0.065000	13.220550	137.676188
0.067000	12.283388	665.336260
0.069000	11.424902	2816.988574
0.071000	10.554595	12166.311001
0.073000	9.794143	43685.055613
0.075000	9.123633	134847.783099
0.077000	8.510395	378044.643594
0.079000	7.955567	960725.565398
0.081000	7.483106	2125801.839065
0.083000	7.047068	4424409.236118
0.085000	6.726251	7587006.375953
0.087000	6.422097	12650861.516515
0.089000	6.168010	19391824.139785
0.091000	5.958210	27592072.528645
0.093000	5.790469	36580090.905115
0.095000	5.603992	50047697.894296
0.097000	5.420038	68183821.955368
0.099000	5.221715	95162939.310981
0.101000	5.021157	133317515.237610
0.103000	4.828468	184315038.598074
0.105000	4.657465	245698908.650462
0.107000	4.475734	333485569.679837
0.109000	4.338026	420350759.107873
0.111000	4.205494	525252026.424337
0.113000	4.040148	693553376.210313
0.115000	3.929944	834708685.951620
0.117000	3.801393	1036059367.189170
0.119000	3.687046	1255639602.246363
0.121000	3.567172	1535958918.896252
0.123000	3.478464	1782959107.374475
0.125000	3.347842	2220766401.511788
0.127000	3.144380	3126382031.593818
0.129000	2.980317	4119246562.983392
0.131000	2.763272	5932983732.413144
0.133000	2.517590	8966746789.138565
0.135000	2.305719	12803029407.799883
0.137000	2.070384	19016093644.829117
0.139000	1.886522	25903029957.972904
0.141000	1.694977	35742904850.759712
0.143000	1.539172	46444693179.421478
0.145000	1.390918	59589529442.838623
0.147000	1.292048	70364111123.528259
0.149000	1.167498	86752003030.212189
0.151000	1.145754	89981601949.075256
0.153000	1.079083	100653215195.116348
0.155000	1.026012	110045574762.480438
0.157000	0.937031	127800843775.907898
0.159000	0.902734	135385711314.893463
0.161000	0.761457	171677286147.886993
0.163000	0.653045	205996530185.660950
0.165000	0.526281	254920566053.734070
0.167000	0.397958	316291897038.926697
0.169000	0.303962	370433920730.752930
0.171000	0.190809	448042087478.349854
0.173000	0.125713	499853276910.549744
0.175000	0.049927	567767702332.102905
0.177000	0.011088	606074090322.844604
0.179000	0.000366	617096557482.766357
0.181000	0.000000	617476268313.864624
0.183000	0.002638	614744079890.325928
0.185000	0.053507	564361489508.627075
0.187000	0.071830	547243089090.293091
0.189000	0.151916	478313523139.148376
0.191000	0.178391	457493126543.423157
0.193000	0.201100	440358022934.562378
0.195000	0.283521	383383882094.899841
0.197000	0.300216	372773468041.277039
0.199000	0.345744	345308236165.361816
0.201000	0.339336	349048206356.552368
0.203000	0.408229	310877832827.169983
0.205000	0.396399	317121716029.348572
0.207000	0.409019	310465342104.470276
0.209000	0.405545	312283493861.624329
0.211000	0.450642	289484968072.786194
0.213000	0.467080	281595129498.934082
0.215000	0.535830	250861082323.421143
0.217000	0.540329	248971151145.880737
0.219000	0.604821	223391279788.466705
0.221000	0.657301	204527907474.205292
0.223000	0.728226	181540509368.294006
0.225000	0.784607	165124704155.560944
0.227000	0.858235	145901378581.816345
0.229000	0.933877	128480194698.382477
0.231000	1.004277	114140726598.390579
0.233000	1.086441	99415897310.141449
0.235000	1.162611	87467663073.693970
0.237000	1.225323	78716228096.649750
0.239000	1.310574	68206484608.519836
0.241000	1.341728	64726448056.608299
0.243000	1.414308	57291983382.676704
0.245000	1.471089	52076337510.431831
0.247000	1.520777	47903316505.717194
0.249000	1.570645	44051338181.742279
0.251000	1.613180	41011553384.910156
0.253000	1.672559	37115580968.193497
0.255000	1.741141	33074054332.464661
0.257000	1.756779	32215947758.847412
0.259000	1.798967	30010320428.446033
0.261000	1.869872	26638267099.361347
0.263000	1.908057	24982116474.614044
0.265000	2.008044	21117026622.311958
0.267000	2.062005	19285815063.762955
0.269000	2.122104	17432620015.952534
0.271000	2.201444	15255969223.818495
0.273000	2.263287	13749620526.582336
0.275000	2.302344	12875874210.031889
0.277000	2.368992	11511183683.898006
0.279000	2.432038	10353633034.889511
0.281000	2.488126	9422048731.478184
0.283000	2.533069	8736442879.144924
0.285000	2.589519	7945524470.457528
0.287000	2.670729	6931614848.316071
0.289000	2.742216	6146740910.288686
0.291000	2.815768	5431851881.968294
0.293000	2.858943	5051580123.902287
0.295000	2.927877	4498856037.337357
0.297000	3.003247	3963484659.082419
0.299000	3.107747	3324957494.095569
0.301000	3.177326	2957941243.237990
0.303000	3.273278	2517323500.497158
0.305000	3.349846	2213299801.863440
0.307000	3.431384	1929803016.680124
0.309000	3.539156	1610027454.978764
0.311000	3.616807	1413003112.840173
0.313000	3.722556	1182879893.799330
0.315000	3.786549	1062237263.077994
0.317000	3.922054	845854396.806020
0.319000	4.014040	724670208.866822
0.321000	4.091242	636470934.762125
0.323000	4.216208	515877296.086874
0.325000	4.337525	420705308.153485
0.327000	4.421593	365260685.331856
0.329000	4.555108	291829909.120337
0.331000	4.571260	284012871.294107
0.333000	4.670441	240397351.035367
0.335000	4.602656	269412067.612448
0.337000	4.608713	266682943.086703
0.339000	4.552647	293039690.613505
0.341000	4.518095	310564299.848388
0.343000	4.545735	296464494.897980
0.345000	4.507077	316369990.313708
0.347000	4.537644	300523880.819662
0.349000	4.547817	295428656.048502
0.351000	4.580295	279731784.453595
0.353000	4.569498	284855349.357862
0.355000	4.625626	259207410.677368
0.357000	4.614592	264059969.095689
0.359000	4.595041	272882649.786758
0.361000	4.651599	248133806.721825
0.363000	4.656004	246303058.954244
0.365000	4.679840	236628875.546200
0.367000	4.729513	217672839.802947
0.369000	4.770020	203344084.735418
0.371000	4.792529	195793789.199278
0.373000	4.838334	181283671.243343
0.375000	4.889767	166268121.822361
0.377000	4.925400	156601138.707527
0.379000	4.947447	150903661.389004
0.381000	4.987632	141046468.425736
0.383000	5.007524	136407972.882385
0.385000	5.034323	130399192.181012
0.387000	5.047469	127549157.329536
0.389000	5.106270	115544628.243697
0.391000	5.120882	112741119.408683
0.393000	5.121751	112576470.776521
0.395000	5.202628	98265815.776271
0.397000	5.215516	96159819.256922
0.399000	5.249237	90860534.541398

# Dumping simulation biases, in the metadata file order 
# Window  F (free energy units)
# 0	0.000000
# 1	-7.701028
# 2	-12.145085
# 3	-15.299001
# 4	-17.288282
# 5	-17.554369
# 6	-16.718129
# 7	-15.544391
# 8	-14.137977
# 9	-13.192682
# 10	-12.372239
#Iteration 810:  0.000001
#Iteration 820:  0.000001
#Iteration 830:  0.000001
#Iteration 840:  0.000001
#Iteration 850:  0.000001
#Iteration 860:  0.000000
# Dumping simulation biases, in the metadata file order 
# Window  F (free energy units)
# 0	0.000000
# 1	-7.701029
# 2	-12.145089
# 3	-15.299017
# 4	-17.288310
# 5	-17.554407
# 6	-16.718180
# 7	-15.544455
# 8	-14.138052
# 9	-13.192772
# 10	-12.372332
# No MC error analysis requested
