# /home/btan/Software/WHAM/wham/wham/wham 0.0 0.4 200 1e-06 300 0 /home/btan/Documents/BD2_DCAF16_8ov6/umbrella_sampling/RMSD/results/backbone_RMSD/BD2_only/run1/RED/metafile.txt /home/btan/Documents/BD2_DCAF16_8ov6/umbrella_sampling/RMSD/results/backbone_RMSD/BD2_only/run1/RED/pmf.txt
#Number of windows = 11
#Iteration 10:  0.049486
#Iteration 20:  0.027350
#Iteration 30:  0.018236
#Iteration 40:  0.013449
#Iteration 50:  0.010187
#Iteration 60:  0.008107
#Iteration 70:  0.007289
#Iteration 80:  0.006993
#Iteration 90:  0.006756
#Iteration 100:  0.006421
0.001000	inf	0.000000
0.003000	inf	0.000000
0.005000	inf	0.000000
0.007000	inf	0.000000
0.009000	inf	0.000000
0.011000	inf	0.000000
0.013000	inf	0.000000
0.015000	inf	0.000000
0.017000	inf	0.000000
0.019000	inf	0.000000
0.021000	inf	0.000000
0.023000	inf	0.000000
0.025000	inf	0.000000
0.027000	inf	0.000000
0.029000	inf	0.000000
0.031000	inf	0.000000
0.033000	inf	0.000000
0.035000	inf	0.000000
0.037000	inf	0.000000
0.039000	inf	0.000000
0.041000	inf	0.000000
0.043000	inf	0.000000
0.045000	inf	0.000000
0.047000	inf	0.000000
0.049000	9.639233	0.071976
0.051000	8.691379	0.354142
0.053000	7.289759	3.736286
0.055000	6.314284	19.257213
0.057000	5.345642	98.120050
0.059000	4.562186	366.206132
0.061000	3.883872	1145.338205
0.063000	3.332632	2893.146498
0.065000	2.846392	6551.699629
0.067000	2.456227	12623.979035
0.069000	2.144350	21324.775151
0.071000	1.903210	31983.828923
0.073000	1.701493	44894.766920
0.075000	1.560539	56898.408889
0.077000	1.456122	67815.801046
0.079000	1.353345	80605.367985
0.081000	1.263769	93704.333394
0.083000	1.134285	116490.478604
0.085000	1.019079	141383.125269
0.087000	0.908710	170205.158630
0.089000	0.827127	195224.163464
0.091000	0.803395	203169.571842
0.093000	0.754815	220457.816319
0.095000	0.760842	218235.336384
0.097000	0.771727	214278.256248
0.099000	0.765270	216616.867277
0.101000	0.807013	201937.696781
0.103000	0.791299	207343.022270
0.105000	0.787916	208525.591309
0.107000	0.813011	199912.094545
0.109000	0.865372	183067.998116
0.111000	0.891613	175167.909371
0.113000	0.970829	153328.295932
0.115000	1.043169	135771.907294
0.117000	1.173668	109028.062319
0.119000	1.325292	84497.526346
0.121000	1.455402	67897.858083
0.123000	1.603346	52947.919755
0.125000	1.748750	41466.292308
0.127000	1.900852	32110.905312
0.129000	2.092216	23277.982911
0.131000	2.215258	18928.567950
0.133000	2.396696	13952.678549
0.135000	2.483280	12062.753888
0.137000	2.456997	12607.656628
0.139000	2.255590	17687.785814
0.141000	2.105873	22749.660006
0.143000	1.850309	34958.392792
0.145000	1.739742	42099.015952
0.147000	1.586548	54464.353008
0.149000	1.457185	67694.662190
0.151000	1.347836	81355.299972
0.153000	1.322285	84925.739763
0.155000	1.241556	97269.389461
0.157000	1.185982	106794.309779
0.159000	1.160868	111399.457224
0.161000	1.140785	115224.442540
0.163000	1.100118	123376.889925
0.165000	1.086302	126275.863369
0.167000	1.080427	127529.195182
0.169000	1.065566	130755.249837
0.171000	1.087073	126112.414584
0.173000	1.070519	129671.107868
0.175000	1.077115	128241.200711
0.177000	1.124279	118466.304868
0.179000	1.101870	123014.055288
0.181000	1.170591	109593.411795
0.183000	1.200486	104222.011888
0.185000	1.205403	103364.217760
0.187000	1.091192	125242.150710
0.189000	0.979874	151014.703453
0.191000	0.856552	185802.443345
0.193000	0.648648	263531.765090
0.195000	0.525961	323892.910569
0.197000	0.398335	401398.547086
0.199000	0.304040	470345.217324
0.201000	0.167687	591510.409829
0.203000	0.122397	638302.368927
0.205000	0.034229	740276.805148
0.207000	0.000000	784121.719190
0.209000	0.011015	769736.638667
0.211000	0.002498	780835.871942
0.213000	0.081744	683447.779051
0.215000	0.168870	590335.321852
0.217000	0.259348	507042.740533
0.219000	0.373851	418264.481833
0.221000	0.503062	336603.921929
0.223000	0.623747	274797.266619
0.225000	0.770755	214628.740510
0.227000	0.911478	169415.086781
0.229000	1.076597	128352.883983
0.231000	1.231474	98932.043174
0.233000	1.393981	75283.058790
0.235000	1.530308	59864.648523
0.237000	1.635915	50126.956690
0.239000	1.846287	35195.568420
0.241000	1.956835	29226.798824
0.243000	2.033195	25705.977376
0.245000	2.103673	22833.976629
0.247000	2.129268	21872.349234
0.249000	2.191831	19688.880674
0.251000	2.208321	19150.583281
0.253000	2.267386	17340.477988
0.255000	2.340951	15323.379793
0.257000	2.391182	14082.611767
0.259000	2.455114	12647.620854
0.261000	2.558644	10627.381420
0.263000	2.638280	9295.806611
0.265000	2.775148	7385.263079
0.267000	2.895754	6029.989707
0.269000	3.041237	4721.778630
0.271000	3.203703	3593.321515
0.273000	3.300912	3051.605015
0.275000	3.484215	2242.364459
0.277000	3.623438	1774.456508
0.279000	3.726823	1491.381289
0.281000	3.962069	1004.258951
0.283000	4.066879	842.030294
0.285000	4.155290	725.743299
0.287000	4.153481	727.952875
0.289000	4.160815	719.034287
0.291000	4.137465	747.818448
0.293000	4.111024	781.806752
0.295000	4.084320	817.701914
0.297000	4.136358	749.211215
0.299000	4.176445	700.387639
0.301000	4.174218	703.014899
0.303000	4.256226	612.482283
0.305000	4.319493	550.687580
0.307000	4.389455	489.586171
0.309000	4.518612	394.037314
0.311000	4.605595	340.434981
0.313000	4.767296	259.408214
0.315000	4.884158	213.141341
0.317000	4.975806	182.708700
0.319000	5.111431	145.460613
0.321000	5.205600	124.164103
0.323000	5.313398	103.585167
0.325000	5.427551	85.498668
0.327000	5.514456	73.877721
0.329000	5.650181	58.806714
0.331000	5.825448	43.799780
0.333000	5.959208	34.979916
0.335000	6.200858	23.302394
0.337000	6.369368	17.554103
0.339000	6.520902	13.606612
0.341000	6.674689	10.506951
0.343000	6.856286	7.742850
0.345000	7.013844	5.941200
0.347000	7.163006	4.623570
0.349000	7.321247	3.543660
0.351000	7.452407	2.842486
0.353000	7.562296	2.363051
0.355000	7.672025	1.965008
0.357000	7.674969	1.955307
0.359000	7.622312	2.136276
0.361000	7.563542	2.358104
0.363000	7.407338	3.066206
0.365000	7.357519	3.334048
0.367000	7.221290	4.192052
0.369000	7.057888	5.517212
0.371000	6.956412	6.543390
0.373000	6.822096	8.200899
0.375000	6.728001	9.606301
0.377000	6.592098	12.071821
0.379000	6.437523	15.653856
0.381000	6.311775	19.338597
0.383000	6.207299	23.051467
0.385000	6.136405	25.968991
0.387000	6.081527	28.478657
0.389000	6.039281	30.574618
0.391000	6.034799	30.805886
0.393000	6.076067	28.741215
0.395000	6.081795	28.465820
0.397000	6.135822	25.994458
0.399000	6.199171	23.368584

# Dumping simulation biases, in the metadata file order 
# Window  F (free energy units)
# 0	0.000000
# 1	-6.008552
# 2	-8.565762
# 3	-8.547597
# 4	-8.550457
# 5	-9.399780
# 6	-8.577060
# 7	-6.560278
# 8	-4.948374
# 9	-3.005879
# 10	-3.187170
#Iteration 110:  0.006034
#Iteration 120:  0.005627
#Iteration 130:  0.005220
#Iteration 140:  0.004824
#Iteration 150:  0.004447
#Iteration 160:  0.004091
#Iteration 170:  0.003759
#Iteration 180:  0.003450
#Iteration 190:  0.003164
#Iteration 200:  0.002901
0.001000	inf	0.000000
0.003000	inf	0.000000
0.005000	inf	0.000000
0.007000	inf	0.000000
0.009000	inf	0.000000
0.011000	inf	0.000000
0.013000	inf	0.000000
0.015000	inf	0.000000
0.017000	inf	0.000000
0.019000	inf	0.000000
0.021000	inf	0.000000
0.023000	inf	0.000000
0.025000	inf	0.000000
0.027000	inf	0.000000
0.029000	inf	0.000000
0.031000	inf	0.000000
0.033000	inf	0.000000
0.035000	inf	0.000000
0.037000	inf	0.000000
0.039000	inf	0.000000
0.041000	inf	0.000000
0.043000	inf	0.000000
0.045000	inf	0.000000
0.047000	inf	0.000000
0.049000	9.156294	0.071964
0.051000	8.208489	0.354052
0.053000	6.806942	3.734880
0.055000	5.831573	19.246533
0.057000	4.863084	98.040408
0.059000	4.079845	365.775349
0.061000	3.401833	1143.411276
0.063000	2.851000	2886.302890
0.065000	2.365292	6530.356400
0.067000	1.975800	12568.639242
0.069000	1.664747	21201.887478
0.071000	1.424600	31746.536727
0.073000	1.224069	44472.832945
0.075000	1.084543	56228.586066
0.077000	0.981846	66823.953028
0.079000	0.881122	79152.822533
0.081000	0.793936	91646.789024
0.083000	0.667138	113419.249730
0.085000	0.554849	136982.159902
0.087000	0.447583	164049.472298
0.089000	0.369294	187124.133061
0.091000	0.349123	193578.106262
0.093000	0.304455	208672.940321
0.095000	0.314790	205079.041205
0.097000	0.330302	199800.421114
0.099000	0.328585	200377.988540
0.101000	0.374892	185371.438631
0.103000	0.363294	189021.077091
0.105000	0.363407	188985.144207
0.107000	0.391343	180315.591219
0.109000	0.445966	164496.015479
0.111000	0.474035	156914.625967
0.113000	0.554821	136988.696796
0.115000	0.628668	120996.288391
0.117000	0.760823	96892.836555
0.119000	0.914496	74834.442421
0.121000	1.047349	59856.471764
0.123000	1.199113	46378.299902
0.125000	1.349904	35993.848054
0.127000	1.509559	27521.450288
0.129000	1.711314	19605.502538
0.131000	1.848214	15575.188299
0.133000	2.047349	11144.312634
0.135000	2.155305	9294.788181
0.137000	2.153152	9328.487281
0.139000	1.977003	12543.258087
0.141000	1.851716	15483.779037
0.143000	1.618036	22933.819567
0.145000	1.525767	26781.717664
0.147000	1.387009	33817.378730
0.149000	1.268523	41270.615927
0.151000	1.167094	48942.975322
0.153000	1.147175	50609.550123
0.155000	1.070395	57581.886330
0.157000	1.017584	62927.621138
0.159000	0.994425	65425.710485
0.161000	0.975780	67508.853987
0.163000	0.936252	72146.999310
0.165000	0.923456	73715.701352
0.167000	0.918643	74314.501669
0.169000	0.905052	76031.855846
0.171000	0.928229	73126.643546
0.173000	0.913979	74899.478671
0.175000	0.923812	73671.623026
0.177000	0.975508	67539.655621
0.179000	0.959334	69401.222170
0.181000	1.036375	60970.869847
0.183000	1.076908	56954.865859
0.185000	1.094693	55277.347165
0.187000	0.995042	65357.919528
0.189000	0.899011	76807.910992
0.191000	0.790555	92169.124638
0.193000	0.596106	127803.877304
0.195000	0.484904	154073.662232
0.197000	0.366717	187936.712378
0.199000	0.280117	217387.465373
0.201000	0.150224	270435.528296
0.203000	0.110734	288997.475073
0.205000	0.028243	331983.559117
0.207000	0.000000	348125.537306
0.209000	0.017555	338002.271509
0.211000	0.016137	338808.751434
0.213000	0.102796	292879.605457
0.215000	0.197238	249885.502964
0.217000	0.294528	212184.543248
0.219000	0.415084	173261.041302
0.221000	0.549566	138204.154772
0.223000	0.674932	111943.029481
0.225000	0.826383	86781.881602
0.227000	0.971768	67965.588390
0.229000	1.142302	51025.822867
0.231000	1.303920	38886.523422
0.233000	1.475071	29164.125609
0.235000	1.622410	22765.815215
0.237000	1.741587	18632.768579
0.239000	1.967814	12738.504822
0.241000	2.095677	10274.751151
0.243000	2.189556	8774.733543
0.245000	2.276428	7582.502903
0.247000	2.316274	7091.243899
0.249000	2.390453	6259.907494
0.251000	2.415929	5997.478783
0.253000	2.481679	5369.920882
0.255000	2.560088	4706.785381
0.257000	2.613790	4300.499565
0.259000	2.680227	3846.061819
0.261000	2.785627	3221.574021
0.263000	2.866770	2810.793707
0.265000	3.005009	2227.957069
0.267000	3.127062	1814.682767
0.269000	3.274290	1416.825311
0.271000	3.439051	1074.065391
0.273000	3.539417	907.314295
0.275000	3.727119	661.796507
0.277000	3.872421	518.377456
0.279000	3.984011	429.713396
0.281000	4.229932	284.212150
0.283000	4.347949	233.068386
0.285000	4.451702	195.766054
0.287000	4.466466	190.967439
0.289000	4.490345	183.453506
0.291000	4.482272	185.960018
0.293000	4.468957	190.169275
0.295000	4.452864	195.384221
0.297000	4.513087	176.572435
0.299000	4.559300	163.374815
0.301000	4.561609	162.741838
0.303000	4.647034	140.972451
0.305000	4.713017	126.171855
0.307000	4.785367	111.723058
0.309000	4.916920	89.557458
0.311000	5.006632	77.020602
0.313000	5.171718	58.355840
0.315000	5.292947	47.597097
0.317000	5.390221	40.417045
0.319000	5.532888	31.798715
0.321000	5.635444	26.763169
0.323000	5.752599	21.978985
0.325000	5.876437	17.848403
0.327000	5.972604	15.184193
0.329000	6.116537	11.920987
0.331000	6.298601	8.777987
0.333000	6.437680	6.947995
0.335000	6.683308	4.597659
0.337000	6.854696	3.446780
0.339000	7.008263	2.662572
0.341000	7.163460	2.051153
0.343000	7.346026	1.509089
0.345000	7.504245	1.156660
0.347000	7.653858	0.899455
0.349000	7.812410	0.689014
0.351000	7.943786	0.552478
0.353000	8.053835	0.459170
0.355000	8.163693	0.381743
0.357000	8.166754	0.379784
0.359000	8.114222	0.414846
0.361000	8.055605	0.457805
0.363000	7.899606	0.595072
0.365000	7.850075	0.646740
0.367000	7.714258	0.812613
0.369000	7.551447	1.068429
0.371000	7.450809	1.265368
0.373000	7.317660	1.582790
0.375000	7.225145	1.849119
0.377000	7.091295	2.315704
0.379000	6.939251	2.990086
0.381000	6.816429	3.675790
0.383000	6.715095	4.358436
0.385000	6.647316	4.884422
0.387000	6.595291	5.330821
0.389000	6.555478	5.699808
0.391000	6.552943	5.724152
0.393000	6.595695	5.327207
0.395000	6.602510	5.266526
0.397000	6.657312	4.803033
0.399000	6.721202	4.313920

# Dumping simulation biases, in the metadata file order 
# Window  F (free energy units)
# 0	0.000000
# 1	-6.003332
# 2	-8.540341
# 3	-8.479926
# 4	-8.231373
# 5	-8.931977
# 6	-8.041611
# 7	-5.853111
# 8	-4.077546
# 9	-2.040694
# 10	-2.191092
#Iteration 210:  0.002658
#Iteration 220:  0.002435
#Iteration 230:  0.002230
#Iteration 240:  0.002042
#Iteration 250:  0.001870
#Iteration 260:  0.001712
#Iteration 270:  0.001567
#Iteration 280:  0.001435
#Iteration 290:  0.001313
#Iteration 300:  0.001202
0.001000	inf	0.000000
0.003000	inf	0.000000
0.005000	inf	0.000000
0.007000	inf	0.000000
0.009000	inf	0.000000
0.011000	inf	0.000000
0.013000	inf	0.000000
0.015000	inf	0.000000
0.017000	inf	0.000000
0.019000	inf	0.000000
0.021000	inf	0.000000
0.023000	inf	0.000000
0.025000	inf	0.000000
0.027000	inf	0.000000
0.029000	inf	0.000000
0.031000	inf	0.000000
0.033000	inf	0.000000
0.035000	inf	0.000000
0.037000	inf	0.000000
0.039000	inf	0.000000
0.041000	inf	0.000000
0.043000	inf	0.000000
0.045000	inf	0.000000
0.047000	inf	0.000000
0.049000	8.926292	0.071958
0.051000	7.978512	0.354006
0.053000	6.577003	3.734158
0.055000	5.601687	19.241050
0.057000	4.633277	97.999531
0.059000	3.850150	365.554323
0.061000	3.172292	1142.423076
0.063000	2.621669	2882.795376
0.065000	2.136233	6519.425720
0.067000	1.747087	12540.322691
0.069000	1.436458	21139.070521
0.071000	1.196819	31625.375807
0.073000	0.996899	44257.681444
0.075000	0.858106	55887.613042
0.077000	0.756292	66320.204393
0.079000	0.656620	78417.320815
0.081000	0.570656	90608.890606
0.083000	0.445229	111876.820915
0.085000	0.334425	134782.353770
0.087000	0.228736	160987.367259
0.089000	0.152126	183114.272509
0.091000	0.133766	188853.786833
0.093000	0.091087	202900.659870
0.095000	0.103602	198676.802239
0.097000	0.121440	192807.682621
0.099000	0.122086	192598.561508
0.101000	0.170649	177500.234866
0.103000	0.161071	180381.288394
0.105000	0.162895	179828.961935
0.107000	0.192227	171177.206068
0.109000	0.247979	155863.151710
0.111000	0.276992	148443.856140
0.113000	0.358636	129406.898333
0.115000	0.433365	114130.317888
0.117000	0.566551	91236.253015
0.119000	0.721557	70307.961650
0.121000	0.856232	56063.973270
0.123000	1.010547	43253.878239
0.125000	1.164915	33367.796994
0.127000	1.329511	25302.479804
0.129000	1.537909	17824.643862
0.131000	1.683384	13957.762795
0.133000	1.893017	9812.310450
0.135000	2.013014	8019.860310
0.137000	2.023677	7877.389112
0.139000	1.860126	10370.121835
0.141000	1.746292	12557.088668
0.143000	1.522308	18298.288062
0.145000	1.437762	21092.786675
0.147000	1.304865	26372.805157
0.149000	1.190668	31954.111624
0.151000	1.092294	37700.302469
0.153000	1.074518	38843.910156
0.155000	0.999229	44084.739537
0.157000	0.947458	48093.206751
0.159000	0.925042	49939.987223
0.161000	0.906955	51481.740847
0.163000	0.867888	54976.159985
0.165000	0.855529	56130.321827
0.167000	0.851197	56540.539175
0.169000	0.838206	57788.864373
0.171000	0.862189	55505.419036
0.173000	0.849062	56743.773729
0.175000	0.860474	55665.664793
0.177000	0.914366	50844.368394
0.179000	0.901177	51984.236266
0.181000	0.982134	45369.921764
0.183000	1.027561	42034.308470
0.185000	1.051099	40403.577153
0.187000	0.957748	47268.497900
0.189000	0.868103	54956.331237
0.191000	0.765642	65285.960733
0.193000	0.576451	89730.503481
0.195000	0.469620	107382.439625
0.197000	0.354958	130209.532283
0.199000	0.271203	149895.679611
0.201000	0.143694	185728.034593
0.203000	0.106357	197758.787401
0.205000	0.025992	226363.649705
0.207000	0.000000	236473.547107
0.209000	0.020011	228651.172326
0.211000	0.021239	228179.479432
0.213000	0.110631	196343.197496
0.215000	0.207738	166771.385839
0.217000	0.307485	141026.538277
0.219000	0.430211	114737.122705
0.221000	0.566585	91231.175121
0.223000	0.693647	73685.182581
0.225000	0.846739	56965.812186
0.227000	0.993882	44482.752173
0.229000	1.166483	33279.988478
0.231000	1.330683	25252.699118
0.233000	1.505116	18834.828053
0.235000	1.656562	14601.483492
0.237000	1.780673	11851.926022
0.239000	2.012483	8027.018631
0.241000	2.146222	6410.872207
0.243000	2.245822	5422.545425
0.245000	2.337851	4645.332570
0.247000	2.382033	4312.821681
0.249000	2.459648	3785.280510
0.251000	2.487726	3610.767930
0.253000	2.555381	3222.609197
0.255000	2.635159	2818.157581
0.257000	2.689838	2570.667615
0.259000	2.756985	2296.279743
0.261000	2.862927	1921.681813
0.263000	2.944523	1675.374467
0.265000	3.083195	1327.007192
0.267000	3.205729	1079.980360
0.269000	3.353558	842.349757
0.271000	3.519127	637.702129
0.273000	3.620609	537.687175
0.275000	3.809863	391.168255
0.277000	3.957289	305.304929
0.279000	4.071706	251.885366
0.281000	4.321229	165.590995
0.283000	4.443587	134.805804
0.285000	4.552227	112.304028
0.287000	4.572086	108.616814
0.289000	4.600873	103.485832
0.291000	4.597179	104.130507
0.293000	4.587514	105.836140
0.295000	4.574299	108.213423
0.297000	4.636704	97.436626
0.299000	4.684530	89.909648
0.301000	4.688030	89.382180
0.303000	4.774358	77.308449
0.305000	4.841073	69.106824
0.307000	4.914087	61.124726
0.309000	5.046328	48.941017
0.311000	5.136846	42.032964
0.313000	5.302946	31.792660
0.315000	5.425487	25.874079
0.317000	5.524445	21.908893
0.319000	5.669195	17.176874
0.321000	5.774196	14.397520
0.323000	5.894028	11.770723
0.325000	6.020581	9.515075
0.327000	6.119294	8.060206
0.329000	6.265442	6.304487
0.331000	6.449311	4.628229
0.333000	6.589784	3.654784
0.335000	6.836445	2.414265
0.337000	7.008575	1.807675
0.339000	7.162662	1.395171
0.341000	7.318220	1.074141
0.343000	7.501032	0.789947
0.345000	7.659420	0.605293
0.347000	7.809148	0.470604
0.349000	7.967779	0.360451
0.351000	8.099211	0.288997
0.353000	8.209302	0.240171
0.355000	8.319193	0.199661
0.357000	8.322286	0.198626
0.359000	8.269790	0.216951
0.361000	8.211216	0.239399
0.363000	8.055276	0.311149
0.365000	8.005828	0.338118
0.367000	7.870131	0.424751
0.369000	7.707490	0.558305
0.371000	7.607095	0.660946
0.373000	7.474284	0.826277
0.375000	7.382223	0.964573
0.377000	7.248963	1.206767
0.379000	7.097642	1.556310
0.381000	6.975651	1.910542
0.383000	6.875203	2.261984
0.385000	6.808296	2.531249
0.387000	6.757066	2.758899
0.389000	6.717926	2.946528
0.391000	6.715927	2.956444
0.393000	6.759087	2.749545
0.395000	6.766199	2.716866
0.397000	6.821213	2.476880
0.399000	6.885251	2.224097

# Dumping simulation biases, in the metadata file order 
# Window  F (free energy units)
# 0	0.000000
# 1	-6.000688
# 2	-8.527570
# 3	-8.446316
# 4	-8.070898
# 5	-8.709119
# 6	-7.793847
# 7	-5.547873
# 8	-3.722186
# 9	-1.658570
# 10	-1.800206
#Iteration 310:  0.001100
#Iteration 320:  0.001007
#Iteration 330:  0.000922
#Iteration 340:  0.000844
#Iteration 350:  0.000772
#Iteration 360:  0.000707
#Iteration 370:  0.000647
#Iteration 380:  0.000592
#Iteration 390:  0.000542
#Iteration 400:  0.000496
0.001000	inf	0.000000
0.003000	inf	0.000000
0.005000	inf	0.000000
0.007000	inf	0.000000
0.009000	inf	0.000000
0.011000	inf	0.000000
0.013000	inf	0.000000
0.015000	inf	0.000000
0.017000	inf	0.000000
0.019000	inf	0.000000
0.021000	inf	0.000000
0.023000	inf	0.000000
0.025000	inf	0.000000
0.027000	inf	0.000000
0.029000	inf	0.000000
0.031000	inf	0.000000
0.033000	inf	0.000000
0.035000	inf	0.000000
0.037000	inf	0.000000
0.039000	inf	0.000000
0.041000	inf	0.000000
0.043000	inf	0.000000
0.045000	inf	0.000000
0.047000	inf	0.000000
0.049000	8.830203	0.071955
0.051000	7.882434	0.353986
0.053000	6.480940	3.733856
0.055000	5.505648	19.238759
0.057000	4.537270	97.982450
0.059000	3.754189	365.461979
0.061000	3.076396	1142.010281
0.063000	2.525860	2881.330533
0.065000	2.040539	6514.861963
0.067000	1.651537	12528.503514
0.069000	1.341085	21112.859192
0.071000	1.101660	31574.836130
0.073000	0.901996	44167.970253
0.075000	0.763510	55745.514020
0.077000	0.662066	66110.435422
0.079000	0.562835	78111.394962
0.081000	0.477382	90177.832510
0.083000	0.352528	111237.359643
0.085000	0.242345	133872.095621
0.087000	0.137317	159722.716115
0.089000	0.061409	181461.299430
0.091000	0.043810	186910.050770
0.093000	0.001965	200530.912136
0.095000	0.015393	196055.244362
0.097000	0.034202	189953.125146
0.099000	0.035831	189433.713338
0.101000	0.085330	174309.154487
0.103000	0.076588	176889.765498
0.105000	0.079120	176138.500801
0.107000	0.109031	167501.053035
0.109000	0.165257	152394.480364
0.111000	0.194674	145041.767033
0.113000	0.276696	126360.781964
0.115000	0.351826	111368.565157
0.117000	0.485496	88956.250093
0.119000	0.641135	68477.938050
0.121000	0.776683	54524.641123
0.123000	0.932220	41979.940185
0.125000	1.088293	32292.365046
0.127000	1.255222	24391.131925
0.129000	1.466713	17093.510677
0.131000	1.616109	13297.300908
0.133000	1.830434	9274.580750
0.135000	1.955666	7513.934083
0.137000	1.971738	7313.646517
0.139000	1.813346	9544.850354
0.141000	1.704072	11469.538311
0.143000	1.483852	16608.060542
0.145000	1.402245	19050.074187
0.147000	1.271544	23730.988656
0.149000	1.158935	28676.537928
0.151000	1.061685	33769.516516
0.153000	1.044692	34748.090446
0.155000	0.969947	39400.247823
0.157000	0.918558	42955.240212
0.159000	0.896417	44584.138001
0.161000	0.878540	45944.294871
0.163000	0.839652	49048.061513
0.165000	0.827469	50062.887964
0.167000	0.823340	50411.630539
0.169000	0.810607	51502.266333
0.171000	0.834942	49437.955193
0.173000	0.822309	50499.060286
0.175000	0.834413	49481.922209
0.177000	0.889267	45123.222847
0.179000	0.877378	46034.119426
0.181000	0.960027	40062.775091
0.183000	1.007547	36987.013683
0.185000	1.033514	35407.189345
0.187000	0.942785	41240.951159
0.189000	0.855760	47737.762557
0.191000	0.755725	56479.815428
0.193000	0.568636	77353.425596
0.195000	0.463535	92301.535805
0.197000	0.350262	111661.776572
0.199000	0.267627	128301.915690
0.201000	0.141062	158720.314713
0.203000	0.104585	168757.469446
0.205000	0.025078	192889.238996
0.207000	0.000000	201194.539436
0.209000	0.021012	194212.184876
0.211000	0.023318	193460.733725
0.213000	0.113819	166158.150917
0.215000	0.212006	140876.779113
0.217000	0.312745	118930.878233
0.219000	0.436346	96618.106368
0.221000	0.573485	76725.370052
0.223000	0.701240	61897.161723
0.225000	0.855008	47798.158409
0.227000	1.002883	37278.122713
0.229000	1.176352	27849.150391
0.231000	1.341637	21093.268106
0.233000	1.517447	15696.127133
0.235000	1.670606	12133.268551
0.237000	1.796754	9814.824765
0.239000	2.030842	6621.936298
0.241000	2.166947	5267.693170
0.243000	2.268820	4438.613340
0.245000	2.362872	3789.517499
0.247000	2.408736	3508.330143
0.249000	2.487673	3072.359849
0.251000	2.516745	2925.822379
0.253000	2.585124	2608.116158
0.255000	2.665421	2278.796251
0.257000	2.720472	2077.375961
0.259000	2.787890	1854.796210
0.261000	2.894040	1551.674205
0.263000	2.975814	1352.387867
0.265000	3.114660	1070.867266
0.267000	3.237391	871.233026
0.269000	3.385470	679.248433
0.271000	3.551376	513.934525
0.273000	3.653326	432.990177
0.275000	3.843229	314.657328
0.277000	3.991542	245.222840
0.279000	4.107132	201.917455
0.281000	4.358139	132.411151
0.283000	4.482267	107.474021
0.285000	4.592879	89.238119
0.287000	4.614771	86.013782
0.289000	4.645493	81.684408
0.291000	4.643507	81.957629
0.293000	4.635253	83.102757
0.295000	4.623143	84.811737
0.297000	4.686380	76.258652
0.299000	4.734821	70.295030
0.301000	4.738775	69.829382
0.303000	4.825447	60.361819
0.305000	4.892445	53.932471
0.307000	4.965717	47.682302
0.309000	5.098231	38.160526
0.311000	5.189071	32.756423
0.313000	5.355579	24.759167
0.315000	5.478647	20.132095
0.317000	5.578280	17.027522
0.319000	5.723864	13.331120
0.321000	5.829837	11.155780
0.323000	5.950729	9.104200
0.325000	6.078350	7.346341
0.327000	6.178058	6.212672
0.329000	6.325067	4.852365
0.331000	6.509635	3.558022
0.333000	6.650645	2.807133
0.335000	6.897703	1.853090
0.337000	7.070118	1.386832
0.339000	7.224405	1.070004
0.341000	7.380101	0.823604
0.343000	7.563008	0.605600
0.345000	7.721460	0.463988
0.347000	7.871232	0.360715
0.349000	8.029893	0.276270
0.351000	8.161347	0.221495
0.353000	8.271453	0.184069
0.355000	8.381358	0.153018
0.357000	8.384463	0.152222
0.359000	8.331980	0.166261
0.361000	8.273424	0.183460
0.363000	8.117507	0.238435
0.365000	8.068093	0.259086
0.367000	7.932443	0.325445
0.369000	7.769871	0.427724
0.371000	7.669573	0.506276
0.373000	7.536896	0.632775
0.375000	7.445017	0.738459
0.377000	7.311990	0.923513
0.379000	7.160957	1.190436
0.381000	7.039296	1.460581
0.383000	6.939198	1.728234
0.385000	6.872637	1.932842
0.387000	6.821720	2.105564
0.389000	6.782845	2.247759
0.391000	6.781057	2.254524
0.393000	6.824376	2.096183
0.395000	6.831606	2.070863
0.397000	6.886703	1.887676
0.399000	6.950798	1.694861

# Dumping simulation biases, in the metadata file order 
# Window  F (free energy units)
# 0	0.000000
# 1	-5.999586
# 2	-8.522257
# 3	-8.432345
# 4	-8.003606
# 5	-8.616062
# 6	-7.690663
# 7	-5.421571
# 8	-3.575865
# 9	-1.501688
# 10	-1.639853
#Iteration 410:  0.000454
#Iteration 420:  0.000416
#Iteration 430:  0.000381
#Iteration 440:  0.000348
#Iteration 450:  0.000319
#Iteration 460:  0.000292
#Iteration 470:  0.000267
#Iteration 480:  0.000244
#Iteration 490:  0.000224
#Iteration 500:  0.000205
0.001000	inf	0.000000
0.003000	inf	0.000000
0.005000	inf	0.000000
0.007000	inf	0.000000
0.009000	inf	0.000000
0.011000	inf	0.000000
0.013000	inf	0.000000
0.015000	inf	0.000000
0.017000	inf	0.000000
0.019000	inf	0.000000
0.021000	inf	0.000000
0.023000	inf	0.000000
0.025000	inf	0.000000
0.027000	inf	0.000000
0.029000	inf	0.000000
0.031000	inf	0.000000
0.033000	inf	0.000000
0.035000	inf	0.000000
0.037000	inf	0.000000
0.039000	inf	0.000000
0.041000	inf	0.000000
0.043000	inf	0.000000
0.045000	inf	0.000000
0.047000	inf	0.000000
0.049000	8.825355	0.071954
0.051000	7.877590	0.353978
0.053000	6.476103	3.733732
0.055000	5.500820	19.237812
0.057000	4.532456	97.975391
0.059000	3.749395	365.423816
0.061000	3.071628	1141.839700
0.063000	2.521128	2880.725266
0.065000	2.035855	6512.976441
0.067000	1.646912	12523.620986
0.069000	1.336533	21102.032570
0.071000	1.097196	31553.963358
0.073000	0.897638	44130.925419
0.075000	0.759280	55686.849008
0.077000	0.657989	66023.861016
0.079000	0.558940	77985.194240
0.081000	0.473699	90000.121615
0.083000	0.349081	110973.923282
0.085000	0.239156	133497.393381
0.087000	0.134401	159202.536943
0.089000	0.058784	180781.916232
0.091000	0.041499	186111.794562
0.093000	0.000000	199558.571145
0.095000	0.013805	194980.734021
0.097000	0.033016	188784.598531
0.099000	0.035051	188139.990793
0.101000	0.084936	173006.563714
0.103000	0.076537	175466.384387
0.105000	0.079360	174635.621084
0.107000	0.109510	166005.155655
0.109000	0.165933	150983.656404
0.111000	0.195519	143658.213492
0.113000	0.277701	125121.757028
0.115000	0.353004	110244.599790
0.117000	0.486882	88027.494679
0.119000	0.642798	67731.507848
0.121000	0.778728	53895.744585
0.123000	0.934798	41458.530088
0.125000	1.091613	31851.504640
0.127000	1.259554	24017.258679
0.129000	1.472378	16793.825812
0.131000	1.623450	13027.426552
0.133000	1.839758	9056.095677
0.135000	1.967179	7309.984425
0.137000	1.985484	7088.482485
0.139000	1.829194	9218.352639
0.141000	1.721757	11043.050402
0.143000	1.503039	15950.171464
0.145000	1.422596	18259.699523
0.147000	1.292759	22713.385041
0.149000	1.180773	27418.164910
0.151000	1.083962	32263.845539
0.153000	1.067274	33181.735109
0.155000	0.992741	37610.762366
0.157000	0.941501	40994.030164
0.159000	0.919468	42540.845985
0.161000	0.901674	43832.519524
0.163000	0.862859	46787.944908
0.165000	0.850748	47750.188692
0.167000	0.846703	48076.016924
0.169000	0.834079	49107.149242
0.171000	0.858563	47127.041150
0.173000	0.846139	48121.640231
0.175000	0.858537	47129.119387
0.177000	0.913797	42948.288069
0.179000	0.902457	43774.876759
0.181000	0.985818	38051.034298
0.183000	1.034214	35078.001064
0.185000	1.061194	33522.624030
0.187000	0.971551	38974.642780
0.189000	0.885605	45032.717486
0.191000	0.786563	53190.547204
0.193000	0.600329	72743.770005
0.195000	0.495931	86698.611486
0.197000	0.383221	104784.461553
0.199000	0.301040	120307.862382
0.201000	0.174859	148735.055061
0.203000	0.138733	158047.447343
0.205000	0.059577	180540.955604
0.207000	0.034876	188195.456180
0.209000	0.056300	181538.318119
0.211000	0.059050	180700.940680
0.213000	0.150008	155079.917973
0.215000	0.248639	131386.076140
0.217000	0.349785	110842.698626
0.219000	0.473746	89992.930031
0.221000	0.611200	71426.427395
0.223000	0.739241	57594.645004
0.225000	0.893290	44454.700841
0.227000	1.041470	34652.751398
0.229000	1.215301	25872.038338
0.231000	1.381041	19580.813548
0.233000	1.557427	14556.569776
0.235000	1.711300	11238.881455
0.237000	1.838294	9078.416798
0.239000	2.073323	6115.405209
0.241000	2.210401	4856.803711
0.243000	2.313203	4086.005363
0.245000	2.408079	3483.650751
0.247000	2.454624	3221.466511
0.249000	2.534095	2818.614593
0.251000	2.563567	2682.374311
0.253000	2.632238	2389.932635
0.255000	2.712743	2087.430171
0.257000	2.767943	1902.447287
0.259000	2.835470	1698.298668
0.261000	2.941705	1420.550711
0.263000	3.023551	1237.954116
0.265000	3.162469	980.136575
0.267000	3.285282	797.306832
0.269000	3.433465	621.503571
0.271000	3.599512	470.131752
0.273000	3.701659	395.955696
0.275000	3.891834	287.612443
0.277000	4.040518	224.006111
0.279000	4.156598	184.295725
0.281000	4.408222	120.729954
0.283000	4.533085	97.871834
0.285000	4.644511	81.154033
0.287000	4.667239	78.112012
0.289000	4.698752	74.081722
0.291000	4.697462	74.242643
0.293000	4.689780	75.207552
0.295000	4.678118	76.696498
0.297000	4.741691	68.922834
0.299000	4.790380	63.506417
0.301000	4.794517	63.066330
0.303000	4.881329	54.502925
0.305000	4.948441	48.688254
0.307000	5.021819	43.038182
0.309000	5.154445	34.437326
0.311000	5.245417	29.553895
0.313000	5.412093	22.332200
0.315000	5.535379	18.152036
0.317000	5.635291	15.345613
0.319000	5.781219	12.007388
0.321000	5.887592	10.041290
0.323000	6.008920	8.188678
0.325000	6.136978	6.602731
0.327000	6.237093	5.579999
0.329000	6.384453	4.355649
0.331000	6.569305	3.192276
0.333000	6.710533	2.517651
0.335000	6.957752	1.661541
0.337000	7.130282	1.243238
0.339000	7.284650	0.959085
0.341000	7.440403	0.738157
0.343000	7.623347	0.542736
0.345000	7.781826	0.415805
0.347000	7.931615	0.323248
0.349000	8.090289	0.247568
0.351000	8.221751	0.198481
0.353000	8.331864	0.164942
0.355000	8.441774	0.137117
0.357000	8.444885	0.136401
0.359000	8.392408	0.148981
0.361000	8.333859	0.164390
0.363000	8.177951	0.213647
0.365000	8.128551	0.232146
0.367000	7.992920	0.291594
0.369000	7.830376	0.383218
0.371000	7.730118	0.453565
0.373000	7.597497	0.566841
0.375000	7.505692	0.661430
0.377000	7.372763	0.827046
0.379000	7.221848	1.065876
0.381000	7.100322	1.307457
0.383000	7.000369	1.546674
0.385000	6.933949	1.729375
0.387000	6.883161	1.883508
0.389000	6.844394	2.010339
0.391000	6.842693	2.016097
0.393000	6.886078	1.874295
0.395000	6.893355	1.851506
0.397000	6.948486	1.687627
0.399000	7.012605	1.515185

# Dumping simulation biases, in the metadata file order 
# Window  F (free energy units)
# 0	0.000000
# 1	-5.999131
# 2	-8.520065
# 3	-8.426581
# 4	-7.975793
# 5	-8.577603
# 6	-7.648033
# 7	-5.369436
# 8	-3.515496
# 9	-1.436988
# 10	-1.573727
#Iteration 510:  0.000187
#Iteration 520:  0.000172
#Iteration 530:  0.000157
#Iteration 540:  0.000144
#Iteration 550:  0.000132
#Iteration 560:  0.000120
#Iteration 570:  0.000110
#Iteration 580:  0.000101
#Iteration 590:  0.000092
#Iteration 600:  0.000085
0.001000	inf	0.000000
0.003000	inf	0.000000
0.005000	inf	0.000000
0.007000	inf	0.000000
0.009000	inf	0.000000
0.011000	inf	0.000000
0.013000	inf	0.000000
0.015000	inf	0.000000
0.017000	inf	0.000000
0.019000	inf	0.000000
0.021000	inf	0.000000
0.023000	inf	0.000000
0.025000	inf	0.000000
0.027000	inf	0.000000
0.029000	inf	0.000000
0.031000	inf	0.000000
0.033000	inf	0.000000
0.035000	inf	0.000000
0.037000	inf	0.000000
0.039000	inf	0.000000
0.041000	inf	0.000000
0.043000	inf	0.000000
0.045000	inf	0.000000
0.047000	inf	0.000000
0.049000	8.824164	0.071953
0.051000	7.876402	0.353975
0.053000	6.474917	3.733680
0.055000	5.499638	19.237421
0.057000	4.531279	97.972477
0.059000	3.748226	365.408062
0.061000	3.070471	1141.769283
0.063000	2.519986	2880.475418
0.065000	2.034731	6512.198150
0.067000	1.645814	12521.605713
0.069000	1.335465	21097.564087
0.071000	1.096165	31545.348975
0.073000	0.896650	44115.637642
0.075000	0.758344	55662.641082
0.077000	0.657116	65988.141110
0.079000	0.558143	77933.134854
0.081000	0.472989	89926.832246
0.083000	0.348470	110865.312710
0.085000	0.238650	133342.959448
0.087000	0.134008	158988.213540
0.089000	0.058511	180502.086313
0.091000	0.041356	185783.109706
0.093000	0.000000	199158.354234
0.095000	0.013961	194538.659878
0.097000	0.033338	188304.096223
0.099000	0.035540	187608.316127
0.101000	0.085584	172471.557679
0.103000	0.077327	174882.078070
0.105000	0.080270	174018.948760
0.107000	0.110519	165391.541056
0.109000	0.167023	150405.044961
0.111000	0.196679	143090.815056
0.113000	0.278928	124613.586671
0.115000	0.354303	109783.513787
0.117000	0.488269	87646.343615
0.119000	0.644302	67425.015386
0.121000	0.780392	53637.339230
0.123000	0.936688	41244.135312
0.125000	1.093816	31670.122251
0.127000	1.262183	23863.404256
0.129000	1.475566	16670.561128
0.131000	1.627339	12916.583635
0.133000	1.844473	8966.582239
0.135000	1.972801	7226.706974
0.137000	1.992025	6996.898079
0.139000	1.836598	9086.071143
0.141000	1.729910	10870.875647
0.143000	1.511804	15685.378221
0.145000	1.431832	17942.336904
0.147000	1.302345	22305.510205
0.149000	1.190609	26914.436625
0.151000	1.093975	31661.674113
0.153000	1.077411	32555.691863
0.155000	1.002963	36895.851271
0.157000	0.951783	40210.749871
0.159000	0.929793	41724.953614
0.161000	0.912034	42989.406696
0.163000	0.873248	45885.708349
0.165000	0.861167	46827.046472
0.167000	0.857157	47143.810473
0.169000	0.844578	48151.287535
0.171000	0.869124	46204.898788
0.173000	0.856787	47173.121067
0.175000	0.869308	46190.648654
0.177000	0.924738	42081.064718
0.179000	0.913626	42874.479966
0.181000	0.997284	37249.821899
0.183000	1.046043	34318.385620
0.185000	1.073443	32773.573800
0.187000	0.984249	38075.018425
0.189000	0.898747	43960.385196
0.191000	0.800114	51888.318986
0.193000	0.614231	70920.923681
0.195000	0.510122	84485.152202
0.197000	0.397642	102069.693142
0.199000	0.315647	117154.263406
0.201000	0.189623	144797.988442
0.203000	0.153642	153826.550167
0.205000	0.074631	175676.552335
0.207000	0.050085	183077.027339
0.209000	0.071679	176550.418257
0.211000	0.074613	175681.906011
0.213000	0.165760	150724.734974
0.215000	0.264573	127657.024694
0.217000	0.365887	107666.316452
0.219000	0.489997	87392.248604
0.221000	0.627581	69347.148001
0.223000	0.755739	55906.927177
0.225000	0.909904	43143.602938
0.227000	1.058211	33623.584211
0.229000	1.232193	25097.292125
0.231000	1.398122	18988.430775
0.233000	1.574747	14110.513981
0.235000	1.728916	10889.066455
0.237000	1.856260	8790.667590
0.239000	2.091679	5917.699457
0.241000	2.229158	4696.619275
0.243000	2.332342	3948.703885
0.245000	2.427556	3364.677820
0.247000	2.474380	3109.986880
0.249000	2.554069	2720.076853
0.251000	2.583705	2587.887416
0.253000	2.652495	2305.285625
0.255000	2.733086	2013.208857
0.257000	2.788347	1834.615242
0.259000	2.855919	1637.622702
0.261000	2.962188	1369.718259
0.263000	3.044063	1193.595810
0.265000	3.183011	944.969349
0.267000	3.305858	768.655660
0.269000	3.454084	599.126226
0.271000	3.620191	453.159797
0.273000	3.722419	381.609169
0.275000	3.912707	277.138732
0.277000	4.061546	215.792744
0.279000	4.177828	177.477687
0.281000	4.429709	116.213486
0.283000	4.554876	94.162328
0.285000	4.666639	78.033995
0.287000	4.689711	75.065429
0.289000	4.721550	71.153342
0.291000	4.720546	71.273638
0.293000	4.713099	72.171447
0.295000	4.701620	73.577610
0.297000	4.765331	66.104753
0.299000	4.814122	60.899405
0.301000	4.818333	60.469765
0.303000	4.905202	52.253909
0.305000	4.972361	46.675487
0.307000	5.045783	41.255972
0.309000	5.178455	33.008717
0.311000	5.269482	28.325264
0.313000	5.436228	21.401292
0.315000	5.559604	17.392741
0.317000	5.659631	14.700860
0.319000	5.805701	11.500147
0.321000	5.912240	9.614433
0.323000	6.033746	7.838211
0.325000	6.161985	6.318226
0.327000	6.262267	5.338060
0.329000	6.409772	4.165785
0.331000	6.594740	3.052524
0.333000	6.736059	2.407069
0.335000	6.983344	1.588386
0.337000	7.155921	1.188406
0.339000	7.310323	0.916733
0.341000	7.466098	0.705534
0.343000	7.649058	0.518736
0.345000	7.807547	0.397411
0.347000	7.957344	0.308944
0.349000	8.116022	0.236611
0.351000	8.247489	0.189696
0.353000	8.357604	0.157640
0.355000	8.467516	0.131046
0.357000	8.470629	0.130362
0.359000	8.418154	0.142384
0.361000	8.359608	0.157110
0.363000	8.203705	0.204184
0.365000	8.154310	0.221862
0.367000	8.018688	0.278673
0.369000	7.856155	0.366230
0.371000	7.755914	0.433447
0.373000	7.623315	0.541677
0.375000	7.531542	0.632034
0.377000	7.398652	0.790237
0.379000	7.247786	1.018353
0.381000	7.126316	1.249046
0.383000	7.026422	1.477428
0.385000	6.960061	1.651787
0.387000	6.909326	1.798845
0.389000	6.870604	1.919830
0.391000	6.868938	1.925214
0.393000	6.912350	1.789723
0.395000	6.919647	1.767903
0.397000	6.974792	1.611386
0.399000	7.038921	1.446711

# Dumping simulation biases, in the metadata file order 
# Window  F (free energy units)
# 0	0.000000
# 1	-5.998944
# 2	-8.519161
# 3	-8.424204
# 4	-7.964315
# 5	-8.561728
# 6	-7.630437
# 7	-5.347919
# 8	-3.490581
# 9	-1.410288
# 10	-1.546439
#Iteration 610:  0.000077
#Iteration 620:  0.000071
#Iteration 630:  0.000065
#Iteration 640:  0.000059
#Iteration 650:  0.000054
#Iteration 660:  0.000050
#Iteration 670:  0.000045
#Iteration 680:  0.000042
#Iteration 690:  0.000038
#Iteration 700:  0.000035
0.001000	inf	0.000000
0.003000	inf	0.000000
0.005000	inf	0.000000
0.007000	inf	0.000000
0.009000	inf	0.000000
0.011000	inf	0.000000
0.013000	inf	0.000000
0.015000	inf	0.000000
0.017000	inf	0.000000
0.019000	inf	0.000000
0.021000	inf	0.000000
0.023000	inf	0.000000
0.025000	inf	0.000000
0.027000	inf	0.000000
0.029000	inf	0.000000
0.031000	inf	0.000000
0.033000	inf	0.000000
0.035000	inf	0.000000
0.037000	inf	0.000000
0.039000	inf	0.000000
0.041000	inf	0.000000
0.043000	inf	0.000000
0.045000	inf	0.000000
0.047000	inf	0.000000
0.049000	8.823673	0.071953
0.051000	7.875911	0.353974
0.053000	6.474427	3.733659
0.055000	5.499150	19.237260
0.057000	4.530794	97.971274
0.059000	3.747744	365.401559
0.061000	3.069993	1141.740220
0.063000	2.519514	2880.372298
0.065000	2.034268	6511.876932
0.067000	1.645360	12520.773982
0.069000	1.335024	21095.719921
0.071000	1.095739	31541.793854
0.073000	0.896242	44109.328601
0.075000	0.757958	55652.651191
0.077000	0.656756	65973.401375
0.079000	0.557814	77911.654376
0.081000	0.472696	89896.595130
0.083000	0.348217	110820.508625
0.085000	0.238442	133279.260754
0.087000	0.133846	158899.824232
0.089000	0.058398	180386.696455
0.091000	0.041297	185647.592457
0.093000	0.000000	198993.369408
0.095000	0.014026	194356.453223
0.097000	0.033471	188106.093749
0.099000	0.035742	187389.279304
0.101000	0.085851	172251.201560
0.103000	0.077653	174641.469109
0.105000	0.080646	173765.057405
0.107000	0.110935	165138.941141
0.109000	0.167472	150166.872246
0.111000	0.197157	142857.262611
0.113000	0.279434	124404.406102
0.115000	0.354839	109593.696607
0.117000	0.488843	87489.408603
0.119000	0.644924	67298.792130
0.121000	0.781081	53530.890457
0.123000	0.937471	41155.790713
0.125000	1.094729	31595.363281
0.127000	1.263273	23799.986850
0.129000	1.476889	16619.763954
0.131000	1.628952	12870.933910
0.133000	1.846429	8929.755618
0.135000	1.975131	7192.494072
0.137000	1.994735	6959.332795
0.139000	1.839663	9031.900690
0.141000	1.733283	10800.472012
0.143000	1.515426	15577.235220
0.145000	1.435648	17812.849480
0.147000	1.306303	22139.213241
0.149000	1.194671	26709.166269
0.151000	1.098109	31416.378729
0.153000	1.081595	32300.737816
0.155000	1.007182	36604.757630
0.157000	0.956027	39891.856846
0.159000	0.934055	41392.811425
0.161000	0.916309	42646.203913
0.163000	0.877535	45518.454866
0.165000	0.865467	46451.297469
0.167000	0.861471	46764.385662
0.169000	0.848911	47762.250246
0.171000	0.873483	45829.604448
0.173000	0.861182	46787.118794
0.175000	0.873753	45808.773446
0.177000	0.929254	41728.231081
0.179000	0.918237	42508.223522
0.181000	1.002017	36924.001908
0.183000	1.050927	34009.595422
0.185000	1.078500	32469.217977
0.187000	0.989492	37709.673213
0.189000	0.904173	43525.142707
0.191000	0.805708	51360.047304
0.193000	0.619970	70181.805709
0.195000	0.515979	83588.008222
0.197000	0.403595	100969.715694
0.199000	0.321676	115876.807957
0.201000	0.195717	143203.504842
0.203000	0.159795	152117.436232
0.205000	0.080844	173707.225569
0.207000	0.056362	181005.247094
0.209000	0.078027	174531.880587
0.211000	0.081036	173651.211315
0.213000	0.172261	148963.032153
0.215000	0.271150	126148.930820
0.217000	0.372533	106381.994711
0.219000	0.496703	86340.892479
0.221000	0.634341	68506.705876
0.223000	0.762548	55224.847542
0.225000	0.916761	42613.800411
0.227000	1.065120	33207.763691
0.229000	1.239165	24784.316076
0.231000	1.405172	18749.171455
0.233000	1.581896	13930.400481
0.235000	1.736187	10747.859434
0.237000	1.863677	8674.559810
0.239000	2.099256	5837.960725
0.241000	2.236900	4632.045086
0.243000	2.340243	3893.380968
0.245000	2.435595	3316.761013
0.247000	2.482535	3065.104662
0.249000	2.562314	2680.416798
0.251000	2.592017	2549.866276
0.253000	2.660856	2271.229598
0.255000	2.741481	1983.350912
0.257000	2.796768	1807.329875
0.259000	2.864358	1613.217336
0.261000	2.970641	1349.273126
0.263000	3.052529	1175.755283
0.265000	3.191489	930.825884
0.267000	3.314350	757.133237
0.269000	3.462594	590.127314
0.271000	3.628725	446.335047
0.273000	3.730987	375.840642
0.275000	3.921322	272.927905
0.277000	4.070224	212.491197
0.279000	4.186591	174.737623
0.281000	4.438578	114.398899
0.283000	4.563871	92.672467
0.285000	4.675773	76.781377
0.287000	4.698987	73.842806
0.289000	4.730961	69.978627
0.291000	4.730074	70.083056
0.293000	4.722724	70.954324
0.295000	4.711320	72.327599
0.297000	4.775088	64.975505
0.299000	4.823920	59.854876
0.301000	4.828163	59.429524
0.303000	4.915056	51.352971
0.305000	4.982234	45.869236
0.307000	5.055673	40.542113
0.309000	5.188365	32.436524
0.311000	5.279414	27.833198
0.313000	5.446188	21.028494
0.315000	5.569602	17.088700
0.317000	5.669676	14.442719
0.319000	5.815805	11.297096
0.321000	5.922412	9.443593
0.323000	6.043993	7.697974
0.325000	6.172306	6.204409
0.327000	6.272657	5.241292
0.329000	6.420221	4.089858
0.331000	6.605238	2.996646
0.333000	6.746593	2.362859
0.335000	6.993906	1.559141
0.337000	7.166503	1.166487
0.339000	7.320917	0.899804
0.341000	7.476702	0.692495
0.343000	7.659669	0.509143
0.345000	7.818163	0.390059
0.347000	7.967962	0.303227
0.349000	8.126643	0.232232
0.351000	8.258111	0.186184
0.353000	8.368227	0.154722
0.355000	8.478140	0.128620
0.357000	8.481254	0.127949
0.359000	8.428780	0.139748
0.361000	8.370235	0.154201
0.363000	8.214333	0.200402
0.365000	8.164941	0.217752
0.367000	8.029322	0.273509
0.369000	7.866794	0.359440
0.371000	7.766560	0.425406
0.373000	7.633970	0.531620
0.375000	7.542210	0.620286
0.377000	7.409336	0.775527
0.379000	7.258490	0.999364
0.381000	7.137044	1.225706
0.383000	7.037175	1.449762
0.385000	6.970837	1.620790
0.387000	6.920124	1.765023
0.389000	6.881421	1.883675
0.391000	6.879770	1.888910
0.393000	6.923193	1.755942
0.395000	6.930498	1.734510
0.397000	6.985648	1.580934
0.399000	7.049781	1.419361

# Dumping simulation biases, in the metadata file order 
# Window  F (free energy units)
# 0	0.000000
# 1	-5.998866
# 2	-8.518788
# 3	-8.423223
# 4	-7.959578
# 5	-8.555176
# 6	-7.623175
# 7	-5.339039
# 8	-3.480299
# 9	-1.399269
# 10	-1.535177
#Iteration 710:  0.000032
#Iteration 720:  0.000029
#Iteration 730:  0.000027
#Iteration 740:  0.000024
#Iteration 750:  0.000022
#Iteration 760:  0.000021
#Iteration 770:  0.000019
#Iteration 780:  0.000017
#Iteration 790:  0.000016
#Iteration 800:  0.000014
0.001000	inf	0.000000
0.003000	inf	0.000000
0.005000	inf	0.000000
0.007000	inf	0.000000
0.009000	inf	0.000000
0.011000	inf	0.000000
0.013000	inf	0.000000
0.015000	inf	0.000000
0.017000	inf	0.000000
0.019000	inf	0.000000
0.021000	inf	0.000000
0.023000	inf	0.000000
0.025000	inf	0.000000
0.027000	inf	0.000000
0.029000	inf	0.000000
0.031000	inf	0.000000
0.033000	inf	0.000000
0.035000	inf	0.000000
0.037000	inf	0.000000
0.039000	inf	0.000000
0.041000	inf	0.000000
0.043000	inf	0.000000
0.045000	inf	0.000000
0.047000	inf	0.000000
0.049000	8.823470	0.071953
0.051000	7.875708	0.353973
0.053000	6.474225	3.733650
0.055000	5.498948	19.237193
0.057000	4.530593	97.970778
0.059000	3.747544	365.398876
0.061000	3.069796	1141.728225
0.063000	2.519319	2880.329739
0.065000	2.034076	6511.744362
0.067000	1.645173	12520.430720
0.069000	1.334842	21094.958825
0.071000	1.095563	31540.326651
0.073000	0.896074	44106.724880
0.075000	0.757798	55648.528456
0.077000	0.656608	65967.318561
0.079000	0.557678	77902.790075
0.081000	0.472575	89884.117786
0.083000	0.348113	110802.021169
0.085000	0.238355	133252.978279
0.087000	0.133779	158863.356256
0.089000	0.058352	180339.091059
0.091000	0.041273	185591.686390
0.093000	0.000000	198925.311126
0.095000	0.014052	194281.296400
0.097000	0.033526	188024.428743
0.099000	0.035826	187298.947723
0.101000	0.085962	172160.334936
0.103000	0.077788	174542.259939
0.105000	0.080801	173660.379290
0.107000	0.111107	165034.801002
0.109000	0.167658	150068.683075
0.111000	0.197355	142760.978976
0.113000	0.279643	124318.168642
0.115000	0.355061	109515.438859
0.117000	0.489079	87424.703244
0.119000	0.645180	67246.744646
0.121000	0.781366	53486.991904
0.123000	0.937794	41119.353815
0.125000	1.095107	31564.526704
0.127000	1.263724	23773.827767
0.129000	1.477436	16598.812627
0.131000	1.629619	12852.110580
0.133000	1.847237	8914.577080
0.135000	1.976094	7178.401040
0.137000	1.995855	6943.869112
0.139000	1.840929	9009.616370
0.141000	1.734675	10771.527276
0.143000	1.516922	15532.797318
0.145000	1.437223	17759.661864
0.147000	1.307937	22070.926185
0.149000	1.196347	26624.893528
0.151000	1.099815	31315.689161
0.153000	1.083321	32196.094543
0.155000	1.008924	36485.289887
0.157000	0.957778	39760.986476
0.159000	0.935813	41256.508443
0.161000	0.918073	42505.365395
0.163000	0.879304	45367.749560
0.165000	0.867242	46297.108330
0.167000	0.863251	46608.690444
0.169000	0.850699	47602.613227
0.171000	0.875281	45675.609917
0.173000	0.862996	46628.735022
0.175000	0.875588	45652.089472
0.177000	0.931118	41583.471376
0.179000	0.920140	42357.969233
0.181000	1.003970	36790.351779
0.183000	1.052943	33882.950107
0.185000	1.080587	32344.414901
0.187000	0.991656	37559.893472
0.189000	0.906413	43346.747943
0.191000	0.808017	51143.569723
0.193000	0.622339	69878.985732
0.195000	0.518397	83220.504420
0.197000	0.406052	100519.183150
0.199000	0.324165	115353.638586
0.201000	0.198233	142550.556468
0.203000	0.162335	151417.599828
0.205000	0.083408	172900.898475
0.207000	0.058953	180157.036284
0.209000	0.080646	173705.536612
0.211000	0.083687	172819.965001
0.213000	0.174944	148241.962192
0.215000	0.273864	125531.719912
0.217000	0.375276	105856.410236
0.219000	0.499472	85910.676690
0.221000	0.637131	68162.818299
0.223000	0.765359	54945.773640
0.225000	0.919591	42397.042474
0.227000	1.067972	33037.648666
0.229000	1.242043	24656.283718
0.231000	1.408082	18651.303063
0.233000	1.584847	13856.733163
0.235000	1.739189	10690.112676
0.237000	1.866738	8627.085088
0.239000	2.102383	5805.362844
0.241000	2.240096	4605.651879
0.243000	2.343504	3870.773468
0.245000	2.438913	3297.183511
0.247000	2.485901	3046.769798
0.249000	2.565716	2664.217202
0.251000	2.595447	2534.337537
0.253000	2.664306	2257.321240
0.255000	2.744946	1971.157624
0.257000	2.800243	1796.187551
0.259000	2.867841	1603.251343
0.261000	2.974130	1340.924460
0.263000	3.056023	1168.470306
0.265000	3.194988	925.050643
0.267000	3.317855	752.428325
0.269000	3.466106	586.452889
0.271000	3.632247	443.548443
0.273000	3.734523	373.485385
0.275000	3.924878	271.208731
0.277000	4.073806	211.143350
0.279000	4.190208	173.619100
0.281000	4.442238	113.658251
0.283000	4.567583	92.064447
0.285000	4.679542	76.270259
0.287000	4.702815	73.344012
0.289000	4.734845	69.499457
0.291000	4.734006	69.597486
0.293000	4.726696	70.457991
0.295000	4.715324	71.817903
0.297000	4.779115	64.515086
0.299000	4.827964	59.429021
0.301000	4.832220	59.005435
0.303000	4.919122	50.985685
0.305000	4.986308	45.540559
0.307000	5.059755	40.251107
0.309000	5.192454	32.203274
0.311000	5.283513	27.632616
0.313000	5.450299	20.876535
0.315000	5.573728	16.964773
0.317000	5.673822	14.337507
0.319000	5.819975	11.214342
0.321000	5.926611	9.373973
0.323000	6.048222	7.640830
0.325000	6.176566	6.158034
0.327000	6.276945	5.201867
0.329000	6.424534	4.058926
0.331000	6.609570	2.973883
0.333000	6.750941	2.344851
0.335000	6.998265	1.547229
0.337000	7.170870	1.157559
0.339000	7.325290	0.892909
0.341000	7.481079	0.687184
0.343000	7.664048	0.505236
0.345000	7.822544	0.387065
0.347000	7.972345	0.300899
0.349000	8.131026	0.230448
0.351000	8.262494	0.184754
0.353000	8.372611	0.153533
0.355000	8.482525	0.127632
0.357000	8.485639	0.126966
0.359000	8.433165	0.138674
0.361000	8.374621	0.153016
0.363000	8.218720	0.198862
0.365000	8.169328	0.216078
0.367000	8.033711	0.271406
0.369000	7.871185	0.356675
0.371000	7.770953	0.422131
0.373000	7.638368	0.527524
0.375000	7.546613	0.615502
0.377000	7.413746	0.769537
0.379000	7.262908	0.991630
0.381000	7.141471	1.216202
0.383000	7.041612	1.438495
0.385000	6.975285	1.608167
0.387000	6.924581	1.751250
0.389000	6.885885	1.868953
0.391000	6.884240	1.874128
0.393000	6.927668	1.742186
0.395000	6.934976	1.720913
0.397000	6.990129	1.568535
0.399000	7.054264	1.408225

# Dumping simulation biases, in the metadata file order 
# Window  F (free energy units)
# 0	0.000000
# 1	-5.998834
# 2	-8.518634
# 3	-8.422818
# 4	-7.957623
# 5	-8.552472
# 6	-7.620178
# 7	-5.335374
# 8	-3.476055
# 9	-1.394721
# 10	-1.530529
#Iteration 810:  0.000013
#Iteration 820:  0.000012
#Iteration 830:  0.000011
#Iteration 840:  0.000010
#Iteration 850:  0.000009
#Iteration 860:  0.000008
#Iteration 870:  0.000008
#Iteration 880:  0.000007
#Iteration 890:  0.000006
#Iteration 900:  0.000006
0.001000	inf	0.000000
0.003000	inf	0.000000
0.005000	inf	0.000000
0.007000	inf	0.000000
0.009000	inf	0.000000
0.011000	inf	0.000000
0.013000	inf	0.000000
0.015000	inf	0.000000
0.017000	inf	0.000000
0.019000	inf	0.000000
0.021000	inf	0.000000
0.023000	inf	0.000000
0.025000	inf	0.000000
0.027000	inf	0.000000
0.029000	inf	0.000000
0.031000	inf	0.000000
0.033000	inf	0.000000
0.035000	inf	0.000000
0.037000	inf	0.000000
0.039000	inf	0.000000
0.041000	inf	0.000000
0.043000	inf	0.000000
0.045000	inf	0.000000
0.047000	inf	0.000000
0.049000	8.823386	0.071953
0.051000	7.875625	0.353973
0.053000	6.474142	3.733646
0.055000	5.498865	19.237166
0.057000	4.530511	97.970573
0.059000	3.747462	365.397768
0.061000	3.069714	1141.723274
0.063000	2.519239	2880.312175
0.065000	2.033997	6511.689649
0.067000	1.645096	12520.289053
0.069000	1.334767	21094.644716
0.071000	1.095490	31539.721129
0.073000	0.896004	44105.650317
0.075000	0.757733	55646.827002
0.077000	0.656546	65964.808206
0.079000	0.557622	77899.131859
0.081000	0.472525	89878.968592
0.083000	0.348070	110794.391860
0.085000	0.238320	133242.132409
0.087000	0.133751	158848.307520
0.089000	0.058333	180319.446834
0.091000	0.041263	185568.617449
0.093000	0.000000	198897.228455
0.095000	0.014063	194250.285648
0.097000	0.033548	187990.733865
0.099000	0.035860	187261.678547
0.101000	0.086007	172122.846550
0.103000	0.077843	174501.331236
0.105000	0.080865	173617.195691
0.107000	0.111178	164991.840277
0.109000	0.167735	150028.177805
0.111000	0.197437	142721.259916
0.113000	0.279729	124282.593621
0.115000	0.355152	109483.155131
0.117000	0.489177	87398.009569
0.119000	0.645286	67225.272060
0.121000	0.781483	53468.880376
0.123000	0.937928	41104.320055
0.125000	1.095262	31551.803124
0.127000	1.263910	23763.034073
0.129000	1.477662	16590.168096
0.131000	1.629895	12844.344907
0.133000	1.847571	8908.316224
0.135000	1.976492	7172.589336
0.137000	1.996317	6937.493926
0.139000	1.841451	9000.431776
0.141000	1.735250	10759.600530
0.143000	1.517540	15514.490386
0.145000	1.437873	17737.753916
0.147000	1.308612	22042.802223
0.149000	1.197039	26590.188939
0.151000	1.100519	31274.226497
0.153000	1.084034	32153.005659
0.155000	1.009642	36436.098207
0.157000	0.958501	39707.100788
0.159000	0.936539	41200.386681
0.161000	0.918801	42447.376746
0.163000	0.880035	45305.698845
0.165000	0.867974	46233.623599
0.167000	0.863986	46544.586000
0.169000	0.851437	47536.886271
0.171000	0.876024	45612.206676
0.173000	0.863744	46563.525395
0.175000	0.876345	45587.580769
0.177000	0.931887	41523.873478
0.179000	0.920925	42296.111324
0.181000	1.004777	36735.332214
0.183000	1.053775	33830.817473
0.185000	1.081449	32293.044609
0.187000	0.992549	37498.248016
0.189000	0.907337	43273.332172
0.191000	0.808970	51054.489570
0.193000	0.623317	69754.385858
0.195000	0.519395	83069.299594
0.197000	0.407066	100333.827262
0.199000	0.325192	115138.408166
0.201000	0.199271	142281.944944
0.203000	0.163383	151129.708473
0.205000	0.084467	172569.210177
0.207000	0.060022	179808.129865
0.209000	0.081727	173365.636628
0.211000	0.084781	172478.061156
0.213000	0.176051	147945.386854
0.215000	0.274984	125277.871215
0.217000	0.376408	105640.253473
0.219000	0.500614	85733.747543
0.221000	0.638283	68021.395944
0.223000	0.766518	54831.008314
0.225000	0.920759	42307.905695
0.227000	1.069149	32967.694333
0.229000	1.243230	24603.635933
0.231000	1.409283	18611.060247
0.233000	1.586065	13826.442958
0.235000	1.740427	10666.369907
0.237000	1.868001	8607.567001
0.239000	2.103674	5791.962042
0.241000	2.241415	4594.802677
0.243000	2.344849	3861.481176
0.245000	2.440283	3289.137225
0.247000	2.487290	3039.234703
0.249000	2.567121	2657.559972
0.251000	2.596863	2527.956237
0.253000	2.665730	2251.605969
0.255000	2.746377	1966.147214
0.257000	2.801677	1791.609063
0.259000	2.869278	1599.156263
0.261000	2.975570	1337.493974
0.263000	3.057465	1165.476911
0.265000	3.196432	922.677612
0.267000	3.319301	750.495102
0.269000	3.467556	584.943099
0.271000	3.633700	442.403463
0.273000	3.735982	372.517654
0.275000	3.926345	270.502369
0.277000	4.075284	210.589571
0.279000	4.191700	173.159559
0.281000	4.443749	113.353973
0.283000	4.569115	91.814671
0.285000	4.681098	76.060304
0.287000	4.704395	73.139134
0.289000	4.736447	69.302653
0.291000	4.735629	69.398065
0.293000	4.728335	70.254160
0.295000	4.716976	71.608594
0.297000	4.780777	64.326018
0.299000	4.829633	59.254151
0.301000	4.833894	58.831292
0.303000	4.920800	50.834869
0.305000	4.987990	45.405598
0.307000	5.061440	40.131616
0.309000	5.194142	32.107499
0.311000	5.285205	27.550256
0.313000	5.451996	20.814140
0.315000	5.575431	16.913889
0.317000	5.675533	14.294308
0.319000	5.821696	11.180365
0.321000	5.928343	9.345390
0.323000	6.049967	7.617370
0.325000	6.178324	6.138996
0.327000	6.278715	5.185682
0.329000	6.426314	4.046229
0.331000	6.611358	2.964539
0.333000	6.752735	2.337459
0.335000	7.000064	1.542339
0.337000	7.172672	1.153894
0.339000	7.327095	0.890079
0.341000	7.482885	0.685003
0.343000	7.665856	0.503632
0.345000	7.824352	0.385836
0.347000	7.974153	0.299943
0.349000	8.132835	0.229716
0.351000	8.264303	0.184167
0.353000	8.374421	0.153045
0.355000	8.484334	0.127226
0.357000	8.487448	0.126562
0.359000	8.434975	0.138233
0.361000	8.376431	0.152529
0.363000	8.220530	0.198230
0.365000	8.171139	0.215391
0.367000	8.035522	0.270543
0.369000	7.872997	0.355540
0.371000	7.772766	0.420787
0.373000	7.640183	0.525843
0.375000	7.548430	0.613538
0.377000	7.415566	0.767078
0.379000	7.264731	0.988456
0.381000	7.143298	1.212301
0.383000	7.043444	1.433871
0.385000	6.977120	1.602986
0.387000	6.926420	1.745598
0.389000	6.887727	1.862910
0.391000	6.886085	1.868061
0.393000	6.929514	1.736541
0.395000	6.936824	1.715333
0.397000	6.991978	1.563446
0.399000	7.056114	1.403654

# Dumping simulation biases, in the metadata file order 
# Window  F (free energy units)
# 0	0.000000
# 1	-5.998821
# 2	-8.518570
# 3	-8.422651
# 4	-7.956816
# 5	-8.551356
# 6	-7.618941
# 7	-5.333862
# 8	-3.474303
# 9	-1.392845
# 10	-1.528611
#Iteration 910:  0.000005
#Iteration 920:  0.000005
#Iteration 930:  0.000005
#Iteration 940:  0.000004
#Iteration 950:  0.000004
#Iteration 960:  0.000003
#Iteration 970:  0.000003
#Iteration 980:  0.000003
#Iteration 990:  0.000003
#Iteration 1000:  0.000002
0.001000	inf	0.000000
0.003000	inf	0.000000
0.005000	inf	0.000000
0.007000	inf	0.000000
0.009000	inf	0.000000
0.011000	inf	0.000000
0.013000	inf	0.000000
0.015000	inf	0.000000
0.017000	inf	0.000000
0.019000	inf	0.000000
0.021000	inf	0.000000
0.023000	inf	0.000000
0.025000	inf	0.000000
0.027000	inf	0.000000
0.029000	inf	0.000000
0.031000	inf	0.000000
0.033000	inf	0.000000
0.035000	inf	0.000000
0.037000	inf	0.000000
0.039000	inf	0.000000
0.041000	inf	0.000000
0.043000	inf	0.000000
0.045000	inf	0.000000
0.047000	inf	0.000000
0.049000	8.823352	0.071953
0.051000	7.875590	0.353973
0.053000	6.474107	3.733645
0.055000	5.498831	19.237154
0.057000	4.530476	97.970488
0.059000	3.747428	365.397311
0.061000	3.069681	1141.721231
0.063000	2.519206	2880.304926
0.065000	2.033965	6511.667068
0.067000	1.645064	12520.230586
0.069000	1.334736	21094.515081
0.071000	1.095460	31539.471227
0.073000	0.895975	44105.206839
0.075000	0.757705	55646.124804
0.077000	0.656521	65963.772174
0.079000	0.557599	77897.622110
0.081000	0.472505	89876.843531
0.083000	0.348052	110791.243290
0.085000	0.238305	133237.656424
0.087000	0.133740	158842.097112
0.089000	0.058325	180311.340004
0.091000	0.041259	185559.097389
0.093000	0.000000	198885.639461
0.095000	0.014068	194237.488474
0.097000	0.033558	187976.829248
0.099000	0.035874	187246.299210
0.101000	0.086026	172107.377016
0.103000	0.077866	174484.442320
0.105000	0.080891	173599.376532
0.107000	0.111207	164974.113245
0.109000	0.167766	150011.464062
0.111000	0.197470	142704.870611
0.113000	0.279765	124267.914236
0.115000	0.355190	109469.833748
0.117000	0.489217	87386.994712
0.119000	0.645330	67216.411490
0.121000	0.781532	53461.406588
0.123000	0.937983	41098.116194
0.125000	1.095327	31546.552502
0.127000	1.263987	23758.579836
0.129000	1.477755	16586.600814
0.131000	1.630008	12841.140442
0.133000	1.847709	8905.732908
0.135000	1.976656	7170.191586
0.137000	1.996508	6934.863996
0.139000	1.841667	8996.643323
0.141000	1.735488	10754.681501
0.143000	1.517795	15506.940581
0.145000	1.438142	17728.719656
0.147000	1.308890	22031.205225
0.149000	1.197325	26575.878922
0.151000	1.100810	31257.130307
0.153000	1.084328	32135.239251
0.155000	1.009939	36415.815745
0.157000	0.958799	39684.883104
0.159000	0.936839	41177.247174
0.161000	0.919102	42423.467603
0.163000	0.880336	45280.114963
0.165000	0.868276	46207.448531
0.167000	0.864289	46518.155488
0.169000	0.851742	47509.786867
0.171000	0.876330	45586.065439
0.173000	0.864053	46536.639515
0.175000	0.876657	45560.984064
0.177000	0.932204	41499.301723
0.179000	0.921249	42270.608145
0.181000	1.005110	36712.648836
0.183000	1.054118	33809.324870
0.185000	1.081804	32271.866974
0.187000	0.992918	37472.835334
0.189000	0.907719	43243.068475
0.191000	0.809364	51017.770017
0.193000	0.623720	69703.026494
0.195000	0.519807	83006.975552
0.197000	0.407484	100257.428448
0.199000	0.325615	115049.697446
0.201000	0.199699	142171.233969
0.203000	0.163815	151011.052663
0.205000	0.084903	172432.504959
0.207000	0.060463	179664.330080
0.209000	0.082174	173225.550772
0.211000	0.085232	172337.151577
0.213000	0.176508	147823.160540
0.215000	0.275447	125173.255265
0.217000	0.376875	105551.172369
0.219000	0.501085	85660.833585
0.221000	0.638758	67963.115261
0.223000	0.766997	54783.713547
0.225000	0.921241	42271.172779
0.227000	1.069635	32938.866702
0.229000	1.243720	24581.940433
0.231000	1.409779	18594.476909
0.233000	1.586567	13813.961131
0.235000	1.740939	10656.586333
0.237000	1.868523	8599.524493
0.239000	2.104207	5786.440361
0.241000	2.241959	4590.332512
0.243000	2.345405	3857.652629
0.245000	2.440848	3285.822150
0.247000	2.487863	3036.130320
0.249000	2.567700	2654.817316
0.251000	2.597447	2525.327300
0.253000	2.666318	2249.251446
0.255000	2.746967	1964.083090
0.257000	2.802269	1789.722888
0.259000	2.869871	1597.469242
0.261000	2.976164	1336.080746
0.263000	3.058060	1164.243751
0.265000	3.197027	921.700019
0.267000	3.319898	749.698694
0.269000	3.468154	584.321130
0.271000	3.634300	441.931783
0.273000	3.736585	372.118994
0.275000	3.926951	270.211383
0.277000	4.075895	210.361445
0.279000	4.192316	172.970256
0.281000	4.444372	113.228632
0.283000	4.569747	91.711783
0.285000	4.681740	75.973821
0.287000	4.705047	73.054746
0.289000	4.737109	69.221592
0.291000	4.736299	69.315928
0.293000	4.729012	70.170209
0.295000	4.717658	71.522388
0.297000	4.781463	64.248149
0.299000	4.830322	59.182130
0.301000	4.834585	58.759572
0.303000	4.921493	50.772756
0.305000	4.988684	45.350015
0.307000	5.062135	40.082404
0.309000	5.194839	32.068054
0.311000	5.285903	27.516337
0.313000	5.452696	20.788444
0.315000	5.576134	16.892933
0.317000	5.676240	14.276518
0.319000	5.822406	11.166373
0.321000	5.929058	9.333618
0.323000	6.050687	7.607709
0.325000	6.179049	6.131156
0.327000	6.279445	5.179018
0.329000	6.427048	4.041000
0.331000	6.612096	2.960691
0.333000	6.753476	2.334415
0.335000	7.000806	1.540326
0.337000	7.173416	1.152385
0.339000	7.327840	0.888913
0.341000	7.483630	0.684106
0.343000	7.666602	0.502972
0.345000	7.825098	0.385329
0.347000	7.974900	0.299549
0.349000	8.133581	0.229415
0.351000	8.265050	0.183925
0.353000	8.375167	0.152845
0.355000	8.485081	0.127059
0.357000	8.488195	0.126396
0.359000	8.435722	0.138052
0.361000	8.377178	0.152329
0.363000	8.221277	0.197970
0.365000	8.171886	0.215108
0.367000	8.036270	0.270187
0.369000	7.873745	0.355072
0.371000	7.773515	0.420234
0.373000	7.640932	0.525151
0.375000	7.549180	0.612729
0.377000	7.416317	0.766065
0.379000	7.265484	0.987149
0.381000	7.144053	1.210694
0.383000	7.044199	1.431967
0.385000	6.977878	1.600853
0.387000	6.927179	1.743270
0.389000	6.888488	1.860422
0.391000	6.886846	1.865563
0.393000	6.930277	1.734216
0.395000	6.937587	1.713035
0.397000	6.992741	1.561350
0.399000	7.056877	1.401772

# Dumping simulation biases, in the metadata file order 
# Window  F (free energy units)
# 0	0.000000
# 1	-5.998816
# 2	-8.518544
# 3	-8.422582
# 4	-7.956483
# 5	-8.550896
# 6	-7.618431
# 7	-5.333237
# 8	-3.473581
# 9	-1.392070
# 10	-1.527819
#Iteration 1010:  0.000002
#Iteration 1020:  0.000002
#Iteration 1030:  0.000002
#Iteration 1040:  0.000002
#Iteration 1050:  0.000002
#Iteration 1060:  0.000001
#Iteration 1070:  0.000001
#Iteration 1080:  0.000001
#Iteration 1090:  0.000001
#Iteration 1100:  0.000001
0.001000	inf	0.000000
0.003000	inf	0.000000
0.005000	inf	0.000000
0.007000	inf	0.000000
0.009000	inf	0.000000
0.011000	inf	0.000000
0.013000	inf	0.000000
0.015000	inf	0.000000
0.017000	inf	0.000000
0.019000	inf	0.000000
0.021000	inf	0.000000
0.023000	inf	0.000000
0.025000	inf	0.000000
0.027000	inf	0.000000
0.029000	inf	0.000000
0.031000	inf	0.000000
0.033000	inf	0.000000
0.035000	inf	0.000000
0.037000	inf	0.000000
0.039000	inf	0.000000
0.041000	inf	0.000000
0.043000	inf	0.000000
0.045000	inf	0.000000
0.047000	inf	0.000000
0.049000	8.823337	0.071953
0.051000	7.875576	0.353973
0.053000	6.474093	3.733644
0.055000	5.498817	19.237150
0.057000	4.530462	97.970453
0.059000	3.747414	365.397122
0.061000	3.069667	1141.720388
0.063000	2.519192	2880.301934
0.065000	2.033951	6511.657749
0.067000	1.645051	12520.206456
0.069000	1.334723	21094.461579
0.071000	1.095448	31539.368090
0.073000	0.895964	44105.023812
0.075000	0.757694	55645.835003
0.077000	0.656510	65963.344598
0.079000	0.557589	77896.999030
0.081000	0.472496	89875.966511
0.083000	0.348045	110789.943869
0.085000	0.238299	133235.809183
0.087000	0.133735	158839.534084
0.089000	0.058321	180307.994338
0.091000	0.041257	185555.168501
0.093000	0.000000	198880.856754
0.095000	0.014070	194232.207187
0.097000	0.033562	187971.090965
0.099000	0.035880	187239.952369
0.101000	0.086034	172100.992998
0.103000	0.077876	174477.472591
0.105000	0.080902	173592.022948
0.107000	0.111219	164966.797706
0.109000	0.167779	150004.566700
0.111000	0.197484	142698.107140
0.113000	0.279780	124261.856402
0.115000	0.355205	109464.336314
0.117000	0.489234	87382.449107
0.119000	0.645348	67212.754892
0.121000	0.781552	53458.322266
0.123000	0.938006	41095.555930
0.125000	1.095353	31544.385615
0.127000	1.264018	23756.741607
0.129000	1.477793	16585.128636
0.131000	1.630055	12839.818019
0.133000	1.847766	8904.666854
0.135000	1.976724	7169.202150
0.137000	1.996587	6933.778801
0.139000	1.841756	8995.080157
0.141000	1.735586	10752.651930
0.143000	1.517900	15503.825673
0.145000	1.438252	17724.992393
0.147000	1.309005	22026.420754
0.149000	1.197442	26569.975253
0.151000	1.100930	31250.077264
0.153000	1.084450	32127.909763
0.155000	1.010061	36407.448307
0.157000	0.958922	39675.717330
0.159000	0.936962	41167.701130
0.161000	0.919226	42413.604069
0.163000	0.880460	45269.560542
0.165000	0.868401	46196.650233
0.167000	0.864415	46507.251820
0.169000	0.851867	47498.607267
0.171000	0.876457	45575.281137
0.173000	0.864181	46525.548040
0.175000	0.876786	45550.011916
0.177000	0.932335	41489.164986
0.179000	0.921383	42260.087223
0.181000	1.005247	36703.291252
0.183000	1.054260	33800.458613
0.185000	1.081951	32263.130765
0.187000	0.993070	37462.352240
0.189000	0.907876	43230.584467
0.191000	0.809526	51002.623151
0.193000	0.623887	69681.840977
0.195000	0.519977	82981.267447
0.197000	0.407657	100225.914918
0.199000	0.325790	115013.105683
0.201000	0.199876	142125.567728
0.203000	0.163994	150962.109586
0.205000	0.085084	172376.117165
0.207000	0.060645	179605.016258
0.209000	0.082358	173167.769189
0.211000	0.085419	172279.030597
0.213000	0.176697	147772.746176
0.215000	0.275637	125130.104876
0.217000	0.377068	105514.429773
0.219000	0.501280	85630.759483
0.221000	0.638954	67939.076910
0.223000	0.767195	54764.206505
0.225000	0.921440	42256.022100
0.227000	1.069835	32926.976644
0.229000	1.243923	24572.992088
0.231000	1.409983	18587.637123
0.233000	1.586775	13808.813048
0.235000	1.741150	10652.551171
0.237000	1.868738	8596.207458
0.239000	2.104427	5784.163041
0.241000	2.242184	4588.488897
0.243000	2.345634	3856.073655
0.245000	2.441081	3284.454960
0.247000	2.488100	3034.850036
0.249000	2.567939	2653.686223
0.251000	2.597688	2524.243112
0.253000	2.666561	2248.280433
0.255000	2.747210	1963.231842
0.257000	2.802514	1788.945028
0.259000	2.870116	1596.773514
0.261000	2.976409	1335.497931
0.263000	3.058306	1163.735196
0.265000	3.197273	921.296861
0.267000	3.320145	749.370257
0.269000	3.468401	584.064631
0.271000	3.634548	441.737263
0.273000	3.736833	371.954588
0.275000	3.927201	270.091382
0.277000	4.076146	210.267367
0.279000	4.192571	172.892189
0.281000	4.444630	113.176943
0.283000	4.570008	91.669354
0.285000	4.682005	75.938158
0.287000	4.705316	73.019946
0.289000	4.737382	69.188165
0.291000	4.736575	69.282058
0.293000	4.729291	70.135591
0.295000	4.717939	71.486840
0.297000	4.781746	64.216039
0.299000	4.830606	59.152432
0.301000	4.834870	58.729998
0.303000	4.921779	50.747143
0.305000	4.988970	45.327095
0.307000	5.062422	40.062111
0.309000	5.195126	32.051790
0.311000	5.286191	27.502351
0.313000	5.452985	20.777848
0.315000	5.576424	16.884292
0.317000	5.676531	14.269182
0.319000	5.822700	11.160603
0.321000	5.929353	9.328765
0.323000	6.050985	7.603725
0.325000	6.179349	6.127924
0.327000	6.279747	5.176269
0.329000	6.427351	4.038844
0.331000	6.612401	2.959105
0.333000	6.753781	2.333160
0.335000	7.001113	1.539495
0.337000	7.173723	1.151763
0.339000	7.328147	0.888433
0.341000	7.483938	0.683736
0.343000	7.666909	0.502700
0.345000	7.825406	0.385121
0.347000	7.975208	0.299387
0.349000	8.133889	0.229291
0.351000	8.265358	0.183826
0.353000	8.375476	0.152762
0.355000	8.485389	0.126990
0.357000	8.488504	0.126327
0.359000	8.436030	0.137977
0.361000	8.377486	0.152246
0.363000	8.221586	0.197862
0.365000	8.172195	0.214991
0.367000	8.036578	0.270041
0.369000	7.874054	0.354880
0.371000	7.773824	0.420005
0.373000	7.641241	0.524865
0.375000	7.549489	0.612396
0.377000	7.416627	0.765648
0.379000	7.265795	0.986610
0.381000	7.144364	1.210032
0.383000	7.044511	1.431182
0.385000	6.978191	1.599974
0.387000	6.927492	1.742310
0.389000	6.888801	1.859396
0.391000	6.887161	1.864532
0.393000	6.930591	1.733258
0.395000	6.937902	1.712087
0.397000	6.993056	1.560486
0.399000	7.057192	1.400997

# Dumping simulation biases, in the metadata file order 
# Window  F (free energy units)
# 0	0.000000
# 1	-5.998814
# 2	-8.518533
# 3	-8.422553
# 4	-7.956346
# 5	-8.550706
# 6	-7.618220
# 7	-5.332980
# 8	-3.473282
# 9	-1.391750
# 10	-1.527492
#Iteration 1110:  0.000001
#Iteration 1120:  0.000001
#Iteration 1130:  0.000001
#Iteration 1140:  0.000001
#Iteration 1150:  0.000001
#Iteration 1160:  0.000001
#Iteration 1170:  0.000001
#Iteration 1180:  0.000000
# Dumping simulation biases, in the metadata file order 
# Window  F (free energy units)
# 0	0.000000
# 1	-5.998813
# 2	-8.518529
# 3	-8.422543
# 4	-7.956297
# 5	-8.550637
# 6	-7.618144
# 7	-5.332887
# 8	-3.473175
# 9	-1.391635
# 10	-1.527375
# No MC error analysis requested
