# /home/btan/Software/WHAM/wham/wham/wham 1.1 2.1 100 1e-06 300 0 /home/btan/Documents/BD2_DCAF16_8ov6/umbrella_sampling/Boresch/results/backbone_RMSD/thetaB/run3//metafile.txt /home/btan/Documents/BD2_DCAF16_8ov6/umbrella_sampling/Boresch/results/backbone_RMSD/thetaB/run3//pmf.txt
#Number of windows = 10
#Iteration 10:  0.143060
#Iteration 20:  0.031032
#Iteration 30:  0.007049
#Iteration 40:  0.001600
#Iteration 50:  0.000363
#Iteration 60:  0.000082
#Iteration 70:  0.000019
#Iteration 80:  0.000004
#Iteration 90:  0.000001
# Dumping simulation biases, in the metadata file order 
# Window  F (free energy units)
# 0	0.000000
# 1	-3.996453
# 2	-10.215033
# 3	-12.363785
# 4	-13.814232
# 5	-14.544422
# 6	-14.550691
# 7	-13.835648
# 8	-12.399393
# 9	-10.246924
# No MC error analysis requested
