# /home/btan/Software/WHAM/wham/wham/wham 0.0 0.4 200 1e-06 300 0 /home/btan/Documents/BD2_DCAF16_8ov6/umbrella_sampling/RMSD/results/backbone_RMSD/BD2/run2/RED/metafile.txt /home/btan/Documents/BD2_DCAF16_8ov6/umbrella_sampling/RMSD/results/backbone_RMSD/BD2/run2/RED/pmf.txt
#Number of windows = 11
#Iteration 10:  0.042855
#Iteration 20:  0.025744
#Iteration 30:  0.019285
#Iteration 40:  0.016565
#Iteration 50:  0.015890
#Iteration 60:  0.015652
#Iteration 70:  0.015019
#Iteration 80:  0.014171
#Iteration 90:  0.013228
#Iteration 100:  0.012262
0.001000	inf	0.000000
0.003000	inf	0.000000
0.005000	inf	0.000000
0.007000	inf	0.000000
0.009000	inf	0.000000
0.011000	inf	0.000000
0.013000	inf	0.000000
0.015000	inf	0.000000
0.017000	inf	0.000000
0.019000	inf	0.000000
0.021000	inf	0.000000
0.023000	inf	0.000000
0.025000	inf	0.000000
0.027000	inf	0.000000
0.029000	inf	0.000000
0.031000	inf	0.000000
0.033000	inf	0.000000
0.035000	inf	0.000000
0.037000	inf	0.000000
0.039000	inf	0.000000
0.041000	inf	0.000000
0.043000	inf	0.000000
0.045000	inf	0.000000
0.047000	9.525190	0.012999
0.049000	7.841237	0.220435
0.051000	6.713736	1.466967
0.053000	5.682073	8.309859
0.055000	4.744932	40.156918
0.057000	3.978907	145.546880
0.059000	3.296528	458.330057
0.061000	2.706681	1235.381264
0.063000	2.206153	2865.597342
0.065000	1.769310	5972.220335
0.067000	1.419561	10751.581790
0.069000	1.088129	18768.810718
0.071000	0.798528	30539.533986
0.073000	0.547893	46541.469524
0.075000	0.349354	64980.780648
0.077000	0.182561	86010.918657
0.079000	0.073698	103283.224702
0.081000	0.023935	112294.872626
0.083000	0.000000	116905.114544
0.085000	0.019420	113150.314651
0.087000	0.078178	102508.363047
0.089000	0.126526	94506.681861
0.091000	0.168371	88087.271527
0.093000	0.211529	81922.806913
0.095000	0.270285	74218.168685
0.097000	0.273543	73812.694387
0.099000	0.264815	74903.763212
0.101000	0.290714	71712.591089
0.103000	0.348393	65085.839305
0.105000	0.360054	63822.422280
0.107000	0.440102	55787.098162
0.109000	0.509796	49619.607373
0.111000	0.627593	40705.626852
0.113000	0.697132	36214.905434
0.115000	0.853332	27851.746862
0.117000	0.934228	24310.485272
0.119000	1.054309	19866.767592
0.121000	1.148121	16968.328366
0.123000	1.231822	14741.191917
0.125000	1.333885	12417.123877
0.127000	1.307382	12982.824503
0.129000	1.340059	12288.921746
0.131000	1.348336	12119.112306
0.133000	1.314555	12827.237998
0.135000	1.256608	14139.602430
0.137000	1.255777	14159.367810
0.139000	1.238379	14579.604246
0.141000	1.190840	15792.528590
0.143000	1.200196	15546.101542
0.145000	1.226897	14863.753485
0.147000	1.240766	14521.228893
0.149000	1.272440	13768.267090
0.151000	1.295781	13238.514187
0.153000	1.336620	12360.152609
0.155000	1.356383	11956.272325
0.157000	1.402555	11063.376383
0.159000	1.431627	10535.701432
0.161000	1.477988	9745.794812
0.163000	1.531912	8901.224033
0.165000	1.594207	8016.234493
0.167000	1.668325	7077.186728
0.169000	1.711975	6576.473308
0.171000	1.720154	6486.672729
0.173000	1.738689	6287.685067
0.175000	1.728096	6400.654878
0.177000	1.717238	6518.549169
0.179000	1.575991	8265.508225
0.181000	1.505600	9303.762822
0.183000	1.418354	10773.411627
0.185000	1.316087	12794.234265
0.187000	1.263195	13983.911903
0.189000	1.236107	14635.379804
0.191000	1.220287	15029.820735
0.193000	1.170943	16329.683023
0.195000	1.163586	16532.903864
0.197000	1.186040	15920.492209
0.199000	1.181135	16052.295926
0.201000	1.203035	15472.086238
0.203000	1.219897	15039.670436
0.205000	1.244134	14439.241951
0.207000	1.301930	13102.356802
0.209000	1.301234	13117.704729
0.211000	1.343767	12212.542127
0.213000	1.393451	11233.985743
0.215000	1.417314	10792.276153
0.217000	1.482589	9670.708438
0.219000	1.517024	9126.801511
0.221000	1.568976	8363.557341
0.223000	1.632867	7511.845134
0.225000	1.683436	6899.668840
0.227000	1.712516	6570.498004
0.229000	1.800698	5665.267475
0.231000	1.869254	5048.598389
0.233000	1.893587	4846.254462
0.235000	1.979044	4197.759212
0.237000	2.006743	4006.783214
0.239000	2.127254	3272.018422
0.241000	2.193871	2925.375021
0.243000	2.228733	2758.866258
0.245000	2.269019	2578.216245
0.247000	2.308960	2410.794864
0.249000	2.320941	2362.726846
0.251000	2.344311	2271.703416
0.253000	2.338796	2292.862612
0.255000	2.372122	2167.943353
0.257000	2.384089	2124.766470
0.259000	2.426653	1978.050992
0.261000	2.488193	1783.648656
0.263000	2.567239	1561.713707
0.265000	2.609264	1455.194153
0.267000	2.698924	1251.595911
0.269000	2.813946	1031.551461
0.271000	2.864744	947.121023
0.273000	2.920258	862.734605
0.275000	3.044286	700.373392
0.277000	3.085512	653.480653
0.279000	3.180752	556.803021
0.281000	3.236549	506.952273
0.283000	3.275088	475.150462
0.285000	3.396193	387.629740
0.287000	3.457217	349.837489
0.289000	3.583492	282.929602
0.291000	3.729633	221.302806
0.293000	3.863905	176.587809
0.295000	4.045461	130.141012
0.297000	4.189202	102.205773
0.299000	4.425640	68.684951
0.301000	4.579214	53.057206
0.303000	4.735875	40.772966
0.305000	4.880704	31.962364
0.307000	5.084336	22.697395
0.309000	5.155082	20.152424
0.311000	5.304092	15.687054
0.313000	5.400265	13.345344
0.315000	5.563818	10.137397
0.317000	5.729916	7.667702
0.319000	5.721579	7.775926
0.321000	5.781577	7.029913
0.323000	5.786107	6.976590
0.325000	5.775478	7.102364
0.327000	5.718125	7.821207
0.329000	5.742510	7.507085
0.331000	5.707510	7.962019
0.333000	5.743888	7.489712
0.335000	5.702213	8.033229
0.337000	5.739451	7.545784
0.339000	5.758636	7.306315
0.341000	5.794858	6.874705
0.343000	5.844326	6.326152
0.345000	5.883941	5.918592
0.347000	5.951986	5.278875
0.349000	6.050786	4.471073
0.351000	6.140151	3.847430
0.353000	6.225956	3.330640
0.355000	6.363835	2.641605
0.357000	6.513035	2.055625
0.359000	6.690574	1.525211
0.361000	6.866400	1.134924
0.363000	7.064899	0.812927
0.365000	7.297157	0.550161
0.367000	7.511891	0.383461
0.369000	7.732774	0.264523
0.371000	7.962281	0.179850
0.373000	8.172236	0.126366
0.375000	8.370264	0.090586
0.377000	8.600701	0.061493
0.379000	8.863187	0.039555
0.381000	9.020554	0.030361
0.383000	9.290168	0.019296
0.385000	9.431743	0.015210
0.387000	9.722148	0.009335
0.389000	9.949769	0.006367
0.391000	10.192796	0.004232
0.393000	10.415260	0.002911
0.395000	10.609801	0.002099
0.397000	10.984606	0.001118
0.399000	11.350671	0.000604

# Dumping simulation biases, in the metadata file order 
# Window  F (free energy units)
# 0	0.000000
# 1	-6.001343
# 2	-8.286983
# 3	-7.838852
# 4	-7.216149
# 5	-7.321074
# 6	-6.659164
# 7	-5.609243
# 8	-3.624269
# 9	-2.209245
# 10	0.618709
#Iteration 110:  0.011315
#Iteration 120:  0.010408
#Iteration 130:  0.009555
#Iteration 140:  0.008760
#Iteration 150:  0.008024
#Iteration 160:  0.007345
#Iteration 170:  0.006721
#Iteration 180:  0.006149
#Iteration 190:  0.005625
#Iteration 200:  0.005145
0.001000	inf	0.000000
0.003000	inf	0.000000
0.005000	inf	0.000000
0.007000	inf	0.000000
0.009000	inf	0.000000
0.011000	inf	0.000000
0.013000	inf	0.000000
0.015000	inf	0.000000
0.017000	inf	0.000000
0.019000	inf	0.000000
0.021000	inf	0.000000
0.023000	inf	0.000000
0.025000	inf	0.000000
0.027000	inf	0.000000
0.029000	inf	0.000000
0.031000	inf	0.000000
0.033000	inf	0.000000
0.035000	inf	0.000000
0.037000	inf	0.000000
0.039000	inf	0.000000
0.041000	inf	0.000000
0.043000	inf	0.000000
0.045000	inf	0.000000
0.047000	9.486756	0.012996
0.049000	7.802860	0.220371
0.051000	6.675444	1.466332
0.053000	5.643908	8.304497
0.055000	4.706954	40.118368
0.057000	3.941205	145.339630
0.059000	3.259232	457.366093
0.061000	2.669971	1231.566590
0.063000	2.170284	2852.714262
0.065000	1.734623	5933.565204
0.067000	1.386500	10652.847392
0.069000	1.057240	18528.685885
0.071000	0.770443	30006.985467
0.073000	0.523292	45462.934594
0.075000	0.328887	63035.356738
0.077000	0.166769	82782.626197
0.079000	0.062958	98566.119228
0.081000	0.018471	106219.744854
0.083000	0.000000	109569.678084
0.085000	0.025203	105024.609896
0.087000	0.090367	94127.607848
0.089000	0.146160	85700.816258
0.091000	0.196893	78695.072241
0.093000	0.250618	71899.280354
0.095000	0.321530	63819.785533
0.097000	0.338022	62074.699797
0.099000	0.342750	61583.330005
0.101000	0.381381	57711.239844
0.103000	0.450329	51395.411384
0.105000	0.471459	49601.901081
0.107000	0.559242	42796.853569
0.109000	0.635297	37660.571923
0.111000	0.758613	30609.712907
0.113000	0.833447	26991.453575
0.115000	0.995408	20558.221510
0.117000	1.083305	17734.366950
0.119000	1.212515	14271.986890
0.121000	1.318592	11941.041378
0.123000	1.418756	10090.598162
0.125000	1.542412	8196.729678
0.127000	1.543111	8187.106377
0.129000	1.608215	7338.397128
0.131000	1.652643	6810.293542
0.133000	1.656251	6769.111988
0.135000	1.634083	7026.129408
0.137000	1.665020	6670.066049
0.139000	1.674004	6570.093891
0.141000	1.647181	6873.115183
0.143000	1.672105	6591.093660
0.145000	1.710139	6182.876804
0.147000	1.732094	5958.850210
0.149000	1.769495	5595.740755
0.151000	1.796931	5343.520485
0.153000	1.840808	4963.576806
0.155000	1.863001	4781.810149
0.157000	1.911372	4408.378050
0.159000	1.942756	4181.835821
0.161000	1.991899	3850.258365
0.163000	2.049489	3494.984901
0.165000	2.116850	3120.815348
0.167000	2.198074	2722.511555
0.169000	2.251652	2488.025677
0.171000	2.273436	2398.566226
0.173000	2.310033	2255.450533
0.175000	2.322387	2209.094749
0.177000	2.339078	2147.975638
0.179000	2.228740	2585.722332
0.181000	2.190518	2757.314042
0.183000	2.134247	3030.872257
0.185000	2.059675	3435.651481
0.187000	2.029998	3611.395271
0.189000	2.021418	3663.859032
0.191000	2.019903	3673.206496
0.193000	1.981555	3917.789420
0.195000	1.982906	3908.906506
0.197000	2.012782	3717.441674
0.199000	2.014958	3703.862742
0.201000	2.044493	3524.461032
0.203000	2.070390	3374.324665
0.205000	2.105814	3179.253497
0.207000	2.177495	2818.345140
0.209000	2.193511	2743.475726
0.211000	2.255120	2473.563639
0.213000	2.325140	2198.894891
0.215000	2.369098	2042.266491
0.217000	2.452777	1774.278961
0.219000	2.502932	1630.820295
0.221000	2.567553	1462.949792
0.223000	2.641227	1292.535745
0.225000	2.699175	1172.566698
0.227000	2.733827	1106.214420
0.229000	2.826375	946.834667
0.231000	2.898645	838.518617
0.233000	2.926560	800.080346
0.235000	3.015976	688.422036
0.237000	3.048551	651.737547
0.239000	3.175453	526.535090
0.241000	3.250618	464.037028
0.243000	3.296810	429.367832
0.245000	3.351664	391.546425
0.247000	3.409459	355.295268
0.249000	3.442009	336.376582
0.251000	3.487422	311.653290
0.253000	3.503762	303.209473
0.255000	3.557159	277.178578
0.257000	3.586328	263.915582
0.259000	3.642827	240.003245
0.261000	3.715232	212.499129
0.263000	3.802621	183.467147
0.265000	3.851162	169.091092
0.267000	3.946223	144.118844
0.269000	4.066216	117.792776
0.271000	4.122215	107.210231
0.273000	4.183817	96.663669
0.275000	4.315477	77.471838
0.277000	4.366492	71.105050
0.279000	4.474131	59.335930
0.281000	4.545041	52.668308
0.283000	4.600982	47.941221
0.285000	4.740768	37.901572
0.287000	4.820361	33.155064
0.289000	4.963729	26.054500
0.291000	5.124537	19.883073
0.293000	5.270680	15.552162
0.295000	5.461445	11.285515
0.297000	5.612172	8.759556
0.299000	5.853938	5.834173
0.301000	6.011751	4.474728
0.303000	6.172109	3.417403
0.305000	6.320611	2.662446
0.307000	6.528430	1.877418
0.309000	6.604472	1.652139
0.311000	6.760581	1.270802
0.313000	6.866471	1.063584
0.315000	7.043258	0.790146
0.317000	7.226951	0.580231
0.319000	7.241106	0.566588
0.321000	7.328367	0.489284
0.323000	7.363853	0.460951
0.325000	7.385861	0.444209
0.327000	7.360332	0.463687
0.329000	7.413469	0.424064
0.331000	7.402716	0.431799
0.333000	7.458392	0.393220
0.335000	7.431405	0.411469
0.337000	7.479492	0.379517
0.339000	7.506580	0.362623
0.341000	7.548601	0.337892
0.343000	7.602479	0.308634
0.345000	7.645698	0.287006
0.347000	7.717007	0.254584
0.349000	7.819094	0.214438
0.351000	7.912022	0.183426
0.353000	8.001790	0.157733
0.355000	8.143993	0.124196
0.357000	8.297682	0.095919
0.359000	8.479585	0.070649
0.361000	8.659358	0.052223
0.363000	8.861191	0.037197
0.365000	9.096104	0.025062
0.367000	9.312853	0.017409
0.369000	9.535208	0.011980
0.371000	9.765762	0.008131
0.373000	9.976447	0.005706
0.375000	10.174978	0.004087
0.377000	10.405757	0.002773
0.379000	10.668475	0.001783
0.381000	10.825999	0.001368
0.383000	11.095717	0.000869
0.385000	11.237363	0.000685
0.387000	11.527815	0.000420
0.389000	11.755468	0.000287
0.391000	11.998516	0.000191
0.393000	12.220993	0.000131
0.395000	12.415544	0.000095
0.397000	12.790355	0.000050
0.399000	13.156425	0.000027

# Dumping simulation biases, in the metadata file order 
# Window  F (free energy units)
# 0	0.000000
# 1	-5.989522
# 2	-8.242798
# 3	-7.667719
# 4	-6.673374
# 5	-6.460252
# 6	-5.598640
# 7	-4.331119
# 8	-2.162262
# 9	-0.424710
# 10	2.445739
#Iteration 210:  0.004706
#Iteration 220:  0.004304
#Iteration 230:  0.003937
#Iteration 240:  0.003601
#Iteration 250:  0.003295
#Iteration 260:  0.003014
#Iteration 270:  0.002758
#Iteration 280:  0.002524
#Iteration 290:  0.002309
#Iteration 300:  0.002113
0.001000	inf	0.000000
0.003000	inf	0.000000
0.005000	inf	0.000000
0.007000	inf	0.000000
0.009000	inf	0.000000
0.011000	inf	0.000000
0.013000	inf	0.000000
0.015000	inf	0.000000
0.017000	inf	0.000000
0.019000	inf	0.000000
0.021000	inf	0.000000
0.023000	inf	0.000000
0.025000	inf	0.000000
0.027000	inf	0.000000
0.029000	inf	0.000000
0.031000	inf	0.000000
0.033000	inf	0.000000
0.035000	inf	0.000000
0.037000	inf	0.000000
0.039000	inf	0.000000
0.041000	inf	0.000000
0.043000	inf	0.000000
0.045000	inf	0.000000
0.047000	9.470155	0.012995
0.049000	7.786284	0.220343
0.051000	6.658905	1.466057
0.053000	5.627423	8.302177
0.055000	4.690551	40.101689
0.057000	3.924922	145.249989
0.059000	3.243123	456.949353
0.061000	2.654117	1229.918583
0.063000	2.154794	2847.154180
0.065000	1.719645	5916.906754
0.067000	1.372225	10610.385809
0.069000	1.043904	18425.714624
0.071000	0.758320	29779.496922
0.073000	0.512670	45004.497897
0.075000	0.320044	62213.376054
0.077000	0.159936	81427.646823
0.079000	0.058296	96599.500554
0.081000	0.016089	103702.365736
0.083000	0.000000	106545.364507
0.085000	0.027758	101687.981968
0.087000	0.095789	90699.083854
0.089000	0.154932	82115.558776
0.091000	0.209647	74899.780334
0.093000	0.268045	67896.323783
0.095000	0.344221	59735.646032
0.097000	0.366301	57559.040759
0.099000	0.376561	56574.807514
0.101000	0.420304	52564.011997
0.103000	0.493705	46462.355132
0.105000	0.518571	44560.300469
0.107000	0.609470	38246.059169
0.109000	0.688228	33503.359159
0.111000	0.814105	27113.859043
0.113000	0.891671	23799.269404
0.115000	1.056893	18027.751481
0.117000	1.148991	15442.041893
0.119000	1.283803	12310.748701
0.121000	1.397361	10171.399231
0.123000	1.507298	8455.129385
0.125000	1.643213	6728.136645
0.127000	1.658444	6558.055481
0.129000	1.739631	5721.425209
0.131000	1.800542	5164.589086
0.133000	1.819756	5000.437644
0.135000	1.811293	5072.081624
0.137000	1.853495	4724.728942
0.139000	1.871243	4585.849442
0.141000	1.850958	4744.918595
0.143000	1.880615	4514.169424
0.145000	1.922010	4210.721123
0.147000	1.946339	4041.988443
0.149000	1.985435	3784.886785
0.151000	2.014127	3606.667605
0.153000	2.059009	3344.566365
0.155000	2.082112	3217.163110
0.157000	2.131441	2961.148473
0.159000	2.163979	2803.530592
0.161000	2.214647	2574.632438
0.163000	2.274347	2328.792700
0.165000	2.344672	2069.135649
0.167000	2.430048	1792.502783
0.169000	2.489333	1622.476840
0.171000	2.518723	1544.265062
0.173000	2.565029	1428.617656
0.175000	2.589095	1371.975216
0.177000	2.618991	1304.730489
0.179000	2.522451	1534.618287
0.181000	2.497550	1600.220263
0.183000	2.453201	1724.077379
0.185000	2.388615	1921.799152
0.187000	2.366874	1993.334645
0.189000	2.364387	2001.685840
0.191000	2.367495	1991.255293
0.193000	2.332726	2111.107654
0.195000	2.337020	2095.925680
0.197000	2.369583	1984.280206
0.199000	2.374543	1967.803743
0.201000	2.407291	1862.404494
0.203000	2.437139	1771.262701
0.205000	2.477507	1655.054855
0.207000	2.555250	1452.296498
0.209000	2.578370	1396.935467
0.211000	2.647789	1243.073254
0.213000	2.725781	1090.330322
0.215000	2.777270	999.926248
0.217000	2.867559	859.115904
0.219000	2.923157	782.459359
0.221000	2.992044	696.900361
0.223000	3.068956	612.379237
0.225000	3.129335	553.273651
0.227000	3.165852	520.332092
0.229000	3.259921	444.227112
0.231000	3.333575	392.494417
0.233000	3.362933	373.594521
0.235000	3.454054	320.535648
0.237000	3.488818	302.341001
0.239000	3.618630	243.067250
0.241000	3.697676	212.822871
0.243000	3.748928	195.254736
0.245000	3.810109	176.171671
0.247000	3.875378	157.864944
0.249000	3.916166	147.403708
0.251000	3.969984	134.653565
0.253000	3.994254	129.270465
0.255000	4.054605	116.799132
0.257000	4.089504	110.144276
0.259000	4.150510	99.408513
0.261000	4.226370	87.506815
0.263000	4.316408	75.215669
0.265000	4.367062	69.076209
0.267000	4.463954	58.693675
0.269000	4.585742	47.827698
0.271000	4.643734	43.385251
0.273000	4.707764	38.957975
0.275000	4.842518	31.061168
0.277000	4.897491	28.319452
0.279000	5.010059	23.437087
0.281000	5.086815	20.599989
0.283000	5.149257	18.547327
0.285000	5.295749	14.498843
0.287000	5.381743	12.547379
0.289000	5.530784	9.766622
0.291000	5.696308	7.394387
0.293000	5.846184	5.747565
0.295000	6.039820	4.150676
0.297000	6.192748	3.209759
0.299000	6.436261	2.131544
0.301000	6.595578	1.630736
0.303000	6.757403	1.242344
0.305000	6.907548	0.965222
0.307000	7.117419	0.678281
0.309000	7.196195	0.594154
0.311000	7.356040	0.454154
0.313000	7.467023	0.376859
0.315000	7.650603	0.276793
0.317000	7.843020	0.200299
0.319000	7.867805	0.192125
0.321000	7.967202	0.162562
0.323000	8.015545	0.149874
0.325000	8.050134	0.141408
0.327000	8.035998	0.144809
0.329000	8.098750	0.130311
0.331000	8.095644	0.130993
0.333000	8.157127	0.118131
0.335000	8.134410	0.122729
0.337000	8.185579	0.112614
0.339000	8.214889	0.107200
0.341000	8.258547	0.099614
0.343000	8.313699	0.090794
0.345000	8.358004	0.084277
0.347000	8.430350	0.074627
0.349000	8.533533	0.062743
0.351000	8.627691	0.053558
0.353000	8.718851	0.045949
0.355000	8.862581	0.036086
0.357000	9.017854	0.027796
0.359000	9.201287	0.020421
0.361000	9.382435	0.015060
0.363000	9.585422	0.010706
0.365000	9.821249	0.007202
0.367000	10.038688	0.004997
0.369000	10.261545	0.003436
0.371000	10.492456	0.002330
0.373000	10.703389	0.001635
0.375000	10.902091	0.001171
0.377000	11.132985	0.000794
0.379000	11.395782	0.000510
0.381000	11.553359	0.000392
0.383000	11.823113	0.000249
0.385000	11.964782	0.000196
0.387000	12.255250	0.000120
0.389000	12.482914	0.000082
0.391000	12.725969	0.000055
0.393000	12.948451	0.000038
0.395000	13.143006	0.000027
0.397000	13.517819	0.000014
0.399000	13.883889	0.000008

# Dumping simulation biases, in the metadata file order 
# Window  F (free energy units)
# 0	0.000000
# 1	-5.984486
# 2	-8.224242
# 3	-7.596909
# 4	-6.440009
# 5	-6.091127
# 6	-5.151458
# 7	-3.801273
# 8	-1.566769
# 9	0.297652
# 10	3.183266
#Iteration 310:  0.001934
#Iteration 320:  0.001770
#Iteration 330:  0.001620
#Iteration 340:  0.001483
#Iteration 350:  0.001358
#Iteration 360:  0.001243
#Iteration 370:  0.001138
#Iteration 380:  0.001042
#Iteration 390:  0.000954
#Iteration 400:  0.000873
0.001000	inf	0.000000
0.003000	inf	0.000000
0.005000	inf	0.000000
0.007000	inf	0.000000
0.009000	inf	0.000000
0.011000	inf	0.000000
0.013000	inf	0.000000
0.015000	inf	0.000000
0.017000	inf	0.000000
0.019000	inf	0.000000
0.021000	inf	0.000000
0.023000	inf	0.000000
0.025000	inf	0.000000
0.027000	inf	0.000000
0.029000	inf	0.000000
0.031000	inf	0.000000
0.033000	inf	0.000000
0.035000	inf	0.000000
0.037000	inf	0.000000
0.039000	inf	0.000000
0.041000	inf	0.000000
0.043000	inf	0.000000
0.045000	inf	0.000000
0.047000	9.463319	0.012995
0.049000	7.779458	0.220332
0.051000	6.652094	1.465944
0.053000	5.620635	8.301221
0.055000	4.683796	40.094823
0.057000	3.918216	145.213092
0.059000	3.236490	456.777853
0.061000	2.647589	1229.240569
0.063000	2.148415	2844.867612
0.065000	1.713477	5910.060045
0.067000	1.366347	10592.948498
0.069000	1.038413	18383.477699
0.071000	0.753327	29686.332037
0.073000	0.508295	44817.130533
0.075000	0.316401	61878.240762
0.077000	0.157118	80876.681822
0.079000	0.056371	95801.977845
0.081000	0.015103	102683.964516
0.083000	0.000000	105324.324528
0.085000	0.028822	100343.046134
0.087000	0.098051	89319.336921
0.089000	0.158597	80675.904067
0.091000	0.214976	73381.087090
0.093000	0.275314	66303.026973
0.095000	0.353657	58121.785745
0.097000	0.378013	55790.163558
0.099000	0.390503	54631.003300
0.101000	0.436289	50583.951924
0.103000	0.511464	44579.024970
0.105000	0.537823	42646.843345
0.107000	0.629988	36525.917415
0.109000	0.709879	31935.663711
0.111000	0.836875	25796.559783
0.113000	0.915687	22595.633266
0.115000	1.082443	17071.962094
0.117000	1.176543	14574.205737
0.119000	1.314025	11566.839688
0.121000	1.431116	9500.177523
0.123000	1.545586	7837.219159
0.125000	1.687044	6178.598111
0.127000	1.708641	5958.303104
0.129000	1.796621	5139.156083
0.131000	1.864232	4587.035575
0.133000	1.889557	4395.859220
0.135000	1.886281	4420.133750
0.137000	1.932624	4088.856871
0.139000	1.953524	3947.700064
0.141000	1.935551	4068.788868
0.143000	1.966863	3860.164576
0.145000	2.009428	3593.605625
0.147000	2.034585	3444.806473
0.149000	2.074279	3222.448584
0.151000	2.103427	3068.359363
0.153000	2.148693	2843.541898
0.155000	2.172168	2733.514662
0.157000	2.221915	2514.219803
0.159000	2.254982	2378.277134
0.161000	2.306366	2181.470094
0.163000	2.367068	1969.849597
0.165000	2.438805	1746.068176
0.167000	2.526145	1507.639395
0.169000	2.588103	1358.515431
0.171000	2.621002	1285.425253
0.173000	2.671692	1180.428490
0.175000	2.700914	1123.843600
0.177000	2.736452	1058.671703
0.179000	2.645622	1233.310460
0.181000	2.626061	1274.538286
0.183000	2.586357	1362.509255
0.185000	2.525568	1509.102506
0.187000	2.506791	1557.496751
0.189000	2.506556	1558.113030
0.191000	2.511370	1545.552974
0.193000	2.477937	1634.903870
0.195000	2.483358	1620.074168
0.197000	2.516988	1531.026815
0.199000	2.523095	1515.390136
0.201000	2.557201	1430.952305
0.203000	2.588740	1357.062479
0.205000	2.631223	1263.526356
0.207000	2.711544	1103.941411
0.209000	2.737645	1056.551375
0.211000	2.810289	935.096059
0.213000	2.891516	815.748039
0.215000	2.946008	744.344083
0.217000	3.038891	636.742119
0.219000	3.096598	577.874891
0.221000	3.167123	513.271320
0.223000	3.245272	450.083787
0.225000	3.306583	406.006420
0.227000	3.343822	381.369931
0.229000	3.438493	325.260353
0.231000	3.512713	287.108734
0.233000	3.542681	273.003294
0.235000	3.634542	233.939871
0.237000	3.670265	220.304869
0.239000	3.801359	176.733110
0.241000	3.882108	154.300257
0.243000	3.935561	141.040244
0.245000	3.999460	126.675594
0.247000	4.067890	112.910734
0.249000	4.112097	104.824114
0.251000	4.169339	95.207639
0.253000	4.196778	90.915854
0.255000	4.259862	81.768280
0.257000	4.296982	76.821922
0.259000	4.359720	69.132543
0.261000	4.436902	60.720522
0.263000	4.527959	52.102520
0.265000	4.579434	47.783581
0.267000	4.677056	40.551704
0.269000	4.799577	33.003605
0.271000	4.858404	29.896111
0.273000	4.923465	26.798857
0.275000	5.059539	21.319365
0.277000	5.116195	19.382611
0.279000	5.230844	15.984978
0.281000	5.310041	13.992452
0.283000	5.375158	12.541644
0.285000	5.524371	9.759342
0.287000	5.612923	8.409542
0.289000	5.764203	6.521230
0.291000	5.931569	4.922008
0.293000	6.082896	3.816499
0.295000	6.277648	2.750965
0.297000	6.431441	2.124257
0.299000	6.675657	1.409014
0.301000	6.835605	1.076823
0.303000	6.998075	0.819467
0.305000	7.148974	0.635868
0.307000	7.359811	0.446112
0.309000	7.439888	0.389926
0.311000	7.601515	0.297157
0.313000	7.714911	0.245584
0.315000	7.901670	0.179414
0.317000	8.098095	0.128960
0.319000	8.127653	0.122708
0.321000	8.232353	0.102905
0.323000	8.286147	0.094008
0.325000	8.325913	0.087929
0.327000	8.316333	0.089357
0.329000	8.382837	0.079905
0.331000	8.382657	0.079929
0.333000	8.446330	0.071816
0.335000	8.425206	0.074412
0.337000	8.477517	0.068148
0.339000	8.507649	0.064782
0.341000	8.551917	0.060136
0.343000	8.607549	0.054768
0.345000	8.652272	0.050801
0.347000	8.725027	0.044953
0.349000	8.828650	0.037766
0.351000	8.923308	0.032211
0.353000	9.015038	0.027608
0.355000	9.159393	0.021659
0.357000	9.315314	0.016665
0.359000	9.499372	0.012230
0.361000	9.681080	0.009011
0.363000	9.884537	0.006401
0.365000	10.120734	0.004303
0.367000	10.338452	0.002984
0.369000	10.561512	0.002051
0.371000	10.792568	0.001391
0.373000	11.003601	0.000976
0.375000	11.202371	0.000698
0.377000	11.433313	0.000474
0.379000	11.696141	0.000305
0.381000	11.853739	0.000234
0.383000	12.123507	0.000148
0.385000	12.265186	0.000117
0.387000	12.555661	0.000072
0.389000	12.783329	0.000049
0.391000	13.026387	0.000033
0.393000	13.248871	0.000022
0.395000	13.443427	0.000016
0.397000	13.818241	0.000009
0.399000	14.184312	0.000005

# Dumping simulation biases, in the metadata file order 
# Window  F (free energy units)
# 0	0.000000
# 1	-5.982425
# 2	-8.216686
# 3	-7.568224
# 4	-6.344250
# 5	-5.938955
# 6	-4.967407
# 7	-3.583321
# 8	-1.322113
# 9	0.596008
# 10	3.487851
#Iteration 410:  0.000799
#Iteration 420:  0.000732
#Iteration 430:  0.000670
#Iteration 440:  0.000614
#Iteration 450:  0.000562
#Iteration 460:  0.000515
#Iteration 470:  0.000471
#Iteration 480:  0.000431
#Iteration 490:  0.000395
#Iteration 500:  0.000362
0.001000	inf	0.000000
0.003000	inf	0.000000
0.005000	inf	0.000000
0.007000	inf	0.000000
0.009000	inf	0.000000
0.011000	inf	0.000000
0.013000	inf	0.000000
0.015000	inf	0.000000
0.017000	inf	0.000000
0.019000	inf	0.000000
0.021000	inf	0.000000
0.023000	inf	0.000000
0.025000	inf	0.000000
0.027000	inf	0.000000
0.029000	inf	0.000000
0.031000	inf	0.000000
0.033000	inf	0.000000
0.035000	inf	0.000000
0.037000	inf	0.000000
0.039000	inf	0.000000
0.041000	inf	0.000000
0.043000	inf	0.000000
0.045000	inf	0.000000
0.047000	9.460493	0.012994
0.049000	7.776637	0.220327
0.051000	6.649279	1.465897
0.053000	5.617829	8.300827
0.055000	4.681004	40.091986
0.057000	3.915444	145.197845
0.059000	3.233748	456.706987
0.061000	2.644890	1228.960439
0.063000	2.145778	2843.923046
0.065000	1.710927	5907.232395
0.067000	1.363917	10585.749468
0.069000	1.036143	18366.048452
0.071000	0.751263	29647.911952
0.073000	0.506486	44739.926405
0.075000	0.314894	61740.286388
0.077000	0.155953	80650.131804
0.079000	0.055574	95474.404228
0.081000	0.014695	102266.078113
0.083000	0.000000	104823.695099
0.085000	0.029263	99791.992183
0.087000	0.098992	88754.410621
0.089000	0.160121	80087.012093
0.091000	0.217191	72760.797789
0.093000	0.278334	65653.734141
0.095000	0.357571	57466.100371
0.097000	0.382863	55074.065226
0.099000	0.396267	53847.035579
0.101000	0.442888	49788.164956
0.103000	0.518786	43824.360517
0.105000	0.545757	41881.843346
0.107000	0.638444	35839.252694
0.109000	0.718808	31310.365240
0.111000	0.846280	25271.228398
0.113000	0.925631	22115.452456
0.115000	1.093056	16690.366226
0.117000	1.188034	14227.420391
0.119000	1.326687	11269.424188
0.121000	1.445317	9231.976720
0.123000	1.561746	7590.932883
0.125000	1.705571	5960.666258
0.127000	1.729849	5722.291480
0.129000	1.820647	4912.271668
0.131000	1.890992	4364.418283
0.133000	1.918773	4165.284858
0.135000	1.917555	4173.822456
0.137000	1.965525	3850.467895
0.139000	1.987651	3709.883104
0.141000	1.970573	3817.930963
0.143000	2.002523	3618.285567
0.145000	2.045539	3365.879511
0.147000	2.071014	3224.778180
0.149000	2.110941	3015.444293
0.151000	2.140269	2870.385111
0.153000	2.185690	2659.379515
0.155000	2.209320	2555.813505
0.157000	2.259245	2350.069493
0.159000	2.292542	2222.145028
0.161000	2.344239	2037.183373
0.163000	2.405382	1838.198852
0.165000	2.477738	1627.677634
0.167000	2.565939	1403.384415
0.169000	2.629061	1262.099820
0.171000	2.663477	1191.155346
0.173000	2.716046	1090.409723
0.175000	2.747452	1034.335546
0.177000	2.785350	970.497055
0.179000	2.696876	1126.121459
0.181000	2.679490	1159.517909
0.183000	2.641656	1235.659038
0.185000	2.582382	1365.123329
0.187000	2.564780	1406.120585
0.189000	2.565434	1404.574944
0.191000	2.570924	1391.672926
0.193000	2.538022	1470.813425
0.195000	2.543896	1456.360532
0.197000	2.577964	1375.301486
0.199000	2.584547	1360.165776
0.201000	2.619222	1283.147685
0.203000	2.651473	1215.434341
0.205000	2.694848	1129.966421
0.207000	2.776249	985.457696
0.209000	2.803594	941.183740
0.211000	2.877575	831.120656
0.213000	2.960133	723.422872
0.215000	3.015852	658.740470
0.217000	3.109788	562.516500
0.219000	3.168348	509.780831
0.221000	3.239531	452.288228
0.223000	3.318178	396.276615
0.225000	3.379864	357.243377
0.227000	3.417395	335.401004
0.229000	3.512313	285.936218
0.231000	3.586767	252.297588
0.233000	3.616992	239.798962
0.235000	3.709166	205.378389
0.237000	3.745299	193.275066
0.239000	3.876940	154.906807
0.241000	3.958414	135.079621
0.243000	4.012800	123.277698
0.245000	4.077847	110.508840
0.247000	4.147601	98.281616
0.249000	4.193231	91.024832
0.251000	4.251884	82.478260
0.253000	4.280621	78.588678
0.255000	4.344816	70.549468
0.257000	4.382835	66.181670
0.259000	4.446272	59.487433
0.261000	4.523987	52.202259
0.263000	4.615454	44.762308
0.265000	4.667264	41.028782
0.267000	4.765185	34.801709
0.269000	4.888011	28.309381
0.271000	4.947187	25.628806
0.273000	5.012683	22.956883
0.275000	5.149314	18.245869
0.277000	5.206679	16.568563
0.279000	5.322201	13.644164
0.281000	5.402417	11.922967
0.283000	5.468646	10.666780
0.285000	5.618982	8.284749
0.287000	5.708585	7.126306
0.289000	5.860779	5.517652
0.291000	6.028895	4.159295
0.293000	6.180811	3.221903
0.295000	6.376016	2.320604
0.297000	6.530164	1.790873
0.299000	6.774671	1.187300
0.301000	6.934884	0.906976
0.303000	7.097632	0.689891
0.305000	7.248859	0.535027
0.307000	7.460122	0.375095
0.309000	7.540776	0.327537
0.311000	7.703190	0.249280
0.313000	7.817650	0.205649
0.315000	8.005801	0.149887
0.317000	8.203967	0.107422
0.319000	8.235577	0.101863
0.321000	8.342529	0.085101
0.323000	8.398609	0.077445
0.325000	8.440518	0.072177
0.327000	8.432803	0.073119
0.329000	8.500829	0.065218
0.331000	8.501826	0.065109
0.333000	8.566374	0.058414
0.335000	8.545884	0.060461
0.337000	8.598650	0.055329
0.339000	8.629109	0.052567
0.341000	8.673620	0.048777
0.343000	8.729445	0.044408
0.345000	8.774337	0.041180
0.347000	8.847259	0.036429
0.349000	8.951064	0.030596
0.351000	9.045929	0.026086
0.353000	9.137894	0.022350
0.355000	9.282510	0.017526
0.357000	9.438700	0.013479
0.359000	9.623017	0.009888
0.361000	9.804957	0.007282
0.363000	10.008608	0.005171
0.365000	10.244959	0.003476
0.367000	10.462792	0.002410
0.369000	10.685937	0.001656
0.371000	10.917051	0.001123
0.373000	11.128126	0.000788
0.375000	11.326924	0.000564
0.377000	11.557886	0.000382
0.379000	11.820727	0.000246
0.381000	11.978334	0.000189
0.383000	12.248108	0.000120
0.385000	12.389791	0.000094
0.387000	12.680268	0.000058
0.389000	12.907938	0.000040
0.391000	13.150997	0.000026
0.393000	13.373482	0.000018
0.395000	13.568038	0.000013
0.397000	13.942853	0.000007
0.399000	14.308924	0.000004

# Dumping simulation biases, in the metadata file order 
# Window  F (free energy units)
# 0	0.000000
# 1	-5.981575
# 2	-8.213577
# 3	-7.556447
# 4	-6.304767
# 5	-5.876060
# 6	-4.891343
# 7	-3.493209
# 8	-1.220953
# 9	0.719750
# 10	3.614182
#Iteration 510:  0.000331
#Iteration 520:  0.000303
#Iteration 530:  0.000278
#Iteration 540:  0.000255
#Iteration 550:  0.000233
#Iteration 560:  0.000213
#Iteration 570:  0.000196
#Iteration 580:  0.000179
#Iteration 590:  0.000164
#Iteration 600:  0.000150
0.001000	inf	0.000000
0.003000	inf	0.000000
0.005000	inf	0.000000
0.007000	inf	0.000000
0.009000	inf	0.000000
0.011000	inf	0.000000
0.013000	inf	0.000000
0.015000	inf	0.000000
0.017000	inf	0.000000
0.019000	inf	0.000000
0.021000	inf	0.000000
0.023000	inf	0.000000
0.025000	inf	0.000000
0.027000	inf	0.000000
0.029000	inf	0.000000
0.031000	inf	0.000000
0.033000	inf	0.000000
0.035000	inf	0.000000
0.037000	inf	0.000000
0.039000	inf	0.000000
0.041000	inf	0.000000
0.043000	inf	0.000000
0.045000	inf	0.000000
0.047000	9.459322	0.012994
0.049000	7.775467	0.220325
0.051000	6.648112	1.465878
0.053000	5.616666	8.300663
0.055000	4.679846	40.090809
0.057000	3.914295	145.191525
0.059000	3.232611	456.677615
0.061000	2.643771	1228.844337
0.063000	2.144685	2843.531591
0.065000	1.709871	5906.060655
0.067000	1.362910	10582.766712
0.069000	1.035202	18358.828467
0.071000	0.750408	29632.000851
0.073000	0.505737	44707.964401
0.075000	0.314270	61683.197563
0.077000	0.155469	80556.422220
0.079000	0.055244	95338.968345
0.081000	0.014525	102093.372014
0.083000	0.000000	104616.861834
0.085000	0.029447	99564.390232
0.087000	0.099382	88521.146856
0.089000	0.160754	79843.950993
0.091000	0.218112	72504.939895
0.093000	0.279589	65386.165748
0.095000	0.359197	57196.237257
0.097000	0.384876	54779.772781
0.099000	0.398657	53525.346367
0.101000	0.445621	49462.093567
0.103000	0.521819	43515.511023
0.105000	0.549041	41569.049130
0.107000	0.641944	35558.658102
0.109000	0.722506	31054.927248
0.111000	0.850178	25056.638795
0.113000	0.929756	21919.273305
0.115000	1.097465	16534.414706
0.117000	1.192817	14085.647094
0.119000	1.331966	11147.816405
0.121000	1.451249	9122.352864
0.123000	1.568503	7490.386065
0.125000	1.713322	5871.897146
0.127000	1.738719	5626.480810
0.129000	1.830685	4820.549777
0.131000	1.902156	4274.825400
0.133000	1.930943	4072.889728
0.135000	1.930562	4075.493455
0.137000	1.979191	3755.592976
0.139000	2.001813	3615.458320
0.141000	1.985096	3718.500709
0.143000	2.017302	3522.532877
0.145000	2.060500	3275.807806
0.147000	2.086104	3137.803597
0.149000	2.126124	2933.652097
0.151000	2.155526	2792.183774
0.153000	2.201010	2586.649400
0.155000	2.224705	2485.646671
0.157000	2.274705	2285.262742
0.159000	2.308099	2160.513141
0.161000	2.359930	1980.237766
0.163000	2.421260	1786.253291
0.165000	2.493879	1580.981330
0.167000	2.582445	1362.286411
0.169000	2.646060	1224.124167
0.171000	2.681116	1154.071079
0.173000	2.734476	1055.059879
0.175000	2.766796	999.267032
0.177000	2.805676	936.046154
0.179000	2.718177	1084.366877
0.181000	2.701688	1114.845004
0.183000	2.664620	1186.522758
0.185000	2.605965	1309.476389
0.187000	2.588841	1347.717924
0.189000	2.589857	1345.417762
0.191000	2.595621	1332.443776
0.193000	2.562936	1407.702758
0.195000	2.568997	1393.433674
0.197000	2.603245	1315.477920
0.199000	2.610026	1300.567655
0.201000	2.644939	1226.434043
0.203000	2.677488	1161.132560
0.205000	2.721235	1078.807797
0.207000	2.803087	940.128554
0.209000	2.830950	897.109940
0.211000	2.905486	791.462345
0.213000	2.988594	688.266041
0.215000	3.044819	626.194039
0.217000	3.139189	534.334730
0.219000	3.198098	483.956322
0.221000	3.269552	429.181013
0.223000	3.348403	375.902104
0.225000	3.410243	338.788119
0.227000	3.447894	318.009865
0.229000	3.542914	271.063537
0.231000	3.617466	239.135381
0.233000	3.647798	227.247854
0.235000	3.740103	194.585840
0.237000	3.776408	183.065625
0.239000	3.908279	146.667448
0.241000	3.990057	127.829408
0.243000	4.044835	116.584196
0.245000	4.110361	104.424390
0.247000	4.180668	92.784179
0.249000	4.226889	85.847935
0.251000	4.286127	77.710960
0.253000	4.315400	73.979514
0.255000	4.380053	66.360700
0.257000	4.418442	62.213573
0.259000	4.482165	55.893763
0.261000	4.560098	49.030669
0.263000	4.651735	42.030808
0.265000	4.703682	38.516202
0.267000	4.801727	32.663673
0.269000	4.924680	26.564542
0.271000	4.984002	24.043286
0.273000	5.049679	21.530088
0.275000	5.186543	17.105171
0.277000	5.244204	15.524988
0.279000	5.360091	12.776947
0.281000	5.440732	11.157179
0.283000	5.507423	9.973923
0.285000	5.658225	7.740554
0.287000	5.748262	6.653344
0.289000	5.900833	5.148187
0.291000	6.069258	3.878772
0.293000	6.221417	3.003377
0.295000	6.416810	2.162529
0.297000	6.571103	1.668471
0.299000	6.815731	1.105926
0.301000	6.976056	0.844657
0.303000	7.138920	0.642361
0.305000	7.290288	0.498050
0.307000	7.501732	0.349065
0.309000	7.582632	0.304681
0.311000	7.745382	0.231754
0.313000	7.860295	0.191045
0.315000	8.049037	0.139105
0.317000	8.247940	0.099571
0.319000	8.280415	0.094281
0.321000	8.388311	0.078642
0.323000	8.445344	0.071452
0.325000	8.488143	0.066492
0.327000	8.481198	0.067273
0.329000	8.549850	0.059940
0.331000	8.551329	0.059792
0.333000	8.616235	0.053611
0.335000	8.596005	0.055466
0.337000	8.648956	0.050742
0.339000	8.679549	0.048198
0.341000	8.724159	0.044716
0.343000	8.780063	0.040705
0.345000	8.825024	0.037742
0.347000	8.898015	0.033384
0.349000	9.001895	0.028035
0.351000	9.096846	0.023899
0.353000	9.188910	0.020472
0.355000	9.333634	0.016051
0.357000	9.489935	0.012343
0.359000	9.674360	0.009052
0.361000	9.856397	0.006666
0.363000	10.060129	0.004733
0.365000	10.296543	0.003181
0.367000	10.514424	0.002205
0.369000	10.737604	0.001515
0.371000	10.968743	0.001028
0.373000	11.179834	0.000721
0.375000	11.378645	0.000516
0.377000	11.609614	0.000350
0.379000	11.872461	0.000225
0.381000	12.030071	0.000173
0.383000	12.299848	0.000110
0.385000	12.441533	0.000086
0.387000	12.732011	0.000053
0.389000	12.959682	0.000036
0.391000	13.202741	0.000024
0.393000	13.425227	0.000017
0.395000	13.619783	0.000012
0.397000	13.994597	0.000006
0.399000	14.360669	0.000003

# Dumping simulation biases, in the metadata file order 
# Window  F (free energy units)
# 0	0.000000
# 1	-5.981223
# 2	-8.212290
# 3	-7.551578
# 4	-6.288420
# 5	-5.849991
# 6	-4.859815
# 7	-3.455848
# 8	-1.179008
# 9	0.771130
# 10	3.666639
#Iteration 610:  0.000138
#Iteration 620:  0.000126
#Iteration 630:  0.000115
#Iteration 640:  0.000106
#Iteration 650:  0.000097
#Iteration 660:  0.000089
#Iteration 670:  0.000081
#Iteration 680:  0.000074
#Iteration 690:  0.000068
#Iteration 700:  0.000062
0.001000	inf	0.000000
0.003000	inf	0.000000
0.005000	inf	0.000000
0.007000	inf	0.000000
0.009000	inf	0.000000
0.011000	inf	0.000000
0.013000	inf	0.000000
0.015000	inf	0.000000
0.017000	inf	0.000000
0.019000	inf	0.000000
0.021000	inf	0.000000
0.023000	inf	0.000000
0.025000	inf	0.000000
0.027000	inf	0.000000
0.029000	inf	0.000000
0.031000	inf	0.000000
0.033000	inf	0.000000
0.035000	inf	0.000000
0.037000	inf	0.000000
0.039000	inf	0.000000
0.041000	inf	0.000000
0.043000	inf	0.000000
0.045000	inf	0.000000
0.047000	9.458836	0.012994
0.049000	7.774981	0.220324
0.051000	6.647628	1.465870
0.053000	5.616183	8.300595
0.055000	4.679366	40.090321
0.057000	3.913818	145.188902
0.059000	3.232139	456.665424
0.061000	2.643307	1228.796149
0.063000	2.144232	2843.369123
0.065000	1.709432	5905.574361
0.067000	1.362492	10581.528886
0.069000	1.034811	18355.832460
0.071000	0.750052	29625.399108
0.073000	0.505425	44694.704787
0.075000	0.314010	61659.517963
0.077000	0.155269	80517.560123
0.079000	0.055107	95282.812465
0.081000	0.014455	102021.774721
0.083000	0.000000	104531.128622
0.085000	0.029523	99470.059345
0.087000	0.099544	88424.481152
0.089000	0.161017	79743.242278
0.091000	0.218494	72398.957100
0.093000	0.280110	65275.375792
0.095000	0.359872	57084.555506
0.097000	0.385711	54658.055561
0.099000	0.399648	53392.382583
0.101000	0.446756	49327.398083
0.103000	0.523077	43387.992783
0.105000	0.550404	41439.950391
0.107000	0.643397	35442.877576
0.109000	0.724041	30949.540292
0.111000	0.851796	24968.106435
0.113000	0.931469	21838.330676
0.115000	1.099298	16470.061362
0.117000	1.194805	14027.136418
0.119000	1.334163	11097.625680
0.121000	1.453718	9077.115754
0.123000	1.571318	7448.916317
0.125000	1.716551	5835.320653
0.127000	1.742414	5587.058968
0.129000	1.834864	4782.876061
0.131000	1.906802	4238.094701
0.133000	1.936003	4035.077486
0.135000	1.935968	4035.314973
0.137000	1.984868	3716.874293
0.139000	2.007693	3576.960151
0.141000	1.991124	3677.990192
0.143000	2.023436	3483.540238
0.145000	2.066708	3239.141463
0.147000	2.092365	3102.406644
0.149000	2.132424	2900.369886
0.151000	2.161856	2760.366489
0.153000	2.207367	2557.060699
0.155000	2.231088	2457.102705
0.157000	2.281120	2258.900835
0.159000	2.314554	2135.444257
0.161000	2.366441	1957.076799
0.163000	2.427849	1765.128163
0.165000	2.500579	1561.993895
0.167000	2.589298	1345.579243
0.169000	2.653120	1208.691774
0.171000	2.688444	1139.008820
0.173000	2.742133	1040.712643
0.175000	2.774834	985.047653
0.177000	2.814122	922.093220
0.179000	2.727028	1067.476859
0.181000	2.710909	1096.796487
0.183000	2.674158	1166.692656
0.185000	2.615758	1287.039213
0.187000	2.598832	1324.186540
0.189000	2.599997	1321.595389
0.191000	2.605874	1308.602193
0.193000	2.573279	1382.306677
0.195000	2.579416	1368.117933
0.197000	2.613739	1291.416047
0.199000	2.620602	1276.601913
0.201000	2.655614	1203.634133
0.203000	2.688287	1139.309223
0.205000	2.732189	1058.255924
0.207000	2.814229	921.927626
0.209000	2.842307	879.423533
0.211000	2.917073	775.558288
0.213000	3.000410	674.176722
0.215000	3.056845	613.159205
0.217000	3.151394	523.054287
0.219000	3.210448	473.624208
0.221000	3.282014	419.939399
0.223000	3.360949	367.755647
0.225000	3.422853	331.410555
0.227000	3.460554	311.058770
0.229000	3.555615	265.119797
0.231000	3.630208	233.875813
0.233000	3.660584	222.233064
0.235000	3.752945	190.274273
0.237000	3.789321	178.987724
0.239000	3.921288	143.377219
0.241000	4.003193	124.935087
0.243000	4.058135	113.913225
0.245000	4.123860	101.997727
0.247000	4.194397	90.593001
0.249000	4.240864	83.785945
0.251000	4.300345	75.813458
0.253000	4.329840	72.146177
0.255000	4.394683	64.695550
0.257000	4.433224	60.636901
0.259000	4.497066	54.466399
0.261000	4.575090	47.771310
0.263000	4.666796	40.946436
0.265000	4.718800	37.518912
0.267000	4.816897	31.815175
0.269000	4.939902	25.872190
0.271000	4.999285	23.414254
0.273000	5.065038	20.964141
0.275000	5.201998	16.652823
0.277000	5.259783	15.111290
0.279000	5.375822	12.433303
0.281000	5.456640	10.853874
0.283000	5.523523	9.699652
0.285000	5.674518	7.525252
0.287000	5.764735	6.466324
0.289000	5.917463	5.002161
0.291000	6.086016	3.767942
0.293000	6.238275	2.917067
0.295000	6.433745	2.100109
0.297000	6.588099	1.620147
0.299000	6.832778	1.073805
0.301000	6.993148	0.820060
0.303000	7.156062	0.623604
0.305000	7.307488	0.483459
0.307000	7.519008	0.338795
0.309000	7.600011	0.295665
0.311000	7.762903	0.224843
0.313000	7.878006	0.185288
0.315000	8.066996	0.134857
0.317000	8.266208	0.096480
0.319000	8.299044	0.091299
0.321000	8.407334	0.076104
0.323000	8.464764	0.069100
0.325000	8.507932	0.064264
0.327000	8.501307	0.064983
0.329000	8.570217	0.057876
0.331000	8.571896	0.057712
0.333000	8.636950	0.051734
0.335000	8.616826	0.053514
0.337000	8.669853	0.048950
0.339000	8.700502	0.046492
0.341000	8.745153	0.043130
0.343000	8.801089	0.039260
0.345000	8.846079	0.036400
0.347000	8.919098	0.032195
0.349000	9.023010	0.027035
0.351000	9.117997	0.023045
0.353000	9.210101	0.019740
0.355000	9.354870	0.015476
0.357000	9.511218	0.011899
0.359000	9.695688	0.008726
0.361000	9.877765	0.006426
0.363000	10.081530	0.004562
0.365000	10.317971	0.003066
0.367000	10.535872	0.002125
0.369000	10.759066	0.001461
0.371000	10.990215	0.000990
0.373000	11.201314	0.000694
0.375000	11.400129	0.000497
0.377000	11.631102	0.000337
0.379000	11.893951	0.000217
0.381000	12.051563	0.000166
0.383000	12.321340	0.000106
0.385000	12.463026	0.000083
0.387000	12.753505	0.000051
0.389000	12.981176	0.000035
0.391000	13.224235	0.000023
0.393000	13.446721	0.000016
0.395000	13.641277	0.000011
0.397000	14.016092	0.000006
0.399000	14.382163	0.000003

# Dumping simulation biases, in the metadata file order 
# Window  F (free energy units)
# 0	0.000000
# 1	-5.981077
# 2	-8.211757
# 3	-7.549560
# 4	-6.281638
# 5	-5.839171
# 6	-4.846730
# 7	-3.440340
# 8	-1.161596
# 9	0.792472
# 10	3.688429
#Iteration 710:  0.000057
#Iteration 720:  0.000052
#Iteration 730:  0.000048
#Iteration 740:  0.000044
#Iteration 750:  0.000040
#Iteration 760:  0.000037
#Iteration 770:  0.000034
#Iteration 780:  0.000031
#Iteration 790:  0.000028
#Iteration 800:  0.000026
0.001000	inf	0.000000
0.003000	inf	0.000000
0.005000	inf	0.000000
0.007000	inf	0.000000
0.009000	inf	0.000000
0.011000	inf	0.000000
0.013000	inf	0.000000
0.015000	inf	0.000000
0.017000	inf	0.000000
0.019000	inf	0.000000
0.021000	inf	0.000000
0.023000	inf	0.000000
0.025000	inf	0.000000
0.027000	inf	0.000000
0.029000	inf	0.000000
0.031000	inf	0.000000
0.033000	inf	0.000000
0.035000	inf	0.000000
0.037000	inf	0.000000
0.039000	inf	0.000000
0.041000	inf	0.000000
0.043000	inf	0.000000
0.045000	inf	0.000000
0.047000	9.458634	0.012994
0.049000	7.774780	0.220324
0.051000	6.647426	1.465867
0.053000	5.615983	8.300567
0.055000	4.679166	40.090119
0.057000	3.913620	145.187813
0.059000	3.231943	456.660361
0.061000	2.643114	1228.776137
0.063000	2.144043	2843.301651
0.065000	1.709250	5905.372409
0.067000	1.362318	10581.014844
0.069000	1.034649	18354.588328
0.071000	0.749905	29622.657771
0.073000	0.505296	44689.199128
0.075000	0.313903	61649.686409
0.077000	0.155185	80501.426183
0.079000	0.055050	95259.500658
0.081000	0.014425	101992.054829
0.083000	0.000000	104495.542987
0.085000	0.029554	99430.906940
0.087000	0.099612	88384.361703
0.089000	0.161126	79701.447796
0.091000	0.218653	72354.978708
0.093000	0.280326	65229.410160
0.095000	0.360152	57038.229932
0.097000	0.386058	54607.580095
0.099000	0.400060	53337.257754
0.101000	0.447227	49271.568973
0.103000	0.523599	43335.149343
0.105000	0.550970	41386.460243
0.107000	0.644000	35394.910506
0.109000	0.724678	30905.881466
0.111000	0.852468	24931.430250
0.113000	0.932181	21804.797671
0.115000	1.100059	16443.399534
0.117000	1.195632	14002.893878
0.119000	1.335076	11076.829938
0.121000	1.454745	9058.373829
0.123000	1.572489	7431.739034
0.125000	1.717894	5820.176420
0.127000	1.743951	5570.746337
0.129000	1.836603	4767.298120
0.131000	1.908733	4222.918440
0.133000	1.938107	4019.465849
0.135000	1.938215	4018.736966
0.137000	1.987227	3700.906837
0.139000	2.010136	3561.089877
0.141000	1.993628	3661.295177
0.143000	2.025984	3467.474073
0.145000	2.069286	3224.035980
0.147000	2.094965	3087.825571
0.149000	2.135040	2886.660887
0.151000	2.164484	2747.261532
0.153000	2.210006	2544.874087
0.155000	2.233738	2445.346710
0.157000	2.283783	2248.043802
0.159000	2.317234	2125.120015
0.161000	2.369145	1947.538607
0.163000	2.430586	1756.428754
0.165000	2.503361	1554.175300
0.167000	2.592144	1338.700283
0.169000	2.656052	1202.338629
0.171000	2.691488	1132.809406
0.173000	2.745315	1034.809336
0.175000	2.778174	979.199296
0.177000	2.817632	916.357185
0.179000	2.730705	1060.536964
0.181000	2.714741	1089.384315
0.183000	2.678121	1158.552497
0.185000	2.619826	1277.832325
0.187000	2.602981	1314.533512
0.189000	2.604208	1311.825189
0.191000	2.610133	1298.825765
0.193000	2.577574	1371.894154
0.195000	2.583744	1357.739427
0.197000	2.618097	1281.552493
0.199000	2.624995	1266.778690
0.201000	2.660048	1194.289773
0.203000	2.692772	1130.366287
0.205000	2.736739	1049.835422
0.207000	2.818857	914.471894
0.209000	2.847024	872.180341
0.211000	2.921886	769.046802
0.213000	3.005318	668.409844
0.215000	3.061840	607.825348
0.217000	3.156463	518.439398
0.219000	3.215578	469.398091
0.221000	3.287190	416.159891
0.223000	3.366160	364.424395
0.225000	3.428090	328.393975
0.227000	3.465811	308.216749
0.229000	3.560890	262.689769
0.231000	3.635500	231.725600
0.233000	3.665895	220.183021
0.235000	3.758278	188.511807
0.237000	3.794685	177.320897
0.239000	3.926691	142.032481
0.241000	4.008649	123.752314
0.243000	4.063659	112.821913
0.245000	4.129468	101.006450
0.247000	4.200100	89.698150
0.249000	4.246669	82.944094
0.251000	4.306251	75.038988
0.253000	4.335838	71.398103
0.255000	4.400760	64.016266
0.257000	4.439364	59.993838
0.259000	4.503255	53.884323
0.261000	4.581316	47.257808
0.263000	4.673052	40.504323
0.265000	4.725079	37.112334
0.267000	4.823197	31.469278
0.269000	4.946224	25.589964
0.271000	5.005632	23.157857
0.273000	5.071417	20.733478
0.275000	5.208418	16.468478
0.277000	5.266254	14.942719
0.279000	5.382356	12.293301
0.281000	5.463247	10.730332
0.283000	5.530210	9.587961
0.285000	5.681286	7.437595
0.287000	5.771578	6.390198
0.289000	5.924370	4.942733
0.291000	6.092976	3.722845
0.293000	6.245277	2.881952
0.295000	6.440779	2.074716
0.297000	6.595158	1.600490
0.299000	6.839858	1.060739
0.301000	7.000248	0.810055
0.303000	7.163182	0.615975
0.305000	7.314632	0.477525
0.307000	7.526184	0.334619
0.309000	7.607231	0.292000
0.311000	7.770181	0.222034
0.313000	7.885364	0.182949
0.315000	8.074457	0.133131
0.317000	8.273798	0.095225
0.319000	8.306785	0.090088
0.321000	8.415238	0.075074
0.323000	8.472833	0.068146
0.325000	8.516155	0.063360
0.327000	8.509662	0.064055
0.329000	8.578679	0.057039
0.331000	8.580441	0.056870
0.333000	8.645556	0.050974
0.335000	8.625476	0.052723
0.337000	8.678535	0.048225
0.339000	8.709206	0.045801
0.341000	8.753874	0.042488
0.343000	8.809824	0.038674
0.345000	8.854826	0.035856
0.347000	8.927858	0.031714
0.349000	9.031782	0.026630
0.351000	9.126784	0.022700
0.353000	9.218905	0.019443
0.355000	9.363693	0.015243
0.357000	9.520060	0.011719
0.359000	9.704549	0.008594
0.361000	9.886642	0.006328
0.363000	10.090421	0.004493
0.365000	10.326873	0.003019
0.367000	10.544782	0.002093
0.369000	10.767982	0.001438
0.371000	10.999136	0.000975
0.373000	11.210237	0.000684
0.375000	11.409055	0.000490
0.377000	11.640029	0.000332
0.379000	11.902879	0.000213
0.381000	12.060491	0.000164
0.383000	12.330269	0.000104
0.385000	12.471955	0.000082
0.387000	12.762434	0.000050
0.389000	12.990105	0.000034
0.391000	13.233165	0.000023
0.393000	13.455651	0.000016
0.395000	13.650207	0.000011
0.397000	14.025022	0.000006
0.399000	14.391093	0.000003

# Dumping simulation biases, in the metadata file order 
# Window  F (free energy units)
# 0	0.000000
# 1	-5.981016
# 2	-8.211535
# 3	-7.548722
# 4	-6.278822
# 5	-5.834678
# 6	-4.841295
# 7	-3.433899
# 8	-1.154363
# 9	0.801339
# 10	3.697481
#Iteration 810:  0.000024
#Iteration 820:  0.000022
#Iteration 830:  0.000020
#Iteration 840:  0.000018
#Iteration 850:  0.000017
#Iteration 860:  0.000015
#Iteration 870:  0.000014
#Iteration 880:  0.000013
#Iteration 890:  0.000012
#Iteration 900:  0.000011
0.001000	inf	0.000000
0.003000	inf	0.000000
0.005000	inf	0.000000
0.007000	inf	0.000000
0.009000	inf	0.000000
0.011000	inf	0.000000
0.013000	inf	0.000000
0.015000	inf	0.000000
0.017000	inf	0.000000
0.019000	inf	0.000000
0.021000	inf	0.000000
0.023000	inf	0.000000
0.025000	inf	0.000000
0.027000	inf	0.000000
0.029000	inf	0.000000
0.031000	inf	0.000000
0.033000	inf	0.000000
0.035000	inf	0.000000
0.037000	inf	0.000000
0.039000	inf	0.000000
0.041000	inf	0.000000
0.043000	inf	0.000000
0.045000	inf	0.000000
0.047000	9.458550	0.012994
0.049000	7.774696	0.220324
0.051000	6.647343	1.465865
0.053000	5.615899	8.300555
0.055000	4.679084	40.090034
0.057000	3.913538	145.187360
0.059000	3.231862	456.658258
0.061000	2.643034	1228.767824
0.063000	2.143965	2843.273623
0.065000	1.709174	5905.288518
0.067000	1.362246	10580.801313
0.069000	1.034581	18354.071527
0.071000	0.749844	29621.519067
0.073000	0.505242	44686.912229
0.075000	0.313858	61645.602772
0.077000	0.155151	80494.725001
0.079000	0.055026	95249.818479
0.081000	0.014413	101979.711513
0.083000	0.000000	104480.763854
0.085000	0.029567	99414.646813
0.087000	0.099640	88367.700310
0.089000	0.161172	79684.091281
0.091000	0.218719	72336.716092
0.093000	0.280416	65210.323614
0.095000	0.360269	57018.995660
0.097000	0.386203	54586.625008
0.099000	0.400232	53314.374969
0.101000	0.447423	49248.396186
0.103000	0.523816	43313.217669
0.105000	0.551205	41364.261584
0.107000	0.644250	35375.004787
0.109000	0.724943	30887.764000
0.111000	0.852747	24916.210472
0.113000	0.932477	21790.882067
0.115000	1.100375	16432.335096
0.117000	1.195975	13992.833194
0.119000	1.335456	11068.199617
0.121000	1.455172	9050.596091
0.123000	1.572976	7424.611271
0.125000	1.718453	5813.893352
0.127000	1.744590	5563.980197
0.129000	1.837325	4760.838665
0.131000	1.909536	4216.627566
0.133000	1.938981	4012.996477
0.135000	1.939148	4011.868953
0.137000	1.988206	3694.293176
0.139000	2.011151	3554.517538
0.141000	1.994668	3654.382115
0.143000	2.027042	3460.821970
0.145000	2.070357	3217.782015
0.147000	2.096045	3081.788972
0.149000	2.136127	2880.985491
0.151000	2.165576	2741.836313
0.153000	2.211102	2539.829119
0.155000	2.234839	2440.480064
0.157000	2.284890	2243.549346
0.159000	2.318348	2120.846162
0.161000	2.370268	1943.590202
0.163000	2.431722	1752.827635
0.165000	2.504517	1550.938881
0.167000	2.593327	1335.852932
0.169000	2.657271	1199.709085
0.171000	2.692753	1130.243726
0.173000	2.746636	1032.366514
0.175000	2.779562	976.779615
0.177000	2.819090	913.984447
0.179000	2.732233	1057.666856
0.181000	2.716332	1086.319530
0.183000	2.679767	1155.187333
0.185000	2.621517	1274.026765
0.187000	2.604705	1310.544035
0.189000	2.605958	1307.787662
0.191000	2.611902	1294.785946
0.193000	2.579358	1367.591716
0.195000	2.585541	1353.451229
0.197000	2.619908	1277.477220
0.199000	2.626819	1262.720239
0.201000	2.661890	1190.429336
0.203000	2.694636	1126.671893
0.205000	2.738629	1046.357090
0.207000	2.820779	911.392352
0.209000	2.848984	869.188893
0.211000	2.923886	766.357853
0.213000	3.007357	666.028660
0.215000	3.063915	605.623202
0.217000	3.158569	516.534270
0.219000	3.217708	467.653596
0.221000	3.289340	414.599846
0.223000	3.368325	363.049439
0.225000	3.430265	327.148940
0.227000	3.467995	307.043791
0.229000	3.563082	261.686870
0.231000	3.637698	230.838203
0.233000	3.668101	219.336980
0.235000	3.760494	187.784465
0.237000	3.796913	176.633044
0.239000	3.928936	141.477568
0.241000	4.010916	123.264264
0.243000	4.065953	112.371634
0.245000	4.131797	100.597483
0.247000	4.202469	89.329004
0.249000	4.249080	82.596853
0.251000	4.308704	74.719580
0.253000	4.338330	71.089615
0.255000	4.403284	63.736174
0.257000	4.441915	59.728702
0.259000	4.505827	53.644348
0.261000	4.583903	47.046114
0.263000	4.675650	40.322067
0.265000	4.727688	36.944731
0.267000	4.825814	31.326693
0.269000	4.948851	25.473629
0.271000	5.008269	23.052172
0.273000	5.074067	20.638403
0.275000	5.211085	16.392498
0.277000	5.268942	14.873245
0.279000	5.385070	12.235605
0.281000	5.465992	10.679423
0.283000	5.532989	9.541940
0.285000	5.684097	7.401481
0.287000	5.774420	6.358838
0.289000	5.927239	4.918253
0.291000	6.095868	3.704269
0.293000	6.248186	2.867489
0.295000	6.443701	2.064258
0.297000	6.598091	1.592394
0.299000	6.842799	1.055358
0.301000	7.003197	0.805935
0.303000	7.166140	0.612833
0.305000	7.317600	0.475081
0.307000	7.529166	0.332899
0.309000	7.610230	0.290490
0.311000	7.773205	0.220877
0.313000	7.888420	0.181985
0.315000	8.077557	0.132421
0.317000	8.276951	0.094708
0.319000	8.310001	0.089590
0.321000	8.418522	0.074650
0.323000	8.476186	0.067754
0.325000	8.519571	0.062988
0.327000	8.513133	0.063674
0.329000	8.582195	0.056694
0.331000	8.583991	0.056524
0.333000	8.649131	0.050661
0.335000	8.629070	0.052399
0.337000	8.682142	0.047926
0.339000	8.712823	0.045517
0.341000	8.757498	0.042224
0.343000	8.813453	0.038433
0.345000	8.858460	0.035633
0.347000	8.931497	0.031516
0.349000	9.035427	0.026464
0.351000	9.130434	0.022558
0.353000	9.222563	0.019321
0.355000	9.367358	0.015147
0.357000	9.523734	0.011646
0.359000	9.708230	0.008540
0.361000	9.890330	0.006288
0.363000	10.094115	0.004464
0.365000	10.330571	0.003000
0.367000	10.548484	0.002080
0.369000	10.771686	0.001429
0.371000	11.002842	0.000969
0.373000	11.213945	0.000680
0.375000	11.412763	0.000486
0.377000	11.643738	0.000330
0.379000	11.906588	0.000212
0.381000	12.064201	0.000163
0.383000	12.333979	0.000103
0.385000	12.475665	0.000081
0.387000	12.766144	0.000050
0.389000	12.993815	0.000034
0.391000	13.236875	0.000023
0.393000	13.459361	0.000016
0.395000	13.653917	0.000011
0.397000	14.028732	0.000006
0.399000	14.394803	0.000003

# Dumping simulation biases, in the metadata file order 
# Window  F (free energy units)
# 0	0.000000
# 1	-5.980991
# 2	-8.211443
# 3	-7.548374
# 4	-6.277653
# 5	-5.832811
# 6	-4.839038
# 7	-3.431223
# 8	-1.151359
# 9	0.805023
# 10	3.701242
#Iteration 910:  0.000010
#Iteration 920:  0.000009
#Iteration 930:  0.000008
#Iteration 940:  0.000008
#Iteration 950:  0.000007
#Iteration 960:  0.000006
#Iteration 970:  0.000006
#Iteration 980:  0.000005
#Iteration 990:  0.000005
#Iteration 1000:  0.000004
0.001000	inf	0.000000
0.003000	inf	0.000000
0.005000	inf	0.000000
0.007000	inf	0.000000
0.009000	inf	0.000000
0.011000	inf	0.000000
0.013000	inf	0.000000
0.015000	inf	0.000000
0.017000	inf	0.000000
0.019000	inf	0.000000
0.021000	inf	0.000000
0.023000	inf	0.000000
0.025000	inf	0.000000
0.027000	inf	0.000000
0.029000	inf	0.000000
0.031000	inf	0.000000
0.033000	inf	0.000000
0.035000	inf	0.000000
0.037000	inf	0.000000
0.039000	inf	0.000000
0.041000	inf	0.000000
0.043000	inf	0.000000
0.045000	inf	0.000000
0.047000	9.458515	0.012994
0.049000	7.774661	0.220324
0.051000	6.647308	1.465865
0.053000	5.615865	8.300550
0.055000	4.679049	40.089999
0.057000	3.913504	145.187172
0.059000	3.231828	456.657384
0.061000	2.643000	1228.764370
0.063000	2.143932	2843.261979
0.065000	1.709142	5905.253666
0.067000	1.362216	10580.712602
0.069000	1.034553	18353.856826
0.071000	0.749818	29621.046004
0.073000	0.505220	44685.962169
0.075000	0.313839	61643.906304
0.077000	0.155136	80491.941160
0.079000	0.055016	95245.796311
0.081000	0.014408	101974.583917
0.083000	0.000000	104474.624445
0.085000	0.029573	99407.892240
0.087000	0.099651	88360.779109
0.089000	0.161191	79676.881412
0.091000	0.218747	72329.129973
0.093000	0.280454	65202.395467
0.095000	0.360317	57011.006451
0.097000	0.386263	54577.921417
0.099000	0.400303	53304.871149
0.101000	0.447504	49238.772326
0.103000	0.523906	43304.109576
0.105000	0.551302	41355.042858
0.107000	0.644354	35366.738424
0.109000	0.725053	30880.240323
0.111000	0.852863	24909.890131
0.113000	0.932599	21785.103282
0.115000	1.100506	16427.740282
0.117000	1.196118	13988.655177
0.119000	1.335613	11064.615593
0.121000	1.455349	9047.366171
0.123000	1.573178	7421.651386
0.125000	1.718685	5811.284422
0.127000	1.744855	5561.170970
0.129000	1.837625	4758.157107
0.131000	1.909870	4214.016341
0.133000	1.939344	4010.311501
0.135000	1.939536	4009.018841
0.137000	1.988614	3691.548859
0.139000	2.011572	3551.790553
0.141000	1.995100	3651.513898
0.143000	2.027481	3458.062123
0.145000	2.070802	3215.187413
0.147000	2.096494	3079.284591
0.149000	2.136578	2878.630990
0.151000	2.166029	2739.585619
0.153000	2.211558	2537.736188
0.155000	2.235297	2438.461120
0.157000	2.285349	2241.684814
0.159000	2.318810	2119.073156
0.161000	2.370734	1941.952217
0.163000	2.432195	1751.333732
0.165000	2.504998	1549.596286
0.167000	2.593818	1334.671757
0.169000	2.657777	1198.618293
0.171000	2.693278	1129.179466
0.173000	2.747186	1031.353270
0.175000	2.780138	975.776039
0.177000	2.819696	913.000422
0.179000	2.732868	1056.476667
0.181000	2.716994	1085.048721
0.183000	2.680451	1153.792081
0.185000	2.622219	1272.449020
0.187000	2.605422	1308.890123
0.189000	2.606685	1306.113895
0.191000	2.612637	1293.111277
0.193000	2.580100	1365.808221
0.195000	2.586288	1351.673668
0.197000	2.620660	1275.787949
0.199000	2.627578	1261.037968
0.201000	2.662655	1188.829173
0.203000	2.695410	1125.140591
0.205000	2.739414	1044.915385
0.207000	2.821578	910.115984
0.209000	2.849798	867.949089
0.211000	2.924717	765.243472
0.213000	3.008204	665.041873
0.215000	3.064777	604.710653
0.217000	3.159444	515.744834
0.219000	3.218594	466.930745
0.221000	3.290233	413.953441
0.223000	3.369224	362.479737
0.225000	3.431169	326.633078
0.227000	3.468903	306.557798
0.229000	3.563992	261.271342
0.231000	3.638611	230.470532
0.233000	3.669017	218.986448
0.235000	3.761414	187.483115
0.237000	3.797838	176.348059
0.239000	3.929868	141.247665
0.241000	4.011858	123.062067
0.243000	4.066907	112.185091
0.245000	4.132765	100.428061
0.247000	4.203453	89.176086
0.249000	4.250082	82.453016
0.251000	4.309724	74.587278
0.253000	4.339365	70.961843
0.255000	4.404333	63.620168
0.257000	4.442975	59.618895
0.259000	4.506895	53.544963
0.261000	4.584978	46.958443
0.263000	4.676730	40.246589
0.265000	4.728772	36.875322
0.267000	4.826902	31.267646
0.269000	4.949942	25.425453
0.271000	5.009365	23.008406
0.273000	5.075168	20.599032
0.275000	5.212192	16.361035
0.277000	5.270059	14.844476
0.279000	5.386198	12.211714
0.281000	5.467133	10.658343
0.283000	5.534143	9.522886
0.285000	5.685265	7.386528
0.287000	5.775601	6.345854
0.289000	5.928432	4.908119
0.291000	6.097069	3.696579
0.293000	6.249394	2.861501
0.295000	6.444915	2.059928
0.297000	6.599309	1.589043
0.299000	6.844021	1.053130
0.301000	7.004422	0.804229
0.303000	7.167369	0.611533
0.305000	7.318833	0.474069
0.307000	7.530404	0.332187
0.309000	7.611476	0.289865
0.311000	7.774461	0.220398
0.313000	7.889690	0.181586
0.315000	8.078845	0.132126
0.317000	8.278262	0.094494
0.319000	8.311337	0.089383
0.321000	8.419887	0.074475
0.323000	8.477579	0.067591
0.325000	8.520990	0.062834
0.327000	8.514575	0.063516
0.329000	8.583656	0.056552
0.331000	8.585466	0.056380
0.333000	8.650617	0.050532
0.335000	8.630564	0.052264
0.337000	8.683641	0.047803
0.339000	8.714326	0.045400
0.341000	8.759004	0.042115
0.343000	8.814961	0.038334
0.345000	8.859970	0.035540
0.347000	8.933009	0.031434
0.349000	9.036941	0.026395
0.351000	9.131951	0.022499
0.353000	9.224083	0.019271
0.355000	9.368881	0.015107
0.357000	9.525260	0.011615
0.359000	9.709759	0.008518
0.361000	9.891863	0.006272
0.363000	10.095650	0.004453
0.365000	10.332108	0.002992
0.367000	10.550022	0.002074
0.369000	10.773225	0.001425
0.371000	11.004382	0.000966
0.373000	11.215485	0.000678
0.375000	11.414304	0.000485
0.377000	11.645278	0.000329
0.379000	11.908129	0.000212
0.381000	12.065742	0.000162
0.383000	12.335520	0.000103
0.385000	12.477206	0.000081
0.387000	12.767685	0.000050
0.389000	12.995356	0.000034
0.391000	13.238416	0.000023
0.393000	13.460902	0.000016
0.395000	13.655458	0.000011
0.397000	14.030273	0.000006
0.399000	14.396344	0.000003

# Dumping simulation biases, in the metadata file order 
# Window  F (free energy units)
# 0	0.000000
# 1	-5.980980
# 2	-8.211405
# 3	-7.548229
# 4	-6.277167
# 5	-5.832036
# 6	-4.838100
# 7	-3.430112
# 8	-1.150111
# 9	0.806553
# 10	3.702805
#Iteration 1010:  0.000004
#Iteration 1020:  0.000004
#Iteration 1030:  0.000003
#Iteration 1040:  0.000003
#Iteration 1050:  0.000003
#Iteration 1060:  0.000003
#Iteration 1070:  0.000002
#Iteration 1080:  0.000002
#Iteration 1090:  0.000002
#Iteration 1100:  0.000002
0.001000	inf	0.000000
0.003000	inf	0.000000
0.005000	inf	0.000000
0.007000	inf	0.000000
0.009000	inf	0.000000
0.011000	inf	0.000000
0.013000	inf	0.000000
0.015000	inf	0.000000
0.017000	inf	0.000000
0.019000	inf	0.000000
0.021000	inf	0.000000
0.023000	inf	0.000000
0.025000	inf	0.000000
0.027000	inf	0.000000
0.029000	inf	0.000000
0.031000	inf	0.000000
0.033000	inf	0.000000
0.035000	inf	0.000000
0.037000	inf	0.000000
0.039000	inf	0.000000
0.041000	inf	0.000000
0.043000	inf	0.000000
0.045000	inf	0.000000
0.047000	9.458501	0.012994
0.049000	7.774647	0.220324
0.051000	6.647294	1.465864
0.053000	5.615850	8.300548
0.055000	4.679035	40.089985
0.057000	3.913489	145.187094
0.059000	3.231814	456.657021
0.061000	2.642987	1228.762935
0.063000	2.143919	2843.257141
0.065000	1.709129	5905.239186
0.067000	1.362203	10580.675746
0.069000	1.034542	18353.767625
0.071000	0.749808	29620.849463
0.073000	0.505211	44685.567455
0.075000	0.313831	61643.201488
0.077000	0.155130	80490.784592
0.079000	0.055012	95244.125280
0.081000	0.014406	101972.453640
0.083000	0.000000	104472.073816
0.085000	0.029575	99405.086051
0.087000	0.099656	88357.903704
0.089000	0.161199	79673.886095
0.091000	0.218758	72325.978371
0.093000	0.280469	65199.101810
0.095000	0.360337	57007.687477
0.097000	0.386287	54574.305732
0.099000	0.400332	53300.923104
0.101000	0.447538	49234.774485
0.103000	0.523944	43300.326044
0.105000	0.551343	41351.213411
0.107000	0.644398	35363.304612
0.109000	0.725098	30877.115031
0.111000	0.852911	24907.264699
0.113000	0.932650	21782.702804
0.115000	1.100561	16425.831613
0.117000	1.196177	13986.919637
0.119000	1.335679	11063.126794
0.121000	1.455423	9046.024474
0.123000	1.573262	7420.421881
0.125000	1.718781	5810.200732
0.127000	1.744965	5560.004130
0.129000	1.837750	4757.043354
0.131000	1.910008	4212.931860
0.133000	1.939495	4009.196449
0.135000	1.939697	4007.835264
0.137000	1.988783	3690.409257
0.139000	2.011748	3550.658179
0.141000	1.995280	3650.322904
0.143000	2.027664	3456.916144
0.145000	2.070987	3214.110060
0.147000	2.096680	3078.244709
0.149000	2.136766	2877.653346
0.151000	2.166218	2738.651081
0.153000	2.211747	2536.867159
0.155000	2.235487	2437.622814
0.157000	2.285540	2240.910624
0.159000	2.319003	2118.336971
0.161000	2.370928	1941.272096
0.163000	2.432391	1750.713439
0.165000	2.505197	1549.038821
0.167000	2.594022	1334.181320
0.169000	2.657987	1198.165389
0.171000	2.693496	1128.737585
0.173000	2.747414	1030.932580
0.175000	2.780378	975.359375
0.177000	2.819947	912.591888
0.179000	2.733132	1055.982560
0.181000	2.717268	1084.521164
0.183000	2.680735	1153.212882
0.185000	2.622511	1271.794081
0.187000	2.605719	1308.203581
0.189000	2.606987	1305.419122
0.191000	2.612942	1292.416139
0.193000	2.580408	1365.067917
0.195000	2.586598	1350.935833
0.197000	2.620972	1275.086766
0.199000	2.627893	1260.339695
0.201000	2.662973	1188.164987
0.203000	2.695731	1124.504992
0.205000	2.739740	1044.316983
0.207000	2.821910	909.586216
0.209000	2.850137	867.434506
0.211000	2.925062	764.780954
0.213000	3.008556	664.632322
0.215000	3.065135	604.331920
0.217000	3.159808	515.417201
0.219000	3.218961	466.630751
0.221000	3.290604	413.685176
0.223000	3.369597	362.243306
0.225000	3.431545	326.418992
0.227000	3.469280	306.356109
0.229000	3.564370	261.098897
0.231000	3.638991	230.317948
0.233000	3.669398	218.840977
0.235000	3.761797	187.358055
0.237000	3.798223	176.229791
0.239000	3.930255	141.152257
0.241000	4.012249	122.978157
0.243000	4.067303	112.107678
0.245000	4.133167	100.357755
0.247000	4.203862	89.112630
0.249000	4.250498	82.393329
0.251000	4.310147	74.532379
0.253000	4.339795	70.908825
0.255000	4.404768	63.572033
0.257000	4.443415	59.573332
0.259000	4.507339	53.503726
0.261000	4.585424	46.922067
0.263000	4.677179	40.215272
0.265000	4.729222	36.846524
0.267000	4.827353	31.243146
0.269000	4.950395	25.405464
0.271000	5.009820	22.990247
0.273000	5.075625	20.582696
0.275000	5.212653	16.347980
0.277000	5.270523	14.832540
0.279000	5.386667	12.201802
0.281000	5.467607	10.649598
0.283000	5.534622	9.514980
0.285000	5.685751	7.380325
0.287000	5.776092	6.340467
0.289000	5.928927	4.903914
0.291000	6.097568	3.693389
0.293000	6.249896	2.859017
0.295000	6.445420	2.058132
0.297000	6.599816	1.587653
0.299000	6.844529	1.052206
0.301000	7.004931	0.803522
0.303000	7.167879	0.610993
0.305000	7.319345	0.473650
0.307000	7.530919	0.331892
0.309000	7.611994	0.289606
0.311000	7.774983	0.220199
0.313000	7.890218	0.181421
0.315000	8.079380	0.132004
0.317000	8.278806	0.094405
0.319000	8.311892	0.089298
0.321000	8.420454	0.074402
0.323000	8.478158	0.067524
0.325000	8.521580	0.062771
0.327000	8.515174	0.063450
0.329000	8.584262	0.056493
0.331000	8.586079	0.056321
0.333000	8.651234	0.050478
0.335000	8.631184	0.052208
0.337000	8.684264	0.047752
0.339000	8.714950	0.045351
0.341000	8.759629	0.042070
0.343000	8.815588	0.038293
0.345000	8.860598	0.035502
0.347000	8.933637	0.031400
0.349000	9.037570	0.026367
0.351000	9.132581	0.022475
0.353000	9.224714	0.019250
0.355000	9.369514	0.015091
0.357000	9.525894	0.011602
0.359000	9.710395	0.008509
0.361000	9.892499	0.006265
0.363000	10.096288	0.004448
0.365000	10.332746	0.002989
0.367000	10.550661	0.002072
0.369000	10.773865	0.001424
0.371000	11.005022	0.000965
0.373000	11.216125	0.000677
0.375000	11.414944	0.000485
0.377000	11.645919	0.000329
0.379000	11.908769	0.000211
0.381000	12.066382	0.000162
0.383000	12.336161	0.000103
0.385000	12.477847	0.000081
0.387000	12.768326	0.000050
0.389000	12.995997	0.000034
0.391000	13.239057	0.000023
0.393000	13.461542	0.000016
0.395000	13.656099	0.000011
0.397000	14.030913	0.000006
0.399000	14.396985	0.000003

# Dumping simulation biases, in the metadata file order 
# Window  F (free energy units)
# 0	0.000000
# 1	-5.980976
# 2	-8.211389
# 3	-7.548169
# 4	-6.276965
# 5	-5.831714
# 6	-4.837710
# 7	-3.429650
# 8	-1.149592
# 9	0.807189
# 10	3.703454
#Iteration 1110:  0.000002
#Iteration 1120:  0.000002
#Iteration 1130:  0.000001
#Iteration 1140:  0.000001
#Iteration 1150:  0.000001
#Iteration 1160:  0.000001
#Iteration 1170:  0.000001
#Iteration 1180:  0.000001
#Iteration 1190:  0.000001
#Iteration 1200:  0.000001
0.001000	inf	0.000000
0.003000	inf	0.000000
0.005000	inf	0.000000
0.007000	inf	0.000000
0.009000	inf	0.000000
0.011000	inf	0.000000
0.013000	inf	0.000000
0.015000	inf	0.000000
0.017000	inf	0.000000
0.019000	inf	0.000000
0.021000	inf	0.000000
0.023000	inf	0.000000
0.025000	inf	0.000000
0.027000	inf	0.000000
0.029000	inf	0.000000
0.031000	inf	0.000000
0.033000	inf	0.000000
0.035000	inf	0.000000
0.037000	inf	0.000000
0.039000	inf	0.000000
0.041000	inf	0.000000
0.043000	inf	0.000000
0.045000	inf	0.000000
0.047000	9.458495	0.012994
0.049000	7.774641	0.220324
0.051000	6.647288	1.465864
0.053000	5.615844	8.300547
0.055000	4.679029	40.089979
0.057000	3.913484	145.187062
0.059000	3.231808	456.656870
0.061000	2.642981	1228.762339
0.063000	2.143913	2843.255131
0.065000	1.709124	5905.233170
0.067000	1.362198	10580.660433
0.069000	1.034537	18353.730564
0.071000	0.749803	29620.767805
0.073000	0.505207	44685.403462
0.075000	0.313828	61642.908657
0.077000	0.155128	80490.304071
0.079000	0.055010	95243.431015
0.081000	0.014405	101971.568575
0.083000	0.000000	104471.014110
0.085000	0.029576	99403.920168
0.087000	0.099658	88356.709067
0.089000	0.161202	79672.641641
0.091000	0.218763	72324.668989
0.093000	0.280476	65197.733416
0.095000	0.360345	57006.308574
0.097000	0.386298	54572.803568
0.099000	0.400344	53299.282872
0.101000	0.447552	49233.113576
0.103000	0.523959	43298.754180
0.105000	0.551360	41349.622479
0.107000	0.644416	35361.878051
0.109000	0.725117	30875.816644
0.111000	0.852931	24906.173977
0.113000	0.932672	21781.705537
0.115000	1.100584	16425.038664
0.117000	1.196202	13986.198613
0.119000	1.335706	11062.508277
0.121000	1.455454	9045.467072
0.123000	1.573297	7419.911091
0.125000	1.718821	5809.750526
0.127000	1.745011	5559.519389
0.129000	1.837802	4756.580677
0.131000	1.910066	4212.481353
0.133000	1.939558	4008.733253
0.135000	1.939764	4007.343611
0.137000	1.988853	3689.935880
0.139000	2.011820	3550.187810
0.141000	1.995354	3649.828188
0.143000	2.027740	3456.440130
0.145000	2.071064	3213.662554
0.147000	2.096758	3077.812768
0.149000	2.136844	2877.247258
0.151000	2.166296	2738.262899
0.153000	2.211826	2536.506188
0.155000	2.235566	2437.274604
0.157000	2.285619	2240.589047
0.159000	2.319082	2118.031181
0.161000	2.371009	1940.989594
0.163000	2.432472	1750.455787
0.165000	2.505280	1548.807267
0.167000	2.594107	1333.977608
0.169000	2.658075	1197.977267
0.171000	2.693587	1128.554043
0.173000	2.747509	1030.757842
0.175000	2.780477	975.186311
0.177000	2.820052	912.422204
0.179000	2.733242	1055.777336
0.181000	2.717383	1084.302050
0.183000	2.680853	1152.972322
0.185000	2.622632	1271.522068
0.187000	2.605843	1307.918445
0.189000	2.607112	1305.130569
0.191000	2.613069	1292.127435
0.193000	2.580536	1364.760456
0.195000	2.586727	1350.629399
0.197000	2.621102	1274.795554
0.199000	2.628023	1260.049693
0.201000	2.663105	1187.889142
0.203000	2.695865	1124.241022
0.205000	2.739876	1044.068462
0.207000	2.822048	909.366200
0.209000	2.850277	867.220798
0.211000	2.925205	764.588871
0.213000	3.008702	664.462236
0.215000	3.065284	604.174635
0.217000	3.159959	515.281139
0.219000	3.219114	466.506167
0.221000	3.290758	413.573769
0.223000	3.369753	362.145120
0.225000	3.431701	326.330086
0.227000	3.469436	306.272352
0.229000	3.564527	261.027283
0.231000	3.639148	230.254583
0.233000	3.669556	218.780566
0.235000	3.761956	187.306120
0.237000	3.798382	176.180677
0.239000	3.930416	141.112636
0.241000	4.012411	122.943312
0.243000	4.067467	112.075531
0.245000	4.133334	100.328558
0.247000	4.204032	89.086278
0.249000	4.250671	82.368544
0.251000	4.310323	74.509582
0.253000	4.339974	70.886809
0.255000	4.404949	63.552045
0.257000	4.443598	59.554412
0.259000	4.507523	53.486602
0.261000	4.585610	46.906962
0.263000	4.677365	40.202267
0.265000	4.729409	36.834565
0.267000	4.827541	31.232973
0.269000	4.950584	25.397164
0.271000	5.010009	22.982707
0.273000	5.075815	20.575913
0.275000	5.212844	16.342560
0.277000	5.270716	14.827584
0.279000	5.386861	12.197686
0.281000	5.467803	10.645966
0.283000	5.534821	9.511697
0.285000	5.685952	7.377749
0.287000	5.776296	6.338230
0.289000	5.929133	4.902168
0.291000	6.097775	3.692064
0.293000	6.250105	2.857986
0.295000	6.445629	2.057386
0.297000	6.600026	1.587075
0.299000	6.844740	1.051823
0.301000	7.005143	0.803228
0.303000	7.168091	0.610769
0.305000	7.319558	0.473476
0.307000	7.531133	0.331769
0.309000	7.612209	0.289498
0.311000	7.775200	0.220117
0.313000	7.890437	0.181352
0.315000	8.079602	0.131954
0.317000	8.279032	0.094368
0.319000	8.312123	0.089262
0.321000	8.420689	0.074372
0.323000	8.478398	0.067496
0.325000	8.521825	0.062744
0.327000	8.515423	0.063423
0.329000	8.584515	0.056469
0.331000	8.586333	0.056296
0.333000	8.651491	0.050456
0.335000	8.631442	0.052185
0.337000	8.684522	0.047730
0.339000	8.715209	0.045331
0.341000	8.759889	0.042051
0.343000	8.815848	0.038275
0.345000	8.860858	0.035486
0.347000	8.933898	0.031386
0.349000	9.037831	0.026355
0.351000	9.132843	0.022464
0.353000	9.224977	0.019241
0.355000	9.369777	0.015084
0.357000	9.526158	0.011597
0.359000	9.710659	0.008505
0.361000	9.892764	0.006262
0.363000	10.096553	0.004446
0.365000	10.333012	0.002987
0.367000	10.550927	0.002071
0.369000	10.774131	0.001423
0.371000	11.005288	0.000965
0.373000	11.216391	0.000677
0.375000	11.415210	0.000484
0.377000	11.646185	0.000329
0.379000	11.909035	0.000211
0.381000	12.066648	0.000162
0.383000	12.336427	0.000103
0.385000	12.478113	0.000081
0.387000	12.768592	0.000050
0.389000	12.996263	0.000034
0.391000	13.239323	0.000023
0.393000	13.461808	0.000016
0.395000	13.656365	0.000011
0.397000	14.031179	0.000006
0.399000	14.397251	0.000003

# Dumping simulation biases, in the metadata file order 
# Window  F (free energy units)
# 0	0.000000
# 1	-5.980974
# 2	-8.211383
# 3	-7.548144
# 4	-6.276881
# 5	-5.831580
# 6	-4.837548
# 7	-3.429458
# 8	-1.149377
# 9	0.807453
# 10	3.703724
#Iteration 1210:  0.000001
#Iteration 1220:  0.000001
#Iteration 1230:  0.000001
#Iteration 1240:  0.000001
#Iteration 1250:  0.000000
#Iteration 1260:  0.000000
# Dumping simulation biases, in the metadata file order 
# Window  F (free energy units)
# 0	0.000000
# 1	-5.980974
# 2	-8.211381
# 3	-7.548137
# 4	-6.276857
# 5	-5.831541
# 6	-4.837501
# 7	-3.429402
# 8	-1.149314
# 9	0.807530
# 10	3.703802
# No MC error analysis requested
