# /home/btan/Software/WHAM/wham/wham/wham 0.0 0.4 200 1e-06 300 0 /home/btan/Documents/BD2_DCAF16_8ov6/umbrella_sampling/RMSD/results/backbone_RMSD/BD2withDCAF16/run3/RED/metafile.txt /home/btan/Documents/BD2_DCAF16_8ov6/umbrella_sampling/RMSD/results/backbone_RMSD/BD2withDCAF16/run3/RED/pmf.txt
#Number of windows = 11
#Iteration 10:  0.046188
#Iteration 20:  0.038372
#Iteration 30:  0.035671
#Iteration 40:  0.033818
#Iteration 50:  0.031239
#Iteration 60:  0.028392
#Iteration 70:  0.025551
#Iteration 80:  0.022868
#Iteration 90:  0.020413
#Iteration 100:  0.018207
0.001000	inf	0.000000
0.003000	inf	0.000000
0.005000	inf	0.000000
0.007000	inf	0.000000
0.009000	inf	0.000000
0.011000	inf	0.000000
0.013000	inf	0.000000
0.015000	inf	0.000000
0.017000	inf	0.000000
0.019000	inf	0.000000
0.021000	inf	0.000000
0.023000	inf	0.000000
0.025000	inf	0.000000
0.027000	inf	0.000000
0.029000	inf	0.000000
0.031000	inf	0.000000
0.033000	inf	0.000000
0.035000	inf	0.000000
0.037000	inf	0.000000
0.039000	inf	0.000000
0.041000	inf	0.000000
0.043000	inf	0.000000
0.045000	inf	0.000000
0.047000	inf	0.000000
0.049000	8.574849	0.061108
0.051000	7.371847	0.461701
0.053000	6.079322	4.054888
0.055000	5.100989	20.999925
0.057000	4.209034	94.058122
0.059000	3.390658	372.269934
0.061000	2.744914	1102.270897
0.063000	2.154496	2973.907442
0.065000	1.703190	6350.481748
0.067000	1.302307	12458.741169
0.069000	0.977734	21499.633230
0.071000	0.707314	33872.976301
0.073000	0.477940	49809.191013
0.075000	0.314834	65521.799502
0.077000	0.186040	81360.374826
0.079000	0.076069	97880.975027
0.081000	0.010355	109313.435134
0.083000	0.000000	111232.854413
0.085000	0.023689	106890.473806
0.087000	0.067953	99225.624573
0.089000	0.157535	85353.936212
0.091000	0.213349	77709.887986
0.093000	0.295710	67662.405647
0.095000	0.323391	64586.047436
0.097000	0.351638	61590.998672
0.099000	0.349836	61777.798866
0.101000	0.341814	62616.582331
0.103000	0.351037	61653.261140
0.105000	0.359058	60827.502129
0.107000	0.379523	58770.476568
0.109000	0.416287	55248.356174
0.111000	0.414472	55417.242983
0.113000	0.470619	50425.988506
0.115000	0.522163	46240.654623
0.117000	0.590185	41244.347527
0.119000	0.671535	35972.748480
0.121000	0.788163	29568.452203
0.123000	0.893857	24755.175984
0.125000	1.017600	20106.049708
0.127000	1.168997	15588.284812
0.129000	1.354358	11414.939354
0.131000	1.527694	8529.601384
0.133000	1.694805	6440.621261
0.135000	1.876143	4748.330168
0.137000	2.050927	3539.470952
0.139000	2.214523	2688.461038
0.141000	2.362157	2097.599477
0.143000	2.486256	1702.642005
0.145000	2.638645	1317.863496
0.147000	2.749791	1093.271147
0.149000	2.827228	959.829709
0.151000	2.913938	829.641767
0.153000	2.972586	751.751555
0.155000	2.953150	776.718813
0.157000	2.913515	830.232821
0.159000	2.917251	825.035237
0.161000	2.925290	813.960263
0.163000	2.971454	753.183116
0.165000	2.974872	748.868379
0.167000	3.027519	685.441032
0.169000	3.068002	640.347030
0.171000	3.103453	603.301137
0.173000	3.202225	511.004511
0.175000	3.277918	449.950410
0.177000	3.363150	389.888515
0.179000	3.466809	327.538906
0.181000	3.570763	275.024291
0.183000	3.671794	232.066479
0.185000	3.818693	181.287536
0.187000	3.913603	154.553086
0.189000	4.041103	124.737149
0.191000	4.181387	98.532731
0.193000	4.302899	80.328472
0.195000	4.466194	61.045703
0.197000	4.569193	51.340464
0.199000	4.684028	42.327596
0.201000	4.828270	33.213779
0.203000	4.882156	30.337396
0.205000	4.953950	26.888397
0.207000	4.967907	26.264867
0.209000	4.891103	29.884553
0.211000	4.796920	35.011087
0.213000	4.781810	35.911792
0.215000	4.724442	39.547461
0.217000	4.678622	42.713999
0.219000	4.649826	44.832497
0.221000	4.649470	44.859341
0.223000	4.666203	43.615103
0.225000	4.645509	45.159026
0.227000	4.689884	41.912913
0.229000	4.761679	37.147825
0.231000	4.823972	33.454640
0.233000	4.941951	27.436236
0.235000	5.066807	22.241938
0.237000	5.191907	18.023643
0.239000	5.323548	14.445641
0.241000	5.392231	12.870474
0.243000	5.560482	9.699774
0.245000	5.602355	9.040485
0.247000	5.667019	8.109306
0.249000	5.672997	8.028215
0.251000	5.627733	8.662926
0.253000	5.551024	9.855226
0.255000	5.477288	11.155731
0.257000	5.373236	13.288080
0.259000	5.299429	15.043365
0.261000	5.236490	16.722226
0.263000	5.186247	18.195962
0.265000	5.170170	18.694423
0.267000	5.176099	18.509023
0.269000	5.158697	19.058447
0.271000	5.191761	18.028059
0.273000	5.201229	17.743408
0.275000	5.235412	16.752579
0.277000	5.283297	15.456905
0.279000	5.334361	14.185437
0.281000	5.391273	12.891212
0.283000	5.489203	10.934519
0.285000	5.565684	9.615328
0.287000	5.636048	8.542678
0.289000	5.755314	6.990743
0.291000	5.845697	6.005351
0.293000	5.978827	4.801158
0.295000	6.083535	4.026273
0.297000	6.213564	3.235745
0.299000	6.336206	2.632924
0.301000	6.434250	2.232855
0.303000	6.617988	1.639537
0.305000	6.722073	1.376365
0.307000	6.855492	1.099841
0.309000	7.019114	0.835365
0.311000	7.122182	0.702475
0.313000	7.256005	0.560961
0.315000	7.360476	0.470612
0.317000	7.503341	0.370137
0.319000	7.637391	0.295460
0.321000	7.746572	0.245918
0.323000	7.843534	0.208931
0.325000	7.944434	0.176335
0.327000	8.081219	0.140113
0.329000	8.200234	0.114707
0.331000	8.305229	0.096148
0.333000	8.427162	0.078329
0.335000	8.564033	0.062230
0.337000	8.732228	0.046903
0.339000	8.887282	0.036142
0.341000	9.061466	0.026968
0.343000	9.258596	0.019361
0.345000	9.454861	0.013920
0.347000	9.668921	0.009713
0.349000	9.919714	0.006372
0.351000	10.242916	0.003701
0.353000	10.479237	0.002488
0.355000	10.845284	0.001344
0.357000	11.186491	0.000758
0.359000	11.496821	0.000450
0.361000	11.787797	0.000276
0.363000	11.959319	0.000207
0.365000	12.020932	0.000186
0.367000	12.151328	0.000150
0.369000	12.159373	0.000148
0.371000	12.175489	0.000144
0.373000	12.196473	0.000139
0.375000	12.251276	0.000127
0.377000	12.308279	0.000115
0.379000	12.431940	0.000093
0.381000	12.524242	0.000080
0.383000	12.645250	0.000065
0.385000	12.826240	0.000048
0.387000	13.017287	0.000035
0.389000	13.217040	0.000025
0.391000	13.440154	0.000017
0.393000	13.664159	0.000012
0.395000	13.894962	0.000008
0.397000	14.164751	0.000005
0.399000	14.420253	0.000003

# Dumping simulation biases, in the metadata file order 
# Window  F (free energy units)
# 0	0.000000
# 1	-6.010926
# 2	-8.250131
# 3	-7.885846
# 4	-5.967554
# 5	-4.436529
# 6	-3.512740
# 7	-3.146377
# 8	-1.548143
# 9	1.082745
# 10	4.636395
#Iteration 110:  0.016242
#Iteration 120:  0.014502
#Iteration 130:  0.012964
#Iteration 140:  0.011604
#Iteration 150:  0.010400
#Iteration 160:  0.009333
#Iteration 170:  0.008385
#Iteration 180:  0.007541
#Iteration 190:  0.006788
#Iteration 200:  0.006115
0.001000	inf	0.000000
0.003000	inf	0.000000
0.005000	inf	0.000000
0.007000	inf	0.000000
0.009000	inf	0.000000
0.011000	inf	0.000000
0.013000	inf	0.000000
0.015000	inf	0.000000
0.017000	inf	0.000000
0.019000	inf	0.000000
0.021000	inf	0.000000
0.023000	inf	0.000000
0.025000	inf	0.000000
0.027000	inf	0.000000
0.029000	inf	0.000000
0.031000	inf	0.000000
0.033000	inf	0.000000
0.035000	inf	0.000000
0.037000	inf	0.000000
0.039000	inf	0.000000
0.041000	inf	0.000000
0.043000	inf	0.000000
0.045000	inf	0.000000
0.047000	inf	0.000000
0.049000	8.506901	0.061075
0.051000	7.304056	0.461330
0.053000	6.011764	4.050043
0.055000	5.033774	20.962767
0.057000	4.142318	93.812896
0.059000	3.324662	370.849841
0.061000	2.679942	1096.177350
0.063000	2.090951	2950.380962
0.065000	1.641588	6279.709263
0.067000	1.243280	12266.680359
0.069000	0.922038	21050.008620
0.071000	0.655840	32929.986751
0.073000	0.431750	47994.425498
0.075000	0.275193	62443.382410
0.077000	0.154433	76497.634926
0.079000	0.054175	90540.255324
0.081000	0.000000	99172.846084
0.083000	0.003143	98650.304999
0.085000	0.042468	92339.694108
0.087000	0.104729	83163.866713
0.089000	0.214767	69119.444410
0.091000	0.293209	60580.569455
0.093000	0.399498	50668.309531
0.095000	0.451023	46464.394431
0.097000	0.501521	42682.882105
0.099000	0.519225	41431.288143
0.101000	0.527462	40861.599748
0.103000	0.549850	39352.338605
0.105000	0.568561	38133.818764
0.107000	0.598106	36286.181160
0.109000	0.643300	33631.545296
0.111000	0.650251	33240.874266
0.113000	0.716469	29739.206590
0.115000	0.780282	26714.202516
0.117000	0.863455	23228.500875
0.119000	0.963107	19645.780649
0.121000	1.100807	15586.192359
0.123000	1.229237	12559.698753
0.125000	1.375748	9817.878036
0.127000	1.548268	7346.289277
0.129000	1.751873	5217.050177
0.131000	1.940023	3802.456986
0.133000	2.118601	2816.384844
0.135000	2.308533	2046.592328
0.137000	2.489673	1509.343454
0.139000	2.658032	1137.303863
0.141000	2.809417	881.772604
0.143000	2.936774	711.834832
0.145000	3.092406	547.972014
0.147000	3.207268	451.754662
0.149000	3.289439	393.471622
0.151000	3.382548	336.463883
0.153000	3.450045	300.373429
0.155000	3.442823	304.042182
0.157000	3.419721	316.082343
0.159000	3.445087	302.887592
0.161000	3.480117	285.566742
0.163000	3.558001	250.522822
0.165000	3.596168	234.954419
0.167000	3.684070	202.679462
0.169000	3.757647	179.099516
0.171000	3.821973	160.743179
0.173000	3.944382	130.848091
0.175000	4.038449	111.710260
0.177000	4.137434	94.586318
0.179000	4.251157	78.127513
0.181000	4.362443	64.797609
0.183000	4.468935	54.176842
0.185000	4.620152	42.016148
0.187000	4.718867	35.591668
0.189000	4.850236	28.539190
0.191000	4.995049	22.372789
0.193000	5.122430	18.060280
0.195000	5.293771	13.540520
0.197000	5.408052	11.173876
0.199000	5.538707	8.970540
0.201000	5.704803	6.785144
0.203000	5.788064	5.898929
0.205000	5.897831	4.904982
0.207000	5.958445	4.429813
0.209000	5.935547	4.603650
0.211000	5.899438	4.891750
0.213000	5.942392	4.550985
0.215000	5.938910	4.577697
0.217000	5.939731	4.571382
0.219000	5.948920	4.501313
0.221000	5.978002	4.286546
0.223000	6.016729	4.016380
0.225000	6.012105	4.047719
0.227000	6.068170	3.683662
0.229000	6.148645	3.217575
0.231000	6.217765	2.864621
0.233000	6.341705	2.325860
0.235000	6.472547	1.866643
0.237000	6.604550	1.495174
0.239000	6.744985	1.180772
0.241000	6.825479	1.031337
0.243000	7.009853	0.756480
0.245000	7.073538	0.679678
0.247000	7.166924	0.580933
0.249000	7.209169	0.541109
0.251000	7.207241	0.542866
0.253000	7.179010	0.569250
0.255000	7.155666	0.592032
0.257000	7.100170	0.649921
0.259000	7.069859	0.683895
0.261000	7.043435	0.714958
0.263000	7.022276	0.740846
0.265000	7.028530	0.733098
0.267000	7.051326	0.705537
0.269000	7.046802	0.710923
0.271000	7.090179	0.660929
0.273000	7.108681	0.640689
0.275000	7.151760	0.595932
0.277000	7.209405	0.540894
0.279000	7.271921	0.486937
0.281000	7.342519	0.432446
0.283000	7.456459	0.357066
0.285000	7.550775	0.304714
0.287000	7.639738	0.262389
0.289000	7.777031	0.208312
0.291000	7.883683	0.174121
0.293000	8.030618	0.136013
0.295000	8.146536	0.111932
0.297000	8.285500	0.088614
0.299000	8.415383	0.071233
0.301000	8.519667	0.059779
0.303000	8.709367	0.043456
0.305000	8.819854	0.036090
0.307000	8.960819	0.028476
0.309000	9.133771	0.021292
0.311000	9.248426	0.017559
0.313000	9.396238	0.013696
0.315000	9.516740	0.011185
0.317000	9.676779	0.008546
0.319000	9.827883	0.006629
0.321000	9.952753	0.005374
0.323000	10.063165	0.004464
0.325000	10.174930	0.003699
0.327000	10.320109	0.002898
0.329000	10.445435	0.002348
0.331000	10.555159	0.001952
0.333000	10.680735	0.001581
0.335000	10.820615	0.001249
0.337000	10.991595	0.000937
0.339000	11.149592	0.000719
0.341000	11.327252	0.000533
0.343000	11.528759	0.000380
0.345000	11.730643	0.000271
0.347000	11.951804	0.000187
0.349000	12.211216	0.000121
0.351000	12.544277	0.000069
0.353000	12.791099	0.000046
0.355000	13.167490	0.000024
0.357000	13.518125	0.000013
0.359000	13.836455	0.000008
0.361000	14.133816	0.000005
0.363000	14.310189	0.000004
0.365000	14.375352	0.000003
0.367000	14.508275	0.000003
0.369000	14.518082	0.000002
0.371000	14.535411	0.000002
0.373000	14.557222	0.000002
0.375000	14.612585	0.000002
0.377000	14.669965	0.000002
0.379000	14.793880	0.000002
0.381000	14.886351	0.000001
0.383000	15.007474	0.000001
0.385000	15.188540	0.000001
0.387000	15.379638	0.000001
0.389000	15.579425	0.000000
0.391000	15.802562	0.000000
0.393000	16.026583	0.000000
0.395000	16.257396	0.000000
0.397000	16.527191	0.000000
0.399000	16.782698	0.000000

# Dumping simulation biases, in the metadata file order 
# Window  F (free energy units)
# 0	0.000000
# 1	-5.991880
# 2	-8.165826
# 3	-7.597000
# 4	-5.454932
# 5	-3.573519
# 6	-2.060951
# 7	-1.192680
# 8	0.584665
# 9	3.383883
# 10	7.040616
#Iteration 210:  0.005512
#Iteration 220:  0.004972
#Iteration 230:  0.004487
#Iteration 240:  0.004051
#Iteration 250:  0.003659
#Iteration 260:  0.003306
#Iteration 270:  0.002987
#Iteration 280:  0.002700
#Iteration 290:  0.002441
#Iteration 300:  0.002207
0.001000	inf	0.000000
0.003000	inf	0.000000
0.005000	inf	0.000000
0.007000	inf	0.000000
0.009000	inf	0.000000
0.011000	inf	0.000000
0.013000	inf	0.000000
0.015000	inf	0.000000
0.017000	inf	0.000000
0.019000	inf	0.000000
0.021000	inf	0.000000
0.023000	inf	0.000000
0.025000	inf	0.000000
0.027000	inf	0.000000
0.029000	inf	0.000000
0.031000	inf	0.000000
0.033000	inf	0.000000
0.035000	inf	0.000000
0.037000	inf	0.000000
0.039000	inf	0.000000
0.041000	inf	0.000000
0.043000	inf	0.000000
0.045000	inf	0.000000
0.047000	inf	0.000000
0.049000	8.487705	0.061065
0.051000	7.284912	0.461208
0.053000	5.992696	4.048449
0.055000	5.014818	20.950551
0.057000	4.123527	93.732330
0.059000	3.306109	370.383736
0.061000	2.661725	1094.180011
0.063000	2.073203	2942.683536
0.065000	1.624478	6256.609032
0.067000	1.227017	12204.179513
0.069000	0.906870	20904.223465
0.071000	0.642064	32625.549647
0.073000	0.419717	47411.482437
0.075000	0.265331	61460.283192
0.077000	0.147249	74955.080236
0.079000	0.050255	88229.098261
0.081000	0.000000	96006.615094
0.083000	0.007785	94758.359889
0.085000	0.052544	87890.367178
0.087000	0.121070	78327.313391
0.089000	0.238156	64332.918632
0.091000	0.324210	55668.445298
0.093000	0.438274	45955.372795
0.095000	0.497239	41618.661155
0.097000	0.554407	37805.231016
0.099000	0.577763	36349.699360
0.101000	0.590607	35573.316098
0.103000	0.616710	34046.090105
0.105000	0.638502	32821.493237
0.107000	0.670793	31087.330321
0.109000	0.718719	28681.053053
0.111000	0.728700	28203.859914
0.113000	0.798547	25079.316327
0.115000	0.866843	22359.167385
0.117000	0.955501	19263.279778
0.119000	1.061607	16116.372171
0.121000	1.206459	12633.302082
0.123000	1.342261	10054.793653
0.125000	1.495810	7767.364362
0.127000	1.674566	5751.379861
0.129000	1.883343	4049.046104
0.131000	2.075564	2931.029513
0.133000	2.257230	2159.701272
0.135000	2.449462	1563.337553
0.137000	2.632333	1149.599502
0.139000	2.802052	864.255258
0.141000	2.954610	668.753140
0.143000	3.083123	538.820885
0.145000	3.240068	413.871573
0.147000	3.356590	340.249501
0.149000	3.440999	295.239370
0.151000	3.537201	251.154433
0.153000	3.608973	222.609552
0.155000	3.607547	223.143635
0.157000	3.592048	229.033791
0.159000	3.626931	215.989783
0.161000	3.673175	199.835236
0.163000	3.763368	171.722123
0.165000	3.814028	157.703467
0.167000	3.913649	133.386671
0.169000	3.997432	115.863430
0.171000	4.070094	102.541195
0.173000	4.198974	82.567446
0.175000	4.297886	69.919332
0.177000	4.400430	58.848368
0.179000	4.516773	48.394643
0.181000	4.630053	40.003345
0.183000	4.738184	33.354491
0.185000	4.890926	25.801430
0.187000	4.991284	21.796001
0.189000	5.124663	17.418166
0.191000	5.272150	13.593408
0.193000	5.403239	10.905004
0.195000	5.579784	8.104727
0.197000	5.701314	6.607146
0.199000	5.841861	5.216836
0.201000	6.021003	3.860314
0.203000	6.120690	3.264715
0.205000	6.249947	2.627124
0.207000	6.332124	2.288163
0.209000	6.331306	2.291311
0.211000	6.316089	2.350680
0.213000	6.377386	2.120524
0.215000	6.388985	2.079578
0.217000	6.401557	2.036088
0.219000	6.419543	1.975450
0.221000	6.455041	1.861015
0.223000	6.498402	1.730192
0.225000	6.497163	1.733798
0.227000	6.555811	1.571023
0.229000	6.638436	1.367292
0.231000	6.709598	1.213135
0.233000	6.835781	0.981269
0.235000	6.969398	0.783863
0.237000	7.105087	0.623992
0.239000	7.250573	0.488614
0.241000	7.337997	0.421834
0.243000	7.531708	0.304594
0.245000	7.607552	0.268134
0.247000	7.716021	0.223441
0.249000	7.775862	0.202057
0.251000	7.793034	0.196308
0.253000	7.783976	0.199320
0.255000	7.778430	0.201187
0.257000	7.738299	0.215228
0.259000	7.720457	0.221781
0.261000	7.703678	0.228125
0.263000	7.689744	0.233532
0.265000	7.701342	0.229023
0.267000	7.728137	0.218936
0.269000	7.726754	0.219445
0.271000	7.772829	0.203090
0.273000	7.793948	0.196007
0.275000	7.839883	0.181441
0.277000	7.900902	0.163753
0.279000	7.967525	0.146403
0.281000	8.043061	0.128945
0.283000	8.162694	0.105455
0.285000	8.263175	0.089065
0.287000	8.358350	0.075897
0.289000	8.501450	0.059670
0.291000	8.613173	0.049453
0.293000	8.764304	0.038358
0.295000	8.883581	0.031389
0.297000	9.025228	0.024738
0.299000	9.157338	0.019812
0.301000	9.263633	0.016570
0.303000	9.455369	0.012004
0.305000	9.568159	0.009931
0.307000	9.711923	0.007799
0.309000	9.888365	0.005797
0.311000	10.007316	0.004747
0.313000	10.160205	0.003671
0.315000	10.286353	0.002969
0.317000	10.452231	0.002247
0.319000	10.608924	0.001727
0.321000	10.738757	0.001388
0.323000	10.853293	0.001145
0.325000	10.968308	0.000944
0.327000	11.115953	0.000736
0.329000	11.243117	0.000595
0.331000	11.354218	0.000493
0.333000	11.480870	0.000399
0.335000	11.621665	0.000315
0.337000	11.793526	0.000236
0.339000	11.952492	0.000180
0.341000	12.131324	0.000134
0.343000	12.334326	0.000095
0.345000	12.538127	0.000067
0.347000	12.761689	0.000046
0.349000	13.023972	0.000030
0.351000	13.360256	0.000017
0.353000	13.610436	0.000011
0.355000	13.990060	0.000006
0.357000	14.343580	0.000003
0.359000	14.664312	0.000002
0.361000	14.963560	0.000001
0.363000	15.141350	0.000001
0.365000	15.207540	0.000001
0.367000	15.341189	0.000001
0.369000	15.351501	0.000001
0.371000	15.369176	0.000001
0.373000	15.391222	0.000001
0.375000	15.446743	0.000001
0.377000	15.504231	0.000000
0.379000	15.628217	0.000000
0.381000	15.720738	0.000000
0.383000	15.841892	0.000000
0.385000	16.022980	0.000000
0.387000	16.214092	0.000000
0.389000	16.413889	0.000000
0.391000	16.637033	0.000000
0.393000	16.861058	0.000000
0.395000	17.091873	0.000000
0.397000	17.361671	0.000000
0.399000	17.617179	0.000000

# Dumping simulation biases, in the metadata file order 
# Window  F (free energy units)
# 0	0.000000
# 1	-5.985734
# 2	-8.139503
# 3	-7.505852
# 4	-5.292023
# 5	-3.287160
# 6	-1.556361
# 7	-0.497777
# 8	1.339984
# 9	4.196118
# 10	7.885769
#Iteration 310:  0.001996
#Iteration 320:  0.001806
#Iteration 330:  0.001633
#Iteration 340:  0.001478
#Iteration 350:  0.001337
#Iteration 360:  0.001210
#Iteration 370:  0.001095
#Iteration 380:  0.000990
#Iteration 390:  0.000896
#Iteration 400:  0.000811
0.001000	inf	0.000000
0.003000	inf	0.000000
0.005000	inf	0.000000
0.007000	inf	0.000000
0.009000	inf	0.000000
0.011000	inf	0.000000
0.013000	inf	0.000000
0.015000	inf	0.000000
0.017000	inf	0.000000
0.019000	inf	0.000000
0.021000	inf	0.000000
0.023000	inf	0.000000
0.025000	inf	0.000000
0.027000	inf	0.000000
0.029000	inf	0.000000
0.031000	inf	0.000000
0.033000	inf	0.000000
0.035000	inf	0.000000
0.037000	inf	0.000000
0.039000	inf	0.000000
0.041000	inf	0.000000
0.043000	inf	0.000000
0.045000	inf	0.000000
0.047000	inf	0.000000
0.049000	8.480768	0.061061
0.051000	7.277993	0.461164
0.053000	5.985805	4.047876
0.055000	5.007968	20.946159
0.057000	4.116736	93.703374
0.059000	3.299402	370.216276
0.061000	2.655140	1093.462748
0.063000	2.066787	2939.921048
0.065000	1.618291	6248.325488
0.067000	1.221134	12181.790173
0.069000	0.901381	20852.063948
0.071000	0.637075	32516.783567
0.073000	0.415357	47203.557426
0.075000	0.261753	61110.285742
0.077000	0.144639	74407.069065
0.079000	0.048829	87409.982127
0.081000	0.000000	94887.482589
0.083000	0.009481	93387.202495
0.085000	0.056228	86329.533008
0.087000	0.127045	76640.631906
0.089000	0.246694	62677.022579
0.091000	0.335488	53986.250252
0.093000	0.452316	44360.048542
0.095000	0.513892	39997.977599
0.097000	0.573372	36192.162393
0.099000	0.598667	34685.469579
0.101000	0.613084	33854.968851
0.103000	0.640459	32332.332497
0.105000	0.663316	31113.574748
0.107000	0.696578	29421.636866
0.109000	0.745491	27099.283092
0.111000	0.756588	26598.446408
0.113000	0.827786	23598.120146
0.115000	0.897752	20979.648881
0.117000	0.988441	18013.160712
0.119000	1.096911	15010.701838
0.121000	1.244347	11715.592006
0.123000	1.382772	9283.373682
0.125000	1.538785	7141.792101
0.127000	1.719693	5269.072362
0.129000	1.930235	3698.506521
0.131000	2.123834	2671.088409
0.133000	2.306540	1964.725589
0.135000	2.499551	1420.342899
0.137000	2.683013	1043.410323
0.139000	2.853209	783.794508
0.141000	3.006196	606.056714
0.143000	3.135151	487.942667
0.145000	3.292618	374.462642
0.147000	3.409818	307.500274
0.149000	3.495151	266.408315
0.151000	3.592633	226.141632
0.153000	3.666162	199.847916
0.155000	3.667098	199.533844
0.157000	3.654651	203.752872
0.159000	3.693278	190.942834
0.161000	3.743832	175.386647
0.163000	3.838627	149.551403
0.165000	3.893829	136.298064
0.167000	3.997595	114.481366
0.169000	4.084901	98.854506
0.171000	4.160386	87.073977
0.173000	4.291425	69.858996
0.175000	4.391941	58.998295
0.177000	4.495664	49.558207
0.179000	4.612888	40.694518
0.181000	4.726860	33.599257
0.183000	4.835592	27.986503
0.185000	4.988935	21.627167
0.187000	5.089984	18.248531
0.189000	5.224249	14.561524
0.191000	5.372942	11.341019
0.193000	5.505716	9.072350
0.195000	5.684616	6.716034
0.197000	5.809390	5.445281
0.199000	5.954278	4.268190
0.201000	6.138996	3.128880
0.203000	6.245462	2.616150
0.205000	6.382431	2.078104
0.207000	6.472743	1.785397
0.209000	6.479849	1.764196
0.211000	6.471774	1.788306
0.213000	6.539074	1.597015
0.215000	6.555432	1.553697
0.217000	6.571611	1.512011
0.219000	6.592246	1.460463
0.221000	6.629658	1.371441
0.223000	6.674405	1.272065
0.225000	6.674201	1.272502
0.227000	6.733676	1.151433
0.229000	6.817044	1.000864
0.231000	6.888978	0.886869
0.233000	7.016078	0.716257
0.235000	7.150887	0.571019
0.237000	7.288198	0.453320
0.239000	7.435919	0.353640
0.241000	7.526389	0.303747
0.243000	7.724140	0.217843
0.245000	7.805120	0.190118
0.247000	7.919763	0.156793
0.249000	7.986538	0.140145
0.251000	8.010924	0.134516
0.253000	8.008798	0.134998
0.255000	8.009423	0.134856
0.257000	7.974426	0.143027
0.259000	7.960629	0.146384
0.261000	7.946909	0.149799
0.263000	7.935235	0.152767
0.265000	7.948497	0.149400
0.267000	7.976548	0.142518
0.269000	7.976174	0.142608
0.271000	8.023150	0.131780
0.273000	8.045181	0.126988
0.275000	8.092149	0.117348
0.277000	8.154415	0.105686
0.279000	8.222568	0.094246
0.281000	8.299942	0.082751
0.283000	8.421677	0.067437
0.285000	8.524411	0.056741
0.287000	8.621827	0.048170
0.289000	8.766997	0.037740
0.291000	8.880509	0.031184
0.293000	9.033109	0.024128
0.295000	9.153559	0.019705
0.297000	9.296145	0.015506
0.299000	9.429044	0.012401
0.301000	9.536064	0.010359
0.303000	9.728550	0.007496
0.305000	9.842202	0.006192
0.307000	9.987022	0.004854
0.309000	10.164780	0.003600
0.311000	10.285345	0.002940
0.313000	10.440123	0.002266
0.315000	10.568350	0.001827
0.317000	10.736352	0.001377
0.319000	10.895051	0.001055
0.321000	11.026645	0.000846
0.323000	11.142631	0.000696
0.325000	11.258779	0.000572
0.327000	11.407280	0.000446
0.329000	11.535079	0.000360
0.331000	11.646658	0.000298
0.333000	11.773684	0.000241
0.335000	11.914803	0.000190
0.337000	12.086980	0.000142
0.339000	12.246296	0.000109
0.341000	12.425557	0.000081
0.343000	12.629106	0.000057
0.345000	12.833610	0.000041
0.347000	13.058050	0.000028
0.349000	13.321376	0.000018
0.351000	13.658824	0.000010
0.353000	13.910207	0.000007
0.355000	14.290982	0.000003
0.357000	14.645521	0.000002
0.359000	14.967096	0.000001
0.361000	15.267005	0.000001
0.363000	15.445287	0.000001
0.365000	15.511834	0.000000
0.367000	15.645735	0.000000
0.369000	15.656221	0.000000
0.371000	15.674016	0.000000
0.373000	15.696143	0.000000
0.375000	15.751720	0.000000
0.377000	15.809244	0.000000
0.379000	15.933255	0.000000
0.381000	16.025792	0.000000
0.383000	16.146958	0.000000
0.385000	16.328053	0.000000
0.387000	16.519171	0.000000
0.389000	16.718971	0.000000
0.391000	16.942117	0.000000
0.393000	17.166143	0.000000
0.395000	17.396960	0.000000
0.397000	17.666758	0.000000
0.399000	17.922266	0.000000

# Dumping simulation biases, in the metadata file order 
# Window  F (free energy units)
# 0	0.000000
# 1	-5.983538
# 2	-8.130199
# 3	-7.473565
# 4	-5.234126
# 5	-3.183794
# 6	-1.372824
# 7	-0.243327
# 8	1.616398
# 9	4.493269
# 10	8.194725
#Iteration 410:  0.000734
#Iteration 420:  0.000664
#Iteration 430:  0.000601
#Iteration 440:  0.000544
#Iteration 450:  0.000493
#Iteration 460:  0.000446
#Iteration 470:  0.000403
#Iteration 480:  0.000365
#Iteration 490:  0.000331
#Iteration 500:  0.000299
0.001000	inf	0.000000
0.003000	inf	0.000000
0.005000	inf	0.000000
0.007000	inf	0.000000
0.009000	inf	0.000000
0.011000	inf	0.000000
0.013000	inf	0.000000
0.015000	inf	0.000000
0.017000	inf	0.000000
0.019000	inf	0.000000
0.021000	inf	0.000000
0.023000	inf	0.000000
0.025000	inf	0.000000
0.027000	inf	0.000000
0.029000	inf	0.000000
0.031000	inf	0.000000
0.033000	inf	0.000000
0.035000	inf	0.000000
0.037000	inf	0.000000
0.039000	inf	0.000000
0.041000	inf	0.000000
0.043000	inf	0.000000
0.045000	inf	0.000000
0.047000	inf	0.000000
0.049000	8.478214	0.061059
0.051000	7.275447	0.461148
0.053000	5.983268	4.047666
0.055000	5.005446	20.944546
0.057000	4.114236	93.692738
0.059000	3.296934	370.154765
0.061000	2.652716	1093.199334
0.063000	2.064425	2938.906762
0.065000	1.616013	6245.284977
0.067000	1.218968	12173.575146
0.069000	0.899359	20832.934349
0.071000	0.635237	32476.914264
0.073000	0.413750	47127.385826
0.075000	0.260434	60982.153402
0.077000	0.143676	74206.596987
0.079000	0.048302	87110.591477
0.081000	0.000000	94478.839232
0.083000	0.010107	92887.143881
0.085000	0.057589	85761.223194
0.087000	0.129252	76027.878511
0.089000	0.249846	62077.267453
0.091000	0.339647	53379.254332
0.093000	0.457486	43786.827649
0.095000	0.520012	39418.140373
0.097000	0.580328	35617.335300
0.099000	0.606324	34094.414381
0.101000	0.621308	33246.344759
0.103000	0.649142	31726.592436
0.105000	0.672386	30510.837271
0.107000	0.706002	28834.494401
0.109000	0.755279	26542.255620
0.111000	0.766789	26033.595309
0.113000	0.838490	23077.492459
0.115000	0.909077	20495.385669
0.117000	1.000520	17575.096738
0.119000	1.109862	14624.167602
0.121000	1.258248	11395.702040
0.123000	1.397632	9015.356710
0.125000	1.554541	6925.169414
0.127000	1.736227	5102.571314
0.129000	1.947405	3577.809588
0.131000	2.141498	2581.771874
0.133000	2.324578	1897.836576
0.135000	2.517868	1371.342855
0.137000	2.701544	1007.052063
0.139000	2.871915	756.261174
0.141000	3.025060	584.610850
0.143000	3.154182	470.544348
0.145000	3.311849	360.989417
0.147000	3.429310	296.306287
0.149000	3.515000	256.556212
0.151000	3.612976	217.597807
0.153000	3.687183	192.078515
0.155000	3.689025	191.484734
0.157000	3.677742	195.151268
0.159000	3.717787	182.446697
0.161000	3.769957	167.128017
0.163000	3.866461	142.100519
0.165000	3.923332	129.144694
0.167000	4.028606	108.198368
0.169000	4.117183	93.229734
0.171000	4.193679	81.980048
0.173000	4.325488	65.687056
0.175000	4.426576	55.421718
0.177000	4.530719	46.521013
0.179000	4.648258	38.180260
0.181000	4.762482	31.510021
0.183000	4.871439	26.236398
0.185000	5.025011	20.266917
0.187000	5.126330	17.093025
0.189000	5.260946	13.631447
0.191000	5.410119	10.608076
0.193000	5.543564	8.476457
0.195000	5.723399	6.265046
0.197000	5.849455	5.068693
0.199000	5.996044	3.961663
0.201000	6.182922	2.893650
0.203000	6.291977	2.408960
0.205000	6.431842	1.904232
0.207000	6.525154	1.627785
0.209000	6.535129	1.600717
0.211000	6.529597	1.615674
0.213000	6.599002	1.437751
0.215000	6.617010	1.394880
0.217000	6.634428	1.354630
0.219000	6.655968	1.306458
0.221000	6.694034	1.225477
0.223000	6.739256	1.135771
0.225000	6.739410	1.135476
0.227000	6.799178	1.026938
0.229000	6.882817	0.892241
0.231000	6.955043	0.790230
0.233000	7.082498	0.637829
0.235000	7.217775	0.508094
0.237000	7.355727	0.402931
0.239000	7.504330	0.313864
0.241000	7.595999	0.269041
0.243000	7.795327	0.192441
0.245000	7.878292	0.167390
0.247000	7.995291	0.137503
0.249000	8.064672	0.122366
0.251000	8.091726	0.116926
0.253000	8.092122	0.116848
0.255000	8.094960	0.116292
0.257000	8.061781	0.122962
0.259000	8.049401	0.125548
0.261000	8.036746	0.128247
0.263000	8.025856	0.130617
0.265000	8.039694	0.127613
0.267000	8.068182	0.121646
0.269000	8.068163	0.121650
0.271000	8.115461	0.112352
0.273000	8.137824	0.108207
0.275000	8.185171	0.099928
0.277000	8.247900	0.089928
0.279000	8.316622	0.080117
0.281000	8.394678	0.070265
0.283000	8.517191	0.057187
0.285000	8.620755	0.048049
0.287000	8.718993	0.040735
0.289000	8.864919	0.031874
0.291000	8.979082	0.026308
0.293000	9.132216	0.020337
0.295000	9.253091	0.016598
0.297000	9.396018	0.013053
0.299000	9.529205	0.010434
0.301000	9.636492	0.008712
0.303000	9.829256	0.006301
0.305000	9.943228	0.005202
0.307000	10.088441	0.004076
0.309000	10.266691	0.003020
0.311000	10.387857	0.002464
0.313000	10.543337	0.001897
0.315000	10.672332	0.001527
0.317000	10.841115	0.001150
0.319000	11.000549	0.000880
0.321000	11.132786	0.000704
0.323000	11.249298	0.000579
0.325000	11.365857	0.000476
0.327000	11.514667	0.000371
0.329000	11.642696	0.000299
0.331000	11.754448	0.000248
0.333000	11.881610	0.000200
0.335000	12.022846	0.000158
0.337000	12.195139	0.000118
0.339000	12.354585	0.000090
0.341000	12.534004	0.000067
0.343000	12.737755	0.000047
0.345000	12.942518	0.000034
0.347000	13.167282	0.000023
0.349000	13.430993	0.000015
0.351000	13.768867	0.000008
0.353000	14.020692	0.000005
0.355000	14.401887	0.000003
0.357000	14.756797	0.000002
0.359000	15.078679	0.000001
0.361000	15.378827	0.000001
0.363000	15.557288	0.000000
0.365000	15.623964	0.000000
0.367000	15.757956	0.000000
0.369000	15.768506	0.000000
0.371000	15.786344	0.000000
0.373000	15.808500	0.000000
0.375000	15.864097	0.000000
0.377000	15.921635	0.000000
0.379000	16.045655	0.000000
0.381000	16.138198	0.000000
0.383000	16.259367	0.000000
0.385000	16.440466	0.000000
0.387000	16.631585	0.000000
0.389000	16.831386	0.000000
0.391000	17.054533	0.000000
0.393000	17.278559	0.000000
0.395000	17.509377	0.000000
0.397000	17.779175	0.000000
0.399000	18.034684	0.000000

# Dumping simulation biases, in the metadata file order 
# Window  F (free energy units)
# 0	0.000000
# 1	-5.982733
# 2	-8.126802
# 3	-7.461770
# 4	-5.212953
# 5	-3.145789
# 6	-1.305293
# 7	-0.149533
# 8	1.718276
# 9	4.602788
# 10	8.308570
#Iteration 510:  0.000271
#Iteration 520:  0.000245
#Iteration 530:  0.000222
#Iteration 540:  0.000201
#Iteration 550:  0.000182
#Iteration 560:  0.000165
#Iteration 570:  0.000149
#Iteration 580:  0.000135
#Iteration 590:  0.000122
#Iteration 600:  0.000111
0.001000	inf	0.000000
0.003000	inf	0.000000
0.005000	inf	0.000000
0.007000	inf	0.000000
0.009000	inf	0.000000
0.011000	inf	0.000000
0.013000	inf	0.000000
0.015000	inf	0.000000
0.017000	inf	0.000000
0.019000	inf	0.000000
0.021000	inf	0.000000
0.023000	inf	0.000000
0.025000	inf	0.000000
0.027000	inf	0.000000
0.029000	inf	0.000000
0.031000	inf	0.000000
0.033000	inf	0.000000
0.035000	inf	0.000000
0.037000	inf	0.000000
0.039000	inf	0.000000
0.041000	inf	0.000000
0.043000	inf	0.000000
0.045000	inf	0.000000
0.047000	inf	0.000000
0.049000	8.477271	0.061059
0.051000	7.274506	0.461142
0.053000	5.982332	4.047588
0.055000	5.004515	20.943951
0.057000	4.113313	93.688813
0.059000	3.296022	370.132072
0.061000	2.651821	1093.102156
0.063000	2.063553	2938.532604
0.065000	1.615172	6244.163495
0.067000	1.218168	12170.545481
0.069000	0.898613	20825.880609
0.071000	0.634559	32462.215917
0.073000	0.413156	47099.310316
0.075000	0.259947	60934.937766
0.077000	0.143321	74132.745366
0.079000	0.048108	87000.334107
0.081000	0.000000	94328.402167
0.083000	0.010339	92703.137013
0.085000	0.058093	85552.229059
0.087000	0.130069	75802.729937
0.089000	0.251011	61857.143038
0.091000	0.341184	53156.782375
0.093000	0.459395	43577.061569
0.095000	0.522270	39206.286352
0.097000	0.582894	35407.615017
0.099000	0.609146	33879.037759
0.101000	0.624338	33024.783114
0.103000	0.652340	31506.245641
0.105000	0.675726	30291.705665
0.107000	0.709473	28621.123528
0.109000	0.758883	26339.899011
0.111000	0.770547	25828.463506
0.113000	0.842434	22888.490637
0.115000	0.913251	20319.669686
0.117000	1.004973	17416.248907
0.119000	1.114638	14484.127735
0.121000	1.263375	11279.931899
0.123000	1.403111	8918.476317
0.125000	1.560349	6846.961533
0.127000	1.742321	5042.525910
0.129000	1.953731	3534.323582
0.131000	2.148006	2549.615994
0.133000	2.331223	1873.768671
0.135000	2.524615	1353.718971
0.137000	2.708369	993.978872
0.139000	2.878804	746.363148
0.141000	3.032008	576.902329
0.143000	3.161192	464.291329
0.145000	3.318934	356.147489
0.147000	3.436493	292.283778
0.149000	3.522317	253.016259
0.151000	3.620479	214.528418
0.153000	3.694941	189.288102
0.155000	3.697122	188.595223
0.157000	3.686275	192.065800
0.159000	3.726849	179.402594
0.161000	3.779619	164.173673
0.163000	3.876756	139.440225
0.165000	3.934242	126.595919
0.167000	4.040070	105.964232
0.169000	4.129112	91.233243
0.171000	4.205978	80.174651
0.173000	4.338068	64.210130
0.175000	4.439364	54.156639
0.177000	4.543661	45.447384
0.179000	4.661316	37.291876
0.181000	4.775632	30.772046
0.183000	4.884672	25.618355
0.185000	5.038330	19.786637
0.187000	5.139751	16.685101
0.189000	5.274499	13.303162
0.191000	5.423855	10.349429
0.193000	5.557555	8.266240
0.195000	5.737745	6.106027
0.197000	5.864287	4.936012
0.199000	6.011517	3.853800
0.201000	6.199206	2.811030
0.203000	6.309229	2.336377
0.205000	6.450169	1.843521
0.207000	6.544587	1.572960
0.209000	6.555613	1.544074
0.211000	6.551006	1.556078
0.213000	6.621174	1.382944
0.215000	6.639777	1.340367
0.217000	6.657641	1.300715
0.219000	6.679505	1.253775
0.221000	6.717806	1.175596
0.223000	6.763198	1.089229
0.225000	6.763482	1.088709
0.227000	6.823357	0.984464
0.229000	6.907097	0.855195
0.231000	6.979431	0.757281
0.233000	7.107019	0.611097
0.235000	7.242473	0.486654
0.237000	7.380669	0.385771
0.239000	7.529606	0.300329
0.241000	7.621727	0.257243
0.243000	7.821650	0.183818
0.245000	7.905360	0.159689
0.247000	8.023239	0.130983
0.249000	8.093589	0.116374
0.251000	8.121627	0.111017
0.253000	8.122949	0.110770
0.255000	8.126595	0.110093
0.257000	8.094077	0.116279
0.259000	8.082210	0.118622
0.261000	8.069940	0.121094
0.263000	8.059332	0.123273
0.265000	8.073379	0.120396
0.267000	8.102025	0.114736
0.269000	8.102135	0.114714
0.271000	8.149550	0.105926
0.273000	8.172035	0.101997
0.275000	8.219523	0.094171
0.277000	8.282423	0.084722
0.279000	8.351355	0.075452
0.281000	8.429664	0.066146
0.283000	8.552464	0.053809
0.285000	8.656335	0.045188
0.287000	8.754876	0.038290
0.289000	8.901080	0.029946
0.291000	9.015483	0.024707
0.293000	9.168812	0.019093
0.295000	9.289843	0.015578
0.297000	9.432896	0.012249
0.299000	9.566189	0.009790
0.301000	9.673574	0.008173
0.303000	9.866440	0.005910
0.305000	9.980532	0.004878
0.307000	10.125891	0.003821
0.309000	10.304323	0.002831
0.311000	10.425712	0.002308
0.313000	10.581451	0.001777
0.315000	10.710731	0.001430
0.317000	10.879802	0.001076
0.319000	11.039507	0.000823
0.321000	11.171979	0.000658
0.323000	11.288685	0.000541
0.325000	11.405395	0.000445
0.327000	11.554318	0.000346
0.329000	11.682432	0.000279
0.331000	11.794247	0.000231
0.333000	11.921459	0.000187
0.335000	12.062739	0.000147
0.337000	12.235074	0.000110
0.339000	12.394567	0.000084
0.341000	12.574045	0.000062
0.343000	12.777871	0.000044
0.345000	12.982730	0.000031
0.347000	13.207613	0.000021
0.349000	13.471466	0.000014
0.351000	13.809498	0.000008
0.353000	14.061485	0.000005
0.355000	14.442835	0.000003
0.357000	14.797882	0.000001
0.359000	15.119876	0.000001
0.361000	15.420112	0.000001
0.363000	15.598639	0.000000
0.365000	15.665363	0.000000
0.367000	15.799388	0.000000
0.369000	15.809960	0.000000
0.371000	15.827814	0.000000
0.373000	15.849982	0.000000
0.375000	15.905585	0.000000
0.377000	15.963128	0.000000
0.379000	16.087152	0.000000
0.381000	16.179697	0.000000
0.383000	16.300868	0.000000
0.385000	16.481967	0.000000
0.387000	16.673087	0.000000
0.389000	16.872888	0.000000
0.391000	17.096036	0.000000
0.393000	17.320063	0.000000
0.395000	17.550880	0.000000
0.397000	17.820679	0.000000
0.399000	18.076187	0.000000

# Dumping simulation biases, in the metadata file order 
# Window  F (free energy units)
# 0	0.000000
# 1	-5.982436
# 2	-8.125551
# 3	-7.457427
# 4	-5.205155
# 5	-3.131764
# 6	-1.280373
# 7	-0.114900
# 8	1.755892
# 9	4.643225
# 10	8.350601
#Iteration 610:  0.000100
#Iteration 620:  0.000091
#Iteration 630:  0.000082
#Iteration 640:  0.000074
#Iteration 650:  0.000067
#Iteration 660:  0.000061
#Iteration 670:  0.000055
#Iteration 680:  0.000050
#Iteration 690:  0.000045
#Iteration 700:  0.000041
0.001000	inf	0.000000
0.003000	inf	0.000000
0.005000	inf	0.000000
0.007000	inf	0.000000
0.009000	inf	0.000000
0.011000	inf	0.000000
0.013000	inf	0.000000
0.015000	inf	0.000000
0.017000	inf	0.000000
0.019000	inf	0.000000
0.021000	inf	0.000000
0.023000	inf	0.000000
0.025000	inf	0.000000
0.027000	inf	0.000000
0.029000	inf	0.000000
0.031000	inf	0.000000
0.033000	inf	0.000000
0.035000	inf	0.000000
0.037000	inf	0.000000
0.039000	inf	0.000000
0.041000	inf	0.000000
0.043000	inf	0.000000
0.045000	inf	0.000000
0.047000	inf	0.000000
0.049000	8.476923	0.061058
0.051000	7.274159	0.461140
0.053000	5.981986	4.047560
0.055000	5.004171	20.943731
0.057000	4.112972	93.687363
0.059000	3.295686	370.123690
0.061000	2.651490	1093.066265
0.063000	2.063230	2938.394420
0.065000	1.614861	6243.749325
0.067000	1.217872	12169.426666
0.069000	0.898337	20823.275918
0.071000	0.634308	32456.788737
0.073000	0.412937	47088.944627
0.075000	0.259767	60917.506991
0.077000	0.143189	74105.484083
0.079000	0.048036	86959.638886
0.081000	0.000000	94272.884421
0.083000	0.010425	92635.242007
0.085000	0.058279	85475.131660
0.087000	0.130370	75719.699168
0.089000	0.251442	61775.999002
0.091000	0.341752	53074.815219
0.093000	0.460100	43499.820158
0.095000	0.523103	39128.321261
0.097000	0.583841	35330.476150
0.099000	0.610188	33799.854048
0.101000	0.625456	32943.354693
0.103000	0.653521	31425.285903
0.105000	0.676959	30211.208956
0.107000	0.710753	28542.755243
0.109000	0.760214	26265.585607
0.111000	0.771935	25753.140011
0.113000	0.843890	22819.099482
0.115000	0.914792	20255.167874
0.117000	1.006617	17357.953294
0.119000	1.116402	14432.751111
0.121000	1.265268	11237.476044
0.123000	1.405134	8882.963565
0.125000	1.562494	6818.306225
0.127000	1.744571	5020.534317
0.129000	1.956067	3518.402362
0.131000	2.150408	2537.846216
0.133000	2.333675	1864.961092
0.135000	2.527105	1347.270530
0.137000	2.710889	989.196004
0.139000	2.881347	742.742194
0.141000	3.034573	574.082501
0.143000	3.163780	462.004020
0.145000	3.321549	354.376400
0.147000	3.439145	290.812461
0.149000	3.525019	251.721496
0.151000	3.623250	213.405833
0.153000	3.697806	188.267654
0.155000	3.700114	187.538723
0.157000	3.689428	190.937977
0.159000	3.730198	178.290375
0.161000	3.783190	163.094882
0.163000	3.880561	138.469497
0.165000	3.938275	125.666596
0.167000	4.044307	105.150238
0.169000	4.133521	90.506312
0.171000	4.210522	79.517654
0.173000	4.342716	63.672891
0.175000	4.444088	53.696605
0.177000	4.548442	45.057056
0.179000	4.666139	36.968948
0.181000	4.780490	30.503822
0.183000	4.889560	25.393741
0.185000	5.043250	19.612101
0.187000	5.144709	16.536869
0.189000	5.279507	13.183876
0.191000	5.428931	10.255455
0.193000	5.562726	8.189872
0.195000	5.743049	6.048269
0.197000	5.869771	4.887835
0.199000	6.017241	3.814653
0.201000	6.205232	2.781065
0.203000	6.315613	2.310078
0.205000	6.456951	1.821550
0.207000	6.551778	1.553147
0.209000	6.563191	1.523633
0.211000	6.558924	1.534602
0.213000	6.629371	1.363216
0.215000	6.648192	1.320762
0.217000	6.666218	1.281339
0.219000	6.688202	1.234852
0.221000	6.726588	1.157686
0.223000	6.772043	1.072522
0.225000	6.772374	1.071925
0.227000	6.832288	0.969223
0.229000	6.916065	0.841903
0.231000	6.988439	0.745460
0.233000	7.116078	0.601507
0.235000	7.251598	0.478965
0.237000	7.389884	0.379618
0.239000	7.538946	0.295477
0.241000	7.631236	0.253015
0.243000	7.831380	0.180730
0.245000	7.915367	0.156933
0.247000	8.033573	0.128652
0.249000	8.104280	0.114234
0.251000	8.132683	0.108908
0.253000	8.134346	0.108604
0.255000	8.138289	0.107887
0.257000	8.106013	0.113902
0.259000	8.094335	0.116160
0.261000	8.082206	0.118553
0.263000	8.071702	0.120665
0.265000	8.085824	0.117834
0.267000	8.114528	0.112283
0.269000	8.114686	0.112253
0.271000	8.162144	0.103646
0.273000	8.184674	0.099794
0.275000	8.232214	0.092129
0.277000	8.295177	0.082876
0.279000	8.364187	0.073799
0.281000	8.442589	0.064686
0.283000	8.565496	0.052612
0.285000	8.669480	0.044174
0.287000	8.768132	0.037424
0.289000	8.914439	0.029264
0.291000	9.028930	0.024141
0.293000	9.182332	0.018653
0.295000	9.303420	0.015218
0.297000	9.446520	0.011964
0.299000	9.579851	0.009562
0.301000	9.687273	0.007982
0.303000	9.880177	0.005772
0.305000	9.994313	0.004764
0.307000	10.139726	0.003731
0.309000	10.318226	0.002764
0.311000	10.439696	0.002253
0.313000	10.595532	0.001734
0.315000	10.724917	0.001395
0.317000	10.894094	0.001050
0.319000	11.053899	0.000802
0.321000	11.186459	0.000642
0.323000	11.303236	0.000528
0.325000	11.420001	0.000434
0.327000	11.568967	0.000338
0.329000	11.697112	0.000272
0.331000	11.808950	0.000226
0.333000	11.936181	0.000182
0.335000	12.077476	0.000144
0.337000	12.249826	0.000107
0.339000	12.409338	0.000082
0.341000	12.588837	0.000061
0.343000	12.792691	0.000043
0.345000	12.997585	0.000031
0.347000	13.222512	0.000021
0.349000	13.486417	0.000013
0.351000	13.824508	0.000008
0.353000	14.076555	0.000005
0.355000	14.457961	0.000003
0.357000	14.813059	0.000001
0.359000	15.135095	0.000001
0.361000	15.435363	0.000001
0.363000	15.613914	0.000000
0.365000	15.680655	0.000000
0.367000	15.814693	0.000000
0.369000	15.825274	0.000000
0.371000	15.843134	0.000000
0.373000	15.865305	0.000000
0.375000	15.920912	0.000000
0.377000	15.978456	0.000000
0.379000	16.102481	0.000000
0.381000	16.195027	0.000000
0.383000	16.316198	0.000000
0.385000	16.497298	0.000000
0.387000	16.688418	0.000000
0.389000	16.888220	0.000000
0.391000	17.111367	0.000000
0.393000	17.335394	0.000000
0.395000	17.566211	0.000000
0.397000	17.836010	0.000000
0.399000	18.091519	0.000000

# Dumping simulation biases, in the metadata file order 
# Window  F (free energy units)
# 0	0.000000
# 1	-5.982326
# 2	-8.125090
# 3	-7.455824
# 4	-5.202276
# 5	-3.126584
# 6	-1.271169
# 7	-0.102106
# 8	1.769788
# 9	4.658163
# 10	8.366127
#Iteration 710:  0.000037
#Iteration 720:  0.000033
#Iteration 730:  0.000030
#Iteration 740:  0.000027
#Iteration 750:  0.000025
#Iteration 760:  0.000022
#Iteration 770:  0.000020
#Iteration 780:  0.000018
#Iteration 790:  0.000017
#Iteration 800:  0.000015
0.001000	inf	0.000000
0.003000	inf	0.000000
0.005000	inf	0.000000
0.007000	inf	0.000000
0.009000	inf	0.000000
0.011000	inf	0.000000
0.013000	inf	0.000000
0.015000	inf	0.000000
0.017000	inf	0.000000
0.019000	inf	0.000000
0.021000	inf	0.000000
0.023000	inf	0.000000
0.025000	inf	0.000000
0.027000	inf	0.000000
0.029000	inf	0.000000
0.031000	inf	0.000000
0.033000	inf	0.000000
0.035000	inf	0.000000
0.037000	inf	0.000000
0.039000	inf	0.000000
0.041000	inf	0.000000
0.043000	inf	0.000000
0.045000	inf	0.000000
0.047000	inf	0.000000
0.049000	8.476794	0.061058
0.051000	7.274031	0.461139
0.053000	5.981858	4.047549
0.055000	5.004044	20.943649
0.057000	4.112846	93.686828
0.059000	3.295561	370.120593
0.061000	2.651368	1093.053005
0.063000	2.063111	2938.343368
0.065000	1.614746	6243.596312
0.067000	1.217763	12169.013332
0.069000	0.898235	20822.313664
0.071000	0.634215	32454.783821
0.073000	0.412856	47085.115434
0.075000	0.259700	60911.068098
0.077000	0.143141	74095.414204
0.079000	0.048009	86944.607372
0.081000	0.000000	94252.378966
0.083000	0.010456	92610.166581
0.085000	0.058348	85446.659929
0.087000	0.130482	75689.039820
0.089000	0.251601	61746.040968
0.091000	0.341961	53044.559057
0.093000	0.460360	43471.314443
0.095000	0.523412	39099.554623
0.097000	0.584191	35302.019938
0.099000	0.610572	33770.648348
0.101000	0.625869	32913.325038
0.103000	0.653957	31395.432107
0.105000	0.677414	30181.528148
0.107000	0.711227	28513.860895
0.109000	0.760705	26238.187581
0.111000	0.772447	25725.370817
0.113000	0.844428	22793.518631
0.115000	0.915362	20231.391036
0.117000	1.007224	17336.466144
0.119000	1.117054	14413.816496
0.121000	1.265967	11221.831438
0.123000	1.405882	8869.879573
0.125000	1.563286	6807.750466
0.127000	1.745402	5012.434492
0.129000	1.956930	3512.539092
0.131000	2.151295	2533.512224
0.133000	2.334581	1861.718119
0.135000	2.528025	1344.896329
0.137000	2.711819	987.435106
0.139000	2.882286	741.409112
0.141000	3.035520	573.044379
0.143000	3.164736	461.161957
0.145000	3.322516	353.724389
0.147000	3.440125	290.270814
0.149000	3.526017	251.244852
0.151000	3.624273	212.992583
0.153000	3.698865	187.892017
0.155000	3.701219	187.149840
0.157000	3.690593	190.522887
0.159000	3.731436	177.881092
0.161000	3.784510	162.697987
0.163000	3.881968	138.112453
0.165000	3.939765	125.324879
0.167000	4.045873	104.851010
0.169000	4.135150	90.239154
0.171000	4.212202	79.276245
0.173000	4.344433	63.475517
0.175000	4.445834	53.527614
0.177000	4.550208	44.913684
0.179000	4.667921	36.850339
0.181000	4.782285	30.405310
0.183000	4.891367	25.311248
0.185000	5.045068	19.548002
0.187000	5.146541	16.482431
0.189000	5.281358	13.140070
0.191000	5.430807	10.220945
0.193000	5.564637	8.161828
0.195000	5.745009	6.027061
0.197000	5.871798	4.870147
0.199000	6.019357	3.800283
0.201000	6.207459	2.770068
0.203000	6.317973	2.300430
0.205000	6.459459	1.813494
0.207000	6.554436	1.545886
0.209000	6.565992	1.516146
0.211000	6.561850	1.526739
0.213000	6.632401	1.355997
0.215000	6.651301	1.313590
0.217000	6.669388	1.274253
0.219000	6.691415	1.227933
0.221000	6.729833	1.151138
0.223000	6.775311	1.066414
0.225000	6.775660	1.065789
0.227000	6.835588	0.963652
0.229000	6.919379	0.837044
0.231000	6.991768	0.741139
0.233000	7.119425	0.598003
0.235000	7.254969	0.476154
0.237000	7.393289	0.377369
0.239000	7.542397	0.293703
0.241000	7.634749	0.251470
0.243000	7.834975	0.179602
0.245000	7.919065	0.155926
0.247000	8.037392	0.127801
0.249000	8.108232	0.113453
0.251000	8.136769	0.108139
0.253000	8.138558	0.107814
0.255000	8.142610	0.107083
0.257000	8.110424	0.113036
0.259000	8.098815	0.115263
0.261000	8.086738	0.117627
0.263000	8.076272	0.119715
0.265000	8.090423	0.116901
0.267000	8.119148	0.111390
0.269000	8.119323	0.111358
0.271000	8.166797	0.102816
0.273000	8.189344	0.098992
0.275000	8.236903	0.091386
0.277000	8.299889	0.082205
0.279000	8.368928	0.073197
0.281000	8.447365	0.064155
0.283000	8.570311	0.052176
0.285000	8.674337	0.043805
0.287000	8.773031	0.037109
0.289000	8.919376	0.029016
0.291000	9.033899	0.023935
0.293000	9.187327	0.018493
0.295000	9.308437	0.015087
0.297000	9.451553	0.011861
0.299000	9.584899	0.009479
0.301000	9.692334	0.007913
0.303000	9.885253	0.005721
0.305000	9.999405	0.004722
0.307000	10.144838	0.003698
0.309000	10.323363	0.002739
0.311000	10.444864	0.002233
0.313000	10.600735	0.001718
0.315000	10.730158	0.001382
0.317000	10.899375	0.001040
0.319000	11.059217	0.000795
0.321000	11.191809	0.000636
0.323000	11.308612	0.000523
0.325000	11.425398	0.000430
0.327000	11.574379	0.000334
0.329000	11.702535	0.000270
0.331000	11.814382	0.000223
0.333000	11.941620	0.000180
0.335000	12.082921	0.000142
0.337000	12.255277	0.000106
0.339000	12.414795	0.000081
0.341000	12.594302	0.000060
0.343000	12.798167	0.000043
0.345000	13.003074	0.000030
0.347000	13.228017	0.000021
0.349000	13.491942	0.000013
0.351000	13.830054	0.000008
0.353000	14.082123	0.000005
0.355000	14.463551	0.000003
0.357000	14.818667	0.000001
0.359000	15.140718	0.000001
0.361000	15.440998	0.000001
0.363000	15.619558	0.000000
0.365000	15.686306	0.000000
0.367000	15.820348	0.000000
0.369000	15.830932	0.000000
0.371000	15.848794	0.000000
0.373000	15.870967	0.000000
0.375000	15.926574	0.000000
0.377000	15.984120	0.000000
0.379000	16.108145	0.000000
0.381000	16.200691	0.000000
0.383000	16.321863	0.000000
0.385000	16.502963	0.000000
0.387000	16.694083	0.000000
0.389000	16.893885	0.000000
0.391000	17.117032	0.000000
0.393000	17.341059	0.000000
0.395000	17.571876	0.000000
0.397000	17.841675	0.000000
0.399000	18.097184	0.000000

# Dumping simulation biases, in the metadata file order 
# Window  F (free energy units)
# 0	0.000000
# 1	-5.982286
# 2	-8.124919
# 3	-7.455232
# 4	-5.201213
# 5	-3.124670
# 6	-1.267768
# 7	-0.097379
# 8	1.774923
# 9	4.663682
# 10	8.371864
#Iteration 810:  0.000014
#Iteration 820:  0.000012
#Iteration 830:  0.000011
#Iteration 840:  0.000010
#Iteration 850:  0.000009
#Iteration 860:  0.000008
#Iteration 870:  0.000008
#Iteration 880:  0.000007
#Iteration 890:  0.000006
#Iteration 900:  0.000006
0.001000	inf	0.000000
0.003000	inf	0.000000
0.005000	inf	0.000000
0.007000	inf	0.000000
0.009000	inf	0.000000
0.011000	inf	0.000000
0.013000	inf	0.000000
0.015000	inf	0.000000
0.017000	inf	0.000000
0.019000	inf	0.000000
0.021000	inf	0.000000
0.023000	inf	0.000000
0.025000	inf	0.000000
0.027000	inf	0.000000
0.029000	inf	0.000000
0.031000	inf	0.000000
0.033000	inf	0.000000
0.035000	inf	0.000000
0.037000	inf	0.000000
0.039000	inf	0.000000
0.041000	inf	0.000000
0.043000	inf	0.000000
0.045000	inf	0.000000
0.047000	inf	0.000000
0.049000	8.476747	0.061058
0.051000	7.273983	0.461139
0.053000	5.981811	4.047545
0.055000	5.003997	20.943619
0.057000	4.112799	93.686630
0.059000	3.295515	370.119449
0.061000	2.651323	1093.048105
0.063000	2.063067	2938.324504
0.065000	1.614704	6243.539774
0.067000	1.217723	12168.860608
0.069000	0.898198	20821.958122
0.071000	0.634181	32454.043033
0.073000	0.412826	47083.700618
0.075000	0.259676	60908.689077
0.077000	0.143123	74091.693669
0.079000	0.048000	86939.053741
0.081000	0.000000	94244.803042
0.083000	0.010468	92600.902453
0.085000	0.058373	85436.141360
0.087000	0.130523	75677.713544
0.089000	0.251660	61734.974406
0.091000	0.342039	53033.383154
0.093000	0.460457	43460.785940
0.095000	0.523525	39088.930587
0.097000	0.584320	35291.511307
0.099000	0.610715	33759.863600
0.101000	0.626022	32902.236570
0.103000	0.654118	31384.408986
0.105000	0.677582	30170.569207
0.107000	0.711401	28503.192562
0.109000	0.760887	26228.071894
0.111000	0.772636	25715.118259
0.113000	0.844627	22784.074199
0.115000	0.915572	20222.612859
0.117000	1.007449	17328.533562
0.119000	1.117294	14406.826563
0.121000	1.266225	11216.056364
0.123000	1.406158	8865.050021
0.125000	1.563579	6803.854369
0.127000	1.745709	5009.445040
0.129000	1.957248	3510.375200
0.131000	2.151623	2531.912785
0.133000	2.334916	1860.521349
0.135000	2.528365	1344.020184
0.137000	2.712163	986.785296
0.139000	2.882633	740.917180
0.141000	3.035870	572.661297
0.143000	3.165089	460.851225
0.145000	3.322872	353.483789
0.147000	3.440487	290.070941
0.149000	3.526386	251.068966
0.151000	3.624652	212.840091
0.153000	3.699256	187.753407
0.155000	3.701628	187.006346
0.157000	3.691024	190.369728
0.159000	3.731893	177.730086
0.161000	3.784998	162.551563
0.163000	3.882487	137.980744
0.165000	3.940316	125.198836
0.167000	4.046451	104.740650
0.169000	4.135752	90.140631
0.171000	4.212822	79.187225
0.173000	4.345068	63.402739
0.175000	4.446479	53.465304
0.177000	4.550861	44.860821
0.179000	4.668580	36.806608
0.181000	4.782948	30.368989
0.183000	4.892034	25.280833
0.185000	5.045740	19.524369
0.187000	5.147218	16.462360
0.189000	5.282041	13.123919
0.191000	5.431500	10.208222
0.193000	5.565343	8.151490
0.195000	5.745733	6.019242
0.197000	5.872547	4.863627
0.199000	6.020139	3.794986
0.201000	6.208282	2.766015
0.203000	6.318845	2.296874
0.205000	6.460385	1.810526
0.207000	6.555418	1.543211
0.209000	6.567027	1.513388
0.211000	6.562932	1.523843
0.213000	6.633520	1.353338
0.215000	6.652451	1.310950
0.217000	6.670559	1.271644
0.219000	6.692603	1.225385
0.221000	6.731032	1.148728
0.223000	6.776518	1.064166
0.225000	6.776874	1.063531
0.227000	6.836807	0.961601
0.229000	6.920603	0.835256
0.231000	6.992998	0.739549
0.233000	7.120661	0.596713
0.235000	7.256215	0.475120
0.237000	7.394547	0.376542
0.239000	7.543672	0.293051
0.241000	7.636048	0.250902
0.243000	7.836304	0.179186
0.245000	7.920432	0.155556
0.247000	8.038803	0.127488
0.249000	8.109692	0.113166
0.251000	8.138279	0.107856
0.253000	8.140115	0.107524
0.255000	8.144207	0.106787
0.257000	8.112054	0.112718
0.259000	8.100471	0.114934
0.261000	8.088413	0.117287
0.263000	8.077961	0.119366
0.265000	8.092122	0.116558
0.267000	8.120856	0.111062
0.269000	8.121037	0.111028
0.271000	8.168517	0.102511
0.273000	8.191069	0.098697
0.275000	8.238636	0.091113
0.277000	8.301631	0.081958
0.279000	8.370680	0.072976
0.281000	8.449129	0.063960
0.283000	8.572090	0.052016
0.285000	8.676131	0.043670
0.287000	8.774841	0.036993
0.289000	8.921199	0.028925
0.291000	9.035735	0.023859
0.293000	9.189173	0.018435
0.295000	9.310291	0.015039
0.297000	9.453413	0.011823
0.299000	9.586765	0.009449
0.301000	9.694205	0.007887
0.303000	9.887128	0.005703
0.305000	10.001286	0.004707
0.307000	10.146727	0.003686
0.309000	10.325261	0.002730
0.311000	10.446773	0.002226
0.313000	10.602657	0.001713
0.315000	10.732095	0.001378
0.317000	10.901326	0.001037
0.319000	11.061182	0.000792
0.321000	11.193786	0.000634
0.323000	11.310599	0.000521
0.325000	11.427392	0.000428
0.327000	11.576379	0.000333
0.329000	11.704540	0.000269
0.331000	11.816389	0.000223
0.333000	11.943630	0.000180
0.335000	12.084933	0.000142
0.337000	12.257292	0.000106
0.339000	12.416812	0.000081
0.341000	12.596322	0.000060
0.343000	12.800190	0.000043
0.345000	13.005102	0.000030
0.347000	13.230052	0.000021
0.349000	13.493983	0.000013
0.351000	13.832103	0.000008
0.353000	14.084180	0.000005
0.355000	14.465616	0.000003
0.357000	14.820739	0.000001
0.359000	15.142796	0.000001
0.361000	15.443080	0.000001
0.363000	15.621644	0.000000
0.365000	15.688394	0.000000
0.367000	15.822438	0.000000
0.369000	15.833023	0.000000
0.371000	15.850886	0.000000
0.373000	15.873059	0.000000
0.375000	15.928667	0.000000
0.377000	15.986213	0.000000
0.379000	16.110238	0.000000
0.381000	16.202784	0.000000
0.383000	16.323956	0.000000
0.385000	16.505056	0.000000
0.387000	16.696176	0.000000
0.389000	16.895978	0.000000
0.391000	17.119125	0.000000
0.393000	17.343152	0.000000
0.395000	17.573969	0.000000
0.397000	17.843768	0.000000
0.399000	18.099277	0.000000

# Dumping simulation biases, in the metadata file order 
# Window  F (free energy units)
# 0	0.000000
# 1	-5.982271
# 2	-8.124856
# 3	-7.455013
# 4	-5.200820
# 5	-3.123963
# 6	-1.266512
# 7	-0.095633
# 8	1.776820
# 9	4.665722
# 10	8.373984
#Iteration 910:  0.000005
#Iteration 920:  0.000005
#Iteration 930:  0.000004
#Iteration 940:  0.000004
#Iteration 950:  0.000003
#Iteration 960:  0.000003
#Iteration 970:  0.000003
#Iteration 980:  0.000003
#Iteration 990:  0.000002
#Iteration 1000:  0.000002
0.001000	inf	0.000000
0.003000	inf	0.000000
0.005000	inf	0.000000
0.007000	inf	0.000000
0.009000	inf	0.000000
0.011000	inf	0.000000
0.013000	inf	0.000000
0.015000	inf	0.000000
0.017000	inf	0.000000
0.019000	inf	0.000000
0.021000	inf	0.000000
0.023000	inf	0.000000
0.025000	inf	0.000000
0.027000	inf	0.000000
0.029000	inf	0.000000
0.031000	inf	0.000000
0.033000	inf	0.000000
0.035000	inf	0.000000
0.037000	inf	0.000000
0.039000	inf	0.000000
0.041000	inf	0.000000
0.043000	inf	0.000000
0.045000	inf	0.000000
0.047000	inf	0.000000
0.049000	8.476729	0.061058
0.051000	7.273966	0.461139
0.053000	5.981793	4.047544
0.055000	5.003980	20.943608
0.057000	4.112782	93.686557
0.059000	3.295498	370.119026
0.061000	2.651306	1093.046295
0.063000	2.063051	2938.317533
0.065000	1.614688	6243.518883
0.067000	1.217708	12168.804175
0.069000	0.898184	20821.826746
0.071000	0.634168	32453.769306
0.073000	0.412815	47083.177834
0.075000	0.259667	60907.810015
0.077000	0.143116	74090.318917
0.079000	0.047996	86937.001667
0.081000	0.000000	94242.003746
0.083000	0.010472	92597.479397
0.085000	0.058383	85432.254838
0.087000	0.130538	75673.528648
0.089000	0.251682	61730.885557
0.091000	0.342068	53029.254013
0.093000	0.460492	43456.896105
0.095000	0.523567	39085.005571
0.097000	0.584368	35287.629031
0.099000	0.610767	33755.879406
0.101000	0.626078	32898.140247
0.103000	0.654177	31380.336860
0.105000	0.677644	30166.520831
0.107000	0.711466	28499.251572
0.109000	0.760954	26224.335081
0.111000	0.772706	25711.330908
0.113000	0.844700	22780.585398
0.115000	0.915650	20219.370203
0.117000	1.007532	17325.603306
0.119000	1.117383	14404.244559
0.121000	1.266321	11213.923159
0.123000	1.406260	8863.266113
0.125000	1.563687	6802.415288
0.127000	1.745822	5008.340863
0.129000	1.957366	3509.575965
0.131000	2.151744	2531.322039
0.133000	2.335039	1860.079332
0.135000	2.528490	1343.696589
0.137000	2.712290	986.545297
0.139000	2.882761	740.735492
0.141000	3.035999	572.519811
0.143000	3.165219	460.736460
0.145000	3.323004	353.394927
0.147000	3.440621	289.997121
0.149000	3.526522	251.004006
0.151000	3.624791	212.783771
0.153000	3.699401	187.702214
0.155000	3.701779	186.953350
0.157000	3.691183	190.313163
0.159000	3.732062	177.674317
0.161000	3.785178	162.497488
0.163000	3.882679	137.932105
0.165000	3.940519	125.152292
0.167000	4.046665	104.699899
0.169000	4.135975	90.104252
0.171000	4.213051	79.154355
0.173000	4.345303	63.375867
0.175000	4.446718	53.442298
0.177000	4.551102	44.841304
0.179000	4.668823	36.790462
0.181000	4.783193	30.355579
0.183000	4.892281	25.269604
0.185000	5.045988	19.515644
0.187000	5.147469	16.454950
0.189000	5.282294	13.117957
0.191000	5.431756	10.203525
0.193000	5.565604	8.147673
0.195000	5.746001	6.016356
0.197000	5.872824	4.861219
0.199000	6.020428	3.793030
0.201000	6.208586	2.764519
0.203000	6.319168	2.295562
0.205000	6.460728	1.809430
0.207000	6.555781	1.542224
0.209000	6.567409	1.512370
0.211000	6.563331	1.522774
0.213000	6.633934	1.352357
0.215000	6.652875	1.309976
0.217000	6.670992	1.270682
0.219000	6.693042	1.224446
0.221000	6.731475	1.147839
0.223000	6.776965	1.063337
0.225000	6.777322	1.062698
0.227000	6.837258	0.960845
0.229000	6.921055	0.834596
0.231000	6.993452	0.738962
0.233000	7.121118	0.596237
0.235000	7.256676	0.474738
0.237000	7.395012	0.376236
0.239000	7.544144	0.292810
0.241000	7.636528	0.250692
0.243000	7.836795	0.179033
0.245000	7.920937	0.155419
0.247000	8.039325	0.127372
0.249000	8.110232	0.113060
0.251000	8.138837	0.107752
0.253000	8.140690	0.107417
0.255000	8.144797	0.106678
0.257000	8.112657	0.112600
0.259000	8.101083	0.114812
0.261000	8.089032	0.117162
0.263000	8.078585	0.119238
0.265000	8.092750	0.116432
0.267000	8.121486	0.110941
0.269000	8.121670	0.110907
0.271000	8.169152	0.102399
0.273000	8.191707	0.098589
0.275000	8.239276	0.091012
0.277000	8.302274	0.081867
0.279000	8.371328	0.072894
0.281000	8.449782	0.063888
0.283000	8.572747	0.051957
0.285000	8.676794	0.043620
0.287000	8.775509	0.036950
0.289000	8.921873	0.028891
0.291000	9.036414	0.023831
0.293000	9.189855	0.018413
0.295000	9.310976	0.015021
0.297000	9.454101	0.011809
0.299000	9.587454	0.009437
0.301000	9.694896	0.007878
0.303000	9.887821	0.005696
0.305000	10.001981	0.004701
0.307000	10.147425	0.003682
0.309000	10.325962	0.002727
0.311000	10.447479	0.002223
0.313000	10.603368	0.001711
0.315000	10.732811	0.001376
0.317000	10.902047	0.001035
0.319000	11.061908	0.000791
0.321000	11.194516	0.000633
0.323000	11.311333	0.000520
0.325000	11.428129	0.000428
0.327000	11.577118	0.000333
0.329000	11.705280	0.000268
0.331000	11.817131	0.000222
0.333000	11.944372	0.000180
0.335000	12.085676	0.000142
0.337000	12.258036	0.000106
0.339000	12.417557	0.000081
0.341000	12.597068	0.000060
0.343000	12.800938	0.000043
0.345000	13.005852	0.000030
0.347000	13.230803	0.000021
0.349000	13.494737	0.000013
0.351000	13.832860	0.000008
0.353000	14.084940	0.000005
0.355000	14.466379	0.000003
0.357000	14.821504	0.000001
0.359000	15.143564	0.000001
0.361000	15.443850	0.000001
0.363000	15.622414	0.000000
0.365000	15.689165	0.000000
0.367000	15.823210	0.000000
0.369000	15.833796	0.000000
0.371000	15.851658	0.000000
0.373000	15.873832	0.000000
0.375000	15.929440	0.000000
0.377000	15.986986	0.000000
0.379000	16.111011	0.000000
0.381000	16.203557	0.000000
0.383000	16.324729	0.000000
0.385000	16.505829	0.000000
0.387000	16.696949	0.000000
0.389000	16.896751	0.000000
0.391000	17.119899	0.000000
0.393000	17.343926	0.000000
0.395000	17.574743	0.000000
0.397000	17.844542	0.000000
0.399000	18.100050	0.000000

# Dumping simulation biases, in the metadata file order 
# Window  F (free energy units)
# 0	0.000000
# 1	-5.982265
# 2	-8.124833
# 3	-7.454933
# 4	-5.200675
# 5	-3.123701
# 6	-1.266048
# 7	-0.094987
# 8	1.777521
# 9	4.666475
# 10	8.374767
#Iteration 1010:  0.000002
#Iteration 1020:  0.000002
#Iteration 1030:  0.000002
#Iteration 1040:  0.000001
#Iteration 1050:  0.000001
#Iteration 1060:  0.000001
#Iteration 1070:  0.000001
#Iteration 1080:  0.000001
#Iteration 1090:  0.000001
#Iteration 1100:  0.000001
0.001000	inf	0.000000
0.003000	inf	0.000000
0.005000	inf	0.000000
0.007000	inf	0.000000
0.009000	inf	0.000000
0.011000	inf	0.000000
0.013000	inf	0.000000
0.015000	inf	0.000000
0.017000	inf	0.000000
0.019000	inf	0.000000
0.021000	inf	0.000000
0.023000	inf	0.000000
0.025000	inf	0.000000
0.027000	inf	0.000000
0.029000	inf	0.000000
0.031000	inf	0.000000
0.033000	inf	0.000000
0.035000	inf	0.000000
0.037000	inf	0.000000
0.039000	inf	0.000000
0.041000	inf	0.000000
0.043000	inf	0.000000
0.045000	inf	0.000000
0.047000	inf	0.000000
0.049000	8.476723	0.061058
0.051000	7.273959	0.461139
0.053000	5.981787	4.047543
0.055000	5.003974	20.943604
0.057000	4.112776	93.686530
0.059000	3.295492	370.118870
0.061000	2.651300	1093.045626
0.063000	2.063045	2938.314958
0.065000	1.614682	6243.511163
0.067000	1.217702	12168.783322
0.069000	0.898178	20821.778200
0.071000	0.634164	32453.668159
0.073000	0.412811	47082.984656
0.075000	0.259663	60907.485187
0.077000	0.143114	74089.810926
0.079000	0.047995	86936.243395
0.081000	0.000000	94240.969368
0.083000	0.010474	92596.214535
0.085000	0.058386	85430.818726
0.087000	0.130544	75671.982292
0.089000	0.251690	61729.374703
0.091000	0.342078	53027.728285
0.093000	0.460505	43455.458817
0.095000	0.523583	39083.555299
0.097000	0.584385	35286.194567
0.099000	0.610787	33754.407296
0.101000	0.626099	32896.626717
0.103000	0.654199	31378.832278
0.105000	0.677667	30165.025030
0.107000	0.711490	28497.795452
0.109000	0.760979	26222.954404
0.111000	0.772732	25709.931561
0.113000	0.844727	22779.296363
0.115000	0.915678	20218.172117
0.117000	1.007562	17324.520649
0.119000	1.117416	14403.290579
0.121000	1.266356	11213.135003
0.123000	1.406298	8862.607018
0.125000	1.563727	6801.883599
0.127000	1.745864	5007.932913
0.129000	1.957410	3509.280680
0.131000	2.151789	2531.103784
0.133000	2.335085	1859.916026
0.135000	2.528537	1343.577035
0.137000	2.712337	986.456629
0.139000	2.882809	740.668367
0.141000	3.036047	572.467538
0.143000	3.165267	460.694060
0.145000	3.323053	353.362097
0.147000	3.440670	289.969848
0.149000	3.526572	250.980006
0.151000	3.624843	212.762964
0.153000	3.699454	187.683301
0.155000	3.701835	186.933770
0.157000	3.691242	190.292265
0.159000	3.732125	177.653714
0.161000	3.785245	162.477511
0.163000	3.882750	137.914136
0.165000	3.940595	125.135097
0.167000	4.046744	104.684845
0.169000	4.136057	90.090813
0.171000	4.213136	79.142213
0.173000	4.345389	63.365940
0.175000	4.446806	53.433799
0.177000	4.551191	44.834093
0.179000	4.668913	36.784498
0.181000	4.783284	30.350625
0.183000	4.892372	25.265456
0.185000	5.046080	19.512421
0.187000	5.147561	16.452213
0.189000	5.282387	13.115754
0.191000	5.431851	10.201790
0.193000	5.565701	8.146262
0.195000	5.746100	6.015289
0.197000	5.872927	4.860330
0.199000	6.020534	3.792308
0.201000	6.208699	2.763966
0.203000	6.319287	2.295077
0.205000	6.460854	1.809025
0.207000	6.555915	1.541859
0.209000	6.567551	1.511995
0.211000	6.563479	1.522380
0.213000	6.634087	1.351995
0.215000	6.653032	1.309616
0.217000	6.671152	1.270326
0.219000	6.693204	1.224098
0.221000	6.731639	1.147510
0.223000	6.777130	1.063030
0.225000	6.777488	1.062390
0.227000	6.837424	0.960565
0.229000	6.921223	0.834352
0.231000	6.993620	0.738746
0.233000	7.121287	0.596061
0.235000	7.256846	0.474597
0.237000	7.395184	0.376124
0.239000	7.544318	0.292721
0.241000	7.636705	0.250614
0.243000	7.836977	0.178977
0.245000	7.921124	0.155369
0.247000	8.039517	0.127330
0.249000	8.110431	0.113021
0.251000	8.139043	0.107714
0.253000	8.140902	0.107377
0.255000	8.145015	0.106638
0.257000	8.112879	0.112557
0.259000	8.101309	0.114767
0.261000	8.089261	0.117116
0.263000	8.078816	0.119190
0.265000	8.092982	0.116385
0.267000	8.121719	0.110896
0.269000	8.121904	0.110862
0.271000	8.169387	0.102357
0.273000	8.191943	0.098549
0.275000	8.239512	0.090975
0.277000	8.302512	0.081833
0.279000	8.371567	0.072864
0.281000	8.450023	0.063861
0.283000	8.572990	0.051935
0.285000	8.677040	0.043602
0.287000	8.775757	0.036935
0.289000	8.922123	0.028879
0.291000	9.036664	0.023821
0.293000	9.190107	0.018405
0.295000	9.311229	0.015014
0.297000	9.454355	0.011804
0.299000	9.587709	0.009433
0.301000	9.695151	0.007874
0.303000	9.888078	0.005693
0.305000	10.002238	0.004699
0.307000	10.147683	0.003680
0.309000	10.326221	0.002726
0.311000	10.447739	0.002222
0.313000	10.603630	0.001710
0.315000	10.733075	0.001376
0.317000	10.902314	0.001035
0.319000	11.062176	0.000791
0.321000	11.194786	0.000633
0.323000	11.311604	0.000520
0.325000	11.428402	0.000427
0.327000	11.577391	0.000333
0.329000	11.705554	0.000268
0.331000	11.817405	0.000222
0.333000	11.944647	0.000179
0.335000	12.085951	0.000142
0.337000	12.258311	0.000106
0.339000	12.417832	0.000081
0.341000	12.597344	0.000060
0.343000	12.801214	0.000043
0.345000	13.006129	0.000030
0.347000	13.231081	0.000021
0.349000	13.495016	0.000013
0.351000	13.833140	0.000008
0.353000	14.085221	0.000005
0.355000	14.466661	0.000003
0.357000	14.821787	0.000001
0.359000	15.143847	0.000001
0.361000	15.444134	0.000001
0.363000	15.622699	0.000000
0.365000	15.689450	0.000000
0.367000	15.823495	0.000000
0.369000	15.834081	0.000000
0.371000	15.851944	0.000000
0.373000	15.874118	0.000000
0.375000	15.929726	0.000000
0.377000	15.987272	0.000000
0.379000	16.111297	0.000000
0.381000	16.203843	0.000000
0.383000	16.325015	0.000000
0.385000	16.506115	0.000000
0.387000	16.697235	0.000000
0.389000	16.897037	0.000000
0.391000	17.120184	0.000000
0.393000	17.344211	0.000000
0.395000	17.575029	0.000000
0.397000	17.844828	0.000000
0.399000	18.100336	0.000000

# Dumping simulation biases, in the metadata file order 
# Window  F (free energy units)
# 0	0.000000
# 1	-5.982263
# 2	-8.124825
# 3	-7.454903
# 4	-5.200622
# 5	-3.123605
# 6	-1.265876
# 7	-0.094749
# 8	1.777780
# 9	4.666754
# 10	8.375056
#Iteration 1110:  0.000001
#Iteration 1120:  0.000001
#Iteration 1130:  0.000001
#Iteration 1140:  0.000001
#Iteration 1150:  0.000000
# Dumping simulation biases, in the metadata file order 
# Window  F (free energy units)
# 0	0.000000
# 1	-5.982263
# 2	-8.124822
# 3	-7.454896
# 4	-5.200608
# 5	-3.123581
# 6	-1.265834
# 7	-0.094690
# 8	1.777843
# 9	4.666822
# 10	8.375127
# No MC error analysis requested
