# /home/btan/Software/WHAM/wham/wham/wham 0.0 0.4 200 1e-06 300 0 /home/btan/Documents/BD2_DCAF16_8ov6/umbrella_sampling/RMSD/results/backbone_RMSD/DCAF16_only/run2/RED/metafile.txt /home/btan/Documents/BD2_DCAF16_8ov6/umbrella_sampling/RMSD/results/backbone_RMSD/DCAF16_only/run2/RED/pmf.txt
#Number of windows = 11
#Iteration 10:  0.145543
#Iteration 20:  0.043581
#Iteration 30:  0.020339
#Iteration 40:  0.012194
#Iteration 50:  0.008099
#Iteration 60:  0.005559
#Iteration 70:  0.004355
#Iteration 80:  0.003557
#Iteration 90:  0.002983
#Iteration 100:  0.002777
0.001000	inf	0.000000
0.003000	inf	0.000000
0.005000	inf	0.000000
0.007000	inf	0.000000
0.009000	inf	0.000000
0.011000	inf	0.000000
0.013000	inf	0.000000
0.015000	inf	0.000000
0.017000	inf	0.000000
0.019000	inf	0.000000
0.021000	inf	0.000000
0.023000	inf	0.000000
0.025000	inf	0.000000
0.027000	inf	0.000000
0.029000	inf	0.000000
0.031000	inf	0.000000
0.033000	inf	0.000000
0.035000	inf	0.000000
0.037000	inf	0.000000
0.039000	inf	0.000000
0.041000	inf	0.000000
0.043000	inf	0.000000
0.045000	inf	0.000000
0.047000	inf	0.000000
0.049000	13.823376	0.063906
0.051000	12.807438	0.352559
0.053000	12.235146	0.922652
0.055000	11.106600	6.150943
0.057000	10.150246	30.699759
0.059000	9.337941	120.271941
0.061000	8.660245	375.769231
0.063000	7.997422	1145.038200
0.065000	7.429601	2974.145250
0.067000	6.879283	7501.120783
0.069000	6.388606	17113.873602
0.071000	5.963445	34973.577195
0.073000	5.580174	66611.594876
0.075000	5.195525	127164.575648
0.077000	4.870764	219512.897887
0.079000	4.536574	384980.135162
0.081000	4.210077	666499.484223
0.083000	3.823897	1275655.364263
0.085000	3.401590	2594429.610152
0.087000	2.976637	5300067.404966
0.089000	2.589278	10164267.307609
0.091000	2.195185	19714552.957707
0.093000	1.843509	35606561.888505
0.095000	1.542435	59065204.768490
0.097000	1.300291	88738196.107017
0.099000	1.120553	120041056.060419
0.101000	0.959025	157490441.679863
0.103000	0.838730	192786636.172826
0.105000	0.778170	213446631.497011
0.107000	0.717582	236331749.882315
0.109000	0.661109	259866479.617049
0.111000	0.634924	271560631.309849
0.113000	0.568063	303864135.730851
0.115000	0.505636	337485168.424268
0.117000	0.466099	360677559.344659
0.119000	0.418470	390742611.360372
0.121000	0.372188	422356779.679686
0.123000	0.351649	437193607.045147
0.125000	0.311230	467931551.700275
0.127000	0.260369	509698428.314385
0.129000	0.253543	515581136.971570
0.131000	0.216251	548937039.443476
0.133000	0.211572	553271042.422591
0.135000	0.201913	562327812.567273
0.137000	0.209626	555084123.977321
0.139000	0.191112	572631413.730389
0.141000	0.192556	571242695.761095
0.143000	0.168207	595110012.537343
0.145000	0.160885	602480314.873493
0.147000	0.134515	629787561.179943
0.149000	0.131105	633407775.328346
0.151000	0.073433	697890630.221948
0.153000	0.067533	704846927.940741
0.155000	0.067859	704460486.381485
0.157000	0.095578	672389158.485596
0.159000	0.099412	668068735.657964
0.161000	0.108911	657485786.031777
0.163000	0.124301	640694600.637258
0.165000	0.162230	601119371.505747
0.167000	0.158931	604462019.923550
0.169000	0.124305	640689784.056085
0.171000	0.075361	695632697.988186
0.173000	0.084583	684931583.786844
0.175000	0.063345	709826980.851449
0.177000	0.040271	737900226.704039
0.179000	0.026994	754554003.074767
0.181000	0.000000	789583103.221620
0.183000	0.013140	772333466.320656
0.185000	0.012836	772728148.664526
0.187000	0.006258	781319738.318301
0.189000	0.036962	742016808.590653
0.191000	0.051674	723890845.743596
0.193000	0.101208	666055143.473436
0.195000	0.112641	653376272.014957
0.197000	0.152854	610668832.319838
0.199000	0.211074	553734294.896672
0.201000	0.273452	498611215.785192
0.203000	0.344389	442561770.968116
0.205000	0.446724	372617589.554842
0.207000	0.555623	310285090.041638
0.209000	0.657627	261391889.394564
0.211000	0.805704	203792151.253321
0.213000	0.928312	165835215.284353
0.215000	1.087468	126906556.345038
0.217000	1.231708	99581842.695791
0.219000	1.401710	74828887.989075
0.221000	1.600596	53563696.448240
0.223000	1.733395	42846915.773930
0.225000	1.903813	32173987.093930
0.227000	2.038399	25659584.523518
0.229000	2.161570	20860647.093516
0.231000	2.339565	15466102.797512
0.233000	2.451701	12808999.147921
0.235000	2.566894	10554007.262216
0.237000	2.672148	8842524.287825
0.239000	2.825340	6834974.835132
0.241000	2.943811	5600755.186120
0.243000	3.069868	4531249.434821
0.245000	3.156282	3918595.838875
0.247000	3.201424	3632239.122967
0.249000	3.174246	3802031.142792
0.251000	3.209556	3582920.257655
0.253000	3.240976	3398592.434930
0.255000	3.202433	3626084.913398
0.257000	3.116636	4188651.716135
0.259000	3.118924	4172576.128127
0.261000	3.091242	4371328.015710
0.263000	3.097652	4324481.618166
0.265000	3.096247	4334708.450964
0.267000	3.104561	4274546.828103
0.269000	3.104313	4276326.013218
0.271000	3.135715	4056446.487528
0.273000	3.191487	3693421.325687
0.275000	3.227162	3478437.839753
0.277000	3.265348	3262165.365253
0.279000	3.379127	2694270.490798
0.281000	3.413467	2543143.773586
0.283000	3.492137	2228113.472965
0.285000	3.515505	2142283.494273
0.287000	3.574285	1940725.592829
0.289000	3.569561	1956199.826876
0.291000	3.582230	1914979.062005
0.293000	3.602745	1850065.186432
0.295000	3.640130	1737376.398395
0.297000	3.643772	1726772.509260
0.299000	3.625902	1779429.037295
0.301000	3.616654	1807310.214019
0.303000	3.561819	1981824.119532
0.305000	3.511917	2155244.018108
0.307000	3.498339	2205005.391667
0.309000	3.479246	2276922.368960
0.311000	3.455310	2370406.722405
0.313000	3.447695	2400947.327177
0.315000	3.452714	2380773.571723
0.317000	3.463459	2338155.710175
0.319000	3.489356	2238554.834686
0.321000	3.470126	2312099.956259
0.323000	3.501133	2194670.785323
0.325000	3.550707	2019192.753019
0.327000	3.633697	1756265.950557
0.329000	3.700998	1568399.336360
0.331000	3.759932	1420466.736198
0.333000	3.820936	1282021.090824
0.335000	3.887290	1146707.334688
0.337000	3.930595	1066197.053354
0.339000	3.922177	1081392.487397
0.341000	3.965141	1006044.414969
0.343000	4.002072	945486.468187
0.345000	4.030604	901208.961443
0.347000	4.052390	868800.788459
0.349000	4.138917	751190.874937
0.351000	4.163056	721319.607607
0.353000	4.240611	633152.640596
0.355000	4.283941	588673.695229
0.357000	4.352686	524429.148987
0.359000	4.407550	478226.032899
0.361000	4.463130	435568.165108
0.363000	4.531590	388219.079373
0.365000	4.634744	326413.857180
0.367000	4.695412	294766.013079
0.369000	4.740500	273250.201454
0.371000	4.795483	249126.244745
0.373000	4.840536	230955.516042
0.375000	4.912387	204678.960387
0.377000	4.985952	180870.047284
0.379000	5.008257	174213.670804
0.381000	5.090428	151737.535180
0.383000	5.133003	141257.263397
0.385000	5.178596	130835.293366
0.387000	5.249574	116120.032035
0.389000	5.307875	105279.503238
0.391000	5.371093	94665.445534
0.393000	5.406861	89141.264476
0.395000	5.508399	75153.571504
0.397000	5.557985	69143.169177
0.399000	5.648221	59411.691350

# Dumping simulation biases, in the metadata file order 
# Window  F (free energy units)
# 0	0.000000
# 1	-7.452658
# 2	-11.904677
# 3	-13.469694
# 4	-13.783544
# 5	-13.585420
# 6	-11.802976
# 7	-10.562807
# 8	-10.300430
# 9	-9.546818
# 10	-8.231603
#Iteration 110:  0.002721
#Iteration 120:  0.002628
#Iteration 130:  0.002488
#Iteration 140:  0.002324
#Iteration 150:  0.002153
#Iteration 160:  0.001984
#Iteration 170:  0.001821
#Iteration 180:  0.001667
#Iteration 190:  0.001524
#Iteration 200:  0.001391
0.001000	inf	0.000000
0.003000	inf	0.000000
0.005000	inf	0.000000
0.007000	inf	0.000000
0.009000	inf	0.000000
0.011000	inf	0.000000
0.013000	inf	0.000000
0.015000	inf	0.000000
0.017000	inf	0.000000
0.019000	inf	0.000000
0.021000	inf	0.000000
0.023000	inf	0.000000
0.025000	inf	0.000000
0.027000	inf	0.000000
0.029000	inf	0.000000
0.031000	inf	0.000000
0.033000	inf	0.000000
0.035000	inf	0.000000
0.037000	inf	0.000000
0.039000	inf	0.000000
0.041000	inf	0.000000
0.043000	inf	0.000000
0.045000	inf	0.000000
0.047000	inf	0.000000
0.049000	13.736448	0.063905
0.051000	12.720512	0.352555
0.053000	12.148223	0.922637
0.055000	11.019681	6.150798
0.057000	10.063334	30.698676
0.059000	9.251040	120.265603
0.061000	8.573359	375.739674
0.063000	7.910559	1144.903947
0.065000	7.342772	2973.626538
0.067000	6.792504	7499.180679
0.069000	6.301901	17107.338662
0.071000	5.876846	34953.987699
0.073000	5.493726	66557.365248
0.075000	5.109288	127016.008619
0.077000	4.784813	219151.111002
0.079000	4.450996	384104.499553
0.081000	4.124965	664462.318233
0.083000	3.739340	1270569.975809
0.085000	3.317664	2581348.332696
0.087000	2.893403	5267223.548492
0.089000	2.506784	10088716.292455
0.091000	2.113477	19542150.127358
0.093000	1.762635	35245796.880463
0.095000	1.462435	58380821.528161
0.097000	1.221199	87576226.317446
0.099000	1.042396	118283221.837953
0.101000	0.881837	154931604.498892
0.103000	0.762574	189325654.086494
0.105000	0.703151	209214443.883952
0.107000	0.643845	231146819.459345
0.109000	0.588816	253549184.502310
0.111000	0.564207	264258289.421646
0.113000	0.498977	294883310.975967
0.115000	0.438135	326638969.001962
0.117000	0.400045	348238149.611135
0.119000	0.353671	376471420.918257
0.121000	0.308449	406206390.407046
0.123000	0.288816	419836092.713879
0.125000	0.249217	448734298.980263
0.127000	0.199178	488112992.839270
0.129000	0.193273	492982634.848458
0.131000	0.157109	523881796.562621
0.133000	0.153880	526733458.359523
0.135000	0.146096	533670650.225468
0.137000	0.156185	524696748.526893
0.139000	0.140549	538670065.455541
0.141000	0.145277	534405771.899527
0.143000	0.124411	553483665.368952
0.145000	0.120507	557127872.719520
0.147000	0.097246	579344534.732814
0.149000	0.096477	580094254.246682
0.151000	0.040929	636871105.514992
0.153000	0.036678	641438237.888787
0.155000	0.038271	639723267.128323
0.157000	0.066984	609578986.856912
0.159000	0.071655	604811483.097554
0.161000	0.081941	594443554.050559
0.163000	0.098178	578437954.632234
0.165000	0.137129	541776684.165625
0.167000	0.135151	543580365.591902
0.169000	0.102280	574462262.619407
0.171000	0.055652	621301850.985021
0.173000	0.067845	608697426.229477
0.175000	0.050240	626980713.063500
0.177000	0.031346	647213820.676986
0.179000	0.022546	656858708.577691
0.181000	0.000000	682231927.452578
0.183000	0.017257	662724734.028836
0.185000	0.020552	659064293.729883
0.187000	0.017016	662994063.464494
0.189000	0.050291	626927096.759878
0.191000	0.067275	609281021.168350
0.193000	0.118990	558550562.970486
0.195000	0.132730	545797574.799149
0.197000	0.175574	507870763.154595
0.199000	0.236897	458124924.453045
0.201000	0.302901	410012282.207868
0.203000	0.377908	361440973.540646
0.205000	0.484537	302128851.581297
0.207000	0.597648	249812861.581681
0.209000	0.703487	209096234.961981
0.211000	0.854824	162129367.000909
0.213000	0.980048	131353282.043586
0.215000	1.141216	100179464.867847
0.217000	1.286969	78409839.430376
0.219000	1.458108	58807007.603791
0.221000	1.657882	42032249.859863
0.223000	1.791433	33580174.325075
0.225000	1.962575	25184849.756619
0.227000	2.097969	20058299.621876
0.229000	2.222158	16279052.797246
0.231000	2.401538	12041232.915835
0.233000	2.515635	9939712.487934
0.235000	2.633645	8151164.745982
0.237000	2.742945	6783046.183573
0.239000	2.901889	5192615.623570
0.241000	3.028381	4197975.732109
0.243000	3.165306	3334855.726984
0.245000	3.265873	2816160.489800
0.247000	3.328517	2534682.038542
0.249000	3.321654	2564094.101038
0.251000	3.378878	2328933.870575
0.253000	3.432147	2129448.299926
0.255000	3.413748	2196341.546870
0.257000	3.345223	2464488.940615
0.259000	3.361424	2398277.518190
0.261000	3.344401	2467895.918769
0.263000	3.358675	2409386.684086
0.265000	3.362924	2392237.601867
0.267000	3.375249	2343182.068436
0.269000	3.377851	2332957.292981
0.271000	3.411323	2205314.098687
0.273000	3.468686	2002589.136202
0.275000	3.505715	1881736.122211
0.277000	3.545228	1760807.633952
0.279000	3.660509	1450607.070545
0.281000	3.696751	1364870.265984
0.283000	3.777981	1190662.014783
0.285000	3.804882	1138018.882099
0.287000	3.868526	1022552.320220
0.289000	3.870368	1019391.093091
0.291000	3.891597	983654.116426
0.293000	3.922739	933484.869424
0.295000	3.972526	858538.952055
0.297000	3.989632	834202.880519
0.299000	3.985278	840331.006231
0.301000	3.988572	835690.445558
0.303000	3.944565	899855.920117
0.305000	3.903454	964242.175578
0.307000	3.896687	975273.520390
0.309000	3.882719	998444.162027
0.311000	3.862608	1032775.563507
0.313000	3.857910	1040965.260720
0.315000	3.865294	1028123.769855
0.317000	3.878166	1006115.083551
0.319000	3.906236	959742.853636
0.321000	3.889490	987145.165302
0.323000	3.923528	932247.200030
0.325000	3.976871	852290.882389
0.327000	4.064460	735601.990493
0.329000	4.137121	651022.208165
0.331000	4.201917	583836.458375
0.333000	4.268868	521690.383306
0.335000	4.340808	462266.971395
0.337000	4.388983	426306.481792
0.339000	4.384546	429497.955247
0.341000	4.430599	397502.687349
0.343000	4.469835	372130.779800
0.345000	4.500045	353704.350389
0.347000	4.523044	340290.427496
0.349000	4.610461	293785.817329
0.351000	4.635282	281779.550152
0.353000	4.713412	247098.590181
0.355000	4.757294	229527.014171
0.357000	4.826646	204269.252413
0.359000	4.882251	186040.847529
0.361000	4.938788	169173.598235
0.363000	5.008500	150466.342408
0.365000	5.113263	126170.096632
0.367000	5.175917	113557.331326
0.369000	5.223320	104859.637139
0.371000	5.280817	95198.881548
0.373000	5.328396	87881.279176
0.375000	5.402593	77576.213699
0.377000	5.478181	68319.505496
0.379000	5.502124	65624.355410
0.381000	5.585552	57037.173592
0.383000	5.629054	53015.004502
0.385000	5.675312	49048.796954
0.387000	5.746754	43498.183809
0.389000	5.805376	39416.091206
0.391000	5.868813	35429.192128
0.393000	5.904730	33353.399400
0.395000	6.006369	28114.979056
0.397000	6.056022	25863.554586
0.399000	6.146303	22221.727974

# Dumping simulation biases, in the metadata file order 
# Window  F (free energy units)
# 0	0.000000
# 1	-7.448130
# 2	-11.894176
# 3	-13.444212
# 4	-13.723412
# 5	-13.481505
# 6	-11.657535
# 7	-10.199460
# 8	-9.803572
# 9	-8.991906
# 10	-7.651812
#Iteration 210:  0.001269
#Iteration 220:  0.001157
#Iteration 230:  0.001055
#Iteration 240:  0.000962
#Iteration 250:  0.000876
#Iteration 260:  0.000799
#Iteration 270:  0.000728
#Iteration 280:  0.000663
#Iteration 290:  0.000604
#Iteration 300:  0.000550
0.001000	inf	0.000000
0.003000	inf	0.000000
0.005000	inf	0.000000
0.007000	inf	0.000000
0.009000	inf	0.000000
0.011000	inf	0.000000
0.013000	inf	0.000000
0.015000	inf	0.000000
0.017000	inf	0.000000
0.019000	inf	0.000000
0.021000	inf	0.000000
0.023000	inf	0.000000
0.025000	inf	0.000000
0.027000	inf	0.000000
0.029000	inf	0.000000
0.031000	inf	0.000000
0.033000	inf	0.000000
0.035000	inf	0.000000
0.037000	inf	0.000000
0.039000	inf	0.000000
0.041000	inf	0.000000
0.043000	inf	0.000000
0.045000	inf	0.000000
0.047000	inf	0.000000
0.049000	13.688000	0.063905
0.051000	12.672066	0.352553
0.053000	12.099779	0.922627
0.055000	10.971240	6.150696
0.057000	10.014898	30.697914
0.059000	9.202611	120.261142
0.061000	8.524941	375.718870
0.063000	7.862158	1144.809462
0.065000	7.294394	2973.261521
0.067000	6.744161	7497.815688
0.069000	6.253610	17102.742194
0.071000	5.828630	34940.214708
0.073000	5.445616	66519.259899
0.075000	5.061326	126911.702458
0.077000	4.737051	218897.399855
0.079000	4.403495	383491.392848
0.081000	4.077790	663038.806839
0.083000	3.692552	1267025.482473
0.085000	3.271312	2572258.883532
0.087000	2.847526	5244485.198329
0.089000	2.461412	10036629.130826
0.091000	2.068639	19423843.166391
0.093000	1.718356	34999480.439220
0.095000	1.418739	57916044.501333
0.097000	1.178103	86791491.137845
0.099000	0.999911	117102914.833062
0.101000	0.839980	153223909.275038
0.103000	0.721377	187031048.594900
0.105000	0.662674	206428688.956530
0.107000	0.604174	227760638.958737
0.109000	0.550043	249457698.035994
0.111000	0.526408	259568637.089927
0.113000	0.462181	289162448.874529
0.115000	0.402308	319780855.519058
0.117000	0.365096	340423032.003001
0.119000	0.319481	367553678.910336
0.121000	0.274896	396159581.257443
0.123000	0.255805	409079945.143829
0.125000	0.216692	436880624.113620
0.127000	0.167136	474833910.110932
0.129000	0.161766	479139115.514721
0.131000	0.126254	508612922.095286
0.133000	0.123857	510666861.659031
0.135000	0.117144	516462296.748950
0.137000	0.128579	506629182.172602
0.139000	0.114565	518706101.919159
0.141000	0.121126	513016412.408926
0.143000	0.102187	529612071.058461
0.145000	0.100157	531422172.354987
0.147000	0.078586	551046469.053167
0.149000	0.079241	550440150.704593
0.151000	0.024831	603159338.369984
0.153000	0.021459	606588199.368523
0.155000	0.023722	604284732.391761
0.157000	0.052959	575303973.867103
0.159000	0.058066	570386087.808969
0.161000	0.068758	560225234.265464
0.163000	0.085429	544744015.465151
0.165000	0.124898	509773871.036266
0.167000	0.123587	510898855.459638
0.169000	0.091594	539126997.017975
0.171000	0.046119	581956458.356505
0.173000	0.059780	568745159.847547
0.175000	0.043955	584077896.794722
0.177000	0.027088	600875020.070292
0.179000	0.020437	607631537.332028
0.181000	0.000000	628869122.106973
0.183000	0.019188	608908297.468788
0.185000	0.024152	603848156.960887
0.187000	0.022012	606024858.331261
0.189000	0.056454	571933203.896994
0.191000	0.074458	554883428.276963
0.193000	0.127139	507857123.408765
0.195000	0.141887	495421186.141782
0.197000	0.185867	460115099.493843
0.199000	0.248516	414122848.675206
0.201000	0.316055	369676697.464557
0.203000	0.392766	324951497.757298
0.205000	0.501174	270816219.193651
0.207000	0.616012	223273063.985400
0.209000	0.723409	186393339.544258
0.211000	0.876059	144207092.469933
0.213000	1.002332	116627325.536374
0.215000	1.164305	88828171.962170
0.217000	1.310664	69454529.952875
0.219000	1.482262	52050386.963887
0.221000	1.682400	37180182.142883
0.223000	1.816269	29687917.782542
0.225000	1.987729	22253796.385533
0.227000	2.123489	17712964.640380
0.229000	2.248150	14364205.695330
0.231000	2.428180	10613269.810635
0.233000	2.543199	8747396.159173
0.235000	2.662531	7157475.147720
0.237000	2.773715	5937294.466738
0.239000	2.935310	4524965.476927
0.241000	3.065437	3635927.439997
0.243000	3.207176	2865086.543325
0.245000	3.313826	2394842.921902
0.247000	3.383714	2129385.548930
0.249000	3.384893	2125171.455689
0.251000	3.450375	1903653.880504
0.253000	3.511476	1717832.853857
0.255000	3.499960	1751411.382616
0.257000	3.437096	1946627.587953
0.259000	3.457702	1880352.371280
0.261000	3.443966	1924275.529499
0.263000	3.460618	1871157.280092
0.265000	3.466557	1852569.507712
0.267000	3.480075	1810945.924472
0.269000	3.483527	1800467.280353
0.271000	3.517628	1700159.607614
0.273000	3.575493	1542570.127516
0.275000	3.612973	1448378.402121
0.277000	3.652958	1354224.440293
0.279000	3.768804	1114594.003094
0.281000	3.805783	1047417.546229
0.283000	3.888022	912180.597720
0.285000	3.916318	869807.471488
0.287000	3.981874	779046.238301
0.289000	3.986269	773311.860058
0.291000	4.010772	742106.401882
0.293000	4.045891	699563.926727
0.295000	4.100199	638526.568289
0.297000	4.122073	615474.950467
0.299000	4.122361	615177.041744
0.301000	4.129840	607491.233988
0.303000	4.089354	650274.709343
0.305000	4.051043	693530.879428
0.307000	4.046413	698950.244055
0.309000	4.034038	713642.608769
0.311000	4.015114	736710.013401
0.313000	4.011327	741414.611587
0.315000	4.019464	731341.683759
0.317000	4.033034	714847.911440
0.319000	4.061838	681059.999370
0.321000	4.045947	699498.205153
0.323000	4.081041	659425.375107
0.325000	4.135700	601536.390764
0.327000	4.224887	517785.922370
0.329000	4.299395	456830.358046
0.331000	4.366187	408312.616304
0.333000	4.435139	363624.940791
0.335000	4.508934	321202.674069
0.337000	4.558709	295420.304977
0.339000	4.555568	296984.624804
0.341000	4.602617	274400.545575
0.343000	4.642593	256566.666408
0.345000	4.673341	243642.440379
0.347000	4.696727	234249.840904
0.349000	4.784428	202140.172234
0.351000	4.809470	193807.560820
0.353000	4.887787	169900.638732
0.355000	4.931850	157770.576952
0.357000	5.001404	140361.420280
0.359000	5.057257	127782.581197
0.361000	5.114117	116134.419094
0.363000	5.184249	103219.146066
0.365000	5.289553	86473.474578
0.367000	5.352872	77742.119444
0.369000	5.401046	71694.615949
0.371000	5.459376	64998.258416
0.373000	5.507788	59918.147140
0.375000	5.582754	52823.740319
0.377000	5.659002	46469.001162
0.379000	5.683477	44595.940539
0.381000	5.767312	38733.880822
0.383000	5.811114	35984.303738
0.385000	5.857585	33280.234741
0.387000	5.929178	29506.642729
0.389000	5.987903	26732.947125
0.391000	6.051410	24026.089202
0.393000	6.087374	22616.587210
0.395000	6.189046	19063.437387
0.397000	6.238720	17536.214401
0.399000	6.329016	15066.585870

# Dumping simulation biases, in the metadata file order 
# Window  F (free energy units)
# 0	0.000000
# 1	-7.445052
# 2	-11.887237
# 3	-13.428292
# 4	-13.688647
# 5	-13.425946
# 6	-11.584888
# 7	-10.045327
# 8	-9.602520
# 9	-8.771124
# 10	-7.422762
#Iteration 310:  0.000502
#Iteration 320:  0.000457
#Iteration 330:  0.000416
#Iteration 340:  0.000380
#Iteration 350:  0.000346
#Iteration 360:  0.000315
#Iteration 370:  0.000287
#Iteration 380:  0.000262
#Iteration 390:  0.000239
#Iteration 400:  0.000217
0.001000	inf	0.000000
0.003000	inf	0.000000
0.005000	inf	0.000000
0.007000	inf	0.000000
0.009000	inf	0.000000
0.011000	inf	0.000000
0.013000	inf	0.000000
0.015000	inf	0.000000
0.017000	inf	0.000000
0.019000	inf	0.000000
0.021000	inf	0.000000
0.023000	inf	0.000000
0.025000	inf	0.000000
0.027000	inf	0.000000
0.029000	inf	0.000000
0.031000	inf	0.000000
0.033000	inf	0.000000
0.035000	inf	0.000000
0.037000	inf	0.000000
0.039000	inf	0.000000
0.041000	inf	0.000000
0.043000	inf	0.000000
0.045000	inf	0.000000
0.047000	inf	0.000000
0.049000	13.668791	0.063905
0.051000	12.652857	0.352552
0.053000	12.080571	0.922623
0.055000	10.952034	6.150656
0.057000	9.995694	30.697611
0.059000	9.183409	120.259366
0.061000	8.505744	375.710589
0.063000	7.842967	1144.771851
0.065000	7.275213	2973.116228
0.067000	6.724994	7497.272402
0.069000	6.234463	17100.912931
0.071000	5.809512	34934.734309
0.073000	5.426541	66504.100794
0.075000	5.042310	126870.220017
0.077000	4.718115	218796.540656
0.079000	4.384663	383247.789490
0.081000	4.059087	662473.570761
0.083000	3.674002	1265619.097121
0.085000	3.252935	2568655.220997
0.087000	2.829338	5235477.509118
0.089000	2.443425	10016011.692224
0.091000	2.050863	19377051.705187
0.093000	1.700802	34902138.403270
0.095000	1.401417	57732517.995941
0.097000	1.161019	86481873.451724
0.099000	0.983069	116637589.623629
0.101000	0.823387	152551171.682770
0.103000	0.705046	186127767.620709
0.105000	0.646630	205332922.305736
0.107000	0.588449	226429903.947495
0.109000	0.534675	247851554.461380
0.111000	0.511426	257730098.709943
0.113000	0.447595	286922935.424456
0.115000	0.388105	317100209.917434
0.117000	0.351240	337372660.037179
0.119000	0.305924	364077211.987315
0.121000	0.261590	392246849.007515
0.123000	0.242712	404894145.724914
0.125000	0.203792	432270320.711319
0.127000	0.154428	469671393.502608
0.129000	0.149273	473759011.513461
0.131000	0.114023	502680929.326734
0.133000	0.111959	504427805.118686
0.135000	0.105675	509784589.560600
0.137000	0.117649	499625850.135283
0.139000	0.104281	510980376.525011
0.141000	0.111571	504757185.417951
0.143000	0.093394	520418381.791717
0.145000	0.092102	521549577.105247
0.147000	0.071193	540207181.060309
0.149000	0.072405	539107999.522679
0.151000	0.018439	590301188.098618
0.153000	0.015409	593315575.172371
0.155000	0.017934	590802932.659847
0.157000	0.047375	562275466.341652
0.159000	0.052653	557308405.355887
0.161000	0.063507	547232459.789333
0.163000	0.080350	531955719.004587
0.165000	0.120027	497632614.339824
0.167000	0.118983	498506410.576397
0.169000	0.087345	525737345.558011
0.171000	0.042333	567061412.327740
0.173000	0.056581	553640563.652596
0.175000	0.041467	567887052.024140
0.177000	0.025407	583427291.863320
0.179000	0.019606	589145098.723979
0.181000	0.000000	608885260.401052
0.183000	0.019946	588808448.919760
0.185000	0.025563	583274718.915314
0.187000	0.023968	584840966.262617
0.189000	0.058867	551517740.791012
0.191000	0.077270	534717336.006839
0.193000	0.130331	489087387.394383
0.195000	0.145478	476791364.278324
0.197000	0.189909	442477562.667164
0.199000	0.253084	397896272.763787
0.201000	0.321230	354828854.800059
0.203000	0.398615	311547129.134008
0.205000	0.507723	259339334.167913
0.207000	0.623239	213567536.569652
0.209000	0.731245	178108436.364871
0.211000	0.884408	137678654.975263
0.213000	1.011089	111271070.329766
0.215000	1.173375	84704023.587993
0.217000	1.319970	66203576.244911
0.219000	1.491749	49599038.314047
0.221000	1.692032	35420529.833259
0.223000	1.826029	28276732.052550
0.225000	1.997621	21191290.405931
0.227000	2.133536	16862869.151591
0.229000	2.258399	13670184.687734
0.231000	2.438709	10095732.899388
0.233000	2.554125	8315284.697000
0.235000	2.674026	6797395.464771
0.237000	2.786021	5630929.980025
0.239000	2.948748	4283315.232239
0.241000	3.080417	3432845.196419
0.243000	3.224177	2695880.925823
0.245000	3.333349	2243875.799147
0.247000	3.406194	1985261.741081
0.249000	3.410596	1970627.004937
0.251000	3.479326	1755608.688353
0.253000	3.543448	1576211.391714
0.255000	3.534544	1599982.452323
0.257000	3.473796	1772004.262474
0.259000	3.496031	1706994.901392
0.261000	3.483499	1743334.872612
0.263000	3.501018	1692743.125073
0.265000	3.507571	1674199.637312
0.267000	3.521522	1635392.730877
0.269000	3.525284	1625082.743538
0.271000	3.559616	1533948.777145
0.273000	3.617670	1391325.304919
0.275000	3.655324	1305986.735517
0.277000	3.695496	1220705.617770
0.279000	3.811570	1004316.389883
0.281000	3.848850	943307.918185
0.283000	3.931504	820940.871977
0.285000	3.960373	782051.208735
0.287000	4.026715	699523.647945
0.289000	4.032153	693158.180255
0.291000	4.057984	663702.905970
0.293000	4.094704	623973.515774
0.295000	4.150815	567808.642021
0.297000	4.174568	545583.492655
0.299000	4.176666	543662.389781
0.301000	4.185760	535414.045916
0.303000	4.146622	571824.609681
0.305000	4.109376	608772.281928
0.307000	4.105554	612696.431790
0.309000	4.093779	624944.051360
0.311000	4.075303	644658.827248
0.313000	4.071862	648398.736519
0.315000	4.080288	639279.877985
0.317000	4.094127	624578.987548
0.319000	4.123218	594770.391578
0.321000	4.107665	610525.431712
0.323000	4.143178	575144.612327
0.325000	4.198359	524194.127445
0.327000	4.288179	450731.844725
0.329000	4.363417	397182.841395
0.331000	4.430994	354531.593895
0.333000	4.500730	315314.324866
0.335000	4.575249	278189.659197
0.337000	4.625645	255592.754296
0.339000	4.623005	256729.687046
0.341000	4.670440	237053.283836
0.343000	4.710701	221540.420315
0.345000	4.741655	210307.467436
0.347000	4.765191	202149.237374
0.349000	4.853002	174407.579253
0.351000	4.878128	167194.268203
0.353000	4.956518	146552.315091
0.355000	5.000652	136072.992919
0.357000	5.070285	121041.924303
0.359000	5.126236	110176.332285
0.361000	5.183223	100111.730167
0.363000	5.253521	88953.497762
0.365000	5.359037	74495.532199
0.367000	5.422618	66944.153287
0.369000	5.471095	61705.165061
0.371000	5.529753	55911.097274
0.373000	5.578491	51512.973717
0.375000	5.653757	45390.810434
0.377000	5.730263	39912.970368
0.379000	5.754945	38290.823002
0.381000	5.838939	33248.699929
0.383000	5.882857	30882.445967
0.385000	5.929412	28557.765132
0.387000	6.001062	25317.169370
0.389000	6.059828	22935.747764
0.391000	6.123362	20612.428791
0.393000	6.159345	19402.585903
0.395000	6.261029	16354.023735
0.397000	6.310712	15043.646449
0.399000	6.401013	12924.924164

# Dumping simulation biases, in the metadata file order 
# Window  F (free energy units)
# 0	0.000000
# 1	-7.443832
# 2	-11.884488
# 3	-13.421992
# 4	-13.674900
# 5	-13.403978
# 6	-11.556191
# 7	-9.984421
# 8	-9.523133
# 9	-8.683990
# 10	-7.332387
#Iteration 410:  0.000198
#Iteration 420:  0.000181
#Iteration 430:  0.000165
#Iteration 440:  0.000150
#Iteration 450:  0.000137
#Iteration 460:  0.000125
#Iteration 470:  0.000114
#Iteration 480:  0.000104
#Iteration 490:  0.000094
#Iteration 500:  0.000086
0.001000	inf	0.000000
0.003000	inf	0.000000
0.005000	inf	0.000000
0.007000	inf	0.000000
0.009000	inf	0.000000
0.011000	inf	0.000000
0.013000	inf	0.000000
0.015000	inf	0.000000
0.017000	inf	0.000000
0.019000	inf	0.000000
0.021000	inf	0.000000
0.023000	inf	0.000000
0.025000	inf	0.000000
0.027000	inf	0.000000
0.029000	inf	0.000000
0.031000	inf	0.000000
0.033000	inf	0.000000
0.035000	inf	0.000000
0.037000	inf	0.000000
0.039000	inf	0.000000
0.041000	inf	0.000000
0.043000	inf	0.000000
0.045000	inf	0.000000
0.047000	inf	0.000000
0.049000	13.661200	0.063905
0.051000	12.645267	0.352551
0.053000	12.072981	0.922621
0.055000	10.944445	6.150639
0.057000	9.988105	30.697491
0.059000	9.175822	120.258664
0.061000	8.498159	375.707316
0.063000	7.835384	1144.756986
0.065000	7.267634	2973.058805
0.067000	6.717420	7497.057690
0.069000	6.226897	17100.190017
0.071000	5.801959	34932.568621
0.073000	5.419004	66498.110896
0.075000	5.034796	126853.830807
0.077000	4.710632	218756.698811
0.079000	4.377221	383151.580011
0.081000	4.051697	662250.390305
0.083000	3.666672	1265063.951236
0.085000	3.245674	2567233.171785
0.087000	2.822151	5231924.065069
0.089000	2.436317	10007880.798384
0.091000	2.043839	19358604.104460
0.093000	1.693866	34863772.653469
0.095000	1.394572	57660205.843484
0.097000	1.154268	86359915.929704
0.099000	0.976414	116454352.050445
0.101000	0.816830	152286330.526414
0.103000	0.698593	185772260.886984
0.105000	0.640289	204901778.887430
0.107000	0.582235	225906480.199558
0.109000	0.528602	247220057.644799
0.111000	0.505505	257007583.054864
0.113000	0.441831	286043330.122250
0.115000	0.382492	316047945.564958
0.117000	0.345764	336175908.708637
0.119000	0.300565	362713927.464766
0.121000	0.256330	390713060.536634
0.123000	0.237537	403253782.395793
0.125000	0.198693	430463973.688698
0.127000	0.149404	467648986.957734
0.129000	0.144335	471651607.612433
0.131000	0.109188	500357608.399011
0.133000	0.107257	501984587.452655
0.135000	0.101143	507170235.796742
0.137000	0.113331	496885113.821494
0.139000	0.100219	507958774.297269
0.141000	0.107796	501529591.994328
0.143000	0.089920	516829176.506890
0.145000	0.088919	517699412.810574
0.147000	0.068271	535984326.104740
0.149000	0.069701	534697077.490776
0.151000	0.015910	585299939.245054
0.153000	0.013014	588156028.309926
0.155000	0.015642	585564279.033184
0.157000	0.045163	557214514.443891
0.159000	0.050509	552229513.801245
0.161000	0.061426	542187438.339906
0.163000	0.078337	526990849.436075
0.165000	0.118097	492919663.353745
0.167000	0.117160	493696815.893261
0.169000	0.085662	520541975.819366
0.171000	0.040834	561283904.974292
0.173000	0.055316	547784634.055275
0.175000	0.040484	561614184.474582
0.177000	0.024743	576673218.244996
0.179000	0.019278	581996027.700426
0.181000	0.000000	601165200.600809
0.183000	0.020244	581051419.549163
0.185000	0.026118	575342061.555199
0.187000	0.024737	576679121.632624
0.189000	0.059816	543656854.922836
0.191000	0.078376	526956490.883478
0.193000	0.131588	481867231.047591
0.195000	0.146892	469628225.164681
0.197000	0.191501	435699224.182874
0.199000	0.254885	391663670.728905
0.201000	0.323272	349129594.957178
0.203000	0.400923	306405867.054896
0.205000	0.510308	254941023.007467
0.207000	0.626091	209851193.173940
0.209000	0.734337	174938549.303805
0.211000	0.887702	135182498.237444
0.213000	1.014543	109224217.274769
0.215000	1.176953	83128669.006393
0.217000	1.323640	64962146.714460
0.219000	1.495490	48663152.902564
0.221000	1.695831	34748821.636688
0.223000	1.829879	27738094.684432
0.225000	2.001524	20785764.266481
0.227000	2.137503	16538422.803983
0.229000	2.262448	13405307.339272
0.231000	2.442872	9898210.504362
0.233000	2.558452	8150364.668126
0.235000	2.678586	6659970.275378
0.237000	2.790911	5514018.035185
0.239000	2.954100	4191126.674961
0.241000	3.086396	3355421.662292
0.243000	3.230976	2631453.848150
0.245000	3.341164	2186513.299228
0.247000	3.415192	1930666.067646
0.249000	3.420875	1912312.125854
0.251000	3.490885	1699992.911657
0.253000	3.556191	1523246.329192
0.255000	3.548302	1543580.886710
0.257000	3.488373	1707187.628052
0.259000	3.511235	1642823.140666
0.261000	3.499166	1676493.088249
0.263000	3.517017	1626932.640037
0.265000	3.523804	1608474.928682
0.267000	3.537921	1570753.778638
0.269000	3.541802	1560539.416565
0.271000	3.576224	1472804.135227
0.273000	3.634350	1335701.677262
0.275000	3.672073	1253630.891323
0.277000	3.712319	1171622.572703
0.279000	3.828484	963786.361251
0.281000	3.865885	905055.602462
0.283000	3.948705	787429.926852
0.285000	3.977806	749836.599679
0.287000	4.044463	670352.987956
0.289000	4.050319	663785.812420
0.291000	4.076683	635010.790571
0.293000	4.114041	596358.475744
0.295000	4.170868	542026.552467
0.297000	4.195364	520160.073576
0.299000	4.198175	517707.588123
0.301000	4.207904	509310.124205
0.303000	4.169292	543463.969565
0.305000	4.132461	578175.687561
0.307000	4.128953	581594.992789
0.309000	4.117413	592987.889732
0.311000	4.099111	611515.414371
0.313000	4.095804	614923.780830
0.315000	4.104343	606160.871909
0.317000	4.118288	592116.005925
0.319000	4.147492	563749.198019
0.321000	4.132074	578552.226445
0.323000	4.167753	544872.063192
0.325000	4.223141	496430.390065
0.327000	4.313212	426678.848970
0.329000	4.388739	375804.881810
0.331000	4.456627	335274.180398
0.333000	4.526672	298032.064029
0.335000	4.601476	262816.169646
0.337000	4.652117	241368.790034
0.339000	4.649674	242362.144493
0.341000	4.697260	223730.033943
0.343000	4.737633	209049.710291
0.345000	4.768668	198423.024480
0.347000	4.792263	190707.049498
0.349000	4.880116	164523.739294
0.351000	4.905276	157710.360964
0.353000	4.983694	138232.660521
0.355000	5.027857	128342.208568
0.357000	5.097521	114159.096642
0.359000	5.153511	103904.595288
0.361000	5.210547	94404.941903
0.363000	5.280912	83873.502117
0.365000	5.386512	70231.254951
0.367000	5.450196	63101.146725
0.369000	5.498793	58151.188071
0.371000	5.557580	52679.392445
0.373000	5.606447	48524.978517
0.375000	5.681832	42749.403632
0.377000	5.758440	37583.913468
0.379000	5.783203	36051.471651
0.381000	5.867259	31300.939471
0.383000	5.911224	29071.061345
0.385000	5.957811	26881.252027
0.387000	6.029484	23829.980884
0.389000	6.088266	21587.876373
0.391000	6.151811	19400.741157
0.393000	6.187801	18261.793957
0.395000	6.289490	15392.347264
0.397000	6.339176	14158.946174
0.399000	6.429480	12164.778200

# Dumping simulation biases, in the metadata file order 
# Window  F (free energy units)
# 0	0.000000
# 1	-7.443350
# 2	-11.883403
# 3	-13.419507
# 4	-13.669475
# 5	-13.395305
# 6	-11.544861
# 7	-9.960346
# 8	-9.491748
# 9	-8.649542
# 10	-7.296658
#Iteration 510:  0.000078
#Iteration 520:  0.000071
#Iteration 530:  0.000065
#Iteration 540:  0.000059
#Iteration 550:  0.000054
#Iteration 560:  0.000049
#Iteration 570:  0.000045
#Iteration 580:  0.000041
#Iteration 590:  0.000037
#Iteration 600:  0.000034
0.001000	inf	0.000000
0.003000	inf	0.000000
0.005000	inf	0.000000
0.007000	inf	0.000000
0.009000	inf	0.000000
0.011000	inf	0.000000
0.013000	inf	0.000000
0.015000	inf	0.000000
0.017000	inf	0.000000
0.019000	inf	0.000000
0.021000	inf	0.000000
0.023000	inf	0.000000
0.025000	inf	0.000000
0.027000	inf	0.000000
0.029000	inf	0.000000
0.031000	inf	0.000000
0.033000	inf	0.000000
0.035000	inf	0.000000
0.037000	inf	0.000000
0.039000	inf	0.000000
0.041000	inf	0.000000
0.043000	inf	0.000000
0.045000	inf	0.000000
0.047000	inf	0.000000
0.049000	13.658198	0.063905
0.051000	12.642265	0.352551
0.053000	12.069979	0.922621
0.055000	10.941443	6.150633
0.057000	9.985104	30.697443
0.059000	9.172821	120.258387
0.061000	8.495158	375.706021
0.063000	7.832384	1144.751106
0.065000	7.264636	2973.036090
0.067000	6.714425	7496.972757
0.069000	6.223905	17099.904063
0.071000	5.798971	34931.711985
0.073000	5.416023	66495.741679
0.075000	5.031824	126847.348602
0.077000	4.707673	218740.941699
0.079000	4.374278	383113.533067
0.081000	4.048774	662162.140183
0.083000	3.663773	1264844.459820
0.085000	3.242802	2566670.995074
0.087000	2.819308	5230519.458509
0.089000	2.433506	10004667.202498
0.091000	2.041060	19351313.869768
0.093000	1.691122	34848612.832305
0.095000	1.391864	57631635.848947
0.097000	1.151597	86311737.084449
0.099000	0.973781	116381972.955676
0.101000	0.814236	152181729.111096
0.103000	0.696040	185631864.897380
0.105000	0.637782	204731531.348976
0.107000	0.579777	225699820.127610
0.109000	0.526200	246970767.403518
0.111000	0.503163	256722417.105715
0.113000	0.439551	285696239.029100
0.115000	0.380271	315632817.116829
0.117000	0.343597	335703879.053970
0.119000	0.298445	362176311.569954
0.121000	0.254249	390108295.131254
0.123000	0.235489	402607067.429976
0.125000	0.196675	429751877.399036
0.127000	0.147417	466851762.493058
0.129000	0.142381	470820914.993055
0.131000	0.107275	499441846.279025
0.133000	0.105396	501021624.033241
0.135000	0.099350	506139921.163169
0.137000	0.111623	495805163.935336
0.139000	0.098612	506768440.246070
0.141000	0.106303	500258524.723256
0.143000	0.088546	515416255.651602
0.145000	0.087660	516184396.737124
0.147000	0.067115	534323324.838969
0.149000	0.068632	532962712.454513
0.151000	0.014909	583334022.619530
0.153000	0.012066	586128336.334146
0.155000	0.014734	583505838.335949
0.157000	0.044287	555226139.682348
0.159000	0.049659	550234269.858685
0.161000	0.060602	540205638.212603
0.163000	0.077540	525040651.212584
0.165000	0.117333	491068529.187518
0.167000	0.116438	491807855.985024
0.169000	0.084996	518501697.216826
0.171000	0.040241	559015321.731361
0.173000	0.054816	545485701.961369
0.175000	0.040095	559152221.040689
0.177000	0.024481	574023283.875288
0.179000	0.019148	579192215.097848
0.181000	0.000000	598138700.673294
0.183000	0.020362	578011634.748403
0.185000	0.026337	572234551.867948
0.187000	0.025041	573482782.713784
0.189000	0.060191	540579129.459549
0.191000	0.078813	523918551.830137
0.193000	0.132084	479041450.111321
0.195000	0.147451	466825251.534947
0.197000	0.192131	433047328.918563
0.199000	0.255597	389225821.978700
0.201000	0.324079	346900941.863289
0.203000	0.401835	304396019.999534
0.205000	0.511330	253222177.354107
0.207000	0.627219	208399338.629727
0.209000	0.735559	173700558.719409
0.211000	0.889004	134207889.921054
0.213000	1.015909	108425207.827765
0.215000	1.178366	82513814.298419
0.217000	1.325091	64477679.637253
0.219000	1.496969	48297955.056829
0.221000	1.697332	34486725.135738
0.223000	1.831401	27527929.462860
0.225000	2.003068	20627539.836721
0.227000	2.139071	16411834.730659
0.229000	2.264049	13301961.370630
0.231000	2.444520	9821143.935043
0.233000	2.560164	8086018.353074
0.235000	2.680392	6606352.139563
0.237000	2.792850	5468405.574585
0.239000	2.956224	4155164.486193
0.241000	3.088771	3325227.603769
0.243000	3.233678	2606341.282079
0.245000	3.344271	2164173.457188
0.247000	3.418769	1909429.927839
0.249000	3.424959	1889664.752104
0.251000	3.495476	1678431.644576
0.253000	3.561248	1502748.799059
0.255000	3.553758	1521788.299179
0.257000	3.494150	1682177.128892
0.259000	3.517257	1618087.538132
0.261000	3.505369	1650748.631490
0.263000	3.523350	1601599.890454
0.265000	3.530229	1583185.454447
0.267000	3.544411	1545889.146770
0.269000	3.548338	1535716.516235
0.271000	3.582795	1449291.693750
0.273000	3.640950	1314314.559708
0.275000	3.678699	1233501.991252
0.277000	3.718975	1152753.498182
0.279000	3.835176	948206.740635
0.281000	3.872626	890353.171383
0.283000	3.955512	774551.791872
0.285000	3.984705	737459.223255
0.287000	4.051487	659148.416681
0.289000	4.057510	652508.303885
0.291000	4.084085	624000.379232
0.293000	4.121697	585768.603155
0.295000	4.178808	532147.574036
0.297000	4.203598	510427.152331
0.299000	4.206691	507780.077555
0.301000	4.216669	499333.781474
0.303000	4.178266	532632.784266
0.305000	4.141597	566497.183701
0.307000	4.138213	569728.953097
0.309000	4.126765	580799.707556
0.311000	4.108531	598877.454957
0.313000	4.105278	602161.733234
0.315000	4.113860	593536.390708
0.317000	4.127848	579743.230145
0.319000	4.157097	551927.535219
0.321000	4.141731	566369.647150
0.323000	4.177477	533339.648867
0.325000	4.232946	485856.195390
0.327000	4.323117	417520.564783
0.329000	4.398758	367667.848881
0.331000	4.466769	327946.961534
0.333000	4.536937	291458.800595
0.335000	4.611853	256970.929052
0.337000	4.662591	235962.246723
0.339000	4.660226	236902.368242
0.341000	4.707871	218668.058932
0.343000	4.748288	204304.718093
0.345000	4.779356	193908.806372
0.347000	4.802973	186361.141259
0.349000	4.890844	160769.918100
0.351000	4.916017	154108.582038
0.353000	4.994446	135073.149999
0.355000	5.038620	125406.428885
0.357000	5.108297	111545.426763
0.359000	5.164302	101523.087194
0.361000	5.221358	92238.082836
0.363000	5.291749	81944.782329
0.365000	5.397382	68612.397185
0.367000	5.461108	61642.393245
0.369000	5.509752	56802.336139
0.371000	5.568590	51453.040724
0.373000	5.617508	47391.282272
0.375000	5.692939	41747.351322
0.377000	5.769587	36700.463335
0.379000	5.794383	35202.132347
0.381000	5.878464	30562.250570
0.383000	5.922446	28384.131449
0.385000	5.969047	26245.494780
0.387000	6.040729	23266.033983
0.389000	6.099517	21076.768862
0.391000	6.163066	18941.280052
0.393000	6.199059	17829.219731
0.395000	6.300750	15027.693615
0.397000	6.350438	13823.482134
0.399000	6.440742	11876.543926

# Dumping simulation biases, in the metadata file order 
# Window  F (free energy units)
# 0	0.000000
# 1	-7.443160
# 2	-11.882974
# 3	-13.418524
# 4	-13.667331
# 5	-13.391875
# 6	-11.540382
# 7	-9.950822
# 8	-9.479331
# 9	-8.635914
# 10	-7.282523
#Iteration 610:  0.000031
#Iteration 620:  0.000028
#Iteration 630:  0.000026
#Iteration 640:  0.000023
#Iteration 650:  0.000021
#Iteration 660:  0.000020
#Iteration 670:  0.000018
#Iteration 680:  0.000016
#Iteration 690:  0.000015
#Iteration 700:  0.000013
0.001000	inf	0.000000
0.003000	inf	0.000000
0.005000	inf	0.000000
0.007000	inf	0.000000
0.009000	inf	0.000000
0.011000	inf	0.000000
0.013000	inf	0.000000
0.015000	inf	0.000000
0.017000	inf	0.000000
0.019000	inf	0.000000
0.021000	inf	0.000000
0.023000	inf	0.000000
0.025000	inf	0.000000
0.027000	inf	0.000000
0.029000	inf	0.000000
0.031000	inf	0.000000
0.033000	inf	0.000000
0.035000	inf	0.000000
0.037000	inf	0.000000
0.039000	inf	0.000000
0.041000	inf	0.000000
0.043000	inf	0.000000
0.045000	inf	0.000000
0.047000	inf	0.000000
0.049000	13.657010	0.063905
0.051000	12.641077	0.352551
0.053000	12.068792	0.922620
0.055000	10.940255	6.150631
0.057000	9.983916	30.697425
0.059000	9.171633	120.258277
0.061000	8.493971	375.705509
0.063000	7.831198	1144.748779
0.065000	7.263450	2973.027102
0.067000	6.713239	7496.939148
0.069000	6.222721	17099.790909
0.071000	5.797789	34931.373015
0.073000	5.414843	66494.804193
0.075000	5.030648	126844.783678
0.077000	4.706502	218734.706973
0.079000	4.373113	383098.479251
0.081000	4.047617	662127.224124
0.083000	3.662626	1264757.622151
0.085000	3.241665	2566448.590956
0.087000	2.818183	5229963.805472
0.089000	2.432394	10003395.985783
0.091000	2.039961	19348430.173453
0.093000	1.690037	34842616.553497
0.095000	1.390793	57620335.873255
0.097000	1.150540	86292682.322548
0.099000	0.972739	116353348.263695
0.101000	0.813210	152140362.798015
0.103000	0.695030	185576345.333098
0.105000	0.636789	204664209.931095
0.107000	0.578805	225618104.178182
0.109000	0.525250	246872201.164169
0.111000	0.502237	256609674.663991
0.113000	0.438649	285559025.878140
0.115000	0.379392	315468721.867897
0.117000	0.342740	335517307.119830
0.119000	0.297606	361963831.792669
0.121000	0.253426	389869290.067636
0.123000	0.234679	402351495.081289
0.125000	0.195877	429470476.348626
0.127000	0.146631	466536728.390037
0.129000	0.141608	470492661.359050
0.131000	0.106518	499079983.198035
0.133000	0.104660	500641118.382449
0.135000	0.098641	505732818.031742
0.137000	0.110947	495378475.661732
0.139000	0.097976	506298184.192388
0.141000	0.105712	499756439.008340
0.143000	0.088003	514858222.757201
0.145000	0.087162	515586140.274018
0.147000	0.066657	533667525.029202
0.149000	0.068208	532278042.083477
0.151000	0.014513	582558031.107749
0.153000	0.011691	585328030.674404
0.155000	0.014375	582693449.484169
0.157000	0.043940	554441440.745289
0.159000	0.049323	549446887.934935
0.161000	0.060276	539423583.115008
0.163000	0.077225	524271084.980990
0.165000	0.117030	490338071.831823
0.167000	0.116152	491062493.504122
0.169000	0.084732	517696656.418854
0.171000	0.040006	558120245.975537
0.173000	0.054617	544578721.524670
0.175000	0.039941	558181022.893450
0.177000	0.024377	572978074.120006
0.179000	0.019097	578086482.699622
0.181000	0.000000	596945342.627213
0.183000	0.020408	576813226.719363
0.185000	0.026424	571009615.083632
0.187000	0.025161	572222978.822671
0.189000	0.060339	539366192.873345
0.191000	0.078986	522721391.334414
0.193000	0.132280	477927973.954446
0.195000	0.147672	465720839.130482
0.197000	0.192380	432002522.163711
0.199000	0.255878	388265430.169214
0.201000	0.324398	346023053.509851
0.203000	0.402196	303604415.821541
0.205000	0.511734	252545275.595116
0.207000	0.627665	207827655.896873
0.209000	0.736043	173213146.434302
0.211000	0.889519	133824214.738023
0.213000	1.016449	108110687.448866
0.215000	1.178926	82271799.829547
0.217000	1.325665	64286996.370055
0.219000	1.497554	48154220.215137
0.221000	1.697926	34383571.337344
0.223000	1.832004	27445215.571266
0.225000	2.003678	20565268.625389
0.227000	2.139692	16362014.623321
0.229000	2.264683	13261288.492236
0.231000	2.445172	9790813.565213
0.233000	2.560842	8060694.169019
0.235000	2.681107	6585250.252436
0.237000	2.793618	5450454.749150
0.239000	2.957066	4141012.275064
0.241000	3.089712	3313346.665434
0.243000	3.234749	2596461.911514
0.245000	3.345503	2155387.894484
0.247000	3.420188	1901082.522366
0.249000	3.426579	1880768.158296
0.251000	3.497295	1669967.595229
0.253000	3.563251	1494707.918011
0.255000	3.555919	1513244.767365
0.257000	3.496437	1672377.211529
0.259000	3.519642	1608399.336875
0.261000	3.507825	1640668.409945
0.263000	3.525857	1591683.093458
0.265000	3.532772	1573287.168415
0.267000	3.546979	1536158.225274
0.269000	3.550925	1526002.683820
0.271000	3.585395	1440091.190055
0.273000	3.643562	1305946.053165
0.275000	3.681322	1225626.080366
0.277000	3.721609	1145370.763631
0.279000	3.837824	942111.258450
0.281000	3.875294	884601.141750
0.283000	3.958206	769513.780842
0.285000	3.987436	732617.512772
0.287000	4.054268	654765.984691
0.289000	4.060357	648098.047887
0.291000	4.087016	619695.492228
0.293000	4.124728	581629.256525
0.295000	4.181951	528287.334483
0.297000	4.206857	506625.314950
0.299000	4.210062	503903.591300
0.301000	4.220139	495439.488117
0.303000	4.181817	528405.970817
0.305000	4.145213	561940.722169
0.307000	4.141878	565100.113202
0.309000	4.130466	576045.808424
0.311000	4.112259	593948.589877
0.313000	4.109027	597184.830319
0.315000	4.117627	588613.421035
0.317000	4.131631	574918.665421
0.319000	4.160898	547318.113486
0.321000	4.145553	561619.788324
0.323000	4.181325	528843.616800
0.325000	4.236827	481734.116899
0.327000	4.327037	413950.846317
0.329000	4.402723	364496.612068
0.331000	4.470783	325091.743868
0.333000	4.540999	288897.752388
0.335000	4.615960	254693.841087
0.337000	4.666736	233856.308790
0.339000	4.664401	234775.900774
0.341000	4.712071	216696.674028
0.343000	4.752505	202456.884901
0.345000	4.783585	192150.914195
0.347000	4.807212	184668.840408
0.349000	4.895089	159308.207755
0.351000	4.920268	152706.098857
0.353000	4.998701	133842.897049
0.355000	5.042879	124263.307589
0.357000	5.112561	110527.742036
0.359000	5.168572	100595.815819
0.361000	5.225636	91394.407265
0.363000	5.296037	81193.849851
0.365000	5.401684	67982.131485
0.367000	5.465425	61074.487590
0.369000	5.514089	56277.245256
0.371000	5.572947	50975.666339
0.373000	5.621885	46950.001956
0.375000	5.697335	41357.333967
0.377000	5.773999	36356.624726
0.379000	5.798808	34871.582539
0.381000	5.882898	30274.772789
0.383000	5.926888	28116.802760
0.385000	5.973493	25998.084563
0.387000	6.045179	23046.571779
0.389000	6.103969	20877.870832
0.391000	6.167520	18762.481204
0.393000	6.203514	17660.884479
0.395000	6.305206	14885.789835
0.397000	6.354894	13692.937604
0.399000	6.445199	11764.378796

# Dumping simulation biases, in the metadata file order 
# Window  F (free energy units)
# 0	0.000000
# 1	-7.443084
# 2	-11.882804
# 3	-13.418136
# 4	-13.666482
# 5	-13.390518
# 6	-11.538609
# 7	-9.947053
# 8	-9.474417
# 9	-8.630521
# 10	-7.276930
#Iteration 710:  0.000012
#Iteration 720:  0.000011
#Iteration 730:  0.000010
#Iteration 740:  0.000009
#Iteration 750:  0.000008
#Iteration 760:  0.000008
#Iteration 770:  0.000007
#Iteration 780:  0.000006
#Iteration 790:  0.000006
#Iteration 800:  0.000005
0.001000	inf	0.000000
0.003000	inf	0.000000
0.005000	inf	0.000000
0.007000	inf	0.000000
0.009000	inf	0.000000
0.011000	inf	0.000000
0.013000	inf	0.000000
0.015000	inf	0.000000
0.017000	inf	0.000000
0.019000	inf	0.000000
0.021000	inf	0.000000
0.023000	inf	0.000000
0.025000	inf	0.000000
0.027000	inf	0.000000
0.029000	inf	0.000000
0.031000	inf	0.000000
0.033000	inf	0.000000
0.035000	inf	0.000000
0.037000	inf	0.000000
0.039000	inf	0.000000
0.041000	inf	0.000000
0.043000	inf	0.000000
0.045000	inf	0.000000
0.047000	inf	0.000000
0.049000	13.656540	0.063905
0.051000	12.640607	0.352551
0.053000	12.068322	0.922620
0.055000	10.939785	6.150630
0.057000	9.983446	30.697417
0.059000	9.171164	120.258233
0.061000	8.493501	375.705306
0.063000	7.830728	1144.747858
0.065000	7.262980	2973.023544
0.067000	6.712770	7496.925848
0.069000	6.222252	17099.746128
0.071000	5.797321	34931.238866
0.073000	5.414376	66494.433182
0.075000	5.030182	126843.768614
0.077000	4.706038	218732.239615
0.079000	4.372652	383092.521864
0.081000	4.047159	662113.406679
0.083000	3.662172	1264723.258202
0.085000	3.241216	2566360.581457
0.087000	2.817738	5229743.927298
0.089000	2.431953	10002892.960465
0.091000	2.039526	19347289.104916
0.093000	1.689607	34840243.890804
0.095000	1.390369	57615864.678129
0.097000	1.150122	86285142.838273
0.099000	0.972327	116342022.402615
0.101000	0.812804	152123995.766073
0.103000	0.694630	185554378.771939
0.105000	0.636396	204637574.374236
0.107000	0.578420	225585774.112832
0.109000	0.524873	246833205.429150
0.111000	0.501870	256565071.749172
0.113000	0.438292	285504743.770799
0.115000	0.379045	315403807.380457
0.117000	0.342400	335443503.526790
0.119000	0.297274	361879782.062867
0.121000	0.253100	389774750.024222
0.123000	0.234358	402250403.506773
0.125000	0.195561	429359169.653671
0.127000	0.146319	466412119.459334
0.129000	0.141302	470362824.479830
0.131000	0.106219	498936853.487735
0.133000	0.104369	500490616.286606
0.135000	0.098360	505571798.248353
0.137000	0.110679	495209713.681304
0.139000	0.097725	506112197.516765
0.141000	0.105479	499557873.851631
0.143000	0.087787	514637545.126790
0.145000	0.086965	515349571.457337
0.147000	0.066476	533408218.080363
0.149000	0.068041	532007334.416432
0.151000	0.014356	582251230.257624
0.153000	0.011543	585011627.767682
0.155000	0.014233	582372277.733215
0.157000	0.043803	554131221.857687
0.159000	0.049190	549135612.728557
0.161000	0.060146	539114417.121492
0.163000	0.077100	523966858.991825
0.165000	0.116911	490049309.123493
0.167000	0.116039	490767841.811268
0.169000	0.084628	517378417.849134
0.171000	0.039913	557766423.459050
0.173000	0.054539	544220203.992495
0.175000	0.039880	557797136.881165
0.177000	0.024336	572564955.315101
0.179000	0.019076	577649469.144099
0.181000	0.000000	596473727.680556
0.183000	0.020427	576339645.454590
0.185000	0.026458	570525577.062708
0.187000	0.025209	571725186.090699
0.189000	0.060398	538886937.346098
0.191000	0.079054	522248384.289485
0.193000	0.132358	477488043.595446
0.195000	0.147759	465284501.821744
0.197000	0.192478	431589746.470006
0.199000	0.255990	387886017.715684
0.201000	0.324525	345676249.064159
0.203000	0.402339	303291712.162300
0.205000	0.511894	252277896.009591
0.207000	0.627841	207601850.037746
0.209000	0.736234	173020635.366680
0.211000	0.889723	133672682.536703
0.213000	1.016662	107986472.034182
0.215000	1.179147	82176222.048181
0.217000	1.325892	64211692.015784
0.219000	1.497785	48097457.411286
0.221000	1.698161	34342834.893278
0.223000	1.832242	27412551.236617
0.225000	2.003920	20540677.343954
0.227000	2.139937	16342340.393139
0.229000	2.264934	13245226.559865
0.231000	2.445430	9778835.940504
0.233000	2.561111	8050693.513373
0.235000	2.681390	6576917.021899
0.237000	2.793922	5443365.944295
0.239000	2.957399	4135423.665488
0.241000	3.090085	3308655.176988
0.243000	3.235173	2592561.118809
0.245000	3.345990	2151919.455930
0.247000	3.420749	1897787.706834
0.249000	3.427220	1877257.437613
0.251000	3.498016	1666628.482218
0.253000	3.564045	1491536.618772
0.255000	3.556775	1509876.062152
0.257000	3.497343	1668513.917455
0.259000	3.520585	1604580.705339
0.261000	3.508797	1636695.746863
0.263000	3.526849	1587775.181626
0.265000	3.533778	1569386.794969
0.267000	3.547996	1532323.968904
0.269000	3.551949	1522175.278559
0.271000	3.586424	1436466.124133
0.273000	3.644595	1302648.854618
0.275000	3.682360	1222523.007081
0.277000	3.722651	1142462.036895
0.279000	3.838873	939709.730652
0.281000	3.876349	882334.968781
0.283000	3.959273	767528.962216
0.285000	3.988516	730710.092923
0.287000	4.055368	653039.579436
0.289000	4.061483	646360.791524
0.291000	4.088175	617999.884959
0.293000	4.125927	579999.026318
0.295000	4.183195	526767.219416
0.297000	4.208147	505128.404977
0.299000	4.211396	502377.501287
0.301000	4.221512	493906.583844
0.303000	4.183223	526742.359015
0.305000	4.146645	560147.523130
0.307000	4.143329	563278.552291
0.309000	4.131931	574175.127700
0.311000	4.113735	592009.131586
0.313000	4.110511	595226.525072
0.315000	4.119118	586676.381708
0.317000	4.133128	573020.384512
0.319000	4.162402	545504.521219
0.321000	4.147066	559750.985558
0.323000	4.182848	527074.732611
0.325000	4.238363	480112.417482
0.327000	4.328588	412546.517992
0.329000	4.404293	363249.111551
0.331000	4.472372	323968.622825
0.333000	4.542607	287890.403139
0.335000	4.617585	253798.231578
0.337000	4.668376	233028.053725
0.339000	4.666054	233939.603471
0.341000	4.713732	215921.390494
0.343000	4.754174	201730.206326
0.345000	4.785259	191459.616850
0.347000	4.808889	184003.344753
0.349000	4.896769	158733.396441
0.351000	4.921950	152154.581945
0.353000	5.000385	133359.111136
0.355000	5.044565	123813.787768
0.357000	5.114248	110127.551065
0.359000	5.170262	100231.181261
0.361000	5.227330	91062.648427
0.363000	5.297734	80898.563920
0.365000	5.403386	67734.298613
0.367000	5.467134	60851.180118
0.369000	5.515805	56070.777604
0.371000	5.574671	50787.965451
0.373000	5.623617	46776.497189
0.375000	5.699075	41203.988414
0.377000	5.775745	36221.438132
0.379000	5.800559	34741.622687
0.381000	5.884653	30161.748584
0.383000	5.928645	28011.701247
0.385000	5.975253	25900.814694
0.387000	6.046940	22960.290109
0.389000	6.105731	20799.674212
0.391000	6.169283	18692.186707
0.393000	6.205278	17594.703821
0.395000	6.306969	14830.000708
0.397000	6.356658	13641.614370
0.399000	6.446963	11720.281393

# Dumping simulation biases, in the metadata file order 
# Window  F (free energy units)
# 0	0.000000
# 1	-7.443055
# 2	-11.882737
# 3	-13.417982
# 4	-13.666147
# 5	-13.389981
# 6	-11.537908
# 7	-9.945562
# 8	-9.472472
# 9	-8.628386
# 10	-7.274716
#Iteration 810:  0.000005
#Iteration 820:  0.000004
#Iteration 830:  0.000004
#Iteration 840:  0.000004
#Iteration 850:  0.000003
#Iteration 860:  0.000003
#Iteration 870:  0.000003
#Iteration 880:  0.000003
#Iteration 890:  0.000002
#Iteration 900:  0.000002
0.001000	inf	0.000000
0.003000	inf	0.000000
0.005000	inf	0.000000
0.007000	inf	0.000000
0.009000	inf	0.000000
0.011000	inf	0.000000
0.013000	inf	0.000000
0.015000	inf	0.000000
0.017000	inf	0.000000
0.019000	inf	0.000000
0.021000	inf	0.000000
0.023000	inf	0.000000
0.025000	inf	0.000000
0.027000	inf	0.000000
0.029000	inf	0.000000
0.031000	inf	0.000000
0.033000	inf	0.000000
0.035000	inf	0.000000
0.037000	inf	0.000000
0.039000	inf	0.000000
0.041000	inf	0.000000
0.043000	inf	0.000000
0.045000	inf	0.000000
0.047000	inf	0.000000
0.049000	13.656354	0.063905
0.051000	12.640421	0.352551
0.053000	12.068135	0.922620
0.055000	10.939599	6.150629
0.057000	9.983260	30.697414
0.059000	9.170978	120.258216
0.061000	8.493315	375.705226
0.063000	7.830542	1144.747493
0.065000	7.262794	2973.022137
0.067000	6.712585	7496.920584
0.069000	6.222067	17099.728405
0.071000	5.797136	34931.185774
0.073000	5.414192	66494.286346
0.075000	5.029998	126843.366880
0.077000	4.705855	218731.263109
0.079000	4.372470	383090.164121
0.081000	4.046978	662107.938210
0.083000	3.661992	1264709.658230
0.085000	3.241038	2566325.750831
0.087000	2.817562	5229656.909005
0.089000	2.431779	10002693.886233
0.091000	2.039354	19346837.525903
0.093000	1.689437	34839304.914039
0.095000	1.390201	57614095.224145
0.097000	1.149957	86282159.145358
0.099000	0.972164	116337540.311677
0.101000	0.812643	152117518.727602
0.103000	0.694472	185545685.849320
0.105000	0.636241	204627033.841724
0.107000	0.578267	225572980.185491
0.109000	0.524724	246817773.858845
0.111000	0.501725	256547421.491122
0.113000	0.438150	285483263.554850
0.115000	0.378907	315378120.136736
0.117000	0.342266	335414299.168517
0.119000	0.297142	361846523.647860
0.121000	0.252971	389737340.941655
0.123000	0.234231	402210402.288890
0.125000	0.195436	429315126.606869
0.127000	0.146196	466362813.017384
0.129000	0.141181	470311449.537682
0.131000	0.106100	498880218.882488
0.133000	0.104254	500431064.743773
0.135000	0.098249	505508085.391852
0.137000	0.110573	495142938.029005
0.139000	0.097625	506038607.511021
0.141000	0.105386	499479308.467910
0.143000	0.087702	514550232.721883
0.145000	0.086887	515255974.034384
0.147000	0.066405	533305626.959705
0.149000	0.067974	531900235.089975
0.151000	0.014294	582129853.633739
0.153000	0.011484	584886454.087656
0.155000	0.014176	582245218.723103
0.157000	0.043749	554008496.836607
0.159000	0.049138	549012470.501831
0.161000	0.060095	538992109.837539
0.163000	0.077051	523846506.438073
0.165000	0.116863	489935074.305647
0.167000	0.115994	490651277.818235
0.169000	0.084586	517252523.649844
0.171000	0.039876	557626453.540535
0.173000	0.054508	544078378.462074
0.175000	0.039856	557645278.360426
0.177000	0.024320	572401536.234537
0.179000	0.019068	577476602.116815
0.181000	0.000000	596287178.346445
0.183000	0.020434	576152322.942012
0.185000	0.026472	570334122.623677
0.187000	0.025228	571528294.791368
0.189000	0.060421	538697380.904645
0.191000	0.079081	522061301.617295
0.193000	0.132389	477314045.276454
0.195000	0.147794	465111926.479568
0.197000	0.192517	431426491.882801
0.199000	0.256034	387735960.488411
0.201000	0.324575	345539090.490667
0.203000	0.402396	303168042.504340
0.205000	0.511957	252172153.497603
0.207000	0.627911	207512550.812432
0.209000	0.736310	172944504.650231
0.211000	0.889803	133612758.367522
0.213000	1.016747	107937351.075078
0.215000	1.179235	82138426.216851
0.217000	1.325982	64181913.445851
0.219000	1.497877	48075011.082203
0.221000	1.698254	34326726.098003
0.223000	1.832336	27399634.501271
0.225000	2.004015	20530953.018057
0.227000	2.140034	16334560.461280
0.229000	2.265033	13238875.067856
0.231000	2.445532	9774099.536865
0.233000	2.561217	8046738.877687
0.235000	2.681502	6573621.751654
0.237000	2.794043	5440562.775416
0.239000	2.957531	4133213.746362
0.241000	3.090233	3306800.042121
0.243000	3.235341	2591018.696516
0.245000	3.346184	2150548.066000
0.247000	3.420972	1896485.066762
0.249000	3.427474	1875869.572708
0.251000	3.498301	1665308.601464
0.253000	3.564359	1490283.207539
0.255000	3.557113	1508544.759953
0.257000	3.497702	1666987.280594
0.259000	3.520959	1603071.814688
0.261000	3.509182	1635126.067945
0.263000	3.527241	1586231.141059
0.265000	3.534177	1567845.770916
0.267000	3.548398	1530809.093678
0.269000	3.552354	1520663.128480
0.271000	3.586832	1435033.927702
0.273000	3.645004	1301346.201009
0.275000	3.682771	1221297.054855
0.277000	3.723064	1141312.872308
0.279000	3.839287	938760.952865
0.281000	3.876767	881439.672187
0.283000	3.959695	766744.827548
0.285000	3.988944	729956.545668
0.287000	4.055804	652357.556379
0.289000	4.061929	645674.498869
0.291000	4.088634	617330.067874
0.293000	4.126402	579355.062403
0.295000	4.183687	526166.782589
0.297000	4.208658	504537.166382
0.299000	4.211924	501774.770445
0.301000	4.222056	493301.192316
0.303000	4.183779	526085.375411
0.305000	4.147211	559439.388285
0.307000	4.143903	562559.236487
0.309000	4.132511	573436.429660
0.311000	4.114319	591243.285814
0.313000	4.111098	594453.245741
0.315000	4.119708	585911.506611
0.317000	4.133721	572270.819975
0.319000	4.162998	544788.403213
0.321000	4.147665	559013.074062
0.323000	4.183450	526376.282876
0.325000	4.238971	479472.093411
0.327000	4.329203	411992.032173
0.329000	4.404914	362756.557870
0.331000	4.473000	323525.188179
0.333000	4.543243	287492.686990
0.335000	4.618229	253444.639448
0.337000	4.669026	232701.059604
0.339000	4.666708	233609.439267
0.341000	4.714390	215615.317665
0.343000	4.754835	201443.324656
0.345000	4.785922	191186.704874
0.347000	4.809553	183740.620025
0.349000	4.897434	158506.472883
0.351000	4.922616	151936.855091
0.353000	5.001052	133168.123416
0.355000	5.045232	123636.327893
0.357000	5.114916	109969.565422
0.359000	5.170931	100087.232823
0.361000	5.228000	90931.678957
0.363000	5.298406	80781.993521
0.365000	5.404060	67636.461908
0.367000	5.467811	60763.025934
0.369000	5.516484	55989.271915
0.371000	5.575354	50713.868873
0.373000	5.624303	46708.005301
0.375000	5.699763	41143.455008
0.377000	5.776436	36168.073406
0.379000	5.801252	34690.321522
0.381000	5.885347	30117.132912
0.383000	5.929341	27970.213155
0.385000	5.975949	25862.418184
0.387000	6.047637	22926.231162
0.389000	6.106429	20768.806805
0.391000	6.169981	18664.438614
0.393000	6.205976	17568.579642
0.395000	6.307667	14807.978494
0.397000	6.357356	13621.355030
0.399000	6.447661	11702.874381

# Dumping simulation biases, in the metadata file order 
# Window  F (free energy units)
# 0	0.000000
# 1	-7.443043
# 2	-11.882710
# 3	-13.417921
# 4	-13.666014
# 5	-13.389769
# 6	-11.537630
# 7	-9.944971
# 8	-9.471703
# 9	-8.627542
# 10	-7.273840
#Iteration 910:  0.000002
#Iteration 920:  0.000002
#Iteration 930:  0.000002
#Iteration 940:  0.000001
#Iteration 950:  0.000001
#Iteration 960:  0.000001
#Iteration 970:  0.000001
#Iteration 980:  0.000001
#Iteration 990:  0.000001
#Iteration 1000:  0.000001
0.001000	inf	0.000000
0.003000	inf	0.000000
0.005000	inf	0.000000
0.007000	inf	0.000000
0.009000	inf	0.000000
0.011000	inf	0.000000
0.013000	inf	0.000000
0.015000	inf	0.000000
0.017000	inf	0.000000
0.019000	inf	0.000000
0.021000	inf	0.000000
0.023000	inf	0.000000
0.025000	inf	0.000000
0.027000	inf	0.000000
0.029000	inf	0.000000
0.031000	inf	0.000000
0.033000	inf	0.000000
0.035000	inf	0.000000
0.037000	inf	0.000000
0.039000	inf	0.000000
0.041000	inf	0.000000
0.043000	inf	0.000000
0.045000	inf	0.000000
0.047000	inf	0.000000
0.049000	13.656280	0.063905
0.051000	12.640347	0.352551
0.053000	12.068062	0.922620
0.055000	10.939525	6.150629
0.057000	9.983186	30.697413
0.059000	9.170904	120.258209
0.061000	8.493242	375.705194
0.063000	7.830468	1144.747349
0.065000	7.262721	2973.021579
0.067000	6.712511	7496.918500
0.069000	6.221993	17099.721391
0.071000	5.797062	34931.164760
0.073000	5.414119	66494.228231
0.075000	5.029925	126843.207882
0.077000	4.705782	218730.876627
0.079000	4.372398	383089.230975
0.081000	4.046906	662105.773910
0.083000	3.661921	1264704.275674
0.085000	3.240967	2566311.965709
0.087000	2.817492	5229622.469365
0.089000	2.431710	10002615.097920
0.091000	2.039286	19346658.803396
0.093000	1.689370	34838933.294033
0.095000	1.390135	57613394.927171
0.097000	1.149891	86280978.292334
0.099000	0.972099	116335766.444165
0.101000	0.812580	152114955.330730
0.103000	0.694410	185542245.487844
0.105000	0.636179	204622862.270725
0.107000	0.578207	225567916.816331
0.109000	0.524666	246811666.630794
0.111000	0.501667	256540436.223984
0.113000	0.438094	285474762.588868
0.115000	0.378853	315367954.262346
0.117000	0.342213	335402741.435980
0.119000	0.297090	361833361.566611
0.121000	0.252920	389722536.279306
0.123000	0.234181	402194571.831122
0.125000	0.195386	429297696.632473
0.127000	0.146147	466343300.089656
0.129000	0.141133	470291118.027616
0.131000	0.106053	498857805.897729
0.133000	0.104208	500407497.423936
0.135000	0.098205	505482871.306811
0.137000	0.110531	495116511.959775
0.139000	0.097586	506009484.874838
0.141000	0.105350	499448217.116742
0.143000	0.087669	514515680.169583
0.145000	0.086856	515218934.661626
0.147000	0.066376	533265028.903374
0.149000	0.067948	531857853.380158
0.151000	0.014270	582081822.399720
0.153000	0.011461	584836920.548234
0.155000	0.014154	582194939.326556
0.157000	0.043727	553959932.616497
0.159000	0.049117	548963741.293738
0.161000	0.060075	538943711.111117
0.163000	0.077031	523798881.295808
0.165000	0.116845	489889870.101053
0.167000	0.115977	490605152.009059
0.169000	0.084570	517202705.879708
0.171000	0.039862	557571066.032758
0.173000	0.054496	544022256.937225
0.175000	0.039847	557585187.090197
0.177000	0.024313	572336870.920876
0.179000	0.019065	577408198.885729
0.181000	0.000000	596213361.794022
0.183000	0.020437	576078201.168565
0.185000	0.026477	570258366.541066
0.187000	0.025235	571450387.979619
0.189000	0.060430	538622376.829716
0.191000	0.079092	521987276.736774
0.193000	0.132401	477245197.916818
0.195000	0.147808	465043642.455014
0.197000	0.192533	431361896.164136
0.199000	0.256051	387676586.953401
0.201000	0.324595	345484820.947493
0.203000	0.402418	303119110.482936
0.205000	0.511982	252130314.995246
0.207000	0.627939	207477218.612529
0.209000	0.736340	172914382.939644
0.211000	0.889835	133589049.057456
0.213000	1.016780	107917916.213157
0.215000	1.179269	82123472.237123
0.217000	1.326017	64170131.542566
0.219000	1.497913	48066130.201298
0.221000	1.698291	34320352.668696
0.223000	1.832373	27394524.012056
0.225000	2.004053	20527105.603512
0.227000	2.140073	16331482.344079
0.229000	2.265072	13236362.110714
0.231000	2.445572	9772225.586652
0.233000	2.561259	8045174.232661
0.235000	2.681547	6572317.983907
0.237000	2.794090	5439453.708109
0.239000	2.957583	4132339.399852
0.241000	3.090291	3306066.069928
0.243000	3.235408	2590408.455070
0.245000	3.346260	2150005.503135
0.247000	3.421060	1895969.719195
0.249000	3.427574	1875320.529912
0.251000	3.498414	1664786.475894
0.253000	3.564483	1489787.397675
0.255000	3.557247	1508018.159379
0.257000	3.497843	1666383.434428
0.259000	3.521107	1602475.003061
0.261000	3.509334	1634505.224560
0.263000	3.527397	1585620.446641
0.265000	3.534334	1567236.275533
0.267000	3.548557	1530209.944600
0.269000	3.552514	1520065.060095
0.271000	3.586993	1434467.483618
0.273000	3.645166	1300830.993381
0.275000	3.682933	1220812.184132
0.277000	3.723227	1140858.372423
0.279000	3.839452	938385.707709
0.281000	3.876933	881085.580015
0.283000	3.959862	766434.701357
0.285000	3.989113	729658.518366
0.287000	4.055976	652087.818775
0.289000	4.062106	645403.075344
0.291000	4.088816	617065.163809
0.293000	4.126590	579100.387196
0.295000	4.183882	525929.326202
0.297000	4.208860	504303.352709
0.299000	4.212133	501536.417175
0.301000	4.222271	493061.791652
0.303000	4.183999	525825.577223
0.305000	4.147435	559159.366649
0.307000	4.144130	562274.796498
0.309000	4.132740	573144.327625
0.311000	4.114550	590940.450566
0.313000	4.111330	594147.472425
0.315000	4.119941	585609.057613
0.317000	4.133955	571974.426076
0.319000	4.163233	544505.235721
0.321000	4.147901	558721.290085
0.323000	4.183689	526100.104085
0.325000	4.239211	479218.899938
0.327000	4.329446	411772.781931
0.329000	4.405160	362561.797914
0.331000	4.473249	323349.851874
0.333000	4.543495	287335.429429
0.335000	4.618483	253304.829770
0.337000	4.669283	232571.767678
0.339000	4.666967	233478.894686
0.341000	4.714651	215494.299200
0.343000	4.755096	201329.894594
0.345000	4.786184	191078.798556
0.347000	4.809816	183636.741817
0.349000	4.897697	158416.750146
0.351000	4.922879	151850.768703
0.353000	5.001315	133092.609402
0.355000	5.045496	123566.162666
0.357000	5.115181	109907.100099
0.359000	5.171196	100030.317679
0.361000	5.228265	90879.895583
0.363000	5.298672	80735.903411
0.365000	5.404327	67597.778900
0.367000	5.468078	60728.171337
0.369000	5.516753	55957.046124
0.371000	5.575624	50684.572612
0.373000	5.624574	46680.925120
0.375000	5.700036	41119.521518
0.377000	5.776709	36146.974308
0.379000	5.801526	34670.038354
0.381000	5.885622	30099.493048
0.383000	5.929616	27953.809877
0.385000	5.976225	25847.237249
0.387000	6.047913	22912.765190
0.389000	6.106705	20756.602687
0.391000	6.170257	18653.467790
0.393000	6.206252	17558.250870
0.395000	6.307944	14799.271526
0.397000	6.357632	13613.345053
0.399000	6.447937	11695.992136

# Dumping simulation biases, in the metadata file order 
# Window  F (free energy units)
# 0	0.000000
# 1	-7.443038
# 2	-11.882700
# 3	-13.417897
# 4	-13.665961
# 5	-13.389685
# 6	-11.537520
# 7	-9.944738
# 8	-9.471398
# 9	-8.627207
# 10	-7.273493
#Iteration 1010:  0.000001
#Iteration 1020:  0.000001
#Iteration 1030:  0.000001
#Iteration 1040:  0.000001
#Iteration 1050:  0.000001
#Iteration 1060:  0.000000
#Iteration 1070:  0.000000
#Iteration 1080:  0.000000
# Dumping simulation biases, in the metadata file order 
# Window  F (free energy units)
# 0	0.000000
# 1	-7.443036
# 2	-11.882696
# 3	-13.417889
# 4	-13.665943
# 5	-13.389656
# 6	-11.537482
# 7	-9.944657
# 8	-9.471293
# 9	-8.627092
# 10	-7.273373
# No MC error analysis requested
